[0.177s] Invoking command in '/home/ubuntu/ros2_ws/build/micro_ros_msgs': CMAKE_PREFIX_PATH=${CMAKE_PREFIX_PATH}:/home/ubuntu/ros2_ws/install/odom_builder:/home/ubuntu/ros2_ws/install/motor_control:/home/ubuntu/ros2_ws/install/cart_start:/opt/ros/foxy /usr/bin/cmake --build /home/ubuntu/ros2_ws/build/micro_ros_msgs -- -j4 -l4
[2.441s] [  2%] Built target micro_ros_msgs__cpp
[2.442s] [ 12%] Built target micro_ros_msgs__rosidl_generator_c
[2.444s] [ 23%] Built target micro_ros_msgs__rosidl_typesupport_introspection_cpp
[2.445s] [ 34%] Built target micro_ros_msgs__rosidl_typesupport_cpp
[2.447s] [ 44%] Built target micro_ros_msgs__rosidl_typesupport_c
[2.448s] [ 55%] Built target micro_ros_msgs__rosidl_typesupport_fastrtps_cpp
[2.453s] [ 65%] Built target micro_ros_msgs__rosidl_typesupport_introspection_c
[2.455s] [ 76%] Built target micro_ros_msgs__rosidl_typesupport_fastrtps_c
[2.456s] [ 76%] Built target micro_ros_msgs
[2.457s] [ 78%] Built target micro_ros_msgs__py
[2.457s] [ 87%] Built target micro_ros_msgs__python
[2.458s] [ 91%] Built target micro_ros_msgs__rosidl_typesupport_introspection_c__pyext
[2.460s] [ 95%] Built target micro_ros_msgs__rosidl_typesupport_fastrtps_c__pyext
[2.463s] [100%] Built target micro_ros_msgs__rosidl_typesupport_c__pyext
[2.464s] Invoked command in '/home/ubuntu/ros2_ws/build/micro_ros_msgs' returned '0': CMAKE_PREFIX_PATH=${CMAKE_PREFIX_PATH}:/home/ubuntu/ros2_ws/install/odom_builder:/home/ubuntu/ros2_ws/install/motor_control:/home/ubuntu/ros2_ws/install/cart_start:/opt/ros/foxy /usr/bin/cmake --build /home/ubuntu/ros2_ws/build/micro_ros_msgs -- -j4 -l4
[3.615s] Invoking command in '/home/ubuntu/ros2_ws/build/micro_ros_msgs': CMAKE_PREFIX_PATH=${CMAKE_PREFIX_PATH}:/home/ubuntu/ros2_ws/install/odom_builder:/home/ubuntu/ros2_ws/install/motor_control:/home/ubuntu/ros2_ws/install/cart_start:/opt/ros/foxy /usr/bin/cmake --install /home/ubuntu/ros2_ws/build/micro_ros_msgs
[3.680s] -- Install configuration: ""
[3.681s] -- Up-to-date: /home/ubuntu/ros2_ws/install/micro_ros_msgs/share/ament_index/resource_index/rosidl_interfaces/micro_ros_msgs
[3.683s] -- Up-to-date: /home/ubuntu/ros2_ws/install/micro_ros_msgs/include/micro_ros_msgs
[3.685s] -- Up-to-date: /home/ubuntu/ros2_ws/install/micro_ros_msgs/include/micro_ros_msgs/msg
[3.687s] -- Up-to-date: /home/ubuntu/ros2_ws/install/micro_ros_msgs/include/micro_ros_msgs/msg/rosidl_generator_c__visibility_control.h
[3.689s] -- Up-to-date: /home/ubuntu/ros2_ws/install/micro_ros_msgs/include/micro_ros_msgs/msg/detail
[3.691s] -- Up-to-date: /home/ubuntu/ros2_ws/install/micro_ros_msgs/include/micro_ros_msgs/msg/detail/graph__type_support.h
[3.693s] -- Up-to-date: /home/ubuntu/ros2_ws/install/micro_ros_msgs/include/micro_ros_msgs/msg/detail/node__functions.c
[3.694s] -- Up-to-date: /home/ubuntu/ros2_ws/install/micro_ros_msgs/include/micro_ros_msgs/msg/detail/entity__functions.c
[3.696s] -- Up-to-date: /home/ubuntu/ros2_ws/install/micro_ros_msgs/include/micro_ros_msgs/msg/detail/node__type_support.h
[3.698s] -- Up-to-date: /home/ubuntu/ros2_ws/install/micro_ros_msgs/include/micro_ros_msgs/msg/detail/graph__functions.c
[3.700s] -- Up-to-date: /home/ubuntu/ros2_ws/install/micro_ros_msgs/include/micro_ros_msgs/msg/detail/entity__struct.h
[3.702s] -- Up-to-date: /home/ubuntu/ros2_ws/install/micro_ros_msgs/include/micro_ros_msgs/msg/detail/graph__functions.h
[3.703s] -- Up-to-date: /home/ubuntu/ros2_ws/install/micro_ros_msgs/include/micro_ros_msgs/msg/detail/node__struct.h
[3.704s] -- Up-to-date: /home/ubuntu/ros2_ws/install/micro_ros_msgs/include/micro_ros_msgs/msg/detail/graph__struct.h
[3.706s] -- Up-to-date: /home/ubuntu/ros2_ws/install/micro_ros_msgs/include/micro_ros_msgs/msg/detail/entity__type_support.h
[3.707s] -- Up-to-date: /home/ubuntu/ros2_ws/install/micro_ros_msgs/include/micro_ros_msgs/msg/detail/entity__functions.h
[3.708s] -- Up-to-date: /home/ubuntu/ros2_ws/install/micro_ros_msgs/include/micro_ros_msgs/msg/detail/node__functions.h
[3.709s] -- Up-to-date: /home/ubuntu/ros2_ws/install/micro_ros_msgs/include/micro_ros_msgs/msg/graph.h
[3.710s] -- Up-to-date: /home/ubuntu/ros2_ws/install/micro_ros_msgs/include/micro_ros_msgs/msg/entity.h
[3.711s] -- Up-to-date: /home/ubuntu/ros2_ws/install/micro_ros_msgs/include/micro_ros_msgs/msg/node.h
[3.712s] -- Up-to-date: /home/ubuntu/ros2_ws/install/micro_ros_msgs/share/micro_ros_msgs/environment/library_path.sh
[3.713s] -- Up-to-date: /home/ubuntu/ros2_ws/install/micro_ros_msgs/share/micro_ros_msgs/environment/library_path.dsv
[3.714s] -- Up-to-date: /home/ubuntu/ros2_ws/install/micro_ros_msgs/lib/libmicro_ros_msgs__rosidl_generator_c.so
[3.717s] -- Up-to-date: /home/ubuntu/ros2_ws/install/micro_ros_msgs/include/micro_ros_msgs
[3.719s] -- Up-to-date: /home/ubuntu/ros2_ws/install/micro_ros_msgs/include/micro_ros_msgs/msg
[3.729s] -- Up-to-date: /home/ubuntu/ros2_ws/install/micro_ros_msgs/include/micro_ros_msgs/msg/detail
[3.733s] -- Up-to-date: /home/ubuntu/ros2_ws/install/micro_ros_msgs/include/micro_ros_msgs/msg/detail/entity__rosidl_typesupport_fastrtps_c.h
[3.736s] -- Up-to-date: /home/ubuntu/ros2_ws/install/micro_ros_msgs/include/micro_ros_msgs/msg/detail/graph__rosidl_typesupport_fastrtps_c.h
[3.750s] -- Up-to-date: /home/ubuntu/ros2_ws/install/micro_ros_msgs/include/micro_ros_msgs/msg/detail/node__rosidl_typesupport_fastrtps_c.h
[3.754s] -- Up-to-date: /home/ubuntu/ros2_ws/install/micro_ros_msgs/include/micro_ros_msgs/msg/rosidl_typesupport_fastrtps_c__visibility_control.h
[3.758s] -- Up-to-date: /home/ubuntu/ros2_ws/install/micro_ros_msgs/lib/libmicro_ros_msgs__rosidl_typesupport_fastrtps_c.so
[3.763s] -- Up-to-date: /home/ubuntu/ros2_ws/install/micro_ros_msgs/include/micro_ros_msgs
[3.765s] -- Up-to-date: /home/ubuntu/ros2_ws/install/micro_ros_msgs/include/micro_ros_msgs/msg
[3.768s] -- Up-to-date: /home/ubuntu/ros2_ws/install/micro_ros_msgs/include/micro_ros_msgs/msg/detail
[3.770s] -- Up-to-date: /home/ubuntu/ros2_ws/install/micro_ros_msgs/include/micro_ros_msgs/msg/detail/node__rosidl_typesupport_fastrtps_cpp.hpp
[3.771s] -- Up-to-date: /home/ubuntu/ros2_ws/install/micro_ros_msgs/include/micro_ros_msgs/msg/detail/entity__rosidl_typesupport_fastrtps_cpp.hpp
[3.774s] -- Up-to-date: /home/ubuntu/ros2_ws/install/micro_ros_msgs/include/micro_ros_msgs/msg/detail/dds_fastrtps
[3.776s] -- Up-to-date: /home/ubuntu/ros2_ws/install/micro_ros_msgs/include/micro_ros_msgs/msg/detail/graph__rosidl_typesupport_fastrtps_cpp.hpp
[3.778s] -- Up-to-date: /home/ubuntu/ros2_ws/install/micro_ros_msgs/include/micro_ros_msgs/msg/rosidl_typesupport_fastrtps_cpp__visibility_control.h
[3.779s] -- Up-to-date: /home/ubuntu/ros2_ws/install/micro_ros_msgs/lib/libmicro_ros_msgs__rosidl_typesupport_fastrtps_cpp.so
[3.781s] -- Up-to-date: /home/ubuntu/ros2_ws/install/micro_ros_msgs/include/micro_ros_msgs
[3.783s] -- Up-to-date: /home/ubuntu/ros2_ws/install/micro_ros_msgs/include/micro_ros_msgs/msg
[3.784s] -- Up-to-date: /home/ubuntu/ros2_ws/install/micro_ros_msgs/include/micro_ros_msgs/msg/rosidl_typesupport_introspection_c__visibility_control.h
[3.786s] -- Up-to-date: /home/ubuntu/ros2_ws/install/micro_ros_msgs/include/micro_ros_msgs/msg/detail
[3.787s] -- Up-to-date: /home/ubuntu/ros2_ws/install/micro_ros_msgs/include/micro_ros_msgs/msg/detail/graph__rosidl_typesupport_introspection_c.h
[3.788s] -- Up-to-date: /home/ubuntu/ros2_ws/install/micro_ros_msgs/include/micro_ros_msgs/msg/detail/entity__rosidl_typesupport_introspection_c.h
[3.790s] -- Up-to-date: /home/ubuntu/ros2_ws/install/micro_ros_msgs/include/micro_ros_msgs/msg/detail/graph__type_support.c
[3.791s] -- Up-to-date: /home/ubuntu/ros2_ws/install/micro_ros_msgs/include/micro_ros_msgs/msg/detail/entity__type_support.c
[3.793s] -- Up-to-date: /home/ubuntu/ros2_ws/install/micro_ros_msgs/include/micro_ros_msgs/msg/detail/node__type_support.c
[3.795s] -- Up-to-date: /home/ubuntu/ros2_ws/install/micro_ros_msgs/include/micro_ros_msgs/msg/detail/node__rosidl_typesupport_introspection_c.h
[3.796s] -- Up-to-date: /home/ubuntu/ros2_ws/install/micro_ros_msgs/lib/libmicro_ros_msgs__rosidl_typesupport_introspection_c.so
[3.799s] -- Up-to-date: /home/ubuntu/ros2_ws/install/micro_ros_msgs/lib/libmicro_ros_msgs__rosidl_typesupport_c.so
[3.801s] -- Up-to-date: /home/ubuntu/ros2_ws/install/micro_ros_msgs/include/micro_ros_msgs
[3.803s] -- Up-to-date: /home/ubuntu/ros2_ws/install/micro_ros_msgs/include/micro_ros_msgs/msg
[3.805s] -- Up-to-date: /home/ubuntu/ros2_ws/install/micro_ros_msgs/include/micro_ros_msgs/msg/detail
[3.806s] -- Up-to-date: /home/ubuntu/ros2_ws/install/micro_ros_msgs/include/micro_ros_msgs/msg/detail/node__traits.hpp
[3.808s] -- Up-to-date: /home/ubuntu/ros2_ws/install/micro_ros_msgs/include/micro_ros_msgs/msg/detail/graph__traits.hpp
[3.810s] -- Up-to-date: /home/ubuntu/ros2_ws/install/micro_ros_msgs/include/micro_ros_msgs/msg/detail/graph__builder.hpp
[3.811s] -- Up-to-date: /home/ubuntu/ros2_ws/install/micro_ros_msgs/include/micro_ros_msgs/msg/detail/entity__builder.hpp
[3.813s] -- Up-to-date: /home/ubuntu/ros2_ws/install/micro_ros_msgs/include/micro_ros_msgs/msg/detail/entity__struct.hpp
[3.814s] -- Up-to-date: /home/ubuntu/ros2_ws/install/micro_ros_msgs/include/micro_ros_msgs/msg/detail/node__builder.hpp
[3.816s] -- Up-to-date: /home/ubuntu/ros2_ws/install/micro_ros_msgs/include/micro_ros_msgs/msg/detail/entity__traits.hpp
[3.818s] -- Up-to-date: /home/ubuntu/ros2_ws/install/micro_ros_msgs/include/micro_ros_msgs/msg/detail/graph__struct.hpp
[3.820s] -- Up-to-date: /home/ubuntu/ros2_ws/install/micro_ros_msgs/include/micro_ros_msgs/msg/detail/node__struct.hpp
[3.822s] -- Up-to-date: /home/ubuntu/ros2_ws/install/micro_ros_msgs/include/micro_ros_msgs/msg/graph.hpp
[3.824s] -- Up-to-date: /home/ubuntu/ros2_ws/install/micro_ros_msgs/include/micro_ros_msgs/msg/node.hpp
[3.826s] -- Up-to-date: /home/ubuntu/ros2_ws/install/micro_ros_msgs/include/micro_ros_msgs/msg/entity.hpp
[3.827s] -- Up-to-date: /home/ubuntu/ros2_ws/install/micro_ros_msgs/include/micro_ros_msgs
[3.829s] -- Up-to-date: /home/ubuntu/ros2_ws/install/micro_ros_msgs/include/micro_ros_msgs/msg
[3.830s] -- Up-to-date: /home/ubuntu/ros2_ws/install/micro_ros_msgs/include/micro_ros_msgs/msg/detail
[3.836s] -- Up-to-date: /home/ubuntu/ros2_ws/install/micro_ros_msgs/include/micro_ros_msgs/msg/detail/graph__rosidl_typesupport_introspection_cpp.hpp
[3.839s] -- Up-to-date: /home/ubuntu/ros2_ws/install/micro_ros_msgs/include/micro_ros_msgs/msg/detail/entity__type_support.cpp
[3.841s] -- Up-to-date: /home/ubuntu/ros2_ws/install/micro_ros_msgs/include/micro_ros_msgs/msg/detail/node__rosidl_typesupport_introspection_cpp.hpp
[3.842s] -- Up-to-date: /home/ubuntu/ros2_ws/install/micro_ros_msgs/include/micro_ros_msgs/msg/detail/node__type_support.cpp
[3.844s] -- Up-to-date: /home/ubuntu/ros2_ws/install/micro_ros_msgs/include/micro_ros_msgs/msg/detail/entity__rosidl_typesupport_introspection_cpp.hpp
[3.846s] -- Up-to-date: /home/ubuntu/ros2_ws/install/micro_ros_msgs/include/micro_ros_msgs/msg/detail/graph__type_support.cpp
[3.847s] -- Up-to-date: /home/ubuntu/ros2_ws/install/micro_ros_msgs/lib/libmicro_ros_msgs__rosidl_typesupport_introspection_cpp.so
[3.849s] -- Up-to-date: /home/ubuntu/ros2_ws/install/micro_ros_msgs/lib/libmicro_ros_msgs__rosidl_typesupport_cpp.so
[3.851s] -- Up-to-date: /home/ubuntu/ros2_ws/install/micro_ros_msgs/share/micro_ros_msgs/environment/pythonpath.sh
[3.852s] -- Up-to-date: /home/ubuntu/ros2_ws/install/micro_ros_msgs/share/micro_ros_msgs/environment/pythonpath.dsv
[3.854s] -- Up-to-date: /home/ubuntu/ros2_ws/install/micro_ros_msgs/lib/python3.8/site-packages/micro_ros_msgs/__init__.py
[4.056s] -- Up-to-date: /home/ubuntu/ros2_ws/install/micro_ros_msgs/lib/python3.8/site-packages/micro_ros_msgs/msg
[4.058s] -- Up-to-date: /home/ubuntu/ros2_ws/install/micro_ros_msgs/lib/python3.8/site-packages/micro_ros_msgs/msg/_graph_s.c
[4.060s] -- Up-to-date: /home/ubuntu/ros2_ws/install/micro_ros_msgs/lib/python3.8/site-packages/micro_ros_msgs/msg/__init__.py
[4.061s] -- Up-to-date: /home/ubuntu/ros2_ws/install/micro_ros_msgs/lib/python3.8/site-packages/micro_ros_msgs/msg/_node_s.c
[4.062s] -- Up-to-date: /home/ubuntu/ros2_ws/install/micro_ros_msgs/lib/python3.8/site-packages/micro_ros_msgs/msg/_entity_s.c
[4.062s] -- Up-to-date: /home/ubuntu/ros2_ws/install/micro_ros_msgs/lib/python3.8/site-packages/micro_ros_msgs/msg/_node.py
[4.065s] -- Up-to-date: /home/ubuntu/ros2_ws/install/micro_ros_msgs/lib/python3.8/site-packages/micro_ros_msgs/msg/_graph.py
[4.067s] -- Up-to-date: /home/ubuntu/ros2_ws/install/micro_ros_msgs/lib/python3.8/site-packages/micro_ros_msgs/msg/_entity.py
[4.069s] -- Up-to-date: /home/ubuntu/ros2_ws/install/micro_ros_msgs/lib/python3.8/site-packages/micro_ros_msgs/micro_ros_msgs_s__rosidl_typesupport_fastrtps_c.cpython-38-aarch64-linux-gnu.so
[4.074s] -- Up-to-date: /home/ubuntu/ros2_ws/install/micro_ros_msgs/lib/python3.8/site-packages/micro_ros_msgs/micro_ros_msgs_s__rosidl_typesupport_introspection_c.cpython-38-aarch64-linux-gnu.so
[4.088s] -- Up-to-date: /home/ubuntu/ros2_ws/install/micro_ros_msgs/lib/python3.8/site-packages/micro_ros_msgs/micro_ros_msgs_s__rosidl_typesupport_c.cpython-38-aarch64-linux-gnu.so
[4.091s] -- Up-to-date: /home/ubuntu/ros2_ws/install/micro_ros_msgs/lib/libmicro_ros_msgs__python.so
[4.096s] -- Up-to-date: /home/ubuntu/ros2_ws/install/micro_ros_msgs/share/micro_ros_msgs/msg/Graph.idl
[4.098s] -- Up-to-date: /home/ubuntu/ros2_ws/install/micro_ros_msgs/share/micro_ros_msgs/msg/Node.idl
[4.103s] -- Up-to-date: /home/ubuntu/ros2_ws/install/micro_ros_msgs/share/micro_ros_msgs/msg/Entity.idl
[4.117s] -- Up-to-date: /home/ubuntu/ros2_ws/install/micro_ros_msgs/share/micro_ros_msgs/msg/Graph.msg
[4.123s] -- Up-to-date: /home/ubuntu/ros2_ws/install/micro_ros_msgs/share/micro_ros_msgs/msg/Node.msg
[4.125s] -- Up-to-date: /home/ubuntu/ros2_ws/install/micro_ros_msgs/share/micro_ros_msgs/msg/Entity.msg
[4.128s] -- Up-to-date: /home/ubuntu/ros2_ws/install/micro_ros_msgs/share/ament_index/resource_index/package_run_dependencies/micro_ros_msgs
[4.135s] -- Up-to-date: /home/ubuntu/ros2_ws/install/micro_ros_msgs/share/ament_index/resource_index/parent_prefix_path/micro_ros_msgs
[4.149s] -- Up-to-date: /home/ubuntu/ros2_ws/install/micro_ros_msgs/share/micro_ros_msgs/environment/ament_prefix_path.sh
[4.152s] -- Up-to-date: /home/ubuntu/ros2_ws/install/micro_ros_msgs/share/micro_ros_msgs/environment/ament_prefix_path.dsv
[4.153s] -- Up-to-date: /home/ubuntu/ros2_ws/install/micro_ros_msgs/share/micro_ros_msgs/environment/path.sh
[4.154s] -- Up-to-date: /home/ubuntu/ros2_ws/install/micro_ros_msgs/share/micro_ros_msgs/environment/path.dsv
[4.155s] -- Up-to-date: /home/ubuntu/ros2_ws/install/micro_ros_msgs/share/micro_ros_msgs/local_setup.bash
[4.156s] -- Up-to-date: /home/ubuntu/ros2_ws/install/micro_ros_msgs/share/micro_ros_msgs/local_setup.sh
[4.156s] -- Up-to-date: /home/ubuntu/ros2_ws/install/micro_ros_msgs/share/micro_ros_msgs/local_setup.zsh
[4.157s] -- Up-to-date: /home/ubuntu/ros2_ws/install/micro_ros_msgs/share/micro_ros_msgs/local_setup.dsv
[4.158s] -- Installing: /home/ubuntu/ros2_ws/install/micro_ros_msgs/share/micro_ros_msgs/package.dsv
[4.159s] -- Up-to-date: /home/ubuntu/ros2_ws/install/micro_ros_msgs/share/ament_index/resource_index/packages/micro_ros_msgs
[4.176s] -- Up-to-date: /home/ubuntu/ros2_ws/install/micro_ros_msgs/share/micro_ros_msgs/cmake/micro_ros_msgs__rosidl_generator_cExport.cmake
[4.177s] -- Up-to-date: /home/ubuntu/ros2_ws/install/micro_ros_msgs/share/micro_ros_msgs/cmake/micro_ros_msgs__rosidl_generator_cExport-noconfig.cmake
[4.178s] -- Up-to-date: /home/ubuntu/ros2_ws/install/micro_ros_msgs/share/micro_ros_msgs/cmake/micro_ros_msgs__rosidl_typesupport_introspection_cExport.cmake
[4.178s] -- Up-to-date: /home/ubuntu/ros2_ws/install/micro_ros_msgs/share/micro_ros_msgs/cmake/micro_ros_msgs__rosidl_typesupport_introspection_cExport-noconfig.cmake
[4.180s] -- Up-to-date: /home/ubuntu/ros2_ws/install/micro_ros_msgs/share/micro_ros_msgs/cmake/micro_ros_msgs__rosidl_typesupport_cExport.cmake
[4.181s] -- Up-to-date: /home/ubuntu/ros2_ws/install/micro_ros_msgs/share/micro_ros_msgs/cmake/micro_ros_msgs__rosidl_typesupport_cExport-noconfig.cmake
[4.182s] -- Up-to-date: /home/ubuntu/ros2_ws/install/micro_ros_msgs/share/micro_ros_msgs/cmake/micro_ros_msgs__rosidl_generator_cppExport.cmake
[4.182s] -- Up-to-date: /home/ubuntu/ros2_ws/install/micro_ros_msgs/share/micro_ros_msgs/cmake/micro_ros_msgs__rosidl_typesupport_introspection_cppExport.cmake
[4.184s] -- Up-to-date: /home/ubuntu/ros2_ws/install/micro_ros_msgs/share/micro_ros_msgs/cmake/micro_ros_msgs__rosidl_typesupport_introspection_cppExport-noconfig.cmake
[4.208s] -- Up-to-date: /home/ubuntu/ros2_ws/install/micro_ros_msgs/share/micro_ros_msgs/cmake/micro_ros_msgs__rosidl_typesupport_cppExport.cmake
[4.209s] -- Up-to-date: /home/ubuntu/ros2_ws/install/micro_ros_msgs/share/micro_ros_msgs/cmake/micro_ros_msgs__rosidl_typesupport_cppExport-noconfig.cmake
[4.209s] -- Up-to-date: /home/ubuntu/ros2_ws/install/micro_ros_msgs/share/micro_ros_msgs/cmake/rosidl_cmake-extras.cmake
[4.210s] -- Up-to-date: /home/ubuntu/ros2_ws/install/micro_ros_msgs/share/micro_ros_msgs/cmake/ament_cmake_export_dependencies-extras.cmake
[4.211s] -- Up-to-date: /home/ubuntu/ros2_ws/install/micro_ros_msgs/share/micro_ros_msgs/cmake/ament_cmake_export_libraries-extras.cmake
[4.211s] -- Up-to-date: /home/ubuntu/ros2_ws/install/micro_ros_msgs/share/micro_ros_msgs/cmake/ament_cmake_export_targets-extras.cmake
[4.212s] -- Up-to-date: /home/ubuntu/ros2_ws/install/micro_ros_msgs/share/micro_ros_msgs/cmake/ament_cmake_export_include_directories-extras.cmake
[4.212s] -- Up-to-date: /home/ubuntu/ros2_ws/install/micro_ros_msgs/share/micro_ros_msgs/cmake/rosidl_cmake_export_typesupport_libraries-extras.cmake
[4.213s] -- Up-to-date: /home/ubuntu/ros2_ws/install/micro_ros_msgs/share/micro_ros_msgs/cmake/rosidl_cmake_export_typesupport_targets-extras.cmake
[4.214s] -- Up-to-date: /home/ubuntu/ros2_ws/install/micro_ros_msgs/share/micro_ros_msgs/cmake/micro_ros_msgsConfig.cmake
[4.214s] -- Up-to-date: /home/ubuntu/ros2_ws/install/micro_ros_msgs/share/micro_ros_msgs/cmake/micro_ros_msgsConfig-version.cmake
[4.215s] -- Up-to-date: /home/ubuntu/ros2_ws/install/micro_ros_msgs/share/micro_ros_msgs/package.xml
[4.216s] Invoked command in '/home/ubuntu/ros2_ws/build/micro_ros_msgs' returned '0': CMAKE_PREFIX_PATH=${CMAKE_PREFIX_PATH}:/home/ubuntu/ros2_ws/install/odom_builder:/home/ubuntu/ros2_ws/install/motor_control:/home/ubuntu/ros2_ws/install/cart_start:/opt/ros/foxy /usr/bin/cmake --install /home/ubuntu/ros2_ws/build/micro_ros_msgs
