[12.055s] Invoking command in '/home/ubuntu/ros2_ws/src/motor_control': PYTHONPATH=/home/ubuntu/ros2_ws/install/motor_control/lib/python3.8/site-packages:${PYTHONPATH} /usr/bin/python3 setup.py egg_info --egg-base ../../build/motor_control build --build-base /home/ubuntu/ros2_ws/build/motor_control/build install --prefix /home/ubuntu/ros2_ws/install/motor_control --record /home/ubuntu/ros2_ws/build/motor_control/install.log --single-version-externally-managed
[14.876s] running egg_info
[14.886s] writing ../../build/motor_control/motor_control.egg-info/PKG-INFO
[14.892s] writing dependency_links to ../../build/motor_control/motor_control.egg-info/dependency_links.txt
[14.894s] writing entry points to ../../build/motor_control/motor_control.egg-info/entry_points.txt
[14.896s] writing requirements to ../../build/motor_control/motor_control.egg-info/requires.txt
[14.899s] writing top-level names to ../../build/motor_control/motor_control.egg-info/top_level.txt
[15.373s] reading manifest file '../../build/motor_control/motor_control.egg-info/SOURCES.txt'
[15.391s] writing manifest file '../../build/motor_control/motor_control.egg-info/SOURCES.txt'
[15.394s] running build
[15.396s] running build_py
[15.403s] running install
[15.416s] running install_lib
[15.437s] running install_data
[15.448s] running install_egg_info
[15.460s] removing '/home/ubuntu/ros2_ws/install/motor_control/lib/python3.8/site-packages/motor_control-0.0.0-py3.8.egg-info' (and everything under it)
[15.465s] Copying ../../build/motor_control/motor_control.egg-info to /home/ubuntu/ros2_ws/install/motor_control/lib/python3.8/site-packages/motor_control-0.0.0-py3.8.egg-info
[15.489s] running install_scripts
[15.690s] Installing listener script to /home/ubuntu/ros2_ws/install/motor_control/lib/motor_control
[15.693s] writing list of installed files to '/home/ubuntu/ros2_ws/build/motor_control/install.log'
[16.023s] Invoked command in '/home/ubuntu/ros2_ws/src/motor_control' returned '0': PYTHONPATH=/home/ubuntu/ros2_ws/install/motor_control/lib/python3.8/site-packages:${PYTHONPATH} /usr/bin/python3 setup.py egg_info --egg-base ../../build/motor_control build --build-base /home/ubuntu/ros2_ws/build/motor_control/build install --prefix /home/ubuntu/ros2_ws/install/motor_control --record /home/ubuntu/ros2_ws/build/motor_control/install.log --single-version-externally-managed
