[2.024s] Invoking command in '/home/ubuntu/ros2_ws/src/build/sllidar_ros2': CMAKE_PREFIX_PATH=/opt/ros/foxy /usr/bin/cmake --build /home/ubuntu/ros2_ws/src/build/sllidar_ros2 -- -j4 -l4
[2.484s] [ 85%] Built target sllidar_node
[2.499s] [100%] Built target sllidar_client
[2.560s] Invoked command in '/home/ubuntu/ros2_ws/src/build/sllidar_ros2' returned '0': CMAKE_PREFIX_PATH=/opt/ros/foxy /usr/bin/cmake --build /home/ubuntu/ros2_ws/src/build/sllidar_ros2 -- -j4 -l4
[2.920s] Invoking command in '/home/ubuntu/ros2_ws/src/build/sllidar_ros2': CMAKE_PREFIX_PATH=/opt/ros/foxy /usr/bin/cmake --install /home/ubuntu/ros2_ws/src/build/sllidar_ros2
[2.968s] -- Install configuration: ""
[2.969s] -- Up-to-date: /home/ubuntu/ros2_ws/src/install/sllidar_ros2/share/sllidar_ros2/launch
[2.971s] -- Up-to-date: /home/ubuntu/ros2_ws/src/install/sllidar_ros2/share/sllidar_ros2/launch/sllidar_s2_launch.py
[2.972s] -- Up-to-date: /home/ubuntu/ros2_ws/src/install/sllidar_ros2/share/sllidar_ros2/launch/view_sllidar_launch.py
[2.973s] -- Up-to-date: /home/ubuntu/ros2_ws/src/install/sllidar_ros2/share/sllidar_ros2/launch/view_sllidar_s1_launch.py
[2.974s] -- Up-to-date: /home/ubuntu/ros2_ws/src/install/sllidar_ros2/share/sllidar_ros2/launch/view_sllidar_s1_tcp_launch.py
[2.975s] -- Up-to-date: /home/ubuntu/ros2_ws/src/install/sllidar_ros2/share/sllidar_ros2/launch/sllidar_launch.py
[2.977s] -- Up-to-date: /home/ubuntu/ros2_ws/src/install/sllidar_ros2/share/sllidar_ros2/launch/sllidar_s1_tcp_launch.py
[2.979s] -- Up-to-date: /home/ubuntu/ros2_ws/src/install/sllidar_ros2/share/sllidar_ros2/launch/view_sllidar_s2_launch.py
[2.980s] -- Up-to-date: /home/ubuntu/ros2_ws/src/install/sllidar_ros2/share/sllidar_ros2/launch/sllidar_t1_launch.py
[2.982s] -- Up-to-date: /home/ubuntu/ros2_ws/src/install/sllidar_ros2/share/sllidar_ros2/launch/view_sllidar_a3_launch.py
[2.983s] -- Up-to-date: /home/ubuntu/ros2_ws/src/install/sllidar_ros2/share/sllidar_ros2/launch/sllidar_s1_launch.py
[2.986s] -- Up-to-date: /home/ubuntu/ros2_ws/src/install/sllidar_ros2/share/sllidar_ros2/launch/sllidar_a3_launch.py
[2.991s] -- Up-to-date: /home/ubuntu/ros2_ws/src/install/sllidar_ros2/share/sllidar_ros2/launch/view_sllidar_t1_launch.py
[2.992s] -- Up-to-date: /home/ubuntu/ros2_ws/src/install/sllidar_ros2/share/sllidar_ros2/rviz
[2.994s] -- Up-to-date: /home/ubuntu/ros2_ws/src/install/sllidar_ros2/share/sllidar_ros2/rviz/sllidar_ros2.rviz
[2.996s] -- Up-to-date: /home/ubuntu/ros2_ws/src/install/sllidar_ros2/lib/sllidar_ros2/sllidar_node
[2.998s] -- Up-to-date: /home/ubuntu/ros2_ws/src/install/sllidar_ros2/lib/sllidar_ros2/sllidar_client
[2.999s] -- Up-to-date: /home/ubuntu/ros2_ws/src/install/sllidar_ros2/share/ament_index/resource_index/package_run_dependencies/sllidar_ros2
[3.001s] -- Up-to-date: /home/ubuntu/ros2_ws/src/install/sllidar_ros2/share/ament_index/resource_index/parent_prefix_path/sllidar_ros2
[3.003s] -- Up-to-date: /home/ubuntu/ros2_ws/src/install/sllidar_ros2/share/sllidar_ros2/environment/ament_prefix_path.sh
[3.005s] -- Up-to-date: /home/ubuntu/ros2_ws/src/install/sllidar_ros2/share/sllidar_ros2/environment/ament_prefix_path.dsv
[3.014s] -- Up-to-date: /home/ubuntu/ros2_ws/src/install/sllidar_ros2/share/sllidar_ros2/environment/path.sh
[3.017s] -- Up-to-date: /home/ubuntu/ros2_ws/src/install/sllidar_ros2/share/sllidar_ros2/environment/path.dsv
[3.018s] -- Up-to-date: /home/ubuntu/ros2_ws/src/install/sllidar_ros2/share/sllidar_ros2/local_setup.bash
[3.019s] -- Up-to-date: /home/ubuntu/ros2_ws/src/install/sllidar_ros2/share/sllidar_ros2/local_setup.sh
[3.020s] -- Up-to-date: /home/ubuntu/ros2_ws/src/install/sllidar_ros2/share/sllidar_ros2/local_setup.zsh
[3.021s] -- Up-to-date: /home/ubuntu/ros2_ws/src/install/sllidar_ros2/share/sllidar_ros2/local_setup.dsv
[3.021s] -- Installing: /home/ubuntu/ros2_ws/src/install/sllidar_ros2/share/sllidar_ros2/package.dsv
[3.022s] -- Up-to-date: /home/ubuntu/ros2_ws/src/install/sllidar_ros2/share/ament_index/resource_index/packages/sllidar_ros2
[3.023s] -- Up-to-date: /home/ubuntu/ros2_ws/src/install/sllidar_ros2/share/sllidar_ros2/cmake/ament_cmake_export_dependencies-extras.cmake
[3.046s] -- Up-to-date: /home/ubuntu/ros2_ws/src/install/sllidar_ros2/share/sllidar_ros2/cmake/ament_cmake_export_include_directories-extras.cmake
[3.048s] -- Up-to-date: /home/ubuntu/ros2_ws/src/install/sllidar_ros2/share/sllidar_ros2/cmake/sllidar_ros2Config.cmake
[3.052s] -- Up-to-date: /home/ubuntu/ros2_ws/src/install/sllidar_ros2/share/sllidar_ros2/cmake/sllidar_ros2Config-version.cmake
[3.061s] -- Up-to-date: /home/ubuntu/ros2_ws/src/install/sllidar_ros2/share/sllidar_ros2/package.xml
[3.063s] Invoked command in '/home/ubuntu/ros2_ws/src/build/sllidar_ros2' returned '0': CMAKE_PREFIX_PATH=/opt/ros/foxy /usr/bin/cmake --install /home/ubuntu/ros2_ws/src/build/sllidar_ros2
