[5.006s] Invoking command in '/home/ubuntu/ros2_ws/src/smooth_drive': PYTHONPATH=/home/ubuntu/ros2_ws/install/smooth_drive/lib/python3.8/site-packages:${PYTHONPATH} /usr/bin/python3 setup.py egg_info --egg-base ../../build/smooth_drive build --build-base /home/ubuntu/ros2_ws/build/smooth_drive/build install --prefix /home/ubuntu/ros2_ws/install/smooth_drive --record /home/ubuntu/ros2_ws/build/smooth_drive/install.log --single-version-externally-managed
[7.129s] running egg_info
[7.132s] writing ../../build/smooth_drive/smooth_drive.egg-info/PKG-INFO
[7.133s] writing dependency_links to ../../build/smooth_drive/smooth_drive.egg-info/dependency_links.txt
[7.134s] writing entry points to ../../build/smooth_drive/smooth_drive.egg-info/entry_points.txt
[7.135s] writing requirements to ../../build/smooth_drive/smooth_drive.egg-info/requires.txt
[7.136s] writing top-level names to ../../build/smooth_drive/smooth_drive.egg-info/top_level.txt
[7.502s] reading manifest file '../../build/smooth_drive/smooth_drive.egg-info/SOURCES.txt'
[7.512s] writing manifest file '../../build/smooth_drive/smooth_drive.egg-info/SOURCES.txt'
[7.515s] running build
[7.516s] running build_py
[7.517s] copying smooth_drive/pid_control.py -> /home/ubuntu/ros2_ws/build/smooth_drive/build/lib/smooth_drive
[7.519s] running install
[7.526s] running install_lib
[7.535s] copying /home/ubuntu/ros2_ws/build/smooth_drive/build/lib/smooth_drive/pid_control.py -> /home/ubuntu/ros2_ws/install/smooth_drive/lib/python3.8/site-packages/smooth_drive
[7.542s] byte-compiling /home/ubuntu/ros2_ws/install/smooth_drive/lib/python3.8/site-packages/smooth_drive/pid_control.py to pid_control.cpython-38.pyc
[7.560s] running install_data
[7.566s] running install_egg_info
[7.579s] removing '/home/ubuntu/ros2_ws/install/smooth_drive/lib/python3.8/site-packages/smooth_drive-0.0.0-py3.8.egg-info' (and everything under it)
[7.584s] Copying ../../build/smooth_drive/smooth_drive.egg-info to /home/ubuntu/ros2_ws/install/smooth_drive/lib/python3.8/site-packages/smooth_drive-0.0.0-py3.8.egg-info
[7.598s] running install_scripts
[7.764s] Installing smooth_drive script to /home/ubuntu/ros2_ws/install/smooth_drive/lib/smooth_drive
[7.770s] writing list of installed files to '/home/ubuntu/ros2_ws/build/smooth_drive/install.log'
[7.959s] Invoked command in '/home/ubuntu/ros2_ws/src/smooth_drive' returned '0': PYTHONPATH=/home/ubuntu/ros2_ws/install/smooth_drive/lib/python3.8/site-packages:${PYTHONPATH} /usr/bin/python3 setup.py egg_info --egg-base ../../build/smooth_drive build --build-base /home/ubuntu/ros2_ws/build/smooth_drive/build install --prefix /home/ubuntu/ros2_ws/install/smooth_drive --record /home/ubuntu/ros2_ws/build/smooth_drive/install.log --single-version-externally-managed
