[2.041s] Invoking command in '/home/ubuntu/ros2_ws/build/sllidar_ros2': CMAKE_PREFIX_PATH=${CMAKE_PREFIX_PATH}:/home/ubuntu/ros2_ws/install/motor_control:/home/ubuntu/ros2_ws/install/cart_start:/opt/ros/foxy /usr/bin/cmake --build /home/ubuntu/ros2_ws/build/sllidar_ros2 -- -j4 -l4
[2.528s] [ 85%] Built target sllidar_node
[2.535s] [100%] Built target sllidar_client
[2.600s] Invoked command in '/home/ubuntu/ros2_ws/build/sllidar_ros2' returned '0': CMAKE_PREFIX_PATH=${CMAKE_PREFIX_PATH}:/home/ubuntu/ros2_ws/install/motor_control:/home/ubuntu/ros2_ws/install/cart_start:/opt/ros/foxy /usr/bin/cmake --build /home/ubuntu/ros2_ws/build/sllidar_ros2 -- -j4 -l4
[2.959s] Invoking command in '/home/ubuntu/ros2_ws/build/sllidar_ros2': CMAKE_PREFIX_PATH=${CMAKE_PREFIX_PATH}:/home/ubuntu/ros2_ws/install/motor_control:/home/ubuntu/ros2_ws/install/cart_start:/opt/ros/foxy /usr/bin/cmake --install /home/ubuntu/ros2_ws/build/sllidar_ros2
[3.013s] -- Install configuration: ""
[3.020s] -- Execute custom install script
[3.025s] -- Up-to-date symlink: /home/ubuntu/ros2_ws/install/sllidar_ros2/share/sllidar_ros2/launch/sllidar_a3_launch.py
[3.028s] -- Up-to-date symlink: /home/ubuntu/ros2_ws/install/sllidar_ros2/share/sllidar_ros2/launch/sllidar_launch.py
[3.030s] -- Up-to-date symlink: /home/ubuntu/ros2_ws/install/sllidar_ros2/share/sllidar_ros2/launch/sllidar_s1_launch.py
[3.033s] -- Up-to-date symlink: /home/ubuntu/ros2_ws/install/sllidar_ros2/share/sllidar_ros2/launch/sllidar_s1_tcp_launch.py
[3.036s] -- Up-to-date symlink: /home/ubuntu/ros2_ws/install/sllidar_ros2/share/sllidar_ros2/launch/sllidar_s2_launch.py
[3.038s] -- Up-to-date symlink: /home/ubuntu/ros2_ws/install/sllidar_ros2/share/sllidar_ros2/launch/sllidar_t1_launch.py
[3.041s] -- Up-to-date symlink: /home/ubuntu/ros2_ws/install/sllidar_ros2/share/sllidar_ros2/launch/view_sllidar_a3_launch.py
[3.044s] -- Up-to-date symlink: /home/ubuntu/ros2_ws/install/sllidar_ros2/share/sllidar_ros2/launch/view_sllidar_launch.py
[3.046s] -- Up-to-date symlink: /home/ubuntu/ros2_ws/install/sllidar_ros2/share/sllidar_ros2/launch/view_sllidar_s1_launch.py
[3.049s] -- Up-to-date symlink: /home/ubuntu/ros2_ws/install/sllidar_ros2/share/sllidar_ros2/launch/view_sllidar_s1_tcp_launch.py
[3.051s] -- Up-to-date symlink: /home/ubuntu/ros2_ws/install/sllidar_ros2/share/sllidar_ros2/launch/view_sllidar_s2_launch.py
[3.053s] -- Up-to-date symlink: /home/ubuntu/ros2_ws/install/sllidar_ros2/share/sllidar_ros2/launch/view_sllidar_t1_launch.py
[3.057s] -- Up-to-date symlink: /home/ubuntu/ros2_ws/install/sllidar_ros2/share/sllidar_ros2/rviz/sllidar_ros2.rviz
[3.060s] -- Up-to-date symlink: /home/ubuntu/ros2_ws/install/sllidar_ros2/lib/sllidar_ros2/sllidar_node
[3.063s] -- Up-to-date symlink: /home/ubuntu/ros2_ws/install/sllidar_ros2/lib/sllidar_ros2/sllidar_client
[3.066s] -- Up-to-date symlink: /home/ubuntu/ros2_ws/install/sllidar_ros2/share/ament_index/resource_index/package_run_dependencies/sllidar_ros2
[3.069s] -- Up-to-date symlink: /home/ubuntu/ros2_ws/install/sllidar_ros2/share/ament_index/resource_index/parent_prefix_path/sllidar_ros2
[3.072s] -- Up-to-date symlink: /home/ubuntu/ros2_ws/install/sllidar_ros2/share/sllidar_ros2/environment/ament_prefix_path.sh
[3.075s] -- Up-to-date symlink: /home/ubuntu/ros2_ws/install/sllidar_ros2/share/sllidar_ros2/environment/ament_prefix_path.dsv
[3.078s] -- Up-to-date symlink: /home/ubuntu/ros2_ws/install/sllidar_ros2/share/sllidar_ros2/environment/path.sh
[3.081s] -- Up-to-date symlink: /home/ubuntu/ros2_ws/install/sllidar_ros2/share/sllidar_ros2/environment/path.dsv
[3.085s] -- Up-to-date symlink: /home/ubuntu/ros2_ws/install/sllidar_ros2/share/sllidar_ros2/local_setup.bash
[3.088s] -- Up-to-date symlink: /home/ubuntu/ros2_ws/install/sllidar_ros2/share/sllidar_ros2/local_setup.sh
[3.090s] -- Up-to-date symlink: /home/ubuntu/ros2_ws/install/sllidar_ros2/share/sllidar_ros2/local_setup.zsh
[3.092s] -- Up-to-date symlink: /home/ubuntu/ros2_ws/install/sllidar_ros2/share/sllidar_ros2/local_setup.dsv
[3.093s] -- Symlinking: /home/ubuntu/ros2_ws/install/sllidar_ros2/share/sllidar_ros2/package.dsv
[3.144s] -- Up-to-date symlink: /home/ubuntu/ros2_ws/install/sllidar_ros2/share/ament_index/resource_index/packages/sllidar_ros2
[3.147s] -- Up-to-date symlink: /home/ubuntu/ros2_ws/install/sllidar_ros2/share/sllidar_ros2/cmake/ament_cmake_export_dependencies-extras.cmake
[3.148s] -- Up-to-date symlink: /home/ubuntu/ros2_ws/install/sllidar_ros2/share/sllidar_ros2/cmake/ament_cmake_export_include_directories-extras.cmake
[3.150s] -- Up-to-date symlink: /home/ubuntu/ros2_ws/install/sllidar_ros2/share/sllidar_ros2/cmake/sllidar_ros2Config.cmake
[3.152s] -- Up-to-date symlink: /home/ubuntu/ros2_ws/install/sllidar_ros2/share/sllidar_ros2/cmake/sllidar_ros2Config-version.cmake
[3.153s] -- Up-to-date symlink: /home/ubuntu/ros2_ws/install/sllidar_ros2/share/sllidar_ros2/package.xml
[3.189s] Invoked command in '/home/ubuntu/ros2_ws/build/sllidar_ros2' returned '0': CMAKE_PREFIX_PATH=${CMAKE_PREFIX_PATH}:/home/ubuntu/ros2_ws/install/motor_control:/home/ubuntu/ros2_ws/install/cart_start:/opt/ros/foxy /usr/bin/cmake --install /home/ubuntu/ros2_ws/build/sllidar_ros2
