[5.512s] Invoking command in '/home/ubuntu/ros2_ws/src/odom_builder': PYTHONPATH=/home/ubuntu/ros2_ws/install/odom_builder/lib/python3.8/site-packages:${PYTHONPATH} /usr/bin/python3 setup.py egg_info --egg-base ../../build/odom_builder build --build-base /home/ubuntu/ros2_ws/build/odom_builder/build install --prefix /home/ubuntu/ros2_ws/install/odom_builder --record /home/ubuntu/ros2_ws/build/odom_builder/install.log --single-version-externally-managed
[6.726s] running egg_info
[6.729s] writing ../../build/odom_builder/odom_builder.egg-info/PKG-INFO
[6.732s] writing dependency_links to ../../build/odom_builder/odom_builder.egg-info/dependency_links.txt
[6.734s] writing entry points to ../../build/odom_builder/odom_builder.egg-info/entry_points.txt
[6.736s] writing requirements to ../../build/odom_builder/odom_builder.egg-info/requires.txt
[6.737s] writing top-level names to ../../build/odom_builder/odom_builder.egg-info/top_level.txt
[6.904s] reading manifest file '../../build/odom_builder/odom_builder.egg-info/SOURCES.txt'
[6.908s] writing manifest file '../../build/odom_builder/odom_builder.egg-info/SOURCES.txt'
[6.910s] running build
[6.913s] running build_py
[6.915s] running install
[6.917s] running install_lib
[6.923s] running install_data
[6.926s] running install_egg_info
[6.947s] removing '/home/ubuntu/ros2_ws/install/odom_builder/lib/python3.8/site-packages/odom_builder-0.0.0-py3.8.egg-info' (and everything under it)
[6.950s] Copying ../../build/odom_builder/odom_builder.egg-info to /home/ubuntu/ros2_ws/install/odom_builder/lib/python3.8/site-packages/odom_builder-0.0.0-py3.8.egg-info
[6.953s] running install_scripts
[7.075s] Installing odo_pub script to /home/ubuntu/ros2_ws/install/odom_builder/lib/odom_builder
[7.076s] writing list of installed files to '/home/ubuntu/ros2_ws/build/odom_builder/install.log'
[7.212s] Invoked command in '/home/ubuntu/ros2_ws/src/odom_builder' returned '0': PYTHONPATH=/home/ubuntu/ros2_ws/install/odom_builder/lib/python3.8/site-packages:${PYTHONPATH} /usr/bin/python3 setup.py egg_info --egg-base ../../build/odom_builder build --build-base /home/ubuntu/ros2_ws/build/odom_builder/build install --prefix /home/ubuntu/ros2_ws/install/odom_builder --record /home/ubuntu/ros2_ws/build/odom_builder/install.log --single-version-externally-managed
