[3.414s] Invoking command in '/home/ubuntu/ros2_ws/src/motor_control': PYTHONPATH=/home/ubuntu/ros2_ws/install/motor_control/lib/python3.8/site-packages:${PYTHONPATH} /usr/bin/python3 setup.py egg_info --egg-base ../../build/motor_control build --build-base /home/ubuntu/ros2_ws/build/motor_control/build install --prefix /home/ubuntu/ros2_ws/install/motor_control --record /home/ubuntu/ros2_ws/build/motor_control/install.log --single-version-externally-managed
[3.896s] running egg_info
[3.898s] writing ../../build/motor_control/motor_control.egg-info/PKG-INFO
[3.900s] writing dependency_links to ../../build/motor_control/motor_control.egg-info/dependency_links.txt
[3.901s] writing entry points to ../../build/motor_control/motor_control.egg-info/entry_points.txt
[3.902s] writing requirements to ../../build/motor_control/motor_control.egg-info/requires.txt
[3.902s] writing top-level names to ../../build/motor_control/motor_control.egg-info/top_level.txt
[4.055s] reading manifest file '../../build/motor_control/motor_control.egg-info/SOURCES.txt'
[4.060s] writing manifest file '../../build/motor_control/motor_control.egg-info/SOURCES.txt'
[4.061s] running build
[4.061s] running build_py
[4.066s] running install
[4.069s] running install_lib
[4.078s] running install_data
[4.082s] running install_egg_info
[4.089s] removing '/home/ubuntu/ros2_ws/install/motor_control/lib/python3.8/site-packages/motor_control-0.0.0-py3.8.egg-info' (and everything under it)
[4.091s] Copying ../../build/motor_control/motor_control.egg-info to /home/ubuntu/ros2_ws/install/motor_control/lib/python3.8/site-packages/motor_control-0.0.0-py3.8.egg-info
[4.097s] running install_scripts
[4.164s] Installing listener script to /home/ubuntu/ros2_ws/install/motor_control/lib/motor_control
[4.167s] writing list of installed files to '/home/ubuntu/ros2_ws/build/motor_control/install.log'
[4.265s] Invoked command in '/home/ubuntu/ros2_ws/src/motor_control' returned '0': PYTHONPATH=/home/ubuntu/ros2_ws/install/motor_control/lib/python3.8/site-packages:${PYTHONPATH} /usr/bin/python3 setup.py egg_info --egg-base ../../build/motor_control build --build-base /home/ubuntu/ros2_ws/build/motor_control/build install --prefix /home/ubuntu/ros2_ws/install/motor_control --record /home/ubuntu/ros2_ws/build/motor_control/install.log --single-version-externally-managed
