[9.947s] Invoking command in '/home/ubuntu/ros2_ws/src/motor_control': PYTHONPATH=/home/ubuntu/ros2_ws/install/motor_control/lib/python3.8/site-packages:${PYTHONPATH} /usr/bin/python3 setup.py egg_info --egg-base ../../build/motor_control build --build-base /home/ubuntu/ros2_ws/build/motor_control/build install --prefix /home/ubuntu/ros2_ws/install/motor_control --record /home/ubuntu/ros2_ws/build/motor_control/install.log --single-version-externally-managed
[12.920s] running egg_info
[12.927s] writing ../../build/motor_control/motor_control.egg-info/PKG-INFO
[12.931s] writing dependency_links to ../../build/motor_control/motor_control.egg-info/dependency_links.txt
[12.933s] writing entry points to ../../build/motor_control/motor_control.egg-info/entry_points.txt
[12.935s] writing requirements to ../../build/motor_control/motor_control.egg-info/requires.txt
[12.937s] writing top-level names to ../../build/motor_control/motor_control.egg-info/top_level.txt
[13.345s] reading manifest file '../../build/motor_control/motor_control.egg-info/SOURCES.txt'
[13.356s] writing manifest file '../../build/motor_control/motor_control.egg-info/SOURCES.txt'
[13.358s] running build
[13.371s] running build_py
[13.375s] running install
[13.379s] running install_lib
[13.389s] running install_data
[13.395s] running install_egg_info
[13.413s] removing '/home/ubuntu/ros2_ws/install/motor_control/lib/python3.8/site-packages/motor_control-0.0.0-py3.8.egg-info' (and everything under it)
[13.423s] Copying ../../build/motor_control/motor_control.egg-info to /home/ubuntu/ros2_ws/install/motor_control/lib/python3.8/site-packages/motor_control-0.0.0-py3.8.egg-info
[13.459s] running install_scripts
[13.733s] Installing listener script to /home/ubuntu/ros2_ws/install/motor_control/lib/motor_control
[13.735s] writing list of installed files to '/home/ubuntu/ros2_ws/build/motor_control/install.log'
[13.946s] Invoked command in '/home/ubuntu/ros2_ws/src/motor_control' returned '0': PYTHONPATH=/home/ubuntu/ros2_ws/install/motor_control/lib/python3.8/site-packages:${PYTHONPATH} /usr/bin/python3 setup.py egg_info --egg-base ../../build/motor_control build --build-base /home/ubuntu/ros2_ws/build/motor_control/build install --prefix /home/ubuntu/ros2_ws/install/motor_control --record /home/ubuntu/ros2_ws/build/motor_control/install.log --single-version-externally-managed
