[5.881s] Invoking command in '/home/ubuntu/ros2_ws/src/smooth_drive': PYTHONPATH=/home/ubuntu/ros2_ws/install/smooth_drive/lib/python3.8/site-packages:${PYTHONPATH} /usr/bin/python3 setup.py egg_info --egg-base ../../build/smooth_drive build --build-base /home/ubuntu/ros2_ws/build/smooth_drive/build install --prefix /home/ubuntu/ros2_ws/install/smooth_drive --record /home/ubuntu/ros2_ws/build/smooth_drive/install.log --single-version-externally-managed
[8.058s] running egg_info
[8.064s] writing ../../build/smooth_drive/smooth_drive.egg-info/PKG-INFO
[8.066s] writing dependency_links to ../../build/smooth_drive/smooth_drive.egg-info/dependency_links.txt
[8.067s] writing entry points to ../../build/smooth_drive/smooth_drive.egg-info/entry_points.txt
[8.069s] writing requirements to ../../build/smooth_drive/smooth_drive.egg-info/requires.txt
[8.070s] writing top-level names to ../../build/smooth_drive/smooth_drive.egg-info/top_level.txt
[8.350s] reading manifest file '../../build/smooth_drive/smooth_drive.egg-info/SOURCES.txt'
[8.354s] writing manifest file '../../build/smooth_drive/smooth_drive.egg-info/SOURCES.txt'
[8.355s] running build
[8.355s] running build_py
[8.356s] copying smooth_drive/pid_control.py -> /home/ubuntu/ros2_ws/build/smooth_drive/build/lib/smooth_drive
[8.357s] running install
[8.360s] running install_lib
[8.365s] copying /home/ubuntu/ros2_ws/build/smooth_drive/build/lib/smooth_drive/pid_control.py -> /home/ubuntu/ros2_ws/install/smooth_drive/lib/python3.8/site-packages/smooth_drive
[8.368s] byte-compiling /home/ubuntu/ros2_ws/install/smooth_drive/lib/python3.8/site-packages/smooth_drive/pid_control.py to pid_control.cpython-38.pyc
[8.375s] running install_data
[8.377s] running install_egg_info
[8.384s] removing '/home/ubuntu/ros2_ws/install/smooth_drive/lib/python3.8/site-packages/smooth_drive-0.0.0-py3.8.egg-info' (and everything under it)
[8.385s] Copying ../../build/smooth_drive/smooth_drive.egg-info to /home/ubuntu/ros2_ws/install/smooth_drive/lib/python3.8/site-packages/smooth_drive-0.0.0-py3.8.egg-info
[8.392s] running install_scripts
[8.466s] Installing smooth_drive script to /home/ubuntu/ros2_ws/install/smooth_drive/lib/smooth_drive
[8.468s] writing list of installed files to '/home/ubuntu/ros2_ws/build/smooth_drive/install.log'
[8.565s] Invoked command in '/home/ubuntu/ros2_ws/src/smooth_drive' returned '0': PYTHONPATH=/home/ubuntu/ros2_ws/install/smooth_drive/lib/python3.8/site-packages:${PYTHONPATH} /usr/bin/python3 setup.py egg_info --egg-base ../../build/smooth_drive build --build-base /home/ubuntu/ros2_ws/build/smooth_drive/build install --prefix /home/ubuntu/ros2_ws/install/smooth_drive --record /home/ubuntu/ros2_ws/build/smooth_drive/install.log --single-version-externally-managed
