[2.749s] Invoking command in '/home/ubuntu/ros2_ws/src/smooth_drive': PYTHONPATH=/home/ubuntu/ros2_ws/install/smooth_drive/lib/python3.8/site-packages:${PYTHONPATH} /usr/bin/python3 setup.py egg_info --egg-base ../../build/smooth_drive build --build-base /home/ubuntu/ros2_ws/build/smooth_drive/build install --prefix /home/ubuntu/ros2_ws/install/smooth_drive --record /home/ubuntu/ros2_ws/build/smooth_drive/install.log --single-version-externally-managed
[3.706s] running egg_info
[3.708s] writing ../../build/smooth_drive/smooth_drive.egg-info/PKG-INFO
[3.710s] writing dependency_links to ../../build/smooth_drive/smooth_drive.egg-info/dependency_links.txt
[3.710s] writing entry points to ../../build/smooth_drive/smooth_drive.egg-info/entry_points.txt
[3.711s] writing requirements to ../../build/smooth_drive/smooth_drive.egg-info/requires.txt
[3.712s] writing top-level names to ../../build/smooth_drive/smooth_drive.egg-info/top_level.txt
[3.860s] reading manifest file '../../build/smooth_drive/smooth_drive.egg-info/SOURCES.txt'
[3.864s] writing manifest file '../../build/smooth_drive/smooth_drive.egg-info/SOURCES.txt'
[3.864s] running build
[3.865s] running build_py
[3.866s] copying smooth_drive/pid_control.py -> /home/ubuntu/ros2_ws/build/smooth_drive/build/lib/smooth_drive
[3.866s] running install
[3.870s] running install_lib
[3.874s] copying /home/ubuntu/ros2_ws/build/smooth_drive/build/lib/smooth_drive/pid_control.py -> /home/ubuntu/ros2_ws/install/smooth_drive/lib/python3.8/site-packages/smooth_drive
[3.877s] byte-compiling /home/ubuntu/ros2_ws/install/smooth_drive/lib/python3.8/site-packages/smooth_drive/pid_control.py to pid_control.cpython-38.pyc
[3.884s] running install_data
[3.886s] running install_egg_info
[3.892s] removing '/home/ubuntu/ros2_ws/install/smooth_drive/lib/python3.8/site-packages/smooth_drive-0.0.0-py3.8.egg-info' (and everything under it)
[3.894s] Copying ../../build/smooth_drive/smooth_drive.egg-info to /home/ubuntu/ros2_ws/install/smooth_drive/lib/python3.8/site-packages/smooth_drive-0.0.0-py3.8.egg-info
[3.900s] running install_scripts
[3.969s] Installing smooth_drive script to /home/ubuntu/ros2_ws/install/smooth_drive/lib/smooth_drive
[3.970s] writing list of installed files to '/home/ubuntu/ros2_ws/build/smooth_drive/install.log'
[4.068s] Invoked command in '/home/ubuntu/ros2_ws/src/smooth_drive' returned '0': PYTHONPATH=/home/ubuntu/ros2_ws/install/smooth_drive/lib/python3.8/site-packages:${PYTHONPATH} /usr/bin/python3 setup.py egg_info --egg-base ../../build/smooth_drive build --build-base /home/ubuntu/ros2_ws/build/smooth_drive/build install --prefix /home/ubuntu/ros2_ws/install/smooth_drive --record /home/ubuntu/ros2_ws/build/smooth_drive/install.log --single-version-externally-managed
