[0.158s] Invoking command in '/home/ubuntu/ros2_ws/build/sllidar_ros2': CMAKE_PREFIX_PATH=/opt/ros/foxy /usr/bin/cmake --build /home/ubuntu/ros2_ws/build/sllidar_ros2 -- -j4 -l4
[1.329s] [ 14%] Built target sllidar_client
[1.388s] [100%] Built target sllidar_node
[1.522s] Invoked command in '/home/ubuntu/ros2_ws/build/sllidar_ros2' returned '0': CMAKE_PREFIX_PATH=/opt/ros/foxy /usr/bin/cmake --build /home/ubuntu/ros2_ws/build/sllidar_ros2 -- -j4 -l4
[4.356s] Invoking command in '/home/ubuntu/ros2_ws/build/sllidar_ros2': CMAKE_PREFIX_PATH=/opt/ros/foxy /usr/bin/cmake --install /home/ubuntu/ros2_ws/build/sllidar_ros2
[4.473s] -- Install configuration: ""
[4.475s] -- Execute custom install script
[4.476s] -- Up-to-date symlink: /home/ubuntu/ros2_ws/install/sllidar_ros2/share/sllidar_ros2/launch/sllidar_a3_launch.py
[4.478s] -- Up-to-date symlink: /home/ubuntu/ros2_ws/install/sllidar_ros2/share/sllidar_ros2/launch/sllidar_launch.py
[4.487s] -- Up-to-date symlink: /home/ubuntu/ros2_ws/install/sllidar_ros2/share/sllidar_ros2/launch/sllidar_s1_launch.py
[4.489s] -- Up-to-date symlink: /home/ubuntu/ros2_ws/install/sllidar_ros2/share/sllidar_ros2/launch/sllidar_s1_tcp_launch.py
[4.490s] -- Up-to-date symlink: /home/ubuntu/ros2_ws/install/sllidar_ros2/share/sllidar_ros2/launch/sllidar_s2_launch.py
[4.511s] -- Up-to-date symlink: /home/ubuntu/ros2_ws/install/sllidar_ros2/share/sllidar_ros2/launch/sllidar_t1_launch.py
[4.518s] -- Up-to-date symlink: /home/ubuntu/ros2_ws/install/sllidar_ros2/share/sllidar_ros2/launch/view_sllidar_a3_launch.py
[4.522s] -- Up-to-date symlink: /home/ubuntu/ros2_ws/install/sllidar_ros2/share/sllidar_ros2/launch/view_sllidar_launch.py
[4.526s] -- Up-to-date symlink: /home/ubuntu/ros2_ws/install/sllidar_ros2/share/sllidar_ros2/launch/view_sllidar_s1_launch.py
[4.530s] -- Up-to-date symlink: /home/ubuntu/ros2_ws/install/sllidar_ros2/share/sllidar_ros2/launch/view_sllidar_s1_tcp_launch.py
[4.533s] -- Up-to-date symlink: /home/ubuntu/ros2_ws/install/sllidar_ros2/share/sllidar_ros2/launch/view_sllidar_s2_launch.py
[4.536s] -- Up-to-date symlink: /home/ubuntu/ros2_ws/install/sllidar_ros2/share/sllidar_ros2/launch/view_sllidar_t1_launch.py
[4.539s] -- Up-to-date symlink: /home/ubuntu/ros2_ws/install/sllidar_ros2/share/sllidar_ros2/rviz/sllidar_ros2.rviz
[4.546s] -- Up-to-date symlink: /home/ubuntu/ros2_ws/install/sllidar_ros2/lib/sllidar_ros2/sllidar_node
[4.549s] -- Up-to-date symlink: /home/ubuntu/ros2_ws/install/sllidar_ros2/lib/sllidar_ros2/sllidar_client
[4.550s] -- Up-to-date symlink: /home/ubuntu/ros2_ws/install/sllidar_ros2/share/ament_index/resource_index/package_run_dependencies/sllidar_ros2
[4.552s] -- Up-to-date symlink: /home/ubuntu/ros2_ws/install/sllidar_ros2/share/ament_index/resource_index/parent_prefix_path/sllidar_ros2
[4.565s] -- Up-to-date symlink: /home/ubuntu/ros2_ws/install/sllidar_ros2/share/sllidar_ros2/environment/ament_prefix_path.sh
[4.567s] -- Up-to-date symlink: /home/ubuntu/ros2_ws/install/sllidar_ros2/share/sllidar_ros2/environment/ament_prefix_path.dsv
[4.569s] -- Up-to-date symlink: /home/ubuntu/ros2_ws/install/sllidar_ros2/share/sllidar_ros2/environment/path.sh
[4.588s] -- Up-to-date symlink: /home/ubuntu/ros2_ws/install/sllidar_ros2/share/sllidar_ros2/environment/path.dsv
[4.590s] -- Up-to-date symlink: /home/ubuntu/ros2_ws/install/sllidar_ros2/share/sllidar_ros2/local_setup.bash
[4.592s] -- Up-to-date symlink: /home/ubuntu/ros2_ws/install/sllidar_ros2/share/sllidar_ros2/local_setup.sh
[4.594s] -- Up-to-date symlink: /home/ubuntu/ros2_ws/install/sllidar_ros2/share/sllidar_ros2/local_setup.zsh
[4.596s] -- Up-to-date symlink: /home/ubuntu/ros2_ws/install/sllidar_ros2/share/sllidar_ros2/local_setup.dsv
[4.598s] -- Symlinking: /home/ubuntu/ros2_ws/install/sllidar_ros2/share/sllidar_ros2/package.dsv
[4.726s] -- Up-to-date symlink: /home/ubuntu/ros2_ws/install/sllidar_ros2/share/ament_index/resource_index/packages/sllidar_ros2
[4.731s] -- Up-to-date symlink: /home/ubuntu/ros2_ws/install/sllidar_ros2/share/sllidar_ros2/cmake/ament_cmake_export_dependencies-extras.cmake
[4.740s] -- Up-to-date symlink: /home/ubuntu/ros2_ws/install/sllidar_ros2/share/sllidar_ros2/cmake/ament_cmake_export_include_directories-extras.cmake
[4.756s] -- Up-to-date symlink: /home/ubuntu/ros2_ws/install/sllidar_ros2/share/sllidar_ros2/cmake/sllidar_ros2Config.cmake
[4.760s] -- Up-to-date symlink: /home/ubuntu/ros2_ws/install/sllidar_ros2/share/sllidar_ros2/cmake/sllidar_ros2Config-version.cmake
[4.771s] -- Up-to-date symlink: /home/ubuntu/ros2_ws/install/sllidar_ros2/share/sllidar_ros2/package.xml
[4.814s] Invoked command in '/home/ubuntu/ros2_ws/build/sllidar_ros2' returned '0': CMAKE_PREFIX_PATH=/opt/ros/foxy /usr/bin/cmake --install /home/ubuntu/ros2_ws/build/sllidar_ros2
