[10.173s] Invoking command in '/home/ubuntu/ros2_ws/src/motor_control': PYTHONPATH=/home/ubuntu/ros2_ws/install/motor_control/lib/python3.8/site-packages:${PYTHONPATH} /usr/bin/python3 setup.py egg_info --egg-base ../../build/motor_control build --build-base /home/ubuntu/ros2_ws/build/motor_control/build install --prefix /home/ubuntu/ros2_ws/install/motor_control --record /home/ubuntu/ros2_ws/build/motor_control/install.log --single-version-externally-managed
[13.661s] running egg_info
[13.663s] writing ../../build/motor_control/motor_control.egg-info/PKG-INFO
[13.670s] writing dependency_links to ../../build/motor_control/motor_control.egg-info/dependency_links.txt
[13.674s] writing entry points to ../../build/motor_control/motor_control.egg-info/entry_points.txt
[13.677s] writing requirements to ../../build/motor_control/motor_control.egg-info/requires.txt
[13.679s] writing top-level names to ../../build/motor_control/motor_control.egg-info/top_level.txt
[13.698s] reading manifest file '../../build/motor_control/motor_control.egg-info/SOURCES.txt'
[13.723s] writing manifest file '../../build/motor_control/motor_control.egg-info/SOURCES.txt'
[13.729s] running build
[13.732s] running build_py
[13.735s] running install
[13.737s] running install_lib
[13.743s] running install_data
[13.746s] running install_egg_info
[13.838s] removing '/home/ubuntu/ros2_ws/install/motor_control/lib/python3.8/site-packages/motor_control-0.0.0-py3.8.egg-info' (and everything under it)
[13.841s] Copying ../../build/motor_control/motor_control.egg-info to /home/ubuntu/ros2_ws/install/motor_control/lib/python3.8/site-packages/motor_control-0.0.0-py3.8.egg-info
[13.854s] running install_scripts
[13.985s] Installing listener script to /home/ubuntu/ros2_ws/install/motor_control/lib/motor_control
[13.988s] writing list of installed files to '/home/ubuntu/ros2_ws/build/motor_control/install.log'
[16.419s] Invoked command in '/home/ubuntu/ros2_ws/src/motor_control' returned '0': PYTHONPATH=/home/ubuntu/ros2_ws/install/motor_control/lib/python3.8/site-packages:${PYTHONPATH} /usr/bin/python3 setup.py egg_info --egg-base ../../build/motor_control build --build-base /home/ubuntu/ros2_ws/build/motor_control/build install --prefix /home/ubuntu/ros2_ws/install/motor_control --record /home/ubuntu/ros2_ws/build/motor_control/install.log --single-version-externally-managed
