[0.050s] Invoking command in '/home/ubuntu/ros2_ws/build/wilie_bringup': AMENT_PREFIX_PATH=/home/ubuntu/ros2_ws/install/motor_control:/home/ubuntu/ros2_ws/install/wilie_bringup:/home/ubuntu/ros2_ws/install/sllidar_ros2:/home/ubuntu/ros2_ws/install/ps_ros2_common:/opt/ros/foxy CMAKE_PREFIX_PATH=${CMAKE_PREFIX_PATH}:/home/ubuntu/ros2_ws/install/motor_control:/opt/ros/foxy /usr/bin/cmake --build /home/ubuntu/ros2_ws/build/wilie_bringup -- -j4 -l4
[0.208s] Invoked command in '/home/ubuntu/ros2_ws/build/wilie_bringup' returned '0': AMENT_PREFIX_PATH=/home/ubuntu/ros2_ws/install/motor_control:/home/ubuntu/ros2_ws/install/wilie_bringup:/home/ubuntu/ros2_ws/install/sllidar_ros2:/home/ubuntu/ros2_ws/install/ps_ros2_common:/opt/ros/foxy CMAKE_PREFIX_PATH=${CMAKE_PREFIX_PATH}:/home/ubuntu/ros2_ws/install/motor_control:/opt/ros/foxy /usr/bin/cmake --build /home/ubuntu/ros2_ws/build/wilie_bringup -- -j4 -l4
[0.320s] Invoking command in '/home/ubuntu/ros2_ws/build/wilie_bringup': AMENT_PREFIX_PATH=/home/ubuntu/ros2_ws/install/motor_control:/home/ubuntu/ros2_ws/install/wilie_bringup:/home/ubuntu/ros2_ws/install/sllidar_ros2:/home/ubuntu/ros2_ws/install/ps_ros2_common:/opt/ros/foxy CMAKE_PREFIX_PATH=${CMAKE_PREFIX_PATH}:/home/ubuntu/ros2_ws/install/motor_control:/opt/ros/foxy /usr/bin/cmake --install /home/ubuntu/ros2_ws/build/wilie_bringup
[0.354s] -- Install configuration: ""
[0.354s] -- Up-to-date: /home/ubuntu/ros2_ws/install/wilie_bringup/share/ament_index/resource_index/package_run_dependencies/wilie_bringup
[0.355s] -- Up-to-date: /home/ubuntu/ros2_ws/install/wilie_bringup/share/ament_index/resource_index/parent_prefix_path/wilie_bringup
[0.356s] -- Up-to-date: /home/ubuntu/ros2_ws/install/wilie_bringup/share/wilie_bringup/environment/ament_prefix_path.sh
[0.357s] -- Up-to-date: /home/ubuntu/ros2_ws/install/wilie_bringup/share/wilie_bringup/environment/ament_prefix_path.dsv
[0.357s] -- Up-to-date: /home/ubuntu/ros2_ws/install/wilie_bringup/share/wilie_bringup/environment/path.sh
[0.359s] -- Up-to-date: /home/ubuntu/ros2_ws/install/wilie_bringup/share/wilie_bringup/environment/path.dsv
[0.360s] -- Up-to-date: /home/ubuntu/ros2_ws/install/wilie_bringup/share/wilie_bringup/local_setup.bash
[0.360s] -- Up-to-date: /home/ubuntu/ros2_ws/install/wilie_bringup/share/wilie_bringup/local_setup.sh
[0.361s] -- Up-to-date: /home/ubuntu/ros2_ws/install/wilie_bringup/share/wilie_bringup/local_setup.zsh
[0.361s] -- Up-to-date: /home/ubuntu/ros2_ws/install/wilie_bringup/share/wilie_bringup/local_setup.dsv
[0.362s] -- Installing: /home/ubuntu/ros2_ws/install/wilie_bringup/share/wilie_bringup/package.dsv
[0.363s] -- Up-to-date: /home/ubuntu/ros2_ws/install/wilie_bringup/share/ament_index/resource_index/packages/wilie_bringup
[0.363s] -- Up-to-date: /home/ubuntu/ros2_ws/install/wilie_bringup/share/wilie_bringup/cmake/wilie_bringupConfig.cmake
[0.364s] -- Up-to-date: /home/ubuntu/ros2_ws/install/wilie_bringup/share/wilie_bringup/cmake/wilie_bringupConfig-version.cmake
[0.364s] -- Up-to-date: /home/ubuntu/ros2_ws/install/wilie_bringup/share/wilie_bringup/package.xml
[0.373s] Invoked command in '/home/ubuntu/ros2_ws/build/wilie_bringup' returned '0': AMENT_PREFIX_PATH=/home/ubuntu/ros2_ws/install/motor_control:/home/ubuntu/ros2_ws/install/wilie_bringup:/home/ubuntu/ros2_ws/install/sllidar_ros2:/home/ubuntu/ros2_ws/install/ps_ros2_common:/opt/ros/foxy CMAKE_PREFIX_PATH=${CMAKE_PREFIX_PATH}:/home/ubuntu/ros2_ws/install/motor_control:/opt/ros/foxy /usr/bin/cmake --install /home/ubuntu/ros2_ws/build/wilie_bringup
