[6.007s] Invoking command in '/home/ubuntu/ros2_ws/src/motor_control': PYTHONPATH=/home/ubuntu/ros2_ws/install/motor_control/lib/python3.8/site-packages:${PYTHONPATH} /usr/bin/python3 setup.py egg_info --egg-base ../../build/motor_control build --build-base /home/ubuntu/ros2_ws/build/motor_control/build install --prefix /home/ubuntu/ros2_ws/install/motor_control --record /home/ubuntu/ros2_ws/build/motor_control/install.log --single-version-externally-managed
[7.142s] running egg_info
[7.145s] writing ../../build/motor_control/motor_control.egg-info/PKG-INFO
[7.147s] writing dependency_links to ../../build/motor_control/motor_control.egg-info/dependency_links.txt
[7.149s] writing entry points to ../../build/motor_control/motor_control.egg-info/entry_points.txt
[7.150s] writing requirements to ../../build/motor_control/motor_control.egg-info/requires.txt
[7.152s] writing top-level names to ../../build/motor_control/motor_control.egg-info/top_level.txt
[7.334s] reading manifest file '../../build/motor_control/motor_control.egg-info/SOURCES.txt'
[7.343s] writing manifest file '../../build/motor_control/motor_control.egg-info/SOURCES.txt'
[7.346s] running build
[7.347s] running build_py
[7.348s] running install
[7.349s] running install_lib
[7.363s] running install_data
[7.368s] running install_egg_info
[7.373s] removing '/home/ubuntu/ros2_ws/install/motor_control/lib/python3.8/site-packages/motor_control-0.0.0-py3.8.egg-info' (and everything under it)
[7.377s] Copying ../../build/motor_control/motor_control.egg-info to /home/ubuntu/ros2_ws/install/motor_control/lib/python3.8/site-packages/motor_control-0.0.0-py3.8.egg-info
[7.383s] running install_scripts
[7.478s] Installing listener script to /home/ubuntu/ros2_ws/install/motor_control/lib/motor_control
[7.481s] writing list of installed files to '/home/ubuntu/ros2_ws/build/motor_control/install.log'
[7.673s] Invoked command in '/home/ubuntu/ros2_ws/src/motor_control' returned '0': PYTHONPATH=/home/ubuntu/ros2_ws/install/motor_control/lib/python3.8/site-packages:${PYTHONPATH} /usr/bin/python3 setup.py egg_info --egg-base ../../build/motor_control build --build-base /home/ubuntu/ros2_ws/build/motor_control/build install --prefix /home/ubuntu/ros2_ws/install/motor_control --record /home/ubuntu/ros2_ws/build/motor_control/install.log --single-version-externally-managed
