[0.062s] Invoking command in '/home/ubuntu/ros2_ws/build/sllidar_ros2': CMAKE_PREFIX_PATH=${CMAKE_PREFIX_PATH}:/home/ubuntu/ros2_ws/install/odom_builder:/home/ubuntu/ros2_ws/install/motor_control:/home/ubuntu/ros2_ws/install/cart_start:/opt/ros/foxy /usr/bin/cmake --build /home/ubuntu/ros2_ws/build/sllidar_ros2 -- -j4 -l4
[0.583s] [ 14%] Built target sllidar_client
[0.608s] [100%] Built target sllidar_node
[0.673s] Invoked command in '/home/ubuntu/ros2_ws/build/sllidar_ros2' returned '0': CMAKE_PREFIX_PATH=${CMAKE_PREFIX_PATH}:/home/ubuntu/ros2_ws/install/odom_builder:/home/ubuntu/ros2_ws/install/motor_control:/home/ubuntu/ros2_ws/install/cart_start:/opt/ros/foxy /usr/bin/cmake --build /home/ubuntu/ros2_ws/build/sllidar_ros2 -- -j4 -l4
[1.142s] Invoking command in '/home/ubuntu/ros2_ws/build/sllidar_ros2': CMAKE_PREFIX_PATH=${CMAKE_PREFIX_PATH}:/home/ubuntu/ros2_ws/install/odom_builder:/home/ubuntu/ros2_ws/install/motor_control:/home/ubuntu/ros2_ws/install/cart_start:/opt/ros/foxy /usr/bin/cmake --install /home/ubuntu/ros2_ws/build/sllidar_ros2
[1.215s] -- Install configuration: ""
[1.218s] -- Execute custom install script
[1.241s] -- Up-to-date symlink: /home/ubuntu/ros2_ws/install/sllidar_ros2/share/sllidar_ros2/launch/sllidar_a3_launch.py
[1.242s] -- Up-to-date symlink: /home/ubuntu/ros2_ws/install/sllidar_ros2/share/sllidar_ros2/launch/sllidar_launch.py
[1.244s] -- Up-to-date symlink: /home/ubuntu/ros2_ws/install/sllidar_ros2/share/sllidar_ros2/launch/sllidar_s1_launch.py
[1.248s] -- Up-to-date symlink: /home/ubuntu/ros2_ws/install/sllidar_ros2/share/sllidar_ros2/launch/sllidar_s1_tcp_launch.py
[1.254s] -- Up-to-date symlink: /home/ubuntu/ros2_ws/install/sllidar_ros2/share/sllidar_ros2/launch/sllidar_s2_launch.py
[1.259s] -- Up-to-date symlink: /home/ubuntu/ros2_ws/install/sllidar_ros2/share/sllidar_ros2/launch/sllidar_t1_launch.py
[1.264s] -- Up-to-date symlink: /home/ubuntu/ros2_ws/install/sllidar_ros2/share/sllidar_ros2/launch/view_sllidar_a3_launch.py
[1.269s] -- Up-to-date symlink: /home/ubuntu/ros2_ws/install/sllidar_ros2/share/sllidar_ros2/launch/view_sllidar_launch.py
[1.274s] -- Up-to-date symlink: /home/ubuntu/ros2_ws/install/sllidar_ros2/share/sllidar_ros2/launch/view_sllidar_s1_launch.py
[1.278s] -- Up-to-date symlink: /home/ubuntu/ros2_ws/install/sllidar_ros2/share/sllidar_ros2/launch/view_sllidar_s1_tcp_launch.py
[1.284s] -- Up-to-date symlink: /home/ubuntu/ros2_ws/install/sllidar_ros2/share/sllidar_ros2/launch/view_sllidar_s2_launch.py
[1.313s] -- Up-to-date symlink: /home/ubuntu/ros2_ws/install/sllidar_ros2/share/sllidar_ros2/launch/view_sllidar_t1_launch.py
[1.315s] -- Up-to-date symlink: /home/ubuntu/ros2_ws/install/sllidar_ros2/share/sllidar_ros2/rviz/sllidar_ros2.rviz
[1.321s] -- Up-to-date symlink: /home/ubuntu/ros2_ws/install/sllidar_ros2/lib/sllidar_ros2/sllidar_node
[1.323s] -- Up-to-date symlink: /home/ubuntu/ros2_ws/install/sllidar_ros2/lib/sllidar_ros2/sllidar_client
[1.324s] -- Up-to-date symlink: /home/ubuntu/ros2_ws/install/sllidar_ros2/share/ament_index/resource_index/package_run_dependencies/sllidar_ros2
[1.333s] -- Up-to-date symlink: /home/ubuntu/ros2_ws/install/sllidar_ros2/share/ament_index/resource_index/parent_prefix_path/sllidar_ros2
[1.349s] -- Up-to-date symlink: /home/ubuntu/ros2_ws/install/sllidar_ros2/share/sllidar_ros2/environment/ament_prefix_path.sh
[1.351s] -- Up-to-date symlink: /home/ubuntu/ros2_ws/install/sllidar_ros2/share/sllidar_ros2/environment/ament_prefix_path.dsv
[1.352s] -- Up-to-date symlink: /home/ubuntu/ros2_ws/install/sllidar_ros2/share/sllidar_ros2/environment/path.sh
[1.353s] -- Up-to-date symlink: /home/ubuntu/ros2_ws/install/sllidar_ros2/share/sllidar_ros2/environment/path.dsv
[1.354s] -- Up-to-date symlink: /home/ubuntu/ros2_ws/install/sllidar_ros2/share/sllidar_ros2/local_setup.bash
[1.358s] -- Up-to-date symlink: /home/ubuntu/ros2_ws/install/sllidar_ros2/share/sllidar_ros2/local_setup.sh
[1.363s] -- Up-to-date symlink: /home/ubuntu/ros2_ws/install/sllidar_ros2/share/sllidar_ros2/local_setup.zsh
[1.366s] -- Up-to-date symlink: /home/ubuntu/ros2_ws/install/sllidar_ros2/share/sllidar_ros2/local_setup.dsv
[1.369s] -- Symlinking: /home/ubuntu/ros2_ws/install/sllidar_ros2/share/sllidar_ros2/package.dsv
[1.427s] -- Up-to-date symlink: /home/ubuntu/ros2_ws/install/sllidar_ros2/share/ament_index/resource_index/packages/sllidar_ros2
[1.428s] -- Up-to-date symlink: /home/ubuntu/ros2_ws/install/sllidar_ros2/share/sllidar_ros2/cmake/ament_cmake_export_dependencies-extras.cmake
[1.435s] -- Up-to-date symlink: /home/ubuntu/ros2_ws/install/sllidar_ros2/share/sllidar_ros2/cmake/ament_cmake_export_include_directories-extras.cmake
[1.440s] -- Up-to-date symlink: /home/ubuntu/ros2_ws/install/sllidar_ros2/share/sllidar_ros2/cmake/sllidar_ros2Config.cmake
[1.441s] -- Up-to-date symlink: /home/ubuntu/ros2_ws/install/sllidar_ros2/share/sllidar_ros2/cmake/sllidar_ros2Config-version.cmake
[1.442s] -- Up-to-date symlink: /home/ubuntu/ros2_ws/install/sllidar_ros2/share/sllidar_ros2/package.xml
[1.469s] Invoked command in '/home/ubuntu/ros2_ws/build/sllidar_ros2' returned '0': CMAKE_PREFIX_PATH=${CMAKE_PREFIX_PATH}:/home/ubuntu/ros2_ws/install/odom_builder:/home/ubuntu/ros2_ws/install/motor_control:/home/ubuntu/ros2_ws/install/cart_start:/opt/ros/foxy /usr/bin/cmake --install /home/ubuntu/ros2_ws/build/sllidar_ros2
