[0.066s] Invoking command in '/home/ubuntu/ros2_ws/build/sllidar_ros2': CMAKE_PREFIX_PATH=${CMAKE_PREFIX_PATH}:/home/ubuntu/ros2_ws/install/odom_builder:/home/ubuntu/ros2_ws/install/motor_control:/home/ubuntu/ros2_ws/install/cart_start:/opt/ros/foxy /usr/bin/cmake --build /home/ubuntu/ros2_ws/build/sllidar_ros2 -- -j4 -l4
[0.564s] [ 14%] Built target sllidar_client
[0.604s] [100%] Built target sllidar_node
[0.669s] Invoked command in '/home/ubuntu/ros2_ws/build/sllidar_ros2' returned '0': CMAKE_PREFIX_PATH=${CMAKE_PREFIX_PATH}:/home/ubuntu/ros2_ws/install/odom_builder:/home/ubuntu/ros2_ws/install/motor_control:/home/ubuntu/ros2_ws/install/cart_start:/opt/ros/foxy /usr/bin/cmake --build /home/ubuntu/ros2_ws/build/sllidar_ros2 -- -j4 -l4
[1.012s] Invoking command in '/home/ubuntu/ros2_ws/build/sllidar_ros2': CMAKE_PREFIX_PATH=${CMAKE_PREFIX_PATH}:/home/ubuntu/ros2_ws/install/odom_builder:/home/ubuntu/ros2_ws/install/motor_control:/home/ubuntu/ros2_ws/install/cart_start:/opt/ros/foxy /usr/bin/cmake --install /home/ubuntu/ros2_ws/build/sllidar_ros2
[1.088s] -- Install configuration: ""
[1.096s] -- Execute custom install script
[1.107s] -- Up-to-date symlink: /home/ubuntu/ros2_ws/install/sllidar_ros2/share/sllidar_ros2/launch/sllidar_a3_launch.py
[1.113s] -- Up-to-date symlink: /home/ubuntu/ros2_ws/install/sllidar_ros2/share/sllidar_ros2/launch/sllidar_launch.py
[1.120s] -- Up-to-date symlink: /home/ubuntu/ros2_ws/install/sllidar_ros2/share/sllidar_ros2/launch/sllidar_s1_launch.py
[1.127s] -- Up-to-date symlink: /home/ubuntu/ros2_ws/install/sllidar_ros2/share/sllidar_ros2/launch/sllidar_s1_tcp_launch.py
[1.133s] -- Up-to-date symlink: /home/ubuntu/ros2_ws/install/sllidar_ros2/share/sllidar_ros2/launch/sllidar_s2_launch.py
[1.139s] -- Up-to-date symlink: /home/ubuntu/ros2_ws/install/sllidar_ros2/share/sllidar_ros2/launch/sllidar_t1_launch.py
[1.146s] -- Up-to-date symlink: /home/ubuntu/ros2_ws/install/sllidar_ros2/share/sllidar_ros2/launch/view_sllidar_a3_launch.py
[1.152s] -- Up-to-date symlink: /home/ubuntu/ros2_ws/install/sllidar_ros2/share/sllidar_ros2/launch/view_sllidar_launch.py
[1.158s] -- Up-to-date symlink: /home/ubuntu/ros2_ws/install/sllidar_ros2/share/sllidar_ros2/launch/view_sllidar_s1_launch.py
[1.164s] -- Up-to-date symlink: /home/ubuntu/ros2_ws/install/sllidar_ros2/share/sllidar_ros2/launch/view_sllidar_s1_tcp_launch.py
[1.170s] -- Up-to-date symlink: /home/ubuntu/ros2_ws/install/sllidar_ros2/share/sllidar_ros2/launch/view_sllidar_s2_launch.py
[1.176s] -- Up-to-date symlink: /home/ubuntu/ros2_ws/install/sllidar_ros2/share/sllidar_ros2/launch/view_sllidar_t1_launch.py
[1.184s] -- Up-to-date symlink: /home/ubuntu/ros2_ws/install/sllidar_ros2/share/sllidar_ros2/rviz/sllidar_ros2.rviz
[1.191s] -- Up-to-date symlink: /home/ubuntu/ros2_ws/install/sllidar_ros2/lib/sllidar_ros2/sllidar_node
[1.198s] -- Up-to-date symlink: /home/ubuntu/ros2_ws/install/sllidar_ros2/lib/sllidar_ros2/sllidar_client
[1.205s] -- Up-to-date symlink: /home/ubuntu/ros2_ws/install/sllidar_ros2/share/ament_index/resource_index/package_run_dependencies/sllidar_ros2
[1.212s] -- Up-to-date symlink: /home/ubuntu/ros2_ws/install/sllidar_ros2/share/ament_index/resource_index/parent_prefix_path/sllidar_ros2
[1.220s] -- Up-to-date symlink: /home/ubuntu/ros2_ws/install/sllidar_ros2/share/sllidar_ros2/environment/ament_prefix_path.sh
[1.227s] -- Up-to-date symlink: /home/ubuntu/ros2_ws/install/sllidar_ros2/share/sllidar_ros2/environment/ament_prefix_path.dsv
[1.234s] -- Up-to-date symlink: /home/ubuntu/ros2_ws/install/sllidar_ros2/share/sllidar_ros2/environment/path.sh
[1.239s] -- Up-to-date symlink: /home/ubuntu/ros2_ws/install/sllidar_ros2/share/sllidar_ros2/environment/path.dsv
[1.245s] -- Up-to-date symlink: /home/ubuntu/ros2_ws/install/sllidar_ros2/share/sllidar_ros2/local_setup.bash
[1.250s] -- Up-to-date symlink: /home/ubuntu/ros2_ws/install/sllidar_ros2/share/sllidar_ros2/local_setup.sh
[1.255s] -- Up-to-date symlink: /home/ubuntu/ros2_ws/install/sllidar_ros2/share/sllidar_ros2/local_setup.zsh
[1.291s] -- Up-to-date symlink: /home/ubuntu/ros2_ws/install/sllidar_ros2/share/sllidar_ros2/local_setup.dsv
[1.294s] -- Symlinking: /home/ubuntu/ros2_ws/install/sllidar_ros2/share/sllidar_ros2/package.dsv
[1.338s] -- Up-to-date symlink: /home/ubuntu/ros2_ws/install/sllidar_ros2/share/ament_index/resource_index/packages/sllidar_ros2
[1.343s] -- Up-to-date symlink: /home/ubuntu/ros2_ws/install/sllidar_ros2/share/sllidar_ros2/cmake/ament_cmake_export_dependencies-extras.cmake
[1.348s] -- Up-to-date symlink: /home/ubuntu/ros2_ws/install/sllidar_ros2/share/sllidar_ros2/cmake/ament_cmake_export_include_directories-extras.cmake
[1.351s] -- Up-to-date symlink: /home/ubuntu/ros2_ws/install/sllidar_ros2/share/sllidar_ros2/cmake/sllidar_ros2Config.cmake
[1.354s] -- Up-to-date symlink: /home/ubuntu/ros2_ws/install/sllidar_ros2/share/sllidar_ros2/cmake/sllidar_ros2Config-version.cmake
[1.358s] -- Up-to-date symlink: /home/ubuntu/ros2_ws/install/sllidar_ros2/share/sllidar_ros2/package.xml
[1.377s] Invoked command in '/home/ubuntu/ros2_ws/build/sllidar_ros2' returned '0': CMAKE_PREFIX_PATH=${CMAKE_PREFIX_PATH}:/home/ubuntu/ros2_ws/install/odom_builder:/home/ubuntu/ros2_ws/install/motor_control:/home/ubuntu/ros2_ws/install/cart_start:/opt/ros/foxy /usr/bin/cmake --install /home/ubuntu/ros2_ws/build/sllidar_ros2
