[2.904s] Invoking command in '/home/ubuntu/ros2_ws/src/motor_control': PYTHONPATH=/home/ubuntu/ros2_ws/install/motor_control/lib/python3.8/site-packages:${PYTHONPATH} /usr/bin/python3 setup.py egg_info --egg-base ../../build/motor_control build --build-base /home/ubuntu/ros2_ws/build/motor_control/build install --prefix /home/ubuntu/ros2_ws/install/motor_control --record /home/ubuntu/ros2_ws/build/motor_control/install.log --single-version-externally-managed
[4.082s] running egg_info
[4.084s] writing ../../build/motor_control/motor_control.egg-info/PKG-INFO
[4.085s] writing dependency_links to ../../build/motor_control/motor_control.egg-info/dependency_links.txt
[4.086s] writing entry points to ../../build/motor_control/motor_control.egg-info/entry_points.txt
[4.087s] writing requirements to ../../build/motor_control/motor_control.egg-info/requires.txt
[4.088s] writing top-level names to ../../build/motor_control/motor_control.egg-info/top_level.txt
[4.227s] reading manifest file '../../build/motor_control/motor_control.egg-info/SOURCES.txt'
[4.231s] writing manifest file '../../build/motor_control/motor_control.egg-info/SOURCES.txt'
[4.231s] running build
[4.232s] running build_py
[4.233s] copying motor_control/motor_sub.py -> /home/ubuntu/ros2_ws/build/motor_control/build/lib/motor_control
[4.234s] running install
[4.237s] running install_lib
[4.241s] copying /home/ubuntu/ros2_ws/build/motor_control/build/lib/motor_control/motor_sub.py -> /home/ubuntu/ros2_ws/install/motor_control/lib/python3.8/site-packages/motor_control
[4.243s] byte-compiling /home/ubuntu/ros2_ws/install/motor_control/lib/python3.8/site-packages/motor_control/motor_sub.py to motor_sub.cpython-38.pyc
[4.249s] running install_data
[4.251s] running install_egg_info
[4.258s] removing '/home/ubuntu/ros2_ws/install/motor_control/lib/python3.8/site-packages/motor_control-0.0.0-py3.8.egg-info' (and everything under it)
[4.260s] Copying ../../build/motor_control/motor_control.egg-info to /home/ubuntu/ros2_ws/install/motor_control/lib/python3.8/site-packages/motor_control-0.0.0-py3.8.egg-info
[4.266s] running install_scripts
[4.337s] Installing listener script to /home/ubuntu/ros2_ws/install/motor_control/lib/motor_control
[4.339s] writing list of installed files to '/home/ubuntu/ros2_ws/build/motor_control/install.log'
[4.441s] Invoked command in '/home/ubuntu/ros2_ws/src/motor_control' returned '0': PYTHONPATH=/home/ubuntu/ros2_ws/install/motor_control/lib/python3.8/site-packages:${PYTHONPATH} /usr/bin/python3 setup.py egg_info --egg-base ../../build/motor_control build --build-base /home/ubuntu/ros2_ws/build/motor_control/build install --prefix /home/ubuntu/ros2_ws/install/motor_control --record /home/ubuntu/ros2_ws/build/motor_control/install.log --single-version-externally-managed
