[5.492s] Invoking command in '/home/ubuntu/ros2_ws/src/cart_start': PYTHONPATH=/home/ubuntu/ros2_ws/install/cart_start/lib/python3.8/site-packages:${PYTHONPATH} /usr/bin/python3 setup.py egg_info --egg-base ../../build/cart_start build --build-base /home/ubuntu/ros2_ws/build/cart_start/build install --prefix /home/ubuntu/ros2_ws/install/cart_start --record /home/ubuntu/ros2_ws/build/cart_start/install.log --single-version-externally-managed
[6.840s] running egg_info
[6.843s] writing ../../build/cart_start/cart_start.egg-info/PKG-INFO
[6.845s] writing dependency_links to ../../build/cart_start/cart_start.egg-info/dependency_links.txt
[6.848s] writing entry points to ../../build/cart_start/cart_start.egg-info/entry_points.txt
[6.849s] writing requirements to ../../build/cart_start/cart_start.egg-info/requires.txt
[6.851s] writing top-level names to ../../build/cart_start/cart_start.egg-info/top_level.txt
[7.280s] reading manifest file '../../build/cart_start/cart_start.egg-info/SOURCES.txt'
[7.281s] writing manifest file '../../build/cart_start/cart_start.egg-info/SOURCES.txt'
[7.281s] running build
[7.282s] running build_py
[7.282s] running install
[7.283s] running install_lib
[7.284s] running install_data
[7.285s] copying launch/cart_start_launch.py -> /home/ubuntu/ros2_ws/install/cart_start/share/cart_start/launch
[7.285s] running install_egg_info
[7.287s] removing '/home/ubuntu/ros2_ws/install/cart_start/lib/python3.8/site-packages/cart_start-0.0.0-py3.8.egg-info' (and everything under it)
[7.287s] Copying ../../build/cart_start/cart_start.egg-info to /home/ubuntu/ros2_ws/install/cart_start/lib/python3.8/site-packages/cart_start-0.0.0-py3.8.egg-info
[7.302s] running install_scripts
[7.395s] writing list of installed files to '/home/ubuntu/ros2_ws/build/cart_start/install.log'
[8.491s] Invoked command in '/home/ubuntu/ros2_ws/src/cart_start' returned '0': PYTHONPATH=/home/ubuntu/ros2_ws/install/cart_start/lib/python3.8/site-packages:${PYTHONPATH} /usr/bin/python3 setup.py egg_info --egg-base ../../build/cart_start build --build-base /home/ubuntu/ros2_ws/build/cart_start/build install --prefix /home/ubuntu/ros2_ws/install/cart_start --record /home/ubuntu/ros2_ws/build/cart_start/install.log --single-version-externally-managed
