[0.056s] Invoking command in '/home/ubuntu/ros2_ws/build/wilie_bringup': AMENT_PREFIX_PATH=/home/ubuntu/ros2_ws/install/motor_control:${AMENT_PREFIX_PATH} CMAKE_PREFIX_PATH=/opt/ros/foxy PYTHONPATH=/home/ubuntu/ros2_ws/install/motor_control/lib/python3.8/site-packages:${PYTHONPATH} /usr/bin/cmake --build /home/ubuntu/ros2_ws/build/wilie_bringup -- -j4 -l4
[0.233s] Invoked command in '/home/ubuntu/ros2_ws/build/wilie_bringup' returned '0': AMENT_PREFIX_PATH=/home/ubuntu/ros2_ws/install/motor_control:${AMENT_PREFIX_PATH} CMAKE_PREFIX_PATH=/opt/ros/foxy PYTHONPATH=/home/ubuntu/ros2_ws/install/motor_control/lib/python3.8/site-packages:${PYTHONPATH} /usr/bin/cmake --build /home/ubuntu/ros2_ws/build/wilie_bringup -- -j4 -l4
[0.331s] Invoking command in '/home/ubuntu/ros2_ws/build/wilie_bringup': AMENT_PREFIX_PATH=/home/ubuntu/ros2_ws/install/motor_control:${AMENT_PREFIX_PATH} CMAKE_PREFIX_PATH=/opt/ros/foxy PYTHONPATH=/home/ubuntu/ros2_ws/install/motor_control/lib/python3.8/site-packages:${PYTHONPATH} /usr/bin/cmake --install /home/ubuntu/ros2_ws/build/wilie_bringup
[0.367s] -- Install configuration: ""
[0.370s] -- Up-to-date: /home/ubuntu/ros2_ws/install/wilie_bringup/share/ament_index/resource_index/package_run_dependencies/wilie_bringup
[0.371s] -- Up-to-date: /home/ubuntu/ros2_ws/install/wilie_bringup/share/ament_index/resource_index/parent_prefix_path/wilie_bringup
[0.373s] -- Up-to-date: /home/ubuntu/ros2_ws/install/wilie_bringup/share/wilie_bringup/environment/ament_prefix_path.sh
[0.374s] -- Up-to-date: /home/ubuntu/ros2_ws/install/wilie_bringup/share/wilie_bringup/environment/ament_prefix_path.dsv
[0.374s] -- Up-to-date: /home/ubuntu/ros2_ws/install/wilie_bringup/share/wilie_bringup/environment/path.sh
[0.375s] -- Up-to-date: /home/ubuntu/ros2_ws/install/wilie_bringup/share/wilie_bringup/environment/path.dsv
[0.375s] -- Up-to-date: /home/ubuntu/ros2_ws/install/wilie_bringup/share/wilie_bringup/local_setup.bash
[0.376s] -- Up-to-date: /home/ubuntu/ros2_ws/install/wilie_bringup/share/wilie_bringup/local_setup.sh
[0.376s] -- Up-to-date: /home/ubuntu/ros2_ws/install/wilie_bringup/share/wilie_bringup/local_setup.zsh
[0.377s] -- Up-to-date: /home/ubuntu/ros2_ws/install/wilie_bringup/share/wilie_bringup/local_setup.dsv
[0.377s] -- Installing: /home/ubuntu/ros2_ws/install/wilie_bringup/share/wilie_bringup/package.dsv
[0.381s] -- Up-to-date: /home/ubuntu/ros2_ws/install/wilie_bringup/share/ament_index/resource_index/packages/wilie_bringup
[0.382s] -- Up-to-date: /home/ubuntu/ros2_ws/install/wilie_bringup/share/wilie_bringup/cmake/wilie_bringupConfig.cmake
[0.383s] -- Up-to-date: /home/ubuntu/ros2_ws/install/wilie_bringup/share/wilie_bringup/cmake/wilie_bringupConfig-version.cmake
[0.383s] -- Up-to-date: /home/ubuntu/ros2_ws/install/wilie_bringup/share/wilie_bringup/package.xml
[0.395s] Invoked command in '/home/ubuntu/ros2_ws/build/wilie_bringup' returned '0': AMENT_PREFIX_PATH=/home/ubuntu/ros2_ws/install/motor_control:${AMENT_PREFIX_PATH} CMAKE_PREFIX_PATH=/opt/ros/foxy PYTHONPATH=/home/ubuntu/ros2_ws/install/motor_control/lib/python3.8/site-packages:${PYTHONPATH} /usr/bin/cmake --install /home/ubuntu/ros2_ws/build/wilie_bringup
