[2.880s] Invoking command in '/home/ubuntu/ros2_ws/src/motor_control': PYTHONPATH=/home/ubuntu/ros2_ws/install/motor_control/lib/python3.8/site-packages:${PYTHONPATH} /usr/bin/python3 setup.py egg_info --egg-base ../../build/motor_control build --build-base /home/ubuntu/ros2_ws/build/motor_control/build install --prefix /home/ubuntu/ros2_ws/install/motor_control --record /home/ubuntu/ros2_ws/build/motor_control/install.log --single-version-externally-managed
[3.735s] running egg_info
[3.737s] writing ../../build/motor_control/motor_control.egg-info/PKG-INFO
[3.738s] writing dependency_links to ../../build/motor_control/motor_control.egg-info/dependency_links.txt
[3.739s] writing entry points to ../../build/motor_control/motor_control.egg-info/entry_points.txt
[3.739s] writing requirements to ../../build/motor_control/motor_control.egg-info/requires.txt
[3.740s] writing top-level names to ../../build/motor_control/motor_control.egg-info/top_level.txt
[3.879s] reading manifest file '../../build/motor_control/motor_control.egg-info/SOURCES.txt'
[3.883s] writing manifest file '../../build/motor_control/motor_control.egg-info/SOURCES.txt'
[3.884s] running build
[3.884s] running build_py
[3.885s] copying motor_control/motor_sub.py -> /home/ubuntu/ros2_ws/build/motor_control/build/lib/motor_control
[3.886s] running install
[3.889s] running install_lib
[3.894s] copying /home/ubuntu/ros2_ws/build/motor_control/build/lib/motor_control/motor_sub.py -> /home/ubuntu/ros2_ws/install/motor_control/lib/python3.8/site-packages/motor_control
[3.896s] byte-compiling /home/ubuntu/ros2_ws/install/motor_control/lib/python3.8/site-packages/motor_control/motor_sub.py to motor_sub.cpython-38.pyc
[3.903s] running install_data
[3.905s] running install_egg_info
[3.911s] removing '/home/ubuntu/ros2_ws/install/motor_control/lib/python3.8/site-packages/motor_control-0.0.0-py3.8.egg-info' (and everything under it)
[3.913s] Copying ../../build/motor_control/motor_control.egg-info to /home/ubuntu/ros2_ws/install/motor_control/lib/python3.8/site-packages/motor_control-0.0.0-py3.8.egg-info
[3.918s] running install_scripts
[3.984s] Installing listener script to /home/ubuntu/ros2_ws/install/motor_control/lib/motor_control
[3.987s] writing list of installed files to '/home/ubuntu/ros2_ws/build/motor_control/install.log'
[4.087s] Invoked command in '/home/ubuntu/ros2_ws/src/motor_control' returned '0': PYTHONPATH=/home/ubuntu/ros2_ws/install/motor_control/lib/python3.8/site-packages:${PYTHONPATH} /usr/bin/python3 setup.py egg_info --egg-base ../../build/motor_control build --build-base /home/ubuntu/ros2_ws/build/motor_control/build install --prefix /home/ubuntu/ros2_ws/install/motor_control --record /home/ubuntu/ros2_ws/build/motor_control/install.log --single-version-externally-managed
