[3.576s] Invoking command in '/home/ubuntu/ros2_ws/src/motor_control': PYTHONPATH=/home/ubuntu/ros2_ws/install/motor_control/lib/python3.8/site-packages:${PYTHONPATH} /usr/bin/python3 setup.py egg_info --egg-base ../../build/motor_control build --build-base /home/ubuntu/ros2_ws/build/motor_control/build install --prefix /home/ubuntu/ros2_ws/install/motor_control --record /home/ubuntu/ros2_ws/build/motor_control/install.log --single-version-externally-managed
[4.511s] running egg_info
[4.513s] writing ../../build/motor_control/motor_control.egg-info/PKG-INFO
[4.515s] writing dependency_links to ../../build/motor_control/motor_control.egg-info/dependency_links.txt
[4.517s] writing entry points to ../../build/motor_control/motor_control.egg-info/entry_points.txt
[4.521s] writing requirements to ../../build/motor_control/motor_control.egg-info/requires.txt
[4.521s] writing top-level names to ../../build/motor_control/motor_control.egg-info/top_level.txt
[4.675s] reading manifest file '../../build/motor_control/motor_control.egg-info/SOURCES.txt'
[4.680s] writing manifest file '../../build/motor_control/motor_control.egg-info/SOURCES.txt'
[4.681s] running build
[4.681s] running build_py
[4.689s] running install
[4.692s] running install_lib
[4.700s] running install_data
[4.705s] running install_egg_info
[4.712s] removing '/home/ubuntu/ros2_ws/install/motor_control/lib/python3.8/site-packages/motor_control-0.0.0-py3.8.egg-info' (and everything under it)
[4.714s] Copying ../../build/motor_control/motor_control.egg-info to /home/ubuntu/ros2_ws/install/motor_control/lib/python3.8/site-packages/motor_control-0.0.0-py3.8.egg-info
[4.722s] running install_scripts
[4.797s] Installing listener script to /home/ubuntu/ros2_ws/install/motor_control/lib/motor_control
[4.801s] writing list of installed files to '/home/ubuntu/ros2_ws/build/motor_control/install.log'
[4.913s] Invoked command in '/home/ubuntu/ros2_ws/src/motor_control' returned '0': PYTHONPATH=/home/ubuntu/ros2_ws/install/motor_control/lib/python3.8/site-packages:${PYTHONPATH} /usr/bin/python3 setup.py egg_info --egg-base ../../build/motor_control build --build-base /home/ubuntu/ros2_ws/build/motor_control/build install --prefix /home/ubuntu/ros2_ws/install/motor_control --record /home/ubuntu/ros2_ws/build/motor_control/install.log --single-version-externally-managed
