[0.147s] Invoking command in '/home/ubuntu/ros2_ws/build/micro_ros_setup': CMAKE_PREFIX_PATH=${CMAKE_PREFIX_PATH}:/home/ubuntu/ros2_ws/install/smooth_drive:/home/ubuntu/ros2_ws/install/odom_builder:/home/ubuntu/ros2_ws/install/motor_control:/home/ubuntu/ros2_ws/install/cart_start:/opt/ros/foxy /usr/bin/cmake --build /home/ubuntu/ros2_ws/build/micro_ros_setup -- -j4 -l4
[0.783s] Invoked command in '/home/ubuntu/ros2_ws/build/micro_ros_setup' returned '0': CMAKE_PREFIX_PATH=${CMAKE_PREFIX_PATH}:/home/ubuntu/ros2_ws/install/smooth_drive:/home/ubuntu/ros2_ws/install/odom_builder:/home/ubuntu/ros2_ws/install/motor_control:/home/ubuntu/ros2_ws/install/cart_start:/opt/ros/foxy /usr/bin/cmake --build /home/ubuntu/ros2_ws/build/micro_ros_setup -- -j4 -l4
[1.215s] Invoking command in '/home/ubuntu/ros2_ws/build/micro_ros_setup': CMAKE_PREFIX_PATH=${CMAKE_PREFIX_PATH}:/home/ubuntu/ros2_ws/install/smooth_drive:/home/ubuntu/ros2_ws/install/odom_builder:/home/ubuntu/ros2_ws/install/motor_control:/home/ubuntu/ros2_ws/install/cart_start:/opt/ros/foxy /usr/bin/cmake --install /home/ubuntu/ros2_ws/build/micro_ros_setup
[1.441s] -- Install configuration: ""
[1.446s] -- Up-to-date: /home/ubuntu/ros2_ws/install/micro_ros_setup/share/ament_index/resource_index/package_run_dependencies/micro_ros_setup
[1.448s] -- Up-to-date: /home/ubuntu/ros2_ws/install/micro_ros_setup/share/ament_index/resource_index/parent_prefix_path/micro_ros_setup
[1.455s] -- Up-to-date: /home/ubuntu/ros2_ws/install/micro_ros_setup/share/micro_ros_setup/environment/ament_prefix_path.sh
[1.458s] -- Up-to-date: /home/ubuntu/ros2_ws/install/micro_ros_setup/share/micro_ros_setup/environment/ament_prefix_path.dsv
[1.462s] -- Up-to-date: /home/ubuntu/ros2_ws/install/micro_ros_setup/share/micro_ros_setup/environment/path.sh
[1.465s] -- Up-to-date: /home/ubuntu/ros2_ws/install/micro_ros_setup/share/micro_ros_setup/environment/path.dsv
[1.468s] -- Up-to-date: /home/ubuntu/ros2_ws/install/micro_ros_setup/share/micro_ros_setup/local_setup.bash
[1.472s] -- Up-to-date: /home/ubuntu/ros2_ws/install/micro_ros_setup/share/micro_ros_setup/local_setup.sh
[1.475s] -- Up-to-date: /home/ubuntu/ros2_ws/install/micro_ros_setup/share/micro_ros_setup/local_setup.zsh
[1.485s] -- Up-to-date: /home/ubuntu/ros2_ws/install/micro_ros_setup/share/micro_ros_setup/local_setup.dsv
[1.489s] -- Installing: /home/ubuntu/ros2_ws/install/micro_ros_setup/share/micro_ros_setup/package.dsv
[1.491s] -- Up-to-date: /home/ubuntu/ros2_ws/install/micro_ros_setup/share/ament_index/resource_index/packages/micro_ros_setup
[1.495s] -- Up-to-date: /home/ubuntu/ros2_ws/install/micro_ros_setup/share/micro_ros_setup/cmake/micro_ros_setupConfig.cmake
[1.499s] -- Up-to-date: /home/ubuntu/ros2_ws/install/micro_ros_setup/share/micro_ros_setup/cmake/micro_ros_setupConfig-version.cmake
[1.506s] -- Up-to-date: /home/ubuntu/ros2_ws/install/micro_ros_setup/share/micro_ros_setup/package.xml
[1.510s] -- Up-to-date: /home/ubuntu/ros2_ws/install/micro_ros_setup/./config
[1.512s] -- Up-to-date: /home/ubuntu/ros2_ws/install/micro_ros_setup/./config/agent_uros_packages.repos
[1.515s] -- Up-to-date: /home/ubuntu/ros2_ws/install/micro_ros_setup/./config/client_ros2_packages.txt
[1.517s] -- Up-to-date: /home/ubuntu/ros2_ws/install/micro_ros_setup/./config/host
[1.520s] -- Up-to-date: /home/ubuntu/ros2_ws/install/micro_ros_setup/./config/host/client_ros2_packages.txt
[1.524s] -- Up-to-date: /home/ubuntu/ros2_ws/install/micro_ros_setup/./config/host/dev_uros_packages.repos
[1.540s] -- Up-to-date: /home/ubuntu/ros2_ws/install/micro_ros_setup/./config/host/dev_ros2_packages.txt
[1.549s] -- Up-to-date: /home/ubuntu/ros2_ws/install/micro_ros_setup/./config/host/generic
[1.558s] -- Up-to-date: /home/ubuntu/ros2_ws/install/micro_ros_setup/./config/host/generic/client_host_packages.repos
[1.564s] -- Up-to-date: /home/ubuntu/ros2_ws/install/micro_ros_setup/./config/host/generic/package.xml
[1.567s] -- Up-to-date: /home/ubuntu/ros2_ws/install/micro_ros_setup/./config/host/generic/build.sh
[1.570s] -- Up-to-date: /home/ubuntu/ros2_ws/install/micro_ros_setup/./config/host/generic/flash.sh
[1.582s] -- Up-to-date: /home/ubuntu/ros2_ws/install/micro_ros_setup/./config/host/generic/reset.sh
[1.585s] -- Up-to-date: /home/ubuntu/ros2_ws/install/micro_ros_setup/./config/host/generic/create.sh
[1.588s] -- Up-to-date: /home/ubuntu/ros2_ws/install/micro_ros_setup/./config/host/generic/client-host-colcon.meta
[1.591s] -- Up-to-date: /home/ubuntu/ros2_ws/install/micro_ros_setup/./config/raspbian
[1.597s] -- Up-to-date: /home/ubuntu/ros2_ws/install/micro_ros_setup/./config/raspbian/dev_uros_packages.repos
[1.600s] -- Up-to-date: /home/ubuntu/ros2_ws/install/micro_ros_setup/./config/raspbian/dev_ros2_packages.txt
[1.601s] -- Up-to-date: /home/ubuntu/ros2_ws/install/micro_ros_setup/./config/raspbian/generic
[1.605s] -- Up-to-date: /home/ubuntu/ros2_ws/install/micro_ros_setup/./config/raspbian/generic/configure.sh
[1.606s] -- Up-to-date: /home/ubuntu/ros2_ws/install/micro_ros_setup/./config/raspbian/generic/build.sh
[1.608s] -- Up-to-date: /home/ubuntu/ros2_ws/install/micro_ros_setup/./config/raspbian/generic/flash.sh
[1.609s] -- Up-to-date: /home/ubuntu/ros2_ws/install/micro_ros_setup/./config/raspbian/generic/client_uros_packages.repos
[1.611s] -- Up-to-date: /home/ubuntu/ros2_ws/install/micro_ros_setup/./config/raspbian/generic/supported_platforms
[1.617s] -- Up-to-date: /home/ubuntu/ros2_ws/install/micro_ros_setup/./config/raspbian/generic/client-colcon.meta
[1.618s] -- Up-to-date: /home/ubuntu/ros2_ws/install/micro_ros_setup/./config/raspbian/generic/create.sh
[1.620s] -- Up-to-date: /home/ubuntu/ros2_ws/install/micro_ros_setup/./config/nuttx
[1.621s] -- Up-to-date: /home/ubuntu/ros2_ws/install/micro_ros_setup/./config/nuttx/dev_uros_packages.repos
[1.622s] -- Up-to-date: /home/ubuntu/ros2_ws/install/micro_ros_setup/./config/nuttx/dev_ros2_packages.txt
[1.623s] -- Up-to-date: /home/ubuntu/ros2_ws/install/micro_ros_setup/./config/nuttx/generic
[1.625s] -- Up-to-date: /home/ubuntu/ros2_ws/install/micro_ros_setup/./config/nuttx/generic/uros_packages.repos
[1.626s] -- Up-to-date: /home/ubuntu/ros2_ws/install/micro_ros_setup/./config/nuttx/generic/configure.sh
[1.627s] -- Up-to-date: /home/ubuntu/ros2_ws/install/micro_ros_setup/./config/nuttx/generic/package.xml
[1.651s] -- Up-to-date: /home/ubuntu/ros2_ws/install/micro_ros_setup/./config/nuttx/generic/build.sh
[1.659s] -- Up-to-date: /home/ubuntu/ros2_ws/install/micro_ros_setup/./config/nuttx/generic/flash.sh
[1.661s] -- Up-to-date: /home/ubuntu/ros2_ws/install/micro_ros_setup/./config/nuttx/generic/reset.sh
[1.663s] -- Up-to-date: /home/ubuntu/ros2_ws/install/micro_ros_setup/./config/nuttx/generic/client_uros_packages.repos
[1.665s] -- Up-to-date: /home/ubuntu/ros2_ws/install/micro_ros_setup/./config/nuttx/generic/supported_platforms
[1.666s] -- Up-to-date: /home/ubuntu/ros2_ws/install/micro_ros_setup/./config/nuttx/generic/client-colcon.meta
[1.668s] -- Up-to-date: /home/ubuntu/ros2_ws/install/micro_ros_setup/./config/nuttx/generic/create.sh
[1.669s] -- Up-to-date: /home/ubuntu/ros2_ws/install/micro_ros_setup/./config/zephyr
[1.671s] -- Up-to-date: /home/ubuntu/ros2_ws/install/micro_ros_setup/./config/zephyr/list_apps.sh
[1.673s] -- Up-to-date: /home/ubuntu/ros2_ws/install/micro_ros_setup/./config/zephyr/dev_uros_packages.repos
[1.674s] -- Up-to-date: /home/ubuntu/ros2_ws/install/micro_ros_setup/./config/zephyr/dev_ros2_packages.txt
[1.675s] -- Up-to-date: /home/ubuntu/ros2_ws/install/micro_ros_setup/./config/zephyr/generic
[1.679s] -- Up-to-date: /home/ubuntu/ros2_ws/install/micro_ros_setup/./config/zephyr/generic/configure.sh
[1.680s] -- Up-to-date: /home/ubuntu/ros2_ws/install/micro_ros_setup/./config/zephyr/generic/package.xml
[1.681s] -- Up-to-date: /home/ubuntu/ros2_ws/install/micro_ros_setup/./config/zephyr/generic/board.repos
[1.683s] -- Up-to-date: /home/ubuntu/ros2_ws/install/micro_ros_setup/./config/zephyr/generic/build.sh
[1.684s] -- Up-to-date: /home/ubuntu/ros2_ws/install/micro_ros_setup/./config/zephyr/generic/flash.sh
[1.686s] -- Up-to-date: /home/ubuntu/ros2_ws/install/micro_ros_setup/./config/zephyr/generic/reset.sh
[1.687s] -- Up-to-date: /home/ubuntu/ros2_ws/install/micro_ros_setup/./config/zephyr/generic/client_uros_packages.repos
[1.688s] -- Up-to-date: /home/ubuntu/ros2_ws/install/micro_ros_setup/./config/zephyr/generic/supported_platforms
[1.707s] -- Up-to-date: /home/ubuntu/ros2_ws/install/micro_ros_setup/./config/zephyr/generic/client-colcon.meta
[1.709s] -- Up-to-date: /home/ubuntu/ros2_ws/install/micro_ros_setup/./config/zephyr/generic/create.sh
[1.710s] -- Up-to-date: /home/ubuntu/ros2_ws/install/micro_ros_setup/./config/renesas_ra
[1.712s] -- Up-to-date: /home/ubuntu/ros2_ws/install/micro_ros_setup/./config/renesas_ra/list_apps.sh
[1.713s] -- Up-to-date: /home/ubuntu/ros2_ws/install/micro_ros_setup/./config/renesas_ra/ra6m5
[1.714s] -- Up-to-date: /home/ubuntu/ros2_ws/install/micro_ros_setup/./config/renesas_ra/ra6m5/configure.sh
[1.716s] -- Up-to-date: /home/ubuntu/ros2_ws/install/micro_ros_setup/./config/renesas_ra/ra6m5/board.repos
[1.717s] -- Up-to-date: /home/ubuntu/ros2_ws/install/micro_ros_setup/./config/renesas_ra/ra6m5/build.sh
[1.718s] -- Up-to-date: /home/ubuntu/ros2_ws/install/micro_ros_setup/./config/renesas_ra/ra6m5/flash.sh
[1.720s] -- Up-to-date: /home/ubuntu/ros2_ws/install/micro_ros_setup/./config/renesas_ra/ra6m5/client_uros_packages.repos
[1.734s] -- Up-to-date: /home/ubuntu/ros2_ws/install/micro_ros_setup/./config/renesas_ra/ra6m5/create.sh
[1.736s] -- Up-to-date: /home/ubuntu/ros2_ws/install/micro_ros_setup/./config/renesas_ra/dev_uros_packages.repos
[1.737s] -- Up-to-date: /home/ubuntu/ros2_ws/install/micro_ros_setup/./config/renesas_ra/dev_ros2_packages.txt
[1.741s] -- Up-to-date: /home/ubuntu/ros2_ws/install/micro_ros_setup/./config/client_uros_packages.repos
[1.743s] -- Up-to-date: /home/ubuntu/ros2_ws/install/micro_ros_setup/./config/utils.sh
[1.750s] -- Up-to-date: /home/ubuntu/ros2_ws/install/micro_ros_setup/./config/freertos
[1.751s] -- Up-to-date: /home/ubuntu/ros2_ws/install/micro_ros_setup/./config/freertos/nucleo_f746zg
[1.753s] -- Up-to-date: /home/ubuntu/ros2_ws/install/micro_ros_setup/./config/freertos/nucleo_f746zg/configure.sh
[1.761s] -- Up-to-date: /home/ubuntu/ros2_ws/install/micro_ros_setup/./config/freertos/nucleo_f746zg/package.xml
[1.763s] -- Up-to-date: /home/ubuntu/ros2_ws/install/micro_ros_setup/./config/freertos/nucleo_f746zg/board.repos
[1.764s] -- Up-to-date: /home/ubuntu/ros2_ws/install/micro_ros_setup/./config/freertos/nucleo_f746zg/build.sh
[1.765s] -- Up-to-date: /home/ubuntu/ros2_ws/install/micro_ros_setup/./config/freertos/nucleo_f746zg/flash.sh
[1.767s] -- Up-to-date: /home/ubuntu/ros2_ws/install/micro_ros_setup/./config/freertos/nucleo_f746zg/reset.sh
[1.768s] -- Up-to-date: /home/ubuntu/ros2_ws/install/micro_ros_setup/./config/freertos/nucleo_f746zg/client_uros_packages.repos
[1.769s] -- Up-to-date: /home/ubuntu/ros2_ws/install/micro_ros_setup/./config/freertos/nucleo_f746zg/client-colcon.meta
[1.786s] -- Up-to-date: /home/ubuntu/ros2_ws/install/micro_ros_setup/./config/freertos/nucleo_f746zg/create.sh
[1.788s] -- Up-to-date: /home/ubuntu/ros2_ws/install/micro_ros_setup/./config/freertos/list_apps.sh
[1.789s] -- Up-to-date: /home/ubuntu/ros2_ws/install/micro_ros_setup/./config/freertos/nucleo_f446ze
[1.791s] -- Up-to-date: /home/ubuntu/ros2_ws/install/micro_ros_setup/./config/freertos/nucleo_f446ze/configure.sh
[1.793s] -- Up-to-date: /home/ubuntu/ros2_ws/install/micro_ros_setup/./config/freertos/nucleo_f446ze/package.xml
[1.798s] -- Up-to-date: /home/ubuntu/ros2_ws/install/micro_ros_setup/./config/freertos/nucleo_f446ze/board.repos
[1.805s] -- Up-to-date: /home/ubuntu/ros2_ws/install/micro_ros_setup/./config/freertos/nucleo_f446ze/build.sh
[1.807s] -- Up-to-date: /home/ubuntu/ros2_ws/install/micro_ros_setup/./config/freertos/nucleo_f446ze/flash.sh
[1.810s] -- Up-to-date: /home/ubuntu/ros2_ws/install/micro_ros_setup/./config/freertos/nucleo_f446ze/reset.sh
[1.812s] -- Up-to-date: /home/ubuntu/ros2_ws/install/micro_ros_setup/./config/freertos/nucleo_f446ze/client_uros_packages.repos
[1.814s] -- Up-to-date: /home/ubuntu/ros2_ws/install/micro_ros_setup/./config/freertos/nucleo_f446ze/client-colcon.meta
[1.815s] -- Up-to-date: /home/ubuntu/ros2_ws/install/micro_ros_setup/./config/freertos/nucleo_f446ze/create.sh
[1.816s] -- Up-to-date: /home/ubuntu/ros2_ws/install/micro_ros_setup/./config/freertos/crazyflie21
[1.836s] -- Up-to-date: /home/ubuntu/ros2_ws/install/micro_ros_setup/./config/freertos/crazyflie21/configure.sh
[1.838s] -- Up-to-date: /home/ubuntu/ros2_ws/install/micro_ros_setup/./config/freertos/crazyflie21/package.xml
[1.839s] -- Up-to-date: /home/ubuntu/ros2_ws/install/micro_ros_setup/./config/freertos/crazyflie21/board.repos
[1.841s] -- Up-to-date: /home/ubuntu/ros2_ws/install/micro_ros_setup/./config/freertos/crazyflie21/build.sh
[1.842s] -- Up-to-date: /home/ubuntu/ros2_ws/install/micro_ros_setup/./config/freertos/crazyflie21/flash.sh
[1.844s] -- Up-to-date: /home/ubuntu/ros2_ws/install/micro_ros_setup/./config/freertos/crazyflie21/client_uros_packages.repos
[1.846s] -- Up-to-date: /home/ubuntu/ros2_ws/install/micro_ros_setup/./config/freertos/crazyflie21/client-colcon.meta
[1.853s] -- Up-to-date: /home/ubuntu/ros2_ws/install/micro_ros_setup/./config/freertos/crazyflie21/create.sh
[1.856s] -- Up-to-date: /home/ubuntu/ros2_ws/install/micro_ros_setup/./config/freertos/nucleo_f767zi
[1.863s] -- Up-to-date: /home/ubuntu/ros2_ws/install/micro_ros_setup/./config/freertos/nucleo_f767zi/configure.sh
[1.864s] -- Up-to-date: /home/ubuntu/ros2_ws/install/micro_ros_setup/./config/freertos/nucleo_f767zi/package.xml
[1.866s] -- Up-to-date: /home/ubuntu/ros2_ws/install/micro_ros_setup/./config/freertos/nucleo_f767zi/board.repos
[1.867s] -- Up-to-date: /home/ubuntu/ros2_ws/install/micro_ros_setup/./config/freertos/nucleo_f767zi/build.sh
[1.869s] -- Up-to-date: /home/ubuntu/ros2_ws/install/micro_ros_setup/./config/freertos/nucleo_f767zi/flash.sh
[1.870s] -- Up-to-date: /home/ubuntu/ros2_ws/install/micro_ros_setup/./config/freertos/nucleo_f767zi/reset.sh
[1.871s] -- Up-to-date: /home/ubuntu/ros2_ws/install/micro_ros_setup/./config/freertos/nucleo_f767zi/client_uros_packages.repos
[1.873s] -- Up-to-date: /home/ubuntu/ros2_ws/install/micro_ros_setup/./config/freertos/nucleo_f767zi/client-colcon.meta
[1.874s] -- Up-to-date: /home/ubuntu/ros2_ws/install/micro_ros_setup/./config/freertos/nucleo_f767zi/create.sh
[1.876s] -- Up-to-date: /home/ubuntu/ros2_ws/install/micro_ros_setup/./config/freertos/dev_uros_packages.repos
[1.887s] -- Up-to-date: /home/ubuntu/ros2_ws/install/micro_ros_setup/./config/freertos/nucleo_f446re
[1.889s] -- Up-to-date: /home/ubuntu/ros2_ws/install/micro_ros_setup/./config/freertos/nucleo_f446re/configure.sh
[1.891s] -- Up-to-date: /home/ubuntu/ros2_ws/install/micro_ros_setup/./config/freertos/nucleo_f446re/package.xml
[1.897s] -- Up-to-date: /home/ubuntu/ros2_ws/install/micro_ros_setup/./config/freertos/nucleo_f446re/board.repos
[1.899s] -- Up-to-date: /home/ubuntu/ros2_ws/install/micro_ros_setup/./config/freertos/nucleo_f446re/build.sh
[1.905s] -- Up-to-date: /home/ubuntu/ros2_ws/install/micro_ros_setup/./config/freertos/nucleo_f446re/flash.sh
[1.907s] -- Up-to-date: /home/ubuntu/ros2_ws/install/micro_ros_setup/./config/freertos/nucleo_f446re/reset.sh
[1.920s] -- Up-to-date: /home/ubuntu/ros2_ws/install/micro_ros_setup/./config/freertos/nucleo_f446re/client_uros_packages.repos
[1.922s] -- Up-to-date: /home/ubuntu/ros2_ws/install/micro_ros_setup/./config/freertos/nucleo_f446re/client-colcon.meta
[1.923s] -- Up-to-date: /home/ubuntu/ros2_ws/install/micro_ros_setup/./config/freertos/nucleo_f446re/create.sh
[1.926s] -- Up-to-date: /home/ubuntu/ros2_ws/install/micro_ros_setup/./config/freertos/dev_ros2_packages.txt
[1.927s] -- Up-to-date: /home/ubuntu/ros2_ws/install/micro_ros_setup/./config/freertos/olimex-stm32-e407
[1.928s] -- Up-to-date: /home/ubuntu/ros2_ws/install/micro_ros_setup/./config/freertos/olimex-stm32-e407/configure.sh
[1.930s] -- Up-to-date: /home/ubuntu/ros2_ws/install/micro_ros_setup/./config/freertos/olimex-stm32-e407/package.xml
[1.931s] -- Up-to-date: /home/ubuntu/ros2_ws/install/micro_ros_setup/./config/freertos/olimex-stm32-e407/board.repos
[1.932s] -- Up-to-date: /home/ubuntu/ros2_ws/install/micro_ros_setup/./config/freertos/olimex-stm32-e407/build.sh
[1.934s] -- Up-to-date: /home/ubuntu/ros2_ws/install/micro_ros_setup/./config/freertos/olimex-stm32-e407/flash.sh
[1.935s] -- Up-to-date: /home/ubuntu/ros2_ws/install/micro_ros_setup/./config/freertos/olimex-stm32-e407/reset.sh
[1.936s] -- Up-to-date: /home/ubuntu/ros2_ws/install/micro_ros_setup/./config/freertos/olimex-stm32-e407/client_uros_packages.repos
[1.938s] -- Up-to-date: /home/ubuntu/ros2_ws/install/micro_ros_setup/./config/freertos/olimex-stm32-e407/client-colcon.meta
[1.940s] -- Up-to-date: /home/ubuntu/ros2_ws/install/micro_ros_setup/./config/freertos/olimex-stm32-e407/create.sh
[1.941s] -- Up-to-date: /home/ubuntu/ros2_ws/install/micro_ros_setup/./config/freertos/esp32
[1.943s] -- Up-to-date: /home/ubuntu/ros2_ws/install/micro_ros_setup/./config/freertos/esp32/configure.sh
[1.944s] -- Up-to-date: /home/ubuntu/ros2_ws/install/micro_ros_setup/./config/freertos/esp32/package.xml
[1.946s] -- Up-to-date: /home/ubuntu/ros2_ws/install/micro_ros_setup/./config/freertos/esp32/board.repos
[1.947s] -- Up-to-date: /home/ubuntu/ros2_ws/install/micro_ros_setup/./config/freertos/esp32/README.md
[1.949s] -- Up-to-date: /home/ubuntu/ros2_ws/install/micro_ros_setup/./config/freertos/esp32/build.sh
[1.950s] -- Up-to-date: /home/ubuntu/ros2_ws/install/micro_ros_setup/./config/freertos/esp32/flash.sh
[1.951s] -- Up-to-date: /home/ubuntu/ros2_ws/install/micro_ros_setup/./config/freertos/esp32/client_uros_packages.repos
[1.953s] -- Up-to-date: /home/ubuntu/ros2_ws/install/micro_ros_setup/./config/freertos/esp32/client-colcon.meta
[1.954s] -- Up-to-date: /home/ubuntu/ros2_ws/install/micro_ros_setup/./config/freertos/esp32/create.sh
[1.958s] -- Up-to-date: /home/ubuntu/ros2_ws/install/micro_ros_setup/./config/generate_lib
[1.960s] -- Up-to-date: /home/ubuntu/ros2_ws/install/micro_ros_setup/./config/generate_lib/dev_uros_packages.repos
[1.961s] -- Up-to-date: /home/ubuntu/ros2_ws/install/micro_ros_setup/./config/generate_lib/dev_ros2_packages.txt
[1.963s] -- Up-to-date: /home/ubuntu/ros2_ws/install/micro_ros_setup/./config/generate_lib/generic
[1.965s] -- Up-to-date: /home/ubuntu/ros2_ws/install/micro_ros_setup/./config/generate_lib/generic/package.xml
[1.966s] -- Up-to-date: /home/ubuntu/ros2_ws/install/micro_ros_setup/./config/generate_lib/generic/build.sh
[1.968s] -- Up-to-date: /home/ubuntu/ros2_ws/install/micro_ros_setup/./config/generate_lib/generic/flash.sh
[1.971s] -- Up-to-date: /home/ubuntu/ros2_ws/install/micro_ros_setup/./config/generate_lib/generic/client_uros_packages.repos
[1.972s] -- Up-to-date: /home/ubuntu/ros2_ws/install/micro_ros_setup/./config/generate_lib/generic/demo_toolchain.cmake
[1.973s] -- Up-to-date: /home/ubuntu/ros2_ws/install/micro_ros_setup/./config/generate_lib/generic/client-colcon.meta
[1.975s] -- Up-to-date: /home/ubuntu/ros2_ws/install/micro_ros_setup/./config/generate_lib/generic/create.sh
[1.976s] -- Up-to-date: /home/ubuntu/ros2_ws/install/micro_ros_setup/./config/agent_ros2_packages.txt
[1.977s] -- Up-to-date: /home/ubuntu/ros2_ws/install/micro_ros_setup/lib/micro_ros_setup/create_ws.sh
[1.978s] -- Up-to-date: /home/ubuntu/ros2_ws/install/micro_ros_setup/lib/micro_ros_setup/create_agent_ws.sh
[1.980s] -- Up-to-date: /home/ubuntu/ros2_ws/install/micro_ros_setup/lib/micro_ros_setup/create_firmware_ws.sh
[1.981s] -- Up-to-date: /home/ubuntu/ros2_ws/install/micro_ros_setup/lib/micro_ros_setup/configure_firmware.sh
[1.982s] -- Up-to-date: /home/ubuntu/ros2_ws/install/micro_ros_setup/lib/micro_ros_setup/flash_firmware.sh
[1.983s] -- Up-to-date: /home/ubuntu/ros2_ws/install/micro_ros_setup/lib/micro_ros_setup/reset_firmware.sh
[1.984s] -- Up-to-date: /home/ubuntu/ros2_ws/install/micro_ros_setup/lib/micro_ros_setup/build_firmware.sh
[1.989s] -- Up-to-date: /home/ubuntu/ros2_ws/install/micro_ros_setup/lib/micro_ros_setup/build_agent.sh
[1.991s] -- Up-to-date: /home/ubuntu/ros2_ws/install/micro_ros_setup/lib/micro_ros_setup/yaml_filter.py
[1.999s] -- Up-to-date: /home/ubuntu/ros2_ws/install/micro_ros_setup/lib/micro_ros_setup/clean_env.sh
[2.003s] Invoked command in '/home/ubuntu/ros2_ws/build/micro_ros_setup' returned '0': CMAKE_PREFIX_PATH=${CMAKE_PREFIX_PATH}:/home/ubuntu/ros2_ws/install/smooth_drive:/home/ubuntu/ros2_ws/install/odom_builder:/home/ubuntu/ros2_ws/install/motor_control:/home/ubuntu/ros2_ws/install/cart_start:/opt/ros/foxy /usr/bin/cmake --install /home/ubuntu/ros2_ws/build/micro_ros_setup
