[1.016s] Invoking command in '/home/ubuntu/ros2_ws/build/sllidar_ros2': CMAKE_PREFIX_PATH=${CMAKE_PREFIX_PATH}:/home/ubuntu/ros2_ws/install/motor_control:/opt/ros/foxy /usr/bin/cmake /home/ubuntu/ros2_ws/src/sllidar_ros2 -DAMENT_CMAKE_SYMLINK_INSTALL=1 -DCMAKE_INSTALL_PREFIX=/home/ubuntu/ros2_ws/install/sllidar_ros2
[2.320s] -- The C compiler identification is GNU 9.3.0
[3.628s] -- The CXX compiler identification is GNU 9.3.0
[3.675s] -- Check for working C compiler: /usr/bin/cc
[4.295s] -- Check for working C compiler: /usr/bin/cc -- works
[4.303s] -- Detecting C compiler ABI info
[4.855s] -- Detecting C compiler ABI info - done
[4.913s] -- Detecting C compile features
[4.918s] -- Detecting C compile features - done
[4.934s] -- Check for working CXX compiler: /usr/bin/c++
[5.510s] -- Check for working CXX compiler: /usr/bin/c++ -- works
[5.516s] -- Detecting CXX compiler ABI info
[6.244s] -- Detecting CXX compiler ABI info - done
[6.311s] -- Detecting CXX compile features
[6.315s] -- Detecting CXX compile features - done
[6.374s] -- Found ament_cmake: 0.9.9 (/opt/ros/foxy/share/ament_cmake/cmake)
[6.673s] -- Found PythonInterp: /usr/bin/python3 (found suitable version "3.8.10", minimum required is "3") 
[6.678s] -- Using PYTHON_EXECUTABLE: /usr/bin/python3
[7.810s] -- Override CMake install command with custom implementation using symlinks instead of copying resources
[8.055s] -- Found rclcpp: 2.4.1 (/opt/ros/foxy/share/rclcpp/cmake)
[8.444s] -- Using all available rosidl_typesupport_c: rosidl_typesupport_fastrtps_c;rosidl_typesupport_introspection_c
[8.634s] -- Found rosidl_adapter: 1.2.1 (/opt/ros/foxy/share/rosidl_adapter/cmake)
[9.195s] -- Found OpenSSL: /usr/lib/aarch64-linux-gnu/libcrypto.so (found version "1.1.1f")  
[9.366s] -- Found FastRTPS: /opt/ros/foxy/include  
[9.900s] -- Using all available rosidl_typesupport_cpp: rosidl_typesupport_fastrtps_cpp;rosidl_typesupport_introspection_cpp
[10.304s] -- Found rmw_implementation_cmake: 1.0.3 (/opt/ros/foxy/share/rmw_implementation_cmake/cmake)
[10.321s] -- Using RMW implementation 'rmw_fastrtps_cpp' as default
[10.328s] -- Looking for pthread.h
[10.748s] -- Looking for pthread.h - found
[10.749s] -- Performing Test CMAKE_HAVE_LIBC_PTHREAD
[11.134s] -- Performing Test CMAKE_HAVE_LIBC_PTHREAD - Failed
[11.136s] -- Looking for pthread_create in pthreads
[11.474s] -- Looking for pthread_create in pthreads - not found
[11.475s] -- Looking for pthread_create in pthread
[11.833s] -- Looking for pthread_create in pthread - found
[11.838s] -- Found Threads: TRUE  
[12.659s] -- Found sensor_msgs: 2.0.5 (/opt/ros/foxy/share/sensor_msgs/cmake)
[13.209s] -- Found std_srvs: 2.0.5 (/opt/ros/foxy/share/std_srvs/cmake)
[13.782s] -- Configuring done
[13.864s] -- Generating done
[13.872s] -- Build files have been written to: /home/ubuntu/ros2_ws/build/sllidar_ros2
[13.902s] Invoked command in '/home/ubuntu/ros2_ws/build/sllidar_ros2' returned '0': CMAKE_PREFIX_PATH=${CMAKE_PREFIX_PATH}:/home/ubuntu/ros2_ws/install/motor_control:/opt/ros/foxy /usr/bin/cmake /home/ubuntu/ros2_ws/src/sllidar_ros2 -DAMENT_CMAKE_SYMLINK_INSTALL=1 -DCMAKE_INSTALL_PREFIX=/home/ubuntu/ros2_ws/install/sllidar_ros2
[13.914s] Invoking command in '/home/ubuntu/ros2_ws/build/sllidar_ros2': CMAKE_PREFIX_PATH=${CMAKE_PREFIX_PATH}:/home/ubuntu/ros2_ws/install/motor_control:/opt/ros/foxy /usr/bin/cmake --build /home/ubuntu/ros2_ws/build/sllidar_ros2 -- -j4 -l4
[14.101s] [35m[1mScanning dependencies of target sllidar_client[0m
[14.103s] [35m[1mScanning dependencies of target sllidar_node[0m
[14.673s] [  7%] [32mBuilding CXX object CMakeFiles/sllidar_client.dir/src/sllidar_client.cpp.o[0m
[14.685s] [ 14%] [32mBuilding CXX object CMakeFiles/sllidar_node.dir/src/sllidar_node.cpp.o[0m
[14.721s] [ 21%] [32mBuilding CXX object CMakeFiles/sllidar_node.dir/sdk/src/arch/linux/net_socket.cpp.o[0m
[14.773s] [ 28%] [32mBuilding CXX object CMakeFiles/sllidar_node.dir/sdk/src/arch/linux/net_serial.cpp.o[0m
[15.359s] In file included from [01m[K/home/ubuntu/ros2_ws/src/sllidar_ros2/./sdk/src/sdkcommon.h:47[m[K,
[15.360s]                  from [01m[K/home/ubuntu/ros2_ws/src/sllidar_ros2/sdk/src/arch/linux/net_socket.cpp:10[m[K:
[15.361s] [01m[K/home/ubuntu/ros2_ws/src/sllidar_ros2/./sdk/src/hal/assert.h:1:1:[m[K [01;35m[Kwarning: [m[Knull character(s) ignored
[15.361s]     1 | [01;35m[K [m[K                                                                                                                                                                                                                                                                                                                        
[15.362s]       | [01;35m[K^[m[K
[17.418s] In file included from [01m[K/home/ubuntu/ros2_ws/src/sllidar_ros2/./sdk/include/rplidar_protocol.h:36[m[K,
[17.420s]                  from [01m[K/home/ubuntu/ros2_ws/src/sllidar_ros2/./sdk/include/rplidar.h:39[m[K,
[17.421s]                  from [01m[K/home/ubuntu/ros2_ws/src/sllidar_ros2/./sdk/src/sdkcommon.h:49[m[K,
[17.423s]                  from [01m[K/home/ubuntu/ros2_ws/src/sllidar_ros2/sdk/src/arch/linux/net_socket.cpp:10[m[K:
[17.425s] [01m[K/home/ubuntu/ros2_ws/src/sllidar_ros2/./sdk/include/sl_lidar_protocol.h:58:16:[m[K [01;35m[Kwarning: [m[KISO C++ forbids zero-size array ‘[01m[Kdata[m[K’ [[01;35m[K-Wpedantic[m[K]
[17.427s]    58 |     sl_u8 data[[01;35m[K0[m[K];
[17.430s]       |                [01;35m[K^[m[K
[17.438s] In file included from [01m[K/home/ubuntu/ros2_ws/src/sllidar_ros2/./sdk/include/rplidar_cmd.h:36[m[K,
[17.440s]                  from [01m[K/home/ubuntu/ros2_ws/src/sllidar_ros2/./sdk/include/rplidar.h:40[m[K,
[17.442s]                  from [01m[K/home/ubuntu/ros2_ws/src/sllidar_ros2/./sdk/src/sdkcommon.h:49[m[K,
[17.444s]                  from [01m[K/home/ubuntu/ros2_ws/src/sllidar_ros2/sdk/src/arch/linux/net_socket.cpp:10[m[K:
[17.447s] [01m[K/home/ubuntu/ros2_ws/src/sllidar_ros2/./sdk/include/sl_lidar_cmd.h:295:20:[m[K [01;35m[Kwarning: [m[KISO C++ forbids zero-size array ‘[01m[Kpayload[m[K’ [[01;35m[K-Wpedantic[m[K]
[17.449s]   295 |     sl_u8  payload[[01;35m[K0[m[K];
[17.452s]       |                    [01;35m[K^[m[K
[17.769s] [01m[K/home/ubuntu/ros2_ws/src/sllidar_ros2/sdk/src/arch/linux/net_serial.cpp:[m[K In member function ‘[01m[Kbool rp::arch::net::raw_serial::open(const char*, uint32_t, uint32_t)[m[K’:
[17.770s] [01m[K/home/ubuntu/ros2_ws/src/sllidar_ros2/sdk/src/arch/linux/net_serial.cpp:97:74:[m[K [01;35m[Kwarning: [m[Kunused parameter ‘[01m[Kflags[m[K’ [[01;35m[K-Wunused-parameter[m[K]
[17.771s]    97 | bool raw_serial::open(const char * portname, uint32_t baudrate, [01;35m[Kuint32_t flags[m[K)
[17.772s]       |                                                                 [01;35m[K~~~~~~~~~^~~~~[m[K
[17.782s] [01m[K/home/ubuntu/ros2_ws/src/sllidar_ros2/sdk/src/arch/linux/net_serial.cpp:[m[K In member function ‘[01m[Kvirtual void rp::arch::net::raw_serial::flush(_u32)[m[K’:
[17.782s] [01m[K/home/ubuntu/ros2_ws/src/sllidar_ros2/sdk/src/arch/linux/net_serial.cpp:281:30:[m[K [01;35m[Kwarning: [m[Kunused parameter ‘[01m[Kflags[m[K’ [[01;35m[K-Wunused-parameter[m[K]
[17.783s]   281 | void raw_serial::flush( [01;35m[K_u32 flags[m[K)
[17.784s]       |                         [01;35m[K~~~~~^~~~~[m[K
[17.787s] [01m[K/home/ubuntu/ros2_ws/src/sllidar_ros2/sdk/src/arch/linux/net_serial.cpp:[m[K In member function ‘[01m[Kvirtual int rp::arch::net::raw_serial::waitforsent(_u32, size_t*)[m[K’:
[17.790s] [01m[K/home/ubuntu/ros2_ws/src/sllidar_ros2/sdk/src/arch/linux/net_serial.cpp:286:34:[m[K [01;35m[Kwarning: [m[Kunused parameter ‘[01m[Ktimeout[m[K’ [[01;35m[K-Wunused-parameter[m[K]
[17.792s]   286 | int raw_serial::waitforsent([01;35m[K_u32 timeout[m[K, size_t * returned_size)
[17.794s]       |                             [01;35m[K~~~~~^~~~~~~[m[K
[17.799s] [01m[K/home/ubuntu/ros2_ws/src/sllidar_ros2/sdk/src/arch/linux/net_serial.cpp:[m[K In member function ‘[01m[Kvirtual int rp::arch::net::raw_serial::waitforrecv(_u32, size_t*)[m[K’:
[17.809s] [01m[K/home/ubuntu/ros2_ws/src/sllidar_ros2/sdk/src/arch/linux/net_serial.cpp:292:34:[m[K [01;35m[Kwarning: [m[Kunused parameter ‘[01m[Ktimeout[m[K’ [[01;35m[K-Wunused-parameter[m[K]
[17.821s]   292 | int raw_serial::waitforrecv([01;35m[K_u32 timeout[m[K, size_t * returned_size)
[17.823s]       |                             [01;35m[K~~~~~^~~~~~~[m[K
[17.826s] [01m[K/home/ubuntu/ros2_ws/src/sllidar_ros2/sdk/src/arch/linux/net_socket.cpp:[m[K In member function ‘[01m[Kvirtual u_result rp::net::SocketAddress::getAddressAsString(char*, size_t) const[m[K’:
[17.827s] [01m[K/home/ubuntu/ros2_ws/src/sllidar_ros2/sdk/src/arch/linux/net_socket.cpp:170:17:[m[K [01;35m[Kwarning: [m[Kordered comparison of pointer with integer zero [[01;35m[K-Wextra[m[K]
[17.829s]   170 |     return ans<=[01;35m[K0[m[K?RESULT_OPERATION_FAIL:RESULT_OK;
[17.831s]       |                 [01;35m[K^[m[K
[17.851s] [01m[K/home/ubuntu/ros2_ws/src/sllidar_ros2/sdk/src/arch/linux/net_socket.cpp:[m[K In member function ‘[01m[Kvirtual u_result rp::arch::net::StreamSocketImpl::send(const void*, size_t)[m[K’:
[17.853s] [01m[K/home/ubuntu/ros2_ws/src/sllidar_ros2/sdk/src/arch/linux/net_socket.cpp:438:17:[m[K [01;35m[Kwarning: [m[Kcomparison of integer expressions of different signedness: ‘[01m[Ksize_t[m[K’ {aka ‘[01m[Klong unsigned int[m[K’} and ‘[01m[Kint[m[K’ [[01;35m[K-Wsign-compare[m[K]
[17.855s]   438 |         if ([01;35m[Kans == (int)len[m[K) {
[17.858s]       |             [01;35m[K~~~~^~~~~~~~~~~[m[K
[17.877s] In file included from [01m[K/home/ubuntu/ros2_ws/src/sllidar_ros2/./sdk/src/arch/linux/arch_linux.h:42[m[K,
[17.879s]                  from [01m[K/home/ubuntu/ros2_ws/src/sllidar_ros2/./sdk/src/sdkcommon.h:41[m[K,
[17.881s]                  from [01m[K/home/ubuntu/ros2_ws/src/sllidar_ros2/sdk/src/arch/linux/net_socket.cpp:10[m[K:
[17.883s] [01m[K/home/ubuntu/ros2_ws/src/sllidar_ros2/sdk/src/arch/linux/net_socket.cpp:[m[K In member function ‘[01m[Kvirtual u_result rp::arch::net::DGramSocketImpl::sendTo(const rp::net::SocketAddress&, const void*, size_t)[m[K’:
[17.886s] [01m[K/home/ubuntu/ros2_ws/src/sllidar_ros2/sdk/src/arch/linux/net_socket.cpp:726:24:[m[K [01;35m[Kwarning: [m[Kcomparison of integer expressions of different signedness: ‘[01m[Ksize_t[m[K’ {aka ‘[01m[Klong unsigned int[m[K’} and ‘[01m[Kint[m[K’ [[01;35m[K-Wsign-compare[m[K]
[17.888s]   726 |             assert([01;35m[Kans == (int)len[m[K);
[17.891s]       |                    [01;35m[K~~~~^~~~~~~~~~~[m[K
[18.203s] [01m[K/home/ubuntu/ros2_ws/src/sllidar_ros2/sdk/src/arch/linux/net_socket.cpp:722:47:[m[K [01;35m[Kwarning: [m[Knonnull argument ‘[01m[Ktarget[m[K’ compared to NULL [[01;35m[K-Wnonnull-compare[m[K]
[18.204s]   722 |         const struct sockaddr* addr = &target [01;35m[K?[m[K reinterpret_cast<const struct sockaddr*>(target.getPlatformData()) : NULL;
[18.206s]       |                                               [01;35m[K^[m[K
[18.633s] [ 35%] [32mBuilding CXX object CMakeFiles/sllidar_node.dir/sdk/src/arch/linux/timer.cpp.o[0m
[18.898s] [ 42%] [32mBuilding CXX object CMakeFiles/sllidar_node.dir/sdk/src/hal/thread.cpp.o[0m
[19.236s] In file included from [01m[K/home/ubuntu/ros2_ws/src/sllidar_ros2/./sdk/src/sdkcommon.h:47[m[K,
[19.238s]                  from [01m[K/home/ubuntu/ros2_ws/src/sllidar_ros2/sdk/src/hal/thread.cpp:35[m[K:
[19.239s] [01m[K/home/ubuntu/ros2_ws/src/sllidar_ros2/./sdk/src/hal/assert.h:1:1:[m[K [01;35m[Kwarning: [m[Knull character(s) ignored
[19.241s]     1 | [01;35m[K [m[K                                                                                                                                                                                                                                                                                                                        
[19.244s]       | [01;35m[K^[m[K
[20.512s] [ 50%] [32mBuilding CXX object CMakeFiles/sllidar_node.dir/sdk/src/rplidar_driver.cpp.o[0m
[20.841s] In file included from [01m[K/home/ubuntu/ros2_ws/src/sllidar_ros2/sdk/src/sdkcommon.h:47[m[K,
[20.843s]                  from [01m[K/home/ubuntu/ros2_ws/src/sllidar_ros2/sdk/src/rplidar_driver.cpp:33[m[K:
[20.845s] [01m[K/home/ubuntu/ros2_ws/src/sllidar_ros2/sdk/src/hal/assert.h:1:1:[m[K [01;35m[Kwarning: [m[Knull character(s) ignored
[20.846s]     1 | [01;35m[K [m[K                                                                                                                                                                                                                                                                                                                        
[20.849s]       | [01;35m[K^[m[K
[20.887s] In file included from [01m[K/home/ubuntu/ros2_ws/src/sllidar_ros2/sdk/src/rplidar_driver.cpp:37[m[K:
[20.889s] [01m[K/home/ubuntu/ros2_ws/src/sllidar_ros2/sdk/src/hal/assert.h:1:1:[m[K [01;35m[Kwarning: [m[Knull character(s) ignored
[20.891s]     1 | [01;35m[K [m[K                                                                                                                                                                                                                                                                                                                        
[20.892s]       | [01;35m[K^[m[K
[20.931s] In file included from [01m[K/home/ubuntu/ros2_ws/src/sllidar_ros2/./sdk/include/rplidar_protocol.h:36[m[K,
[20.933s]                  from [01m[K/home/ubuntu/ros2_ws/src/sllidar_ros2/./sdk/include/rplidar.h:39[m[K,
[20.934s]                  from [01m[K/home/ubuntu/ros2_ws/src/sllidar_ros2/./sdk/src/sdkcommon.h:49[m[K,
[20.935s]                  from [01m[K/home/ubuntu/ros2_ws/src/sllidar_ros2/sdk/src/hal/thread.cpp:35[m[K:
[20.937s] [01m[K/home/ubuntu/ros2_ws/src/sllidar_ros2/./sdk/include/sl_lidar_protocol.h:58:16:[m[K [01;35m[Kwarning: [m[KISO C++ forbids zero-size array ‘[01m[Kdata[m[K’ [[01;35m[K-Wpedantic[m[K]
[20.939s]    58 |     sl_u8 data[[01;35m[K0[m[K];
[20.941s]       |                [01;35m[K^[m[K
[20.943s] In file included from [01m[K/home/ubuntu/ros2_ws/src/sllidar_ros2/./sdk/include/rplidar_cmd.h:36[m[K,
[20.952s]                  from [01m[K/home/ubuntu/ros2_ws/src/sllidar_ros2/./sdk/include/rplidar.h:40[m[K,
[20.954s]                  from [01m[K/home/ubuntu/ros2_ws/src/sllidar_ros2/./sdk/src/sdkcommon.h:49[m[K,
[20.956s]                  from [01m[K/home/ubuntu/ros2_ws/src/sllidar_ros2/sdk/src/hal/thread.cpp:35[m[K:
[20.959s] [01m[K/home/ubuntu/ros2_ws/src/sllidar_ros2/./sdk/include/sl_lidar_cmd.h:295:20:[m[K [01;35m[Kwarning: [m[KISO C++ forbids zero-size array ‘[01m[Kpayload[m[K’ [[01;35m[K-Wpedantic[m[K]
[20.966s]   295 |     sl_u8  payload[[01;35m[K0[m[K];
[20.981s]       |                    [01;35m[K^[m[K
[21.236s] In file included from [01m[K/home/ubuntu/ros2_ws/src/sllidar_ros2/sdk/src/hal/thread.cpp:43[m[K:
[21.237s] [01m[K/home/ubuntu/ros2_ws/src/sllidar_ros2/./sdk/src/arch/linux/thread.hpp:[m[K In static member function ‘[01m[Kstatic rp::hal::Thread rp::hal::Thread::create(thread_proc_t, void*)[m[K’:
[21.238s] [01m[K/home/ubuntu/ros2_ws/src/sllidar_ros2/./sdk/src/arch/linux/thread.hpp:48:77:[m[K [01;35m[Kwarning: [m[Kcast between incompatible function types from ‘[01m[Kthread_proc_t[m[K’ {aka ‘[01m[Klong unsigned int (*)(void*)[m[K’} to ‘[01m[Kvoid* (*)(void*)[m[K’ [[01;35m[K-Wcast-function-type[m[K]
[21.239s]    48 |     pthread_create((pthread_t *)&newborn._handle, NULL, (void * (*)(void *))[01;35m[Kproc[m[K, data);
[21.239s]       |                                                                             [01;35m[K^~~~[m[K
[21.243s] [01m[K/home/ubuntu/ros2_ws/src/sllidar_ros2/./sdk/src/arch/linux/thread.hpp:[m[K In member function ‘[01m[Ku_result rp::hal::Thread::join(long unsigned int)[m[K’:
[21.245s] [01m[K/home/ubuntu/ros2_ws/src/sllidar_ros2/./sdk/src/arch/linux/thread.hpp:129:37:[m[K [01;35m[Kwarning: [m[Kunused parameter ‘[01m[Ktimeout[m[K’ [[01;35m[K-Wunused-parameter[m[K]
[21.247s]   129 | u_result Thread::join([01;35m[Kunsigned long timeout[m[K)
[21.249s]       |                       [01;35m[K~~~~~~~~~~~~~~^~~~~~~[m[K
[21.548s] [ 57%] [32mBuilding CXX object CMakeFiles/sllidar_node.dir/sdk/src/sl_crc.cpp.o[0m
[21.615s] In file included from [01m[K/home/ubuntu/ros2_ws/src/sllidar_ros2/./sdk/include/sl_lidar_cmd.h:36[m[K,
[21.616s]                  from [01m[K/home/ubuntu/ros2_ws/src/sllidar_ros2/./sdk/include/sl_crc.h:36[m[K,
[21.617s]                  from [01m[K/home/ubuntu/ros2_ws/src/sllidar_ros2/sdk/src/sl_crc.cpp:33[m[K:
[21.618s] [01m[K/home/ubuntu/ros2_ws/src/sllidar_ros2/./sdk/include/sl_lidar_protocol.h:58:16:[m[K [01;35m[Kwarning: [m[KISO C++ forbids zero-size array ‘[01m[Kdata[m[K’ [[01;35m[K-Wpedantic[m[K]
[21.619s]    58 |     sl_u8 data[[01;35m[K0[m[K];
[21.620s]       |                [01;35m[K^[m[K
[21.624s] In file included from [01m[K/home/ubuntu/ros2_ws/src/sllidar_ros2/./sdk/include/sl_crc.h:36[m[K,
[21.626s]                  from [01m[K/home/ubuntu/ros2_ws/src/sllidar_ros2/sdk/src/sl_crc.cpp:33[m[K:
[21.627s] [01m[K/home/ubuntu/ros2_ws/src/sllidar_ros2/./sdk/include/sl_lidar_cmd.h:295:20:[m[K [01;35m[Kwarning: [m[KISO C++ forbids zero-size array ‘[01m[Kpayload[m[K’ [[01;35m[K-Wpedantic[m[K]
[21.628s]   295 |     sl_u8  payload[[01;35m[K0[m[K];
[21.630s]       |                    [01;35m[K^[m[K
[21.636s] [01m[K/home/ubuntu/ros2_ws/src/sllidar_ros2/sdk/src/sl_crc.cpp:[m[K In function ‘[01m[Ksl_u32 sl::crc32::cal(sl_u32, void*, sl_u16)[m[K’:
[21.638s] [01m[K/home/ubuntu/ros2_ws/src/sllidar_ros2/sdk/src/sl_crc.cpp:77:29:[m[K [01;35m[Kwarning: [m[Ksuggest parentheses around ‘[01m[K-[m[K’ in operand of ‘[01m[K&[m[K’ [[01;35m[K-Wparentheses[m[K]
[21.639s]    77 |         sl_u8 leftBytes = [01;35m[K4 - len[m[K & 0x3;
[21.640s]       |                           [01;35m[K~~^~~~~[m[K
[21.751s] [ 64%] [32mBuilding CXX object CMakeFiles/sllidar_node.dir/sdk/src/sl_lidar_driver.cpp.o[0m
[22.063s] In file included from [01m[K/home/ubuntu/ros2_ws/src/sllidar_ros2/sdk/src/sdkcommon.h:47[m[K,
[22.065s]                  from [01m[K/home/ubuntu/ros2_ws/src/sllidar_ros2/sdk/src/sl_lidar_driver.cpp:33[m[K:
[22.066s] [01m[K/home/ubuntu/ros2_ws/src/sllidar_ros2/sdk/src/hal/assert.h:1:1:[m[K [01;35m[Kwarning: [m[Knull character(s) ignored
[22.068s]     1 | [01;35m[K [m[K                                                                                                                                                                                                                                                                                                                        
[22.070s]       | [01;35m[K^[m[K
[22.105s] In file included from [01m[K/home/ubuntu/ros2_ws/src/sllidar_ros2/sdk/src/sl_lidar_driver.cpp:37[m[K:
[22.107s] [01m[K/home/ubuntu/ros2_ws/src/sllidar_ros2/sdk/src/hal/assert.h:1:1:[m[K [01;35m[Kwarning: [m[Knull character(s) ignored
[22.108s]     1 | [01;35m[K [m[K                                                                                                                                                                                                                                                                                                                        
[22.110s]       | [01;35m[K^[m[K
[22.314s] In file included from [01m[K/home/ubuntu/ros2_ws/src/sllidar_ros2/./sdk/include/rplidar_protocol.h:36[m[K,
[22.315s]                  from [01m[K/home/ubuntu/ros2_ws/src/sllidar_ros2/./sdk/include/rplidar.h:39[m[K,
[22.316s]                  from [01m[K/home/ubuntu/ros2_ws/src/sllidar_ros2/sdk/src/sdkcommon.h:49[m[K,
[22.317s]                  from [01m[K/home/ubuntu/ros2_ws/src/sllidar_ros2/sdk/src/rplidar_driver.cpp:33[m[K:
[22.318s] [01m[K/home/ubuntu/ros2_ws/src/sllidar_ros2/./sdk/include/sl_lidar_protocol.h:58:16:[m[K [01;35m[Kwarning: [m[KISO C++ forbids zero-size array ‘[01m[Kdata[m[K’ [[01;35m[K-Wpedantic[m[K]
[22.319s]    58 |     sl_u8 data[[01;35m[K0[m[K];
[22.319s]       |                [01;35m[K^[m[K
[22.324s] In file included from [01m[K/home/ubuntu/ros2_ws/src/sllidar_ros2/./sdk/include/rplidar_cmd.h:36[m[K,
[22.325s]                  from [01m[K/home/ubuntu/ros2_ws/src/sllidar_ros2/./sdk/include/rplidar.h:40[m[K,
[22.326s]                  from [01m[K/home/ubuntu/ros2_ws/src/sllidar_ros2/sdk/src/sdkcommon.h:49[m[K,
[22.327s]                  from [01m[K/home/ubuntu/ros2_ws/src/sllidar_ros2/sdk/src/rplidar_driver.cpp:33[m[K:
[22.328s] [01m[K/home/ubuntu/ros2_ws/src/sllidar_ros2/./sdk/include/sl_lidar_cmd.h:295:20:[m[K [01;35m[Kwarning: [m[KISO C++ forbids zero-size array ‘[01m[Kpayload[m[K’ [[01;35m[K-Wpedantic[m[K]
[22.329s]   295 |     sl_u8  payload[[01;35m[K0[m[K];
[22.330s]       |                    [01;35m[K^[m[K
[22.735s] [01m[K/home/ubuntu/ros2_ws/src/sllidar_ros2/sdk/src/rplidar_driver.cpp:[m[K In member function ‘[01m[Ku_result rp::standalone::rplidar::RPlidarDriver::connect(const char*, _u32, _u32)[m[K’:
[22.736s] [01m[K/home/ubuntu/ros2_ws/src/sllidar_ros2/sdk/src/rplidar_driver.cpp:67:77:[m[K [01;35m[Kwarning: [m[Kunused parameter ‘[01m[Kflag[m[K’ [[01;35m[K-Wunused-parameter[m[K]
[22.737s]    67 |     u_result RPlidarDriver::connect(const char *path, _u32 portOrBaud, [01;35m[K_u32 flag[m[K)
[22.737s]       |                                                                        [01;35m[K~~~~~^~~~[m[K
[22.739s] [01m[K/home/ubuntu/ros2_ws/src/sllidar_ros2/sdk/src/rplidar_driver.cpp:[m[K In member function ‘[01m[Ku_result rp::standalone::rplidar::RPlidarDriver::reset(_u32)[m[K’:
[22.740s] [01m[K/home/ubuntu/ros2_ws/src/sllidar_ros2/sdk/src/rplidar_driver.cpp:101:40:[m[K [01;35m[Kwarning: [m[Kunused parameter ‘[01m[Ktimeout[m[K’ [[01;35m[K-Wunused-parameter[m[K]
[22.741s]   101 |     u_result RPlidarDriver::reset([01;35m[K_u32 timeout[m[K)
[22.742s]       |                                   [01;35m[K~~~~~^~~~~~~[m[K
[22.749s] [01m[K/home/ubuntu/ros2_ws/src/sllidar_ros2/sdk/src/rplidar_driver.cpp:[m[K In member function ‘[01m[Ku_result rp::standalone::rplidar::RPlidarDriver::getScanDataWithInterval(rplidar_response_measurement_node_t*, size_t&)[m[K’:
[22.751s] [01m[K/home/ubuntu/ros2_ws/src/sllidar_ros2/sdk/src/rplidar_driver.cpp:175:91:[m[K [01;35m[Kwarning: [m[Kunused parameter ‘[01m[Knodebuffer[m[K’ [[01;35m[K-Wunused-parameter[m[K]
[22.752s]   175 |     u_result RPlidarDriver::getScanDataWithInterval([01;35m[Krplidar_response_measurement_node_t * nodebuffer[m[K, size_t & count)
[22.753s]       |                                                     [01;35m[K~~~~~~~~~~~~~~~~~~~~~~~~~~~~~~~~~~~~~~^~~~~~~~~~[m[K
[22.753s] [01m[K/home/ubuntu/ros2_ws/src/sllidar_ros2/sdk/src/rplidar_driver.cpp:175:112:[m[K [01;35m[Kwarning: [m[Kunused parameter ‘[01m[Kcount[m[K’ [[01;35m[K-Wunused-parameter[m[K]
[22.754s]   175 |     u_result RPlidarDriver::getScanDataWithInterval(rplidar_response_measurement_node_t * nodebuffer, [01;35m[Ksize_t & count[m[K)
[22.755s]       |                                                                                                       [01;35m[K~~~~~~~~~^~~~~[m[K
[23.139s] [ 71%] [32mBuilding CXX object CMakeFiles/sllidar_node.dir/sdk/src/sl_serial_channel.cpp.o[0m
[23.188s] [01m[K/home/ubuntu/ros2_ws/src/sllidar_ros2/sdk/src/sl_serial_channel.cpp:33:9:[m[K [01;35m[Kwarning: [m[K#pragma once in main file
[23.189s]    33 | #pragma [01;35m[Konce[m[K
[23.190s]       |         [01;35m[K^~~~[m[K
[23.472s] In file included from [01m[K/home/ubuntu/ros2_ws/src/sllidar_ros2/./sdk/include/rplidar_protocol.h:36[m[K,
[23.474s]                  from [01m[K/home/ubuntu/ros2_ws/src/sllidar_ros2/./sdk/include/rplidar.h:39[m[K,
[23.475s]                  from [01m[K/home/ubuntu/ros2_ws/src/sllidar_ros2/sdk/src/sdkcommon.h:49[m[K,
[23.476s]                  from [01m[K/home/ubuntu/ros2_ws/src/sllidar_ros2/sdk/src/sl_lidar_driver.cpp:33[m[K:
[23.477s] [01m[K/home/ubuntu/ros2_ws/src/sllidar_ros2/./sdk/include/sl_lidar_protocol.h:58:16:[m[K [01;35m[Kwarning: [m[KISO C++ forbids zero-size array ‘[01m[Kdata[m[K’ [[01;35m[K-Wpedantic[m[K]
[23.478s]    58 |     sl_u8 data[[01;35m[K0[m[K];
[23.479s]       |                [01;35m[K^[m[K
[23.480s] In file included from [01m[K/home/ubuntu/ros2_ws/src/sllidar_ros2/./sdk/include/rplidar_cmd.h:36[m[K,
[23.481s]                  from [01m[K/home/ubuntu/ros2_ws/src/sllidar_ros2/./sdk/include/rplidar.h:40[m[K,
[23.481s]                  from [01m[K/home/ubuntu/ros2_ws/src/sllidar_ros2/sdk/src/sdkcommon.h:49[m[K,
[23.482s]                  from [01m[K/home/ubuntu/ros2_ws/src/sllidar_ros2/sdk/src/sl_lidar_driver.cpp:33[m[K:
[23.483s] [01m[K/home/ubuntu/ros2_ws/src/sllidar_ros2/./sdk/include/sl_lidar_cmd.h:295:20:[m[K [01;35m[Kwarning: [m[KISO C++ forbids zero-size array ‘[01m[Kpayload[m[K’ [[01;35m[K-Wpedantic[m[K]
[23.497s]   295 |     sl_u8  payload[[01;35m[K0[m[K];
[23.500s]       |                    [01;35m[K^[m[K
[23.929s] [01m[K/home/ubuntu/ros2_ws/src/sllidar_ros2/sdk/src/sl_lidar_driver.cpp:[m[K In member function ‘[01m[Kvirtual sl_result sl::SlamtecLidarDriver::reset(sl_u32)[m[K’:
[23.930s] [01m[K/home/ubuntu/ros2_ws/src/sllidar_ros2/sdk/src/sl_lidar_driver.cpp:273:32:[m[K [01;35m[Kwarning: [m[Kunused parameter ‘[01m[KtimeoutInMs[m[K’ [[01;35m[K-Wunused-parameter[m[K]
[23.931s]   273 |         sl_result reset([01;35m[Ksl_u32 timeoutInMs = DEFAULT_TIMEOUT[m[K)
[23.932s]       |                         [01;35m[K~~~~~~~^~~~~~~~~~~~~~~~~~~~~~~~~~~~~[m[K
[23.949s] [01m[K/home/ubuntu/ros2_ws/src/sllidar_ros2/sdk/src/sl_lidar_driver.cpp:[m[K In member function ‘[01m[Kvirtual sl_result sl::SlamtecLidarDriver::getAllSupportedScanModes(std::vector<sl::LidarScanMode>&, sl_u32)[m[K’:
[23.950s] [01m[K/home/ubuntu/ros2_ws/src/sllidar_ros2/sdk/src/sl_lidar_driver.cpp:286:89:[m[K [01;35m[Kwarning: [m[Kunused parameter ‘[01m[KtimeoutInMs[m[K’ [[01;35m[K-Wunused-parameter[m[K]
[23.951s]   286 |         sl_result getAllSupportedScanModes(std::vector<LidarScanMode>& outModes, [01;35m[Ksl_u32 timeoutInMs = DEFAULT_TIMEOUT[m[K)
[23.953s]       |                                                                                  [01;35m[K~~~~~~~^~~~~~~~~~~~~~~~~~~~~~~~~~~~~[m[K
[23.960s] [01m[K/home/ubuntu/ros2_ws/src/sllidar_ros2/sdk/src/sl_lidar_driver.cpp:[m[K In member function ‘[01m[Kvirtual sl_result sl::SlamtecLidarDriver::startScan(bool, bool, sl_u32, sl::LidarScanMode*)[m[K’:
[23.961s] [01m[K/home/ubuntu/ros2_ws/src/sllidar_ros2/sdk/src/sl_lidar_driver.cpp:347:69:[m[K [01;35m[Kwarning: [m[Kunused parameter ‘[01m[Koptions[m[K’ [[01;35m[K-Wunused-parameter[m[K]
[23.962s]   347 |         sl_result startScan(bool force, bool useTypicalScan, [01;35m[Ksl_u32 options = 0[m[K, LidarScanMode* outUsedScanMode = nullptr)
[23.964s]       |                                                              [01;35m[K~~~~~~~^~~~~~~~~~~[m[K
[23.980s] [01m[K/home/ubuntu/ros2_ws/src/sllidar_ros2/sdk/src/sl_lidar_driver.cpp:[m[K In member function ‘[01m[Kvirtual sl_result sl::SlamtecLidarDriver::stop(sl_u32)[m[K’:
[23.982s] [01m[K/home/ubuntu/ros2_ws/src/sllidar_ros2/sdk/src/sl_lidar_driver.cpp:534:31:[m[K [01;35m[Kwarning: [m[Kunused parameter ‘[01m[Ktimeout[m[K’ [[01;35m[K-Wunused-parameter[m[K]
[23.984s]   534 |         sl_result stop([01;35m[Ksl_u32 timeout = DEFAULT_TIMEOUT[m[K)
[23.986s]       |                        [01;35m[K~~~~~~~^~~~~~~~~~~~~~~~~~~~~~~~~[m[K
[23.991s] [01m[K/home/ubuntu/ros2_ws/src/sllidar_ros2/sdk/src/sl_lidar_driver.cpp:[m[K In member function ‘[01m[Kvirtual sl_result sl::SlamtecLidarDriver::getDeviceInfo(sl_lidar_response_device_info_t&, sl_u32)[m[K’:
[23.993s] [01m[K/home/ubuntu/ros2_ws/src/sllidar_ros2/sdk/src/sl_lidar_driver.cpp:579:79:[m[K [01;35m[Kwarning: [m[Kunused parameter ‘[01m[Ktimeout[m[K’ [[01;35m[K-Wunused-parameter[m[K]
[23.995s]   579 |         sl_result getDeviceInfo(sl_lidar_response_device_info_t& info, [01;35m[Ksl_u32 timeout = DEFAULT_TIMEOUT[m[K)
[23.997s]       |                                                                        [01;35m[K~~~~~~~^~~~~~~~~~~~~~~~~~~~~~~~~[m[K
[24.002s] [01m[K/home/ubuntu/ros2_ws/src/sllidar_ros2/sdk/src/sl_lidar_driver.cpp:[m[K In member function ‘[01m[Kvirtual sl_result sl::SlamtecLidarDriver::checkMotorCtrlSupport(sl::MotorCtrlSupport&, sl_u32)[m[K’:
[24.006s] [01m[K/home/ubuntu/ros2_ws/src/sllidar_ros2/sdk/src/sl_lidar_driver.cpp:592:76:[m[K [01;35m[Kwarning: [m[Kunused parameter ‘[01m[Ktimeout[m[K’ [[01;35m[K-Wunused-parameter[m[K]
[24.008s]   592 |         sl_result checkMotorCtrlSupport(MotorCtrlSupport & support, [01;35m[Ksl_u32 timeout = DEFAULT_TIMEOUT[m[K)
[24.011s]       |                                                                     [01;35m[K~~~~~~~^~~~~~~~~~~~~~~~~~~~~~~~~[m[K
[24.014s] [01m[K/home/ubuntu/ros2_ws/src/sllidar_ros2/sdk/src/sl_lidar_driver.cpp:[m[K In member function ‘[01m[Kvirtual sl_result sl::SlamtecLidarDriver::getFrequency(const sl::LidarScanMode&, const sl_lidar_response_measurement_node_hq_t*, size_t, float&)[m[K’:
[24.020s] [01m[K/home/ubuntu/ros2_ws/src/sllidar_ros2/sdk/src/sl_lidar_driver.cpp:627:110:[m[K [01;35m[Kwarning: [m[Kunused parameter ‘[01m[Knodes[m[K’ [[01;35m[K-Wunused-parameter[m[K]
[24.022s]   627 |         sl_result getFrequency(const LidarScanMode& scanMode, [01;35m[Kconst sl_lidar_response_measurement_node_hq_t* nodes[m[K, size_t count, float& frequency)
[24.033s]       |                                                               [01;35m[K~~~~~~~~~~~~~~~~~~~~~~~~~~~~~~~~~~~~~~~~~~~~~~~^~~~~[m[K
[24.035s] [01m[K/home/ubuntu/ros2_ws/src/sllidar_ros2/sdk/src/sl_lidar_driver.cpp:[m[K In member function ‘[01m[Kvirtual sl_result sl::SlamtecLidarDriver::getHealth(sl_lidar_response_device_health_t&, sl_u32)[m[K’:
[24.037s] [01m[K/home/ubuntu/ros2_ws/src/sllidar_ros2/sdk/src/sl_lidar_driver.cpp:640:79:[m[K [01;35m[Kwarning: [m[Kunused parameter ‘[01m[Ktimeout[m[K’ [[01;35m[K-Wunused-parameter[m[K]
[24.039s]   640 |         sl_result getHealth(sl_lidar_response_device_health_t& health, [01;35m[Ksl_u32 timeout = DEFAULT_TIMEOUT[m[K)
[24.042s]       |                                                                        [01;35m[K~~~~~~~^~~~~~~~~~~~~~~~~~~~~~~~~[m[K
[24.044s] [01m[K/home/ubuntu/ros2_ws/src/sllidar_ros2/sdk/src/sl_lidar_driver.cpp:[m[K In member function ‘[01m[Kvirtual sl_result sl::SlamtecLidarDriver::getMotorInfo(sl::LidarMotorInfo&, sl_u32)[m[K’:
[24.057s] [01m[K/home/ubuntu/ros2_ws/src/sllidar_ros2/sdk/src/sl_lidar_driver.cpp:730:66:[m[K [01;35m[Kwarning: [m[Kunused parameter ‘[01m[KtimeoutInMs[m[K’ [[01;35m[K-Wunused-parameter[m[K]
[24.059s]   730 |         sl_result getMotorInfo(LidarMotorInfo &motorInfo, [01;35m[Ksl_u32 timeoutInMs[m[K)
[24.062s]       |                                                           [01;35m[K~~~~~~~^~~~~~~~~~~[m[K
[24.082s] [01m[K/home/ubuntu/ros2_ws/src/sllidar_ros2/sdk/src/sl_lidar_driver.cpp:[m[K In member function ‘[01m[Ksl_result sl::SlamtecLidarDriver::_sendCommand(sl_u16, const void*, size_t)[m[K’:
[24.084s] [01m[K/home/ubuntu/ros2_ws/src/sllidar_ros2/sdk/src/sl_lidar_driver.cpp:1089:35:[m[K [01;35m[Kwarning: [m[Kcomparison of integer expressions of different signedness: ‘[01m[Kint[m[K’ and ‘[01m[Kstd::vector<unsigned char>::size_type[m[K’ {aka ‘[01m[Klong unsigned int[m[K’} [[01;35m[K-Wsign-compare[m[K]
[24.085s]  1089 |             for (int pos = 0; [01;35m[Kpos < cmd_packet.size()[m[K; pos++) {
[24.087s]       |                               [01;35m[K~~~~^~~~~~~~~~~~~~~~~~~[m[K
[24.090s] [01m[K/home/ubuntu/ros2_ws/src/sllidar_ros2/sdk/src/sl_lidar_driver.cpp:1058:19:[m[K [01;35m[Kwarning: [m[Kunused variable ‘[01m[Kpkt_header[m[K’ [[01;35m[K-Wunused-variable[m[K]
[24.093s]  1058 |             sl_u8 [01;35m[Kpkt_header[m[K[10];
[24.095s]       |                   [01;35m[K^~~~~~~~~~[m[K
[24.114s] [01m[K/home/ubuntu/ros2_ws/src/sllidar_ros2/sdk/src/sl_lidar_driver.cpp:[m[K In member function ‘[01m[Kvoid sl::SlamtecLidarDriver::_ultraCapsuleToNormal(const sl_lidar_response_ultra_capsule_measurement_nodes_t&, sl_lidar_response_measurement_node_hq_t*, size_t&)[m[K’:
[24.115s] [01m[K/home/ubuntu/ros2_ws/src/sllidar_ros2/sdk/src/sl_lidar_driver.cpp:1370:40:[m[K [01;35m[Kwarning: [m[Kcomparison of integer expressions of different signedness: ‘[01m[Kint[m[K’ and ‘[01m[Kunsigned int[m[K’ [[01;35m[K-Wsign-compare[m[K]
[24.117s]  1370 |                     if (([01;35m[Kdist_predict1 == 0xFFFFFE00[m[K) || (dist_predict1 == 0x1FF)) {
[24.119s]       |                          [01;35m[K~~~~~~~~~~~~~~^~~~~~~~~~~~~[m[K
[24.122s] [01m[K/home/ubuntu/ros2_ws/src/sllidar_ros2/sdk/src/sl_lidar_driver.cpp:1379:40:[m[K [01;35m[Kwarning: [m[Kcomparison of integer expressions of different signedness: ‘[01m[Kint[m[K’ and ‘[01m[Kunsigned int[m[K’ [[01;35m[K-Wsign-compare[m[K]
[24.125s]  1379 |                     if (([01;35m[Kdist_predict2 == 0xFFFFFE00[m[K) || (dist_predict2 == 0x1FF)) {
[24.128s]       |                          [01;35m[K~~~~~~~~~~~~~~^~~~~~~~~~~~~[m[K
[24.143s] [01m[K/home/ubuntu/ros2_ws/src/sllidar_ros2/sdk/src/sl_lidar_driver.cpp:[m[K In member function ‘[01m[Kvoid sl::SlamtecLidarDriver::_dense_capsuleToNormal(const sl_lidar_response_capsule_measurement_nodes_t&, sl_lidar_response_measurement_node_hq_t*, size_t&)[m[K’:
[24.145s] [01m[K/home/ubuntu/ros2_ws/src/sllidar_ros2/sdk/src/sl_lidar_driver.cpp:1577:116:[m[K [01;35m[Kwarning: [m[Ktype qualifiers ignored on cast result type [[01;35m[K-Wignored-qualifiers[m[K]
[24.147s]  1577 |                     const int dist = static_cast<const int>(_cached_previous_dense_capsuledata.cabins[pos].distance[01;35m[K)[m[K;
[24.148s]       |                                                                                                                    [01;35m[K^[m[K
[24.465s] In file included from [01m[K/home/ubuntu/ros2_ws/src/sllidar_ros2/./sdk/include/sl_lidar_cmd.h:36[m[K,
[24.466s]                  from [01m[K/home/ubuntu/ros2_ws/src/sllidar_ros2/./sdk/include/sl_lidar_driver.h:54[m[K,
[24.467s]                  from [01m[K/home/ubuntu/ros2_ws/src/sllidar_ros2/sdk/src/sl_serial_channel.cpp:34[m[K:
[24.468s] [01m[K/home/ubuntu/ros2_ws/src/sllidar_ros2/./sdk/include/sl_lidar_protocol.h:58:16:[m[K [01;35m[Kwarning: [m[KISO C++ forbids zero-size array ‘[01m[Kdata[m[K’ [[01;35m[K-Wpedantic[m[K]
[24.469s]    58 |     sl_u8 data[[01;35m[K0[m[K];
[24.469s]       |                [01;35m[K^[m[K
[24.470s] In file included from [01m[K/home/ubuntu/ros2_ws/src/sllidar_ros2/./sdk/include/sl_lidar_driver.h:54[m[K,
[24.471s]                  from [01m[K/home/ubuntu/ros2_ws/src/sllidar_ros2/sdk/src/sl_serial_channel.cpp:34[m[K:
[24.473s] [01m[K/home/ubuntu/ros2_ws/src/sllidar_ros2/./sdk/include/sl_lidar_cmd.h:295:20:[m[K [01;35m[Kwarning: [m[KISO C++ forbids zero-size array ‘[01m[Kpayload[m[K’ [[01;35m[K-Wpedantic[m[K]
[24.474s]   295 |     sl_u8  payload[[01;35m[K0[m[K];
[24.476s]       |                    [01;35m[K^[m[K
[24.502s] In file included from [01m[K/home/ubuntu/ros2_ws/src/sllidar_ros2/./sdk/include/sl_lidar_cmd.h:36[m[K,
[24.503s]                  from [01m[K/home/ubuntu/ros2_ws/src/sllidar_ros2/./sdk/include/sl_lidar_driver.h:54[m[K,
[24.504s]                  from [01m[K/home/ubuntu/ros2_ws/src/sllidar_ros2/./sdk/include/sl_lidar.h:36[m[K,
[24.505s]                  from [01m[K/home/ubuntu/ros2_ws/src/sllidar_ros2/src/sllidar_node.cpp:38[m[K:
[24.506s] [01m[K/home/ubuntu/ros2_ws/src/sllidar_ros2/./sdk/include/sl_lidar_protocol.h:58:16:[m[K [01;35m[Kwarning: [m[KISO C++ forbids zero-size array ‘[01m[Kdata[m[K’ [[01;35m[K-Wpedantic[m[K]
[24.507s]    58 |     sl_u8 data[[01;35m[K0[m[K];
[24.508s]       |                [01;35m[K^[m[K
[24.509s] In file included from [01m[K/home/ubuntu/ros2_ws/src/sllidar_ros2/./sdk/include/sl_lidar_driver.h:54[m[K,
[24.510s]                  from [01m[K/home/ubuntu/ros2_ws/src/sllidar_ros2/./sdk/include/sl_lidar.h:36[m[K,
[24.511s]                  from [01m[K/home/ubuntu/ros2_ws/src/sllidar_ros2/src/sllidar_node.cpp:38[m[K:
[24.512s] [01m[K/home/ubuntu/ros2_ws/src/sllidar_ros2/./sdk/include/sl_lidar_cmd.h:295:20:[m[K [01;35m[Kwarning: [m[KISO C++ forbids zero-size array ‘[01m[Kpayload[m[K’ [[01;35m[K-Wpedantic[m[K]
[24.513s]   295 |     sl_u8  payload[[01;35m[K0[m[K];
[24.514s]       |                    [01;35m[K^[m[K
[24.603s] [01m[K/home/ubuntu/ros2_ws/src/sllidar_ros2/sdk/src/sl_lidar_driver.cpp:[m[K At global scope:
[24.604s] [01m[K/home/ubuntu/ros2_ws/src/sllidar_ros2/sdk/src/sl_lidar_driver.cpp:72:17:[m[K [01;35m[Kwarning: [m[K‘[01m[Kvoid sl::convert(const sl_lidar_response_measurement_node_hq_t&, sl_lidar_response_measurement_node_t&)[m[K’ defined but not used [[01;35m[K-Wunused-function[m[K]
[24.605s]    72 |     static void [01;35m[Kconvert[m[K(const sl_lidar_response_measurement_node_hq_t& from, sl_lidar_response_measurement_node_t& to)
[24.606s]       |                 [01;35m[K^~~~~~~[m[K
[24.608s] [01m[K/home/ubuntu/ros2_ws/src/sllidar_ros2/sdk/src/sl_lidar_driver.cpp:59:17:[m[K [01;35m[Kwarning: [m[K‘[01m[Kvoid sl::printDeprecationWarn(const char*, const char*)[m[K’ defined but not used [[01;35m[K-Wunused-function[m[K]
[24.610s]    59 |     static void [01;35m[KprintDeprecationWarn[m[K(const char* fn, const char* replacement)
[24.611s]       |                 [01;35m[K^~~~~~~~~~~~~~~~~~~~[m[K
[24.834s] [ 78%] [32mBuilding CXX object CMakeFiles/sllidar_node.dir/sdk/src/sl_tcp_channel.cpp.o[0m
[24.881s] [01m[K/home/ubuntu/ros2_ws/src/sllidar_ros2/sdk/src/sl_tcp_channel.cpp:33:9:[m[K [01;35m[Kwarning: [m[K#pragma once in main file
[24.882s]    33 | #pragma [01;35m[Konce[m[K
[24.883s]       |         [01;35m[K^~~~[m[K
[26.120s] [ 85%] [32mBuilding CXX object CMakeFiles/sllidar_node.dir/sdk/src/sl_udp_channel.cpp.o[0m
[26.169s] [01m[K/home/ubuntu/ros2_ws/src/sllidar_ros2/sdk/src/sl_udp_channel.cpp:33:9:[m[K [01;35m[Kwarning: [m[K#pragma once in main file
[26.170s]    33 | #pragma [01;35m[Konce[m[K
[26.171s]       |         [01;35m[K^~~~[m[K
[26.299s] In file included from [01m[K/home/ubuntu/ros2_ws/src/sllidar_ros2/./sdk/include/sl_lidar_cmd.h:36[m[K,
[26.300s]                  from [01m[K/home/ubuntu/ros2_ws/src/sllidar_ros2/./sdk/include/sl_lidar_driver.h:54[m[K,
[26.301s]                  from [01m[K/home/ubuntu/ros2_ws/src/sllidar_ros2/sdk/src/sl_tcp_channel.cpp:34[m[K:
[26.302s] [01m[K/home/ubuntu/ros2_ws/src/sllidar_ros2/./sdk/include/sl_lidar_protocol.h:58:16:[m[K [01;35m[Kwarning: [m[KISO C++ forbids zero-size array ‘[01m[Kdata[m[K’ [[01;35m[K-Wpedantic[m[K]
[26.302s]    58 |     sl_u8 data[[01;35m[K0[m[K];
[26.303s]       |                [01;35m[K^[m[K
[26.307s] In file included from [01m[K/home/ubuntu/ros2_ws/src/sllidar_ros2/./sdk/include/sl_lidar_driver.h:54[m[K,
[26.309s]                  from [01m[K/home/ubuntu/ros2_ws/src/sllidar_ros2/sdk/src/sl_tcp_channel.cpp:34[m[K:
[26.310s] [01m[K/home/ubuntu/ros2_ws/src/sllidar_ros2/./sdk/include/sl_lidar_cmd.h:295:20:[m[K [01;35m[Kwarning: [m[KISO C++ forbids zero-size array ‘[01m[Kpayload[m[K’ [[01;35m[K-Wpedantic[m[K]
[26.311s]   295 |     sl_u8  payload[[01;35m[K0[m[K];
[26.312s]       |                    [01;35m[K^[m[K
[26.337s] [01m[K/home/ubuntu/ros2_ws/src/sllidar_ros2/sdk/src/sl_tcp_channel.cpp:[m[K In member function ‘[01m[Kvoid sl::TcpChannel::setStatus(_u32)[m[K’:
[26.340s] [01m[K/home/ubuntu/ros2_ws/src/sllidar_ros2/sdk/src/sl_tcp_channel.cpp:95:29:[m[K [01;35m[Kwarning: [m[Kunused parameter ‘[01m[Kflag[m[K’ [[01;35m[K-Wunused-parameter[m[K]
[26.341s]    95 |         void setStatus([01;35m[K_u32 flag[m[K){}
[26.343s]       |                        [01;35m[K~~~~~^~~~[m[K
[27.243s] In file included from [01m[K/home/ubuntu/ros2_ws/src/sllidar_ros2/./sdk/include/sl_lidar_cmd.h:36[m[K,
[27.245s]                  from [01m[K/home/ubuntu/ros2_ws/src/sllidar_ros2/./sdk/include/sl_lidar_driver.h:54[m[K,
[27.245s]                  from [01m[K/home/ubuntu/ros2_ws/src/sllidar_ros2/sdk/src/sl_udp_channel.cpp:34[m[K:
[27.246s] [01m[K/home/ubuntu/ros2_ws/src/sllidar_ros2/./sdk/include/sl_lidar_protocol.h:58:16:[m[K [01;35m[Kwarning: [m[KISO C++ forbids zero-size array ‘[01m[Kdata[m[K’ [[01;35m[K-Wpedantic[m[K]
[27.249s]    58 |     sl_u8 data[[01;35m[K0[m[K];
[27.252s]       |                [01;35m[K^[m[K
[27.254s] In file included from [01m[K/home/ubuntu/ros2_ws/src/sllidar_ros2/./sdk/include/sl_lidar_driver.h:54[m[K,
[27.258s]                  from [01m[K/home/ubuntu/ros2_ws/src/sllidar_ros2/sdk/src/sl_udp_channel.cpp:34[m[K:
[27.263s] [01m[K/home/ubuntu/ros2_ws/src/sllidar_ros2/./sdk/include/sl_lidar_cmd.h:295:20:[m[K [01;35m[Kwarning: [m[KISO C++ forbids zero-size array ‘[01m[Kpayload[m[K’ [[01;35m[K-Wpedantic[m[K]
[27.267s]   295 |     sl_u8  payload[[01;35m[K0[m[K];
[27.270s]       |                    [01;35m[K^[m[K
[27.280s] [01m[K/home/ubuntu/ros2_ws/src/sllidar_ros2/sdk/src/sl_udp_channel.cpp:[m[K In member function ‘[01m[Kvoid sl::UdpChannel::setStatus(_u32)[m[K’:
[27.282s] [01m[K/home/ubuntu/ros2_ws/src/sllidar_ros2/sdk/src/sl_udp_channel.cpp:103:29:[m[K [01;35m[Kwarning: [m[Kunused parameter ‘[01m[Kflag[m[K’ [[01;35m[K-Wunused-parameter[m[K]
[27.284s]   103 |         void setStatus([01;35m[K_u32 flag[m[K){}
[27.287s]       |                        [01;35m[K~~~~~^~~~[m[K
[29.455s] [01m[K/home/ubuntu/ros2_ws/src/sllidar_ros2/src/sllidar_node.cpp:[m[K In member function ‘[01m[Kbool SLlidarNode::checkSLLIDARHealth(sl::ILidarDriver*)[m[K’:
[29.456s] [01m[K/home/ubuntu/ros2_ws/src/sllidar_ros2/src/sllidar_node.cpp:147:5:[m[K [01;35m[Kwarning: [m[Kcontrol reaches end of non-void function [[01;35m[K-Wreturn-type[m[K]
[29.457s]   147 |     [01;35m[K}[m[K
[29.458s]       |     [01;35m[K^[m[K
[35.023s] [ 92%] [32m[1mLinking CXX executable sllidar_node[0m
[36.087s] [ 92%] Built target sllidar_node
[40.194s] [100%] [32m[1mLinking CXX executable sllidar_client[0m
[41.343s] [100%] Built target sllidar_client
[41.385s] Invoked command in '/home/ubuntu/ros2_ws/build/sllidar_ros2' returned '0': CMAKE_PREFIX_PATH=${CMAKE_PREFIX_PATH}:/home/ubuntu/ros2_ws/install/motor_control:/opt/ros/foxy /usr/bin/cmake --build /home/ubuntu/ros2_ws/build/sllidar_ros2 -- -j4 -l4
[41.667s] Invoking command in '/home/ubuntu/ros2_ws/build/sllidar_ros2': CMAKE_PREFIX_PATH=${CMAKE_PREFIX_PATH}:/home/ubuntu/ros2_ws/install/motor_control:/opt/ros/foxy /usr/bin/cmake --install /home/ubuntu/ros2_ws/build/sllidar_ros2
[41.708s] -- Install configuration: ""
[41.710s] -- Execute custom install script
[41.714s] -- Symlinking: /home/ubuntu/ros2_ws/install/sllidar_ros2/share/sllidar_ros2/launch/sllidar_a3_launch.py
[41.749s] -- Symlinking: /home/ubuntu/ros2_ws/install/sllidar_ros2/share/sllidar_ros2/launch/sllidar_launch.py
[41.784s] -- Symlinking: /home/ubuntu/ros2_ws/install/sllidar_ros2/share/sllidar_ros2/launch/sllidar_s1_launch.py
[41.820s] -- Symlinking: /home/ubuntu/ros2_ws/install/sllidar_ros2/share/sllidar_ros2/launch/sllidar_s1_tcp_launch.py
[41.857s] -- Symlinking: /home/ubuntu/ros2_ws/install/sllidar_ros2/share/sllidar_ros2/launch/sllidar_s2_launch.py
[41.894s] -- Symlinking: /home/ubuntu/ros2_ws/install/sllidar_ros2/share/sllidar_ros2/launch/sllidar_t1_launch.py
[41.930s] -- Symlinking: /home/ubuntu/ros2_ws/install/sllidar_ros2/share/sllidar_ros2/launch/view_sllidar_a3_launch.py
[41.971s] -- Symlinking: /home/ubuntu/ros2_ws/install/sllidar_ros2/share/sllidar_ros2/launch/view_sllidar_launch.py
[42.010s] -- Symlinking: /home/ubuntu/ros2_ws/install/sllidar_ros2/share/sllidar_ros2/launch/view_sllidar_s1_launch.py
[42.051s] -- Symlinking: /home/ubuntu/ros2_ws/install/sllidar_ros2/share/sllidar_ros2/launch/view_sllidar_s1_tcp_launch.py
[42.093s] -- Symlinking: /home/ubuntu/ros2_ws/install/sllidar_ros2/share/sllidar_ros2/launch/view_sllidar_s2_launch.py
[42.137s] -- Symlinking: /home/ubuntu/ros2_ws/install/sllidar_ros2/share/sllidar_ros2/launch/view_sllidar_t1_launch.py
[42.175s] -- Symlinking: /home/ubuntu/ros2_ws/install/sllidar_ros2/share/sllidar_ros2/rviz/sllidar_ros2.rviz
[42.213s] -- Symlinking: /home/ubuntu/ros2_ws/install/sllidar_ros2/lib/sllidar_ros2/sllidar_node
[42.250s] -- Symlinking: /home/ubuntu/ros2_ws/install/sllidar_ros2/lib/sllidar_ros2/sllidar_client
[42.292s] -- Symlinking: /home/ubuntu/ros2_ws/install/sllidar_ros2/share/ament_index/resource_index/package_run_dependencies/sllidar_ros2
[42.326s] -- Symlinking: /home/ubuntu/ros2_ws/install/sllidar_ros2/share/ament_index/resource_index/parent_prefix_path/sllidar_ros2
[42.361s] -- Symlinking: /home/ubuntu/ros2_ws/install/sllidar_ros2/share/sllidar_ros2/environment/ament_prefix_path.sh
[42.398s] -- Symlinking: /home/ubuntu/ros2_ws/install/sllidar_ros2/share/sllidar_ros2/environment/ament_prefix_path.dsv
[42.433s] -- Symlinking: /home/ubuntu/ros2_ws/install/sllidar_ros2/share/sllidar_ros2/environment/path.sh
[42.474s] -- Symlinking: /home/ubuntu/ros2_ws/install/sllidar_ros2/share/sllidar_ros2/environment/path.dsv
[42.512s] -- Symlinking: /home/ubuntu/ros2_ws/install/sllidar_ros2/share/sllidar_ros2/local_setup.bash
[42.567s] -- Symlinking: /home/ubuntu/ros2_ws/install/sllidar_ros2/share/sllidar_ros2/local_setup.sh
[42.605s] -- Symlinking: /home/ubuntu/ros2_ws/install/sllidar_ros2/share/sllidar_ros2/local_setup.zsh
[42.642s] -- Symlinking: /home/ubuntu/ros2_ws/install/sllidar_ros2/share/sllidar_ros2/local_setup.dsv
[42.679s] -- Symlinking: /home/ubuntu/ros2_ws/install/sllidar_ros2/share/sllidar_ros2/package.dsv
[42.723s] -- Symlinking: /home/ubuntu/ros2_ws/install/sllidar_ros2/share/ament_index/resource_index/packages/sllidar_ros2
[42.759s] -- Symlinking: /home/ubuntu/ros2_ws/install/sllidar_ros2/share/sllidar_ros2/cmake/ament_cmake_export_dependencies-extras.cmake
[42.795s] -- Symlinking: /home/ubuntu/ros2_ws/install/sllidar_ros2/share/sllidar_ros2/cmake/ament_cmake_export_include_directories-extras.cmake
[42.833s] -- Symlinking: /home/ubuntu/ros2_ws/install/sllidar_ros2/share/sllidar_ros2/cmake/sllidar_ros2Config.cmake
[42.881s] -- Symlinking: /home/ubuntu/ros2_ws/install/sllidar_ros2/share/sllidar_ros2/cmake/sllidar_ros2Config-version.cmake
[42.919s] -- Symlinking: /home/ubuntu/ros2_ws/install/sllidar_ros2/share/sllidar_ros2/package.xml
[42.967s] Invoked command in '/home/ubuntu/ros2_ws/build/sllidar_ros2' returned '0': CMAKE_PREFIX_PATH=${CMAKE_PREFIX_PATH}:/home/ubuntu/ros2_ws/install/motor_control:/opt/ros/foxy /usr/bin/cmake --install /home/ubuntu/ros2_ws/build/sllidar_ros2
