[4.095s] Invoking command in '/home/ubuntu/ros2_ws/src/smooth_drive': PYTHONPATH=/home/ubuntu/ros2_ws/install/smooth_drive/lib/python3.8/site-packages:${PYTHONPATH} /usr/bin/python3 setup.py egg_info --egg-base ../../build/smooth_drive build --build-base /home/ubuntu/ros2_ws/build/smooth_drive/build install --prefix /home/ubuntu/ros2_ws/install/smooth_drive --record /home/ubuntu/ros2_ws/build/smooth_drive/install.log --single-version-externally-managed
[5.050s] running egg_info
[5.052s] writing ../../build/smooth_drive/smooth_drive.egg-info/PKG-INFO
[5.053s] writing dependency_links to ../../build/smooth_drive/smooth_drive.egg-info/dependency_links.txt
[5.054s] writing entry points to ../../build/smooth_drive/smooth_drive.egg-info/entry_points.txt
[5.055s] writing requirements to ../../build/smooth_drive/smooth_drive.egg-info/requires.txt
[5.055s] writing top-level names to ../../build/smooth_drive/smooth_drive.egg-info/top_level.txt
[5.202s] reading manifest file '../../build/smooth_drive/smooth_drive.egg-info/SOURCES.txt'
[5.206s] writing manifest file '../../build/smooth_drive/smooth_drive.egg-info/SOURCES.txt'
[5.207s] running build
[5.208s] running build_py
[5.208s] copying smooth_drive/pid_control.py -> /home/ubuntu/ros2_ws/build/smooth_drive/build/lib/smooth_drive
[5.209s] running install
[5.212s] running install_lib
[5.216s] copying /home/ubuntu/ros2_ws/build/smooth_drive/build/lib/smooth_drive/pid_control.py -> /home/ubuntu/ros2_ws/install/smooth_drive/lib/python3.8/site-packages/smooth_drive
[5.219s] byte-compiling /home/ubuntu/ros2_ws/install/smooth_drive/lib/python3.8/site-packages/smooth_drive/pid_control.py to pid_control.cpython-38.pyc
[5.227s] running install_data
[5.229s] running install_egg_info
[5.235s] removing '/home/ubuntu/ros2_ws/install/smooth_drive/lib/python3.8/site-packages/smooth_drive-0.0.0-py3.8.egg-info' (and everything under it)
[5.237s] Copying ../../build/smooth_drive/smooth_drive.egg-info to /home/ubuntu/ros2_ws/install/smooth_drive/lib/python3.8/site-packages/smooth_drive-0.0.0-py3.8.egg-info
[5.243s] running install_scripts
[5.317s] Installing smooth_drive script to /home/ubuntu/ros2_ws/install/smooth_drive/lib/smooth_drive
[5.319s] writing list of installed files to '/home/ubuntu/ros2_ws/build/smooth_drive/install.log'
[5.421s] Invoked command in '/home/ubuntu/ros2_ws/src/smooth_drive' returned '0': PYTHONPATH=/home/ubuntu/ros2_ws/install/smooth_drive/lib/python3.8/site-packages:${PYTHONPATH} /usr/bin/python3 setup.py egg_info --egg-base ../../build/smooth_drive build --build-base /home/ubuntu/ros2_ws/build/smooth_drive/build install --prefix /home/ubuntu/ros2_ws/install/smooth_drive --record /home/ubuntu/ros2_ws/build/smooth_drive/install.log --single-version-externally-managed
