[6.580s] Invoking command in '/home/ubuntu/ros2_ws/src/odom_builder': PYTHONPATH=/home/ubuntu/ros2_ws/install/odom_builder/lib/python3.8/site-packages:${PYTHONPATH} /usr/bin/python3 setup.py egg_info --egg-base ../../build/odom_builder build --build-base /home/ubuntu/ros2_ws/build/odom_builder/build install --prefix /home/ubuntu/ros2_ws/install/odom_builder --record /home/ubuntu/ros2_ws/build/odom_builder/install.log --single-version-externally-managed
[9.221s] running egg_info
[9.223s] writing ../../build/odom_builder/odom_builder.egg-info/PKG-INFO
[9.224s] writing dependency_links to ../../build/odom_builder/odom_builder.egg-info/dependency_links.txt
[9.225s] writing entry points to ../../build/odom_builder/odom_builder.egg-info/entry_points.txt
[9.226s] writing requirements to ../../build/odom_builder/odom_builder.egg-info/requires.txt
[9.228s] writing top-level names to ../../build/odom_builder/odom_builder.egg-info/top_level.txt
[9.720s] reading manifest file '../../build/odom_builder/odom_builder.egg-info/SOURCES.txt'
[9.743s] writing manifest file '../../build/odom_builder/odom_builder.egg-info/SOURCES.txt'
[9.748s] running build
[9.749s] running build_py
[9.753s] running install
[9.766s] running install_lib
[9.782s] running install_data
[9.791s] running install_egg_info
[9.817s] removing '/home/ubuntu/ros2_ws/install/odom_builder/lib/python3.8/site-packages/odom_builder-0.0.0-py3.8.egg-info' (and everything under it)
[9.825s] Copying ../../build/odom_builder/odom_builder.egg-info to /home/ubuntu/ros2_ws/install/odom_builder/lib/python3.8/site-packages/odom_builder-0.0.0-py3.8.egg-info
[9.844s] running install_scripts
[10.054s] Installing odo_pub script to /home/ubuntu/ros2_ws/install/odom_builder/lib/odom_builder
[10.059s] writing list of installed files to '/home/ubuntu/ros2_ws/build/odom_builder/install.log'
[10.233s] Invoked command in '/home/ubuntu/ros2_ws/src/odom_builder' returned '0': PYTHONPATH=/home/ubuntu/ros2_ws/install/odom_builder/lib/python3.8/site-packages:${PYTHONPATH} /usr/bin/python3 setup.py egg_info --egg-base ../../build/odom_builder build --build-base /home/ubuntu/ros2_ws/build/odom_builder/build install --prefix /home/ubuntu/ros2_ws/install/odom_builder --record /home/ubuntu/ros2_ws/build/odom_builder/install.log --single-version-externally-managed
