[0.969s] Invoking command in '/home/ubuntu/ros2_ws/build/ps_ros2_common': CMAKE_PREFIX_PATH=${CMAKE_PREFIX_PATH}:/home/ubuntu/ros2_ws/install/motor_control:/opt/ros/foxy /usr/bin/cmake --build /home/ubuntu/ros2_ws/build/ps_ros2_common -- -j4 -l4
[1.839s] [100%] Built target joy_test
[1.889s] Invoked command in '/home/ubuntu/ros2_ws/build/ps_ros2_common' returned '0': CMAKE_PREFIX_PATH=${CMAKE_PREFIX_PATH}:/home/ubuntu/ros2_ws/install/motor_control:/opt/ros/foxy /usr/bin/cmake --build /home/ubuntu/ros2_ws/build/ps_ros2_common -- -j4 -l4
[2.050s] Invoking command in '/home/ubuntu/ros2_ws/build/ps_ros2_common': CMAKE_PREFIX_PATH=${CMAKE_PREFIX_PATH}:/home/ubuntu/ros2_ws/install/motor_control:/opt/ros/foxy /usr/bin/cmake --install /home/ubuntu/ros2_ws/build/ps_ros2_common
[2.087s] -- Install configuration: ""
[2.092s] -- Execute custom install script
[2.099s] -- Up-to-date symlink: /home/ubuntu/ros2_ws/install/ps_ros2_common/lib/ps_ros2_common/joy_test
[2.108s] -- Up-to-date symlink: /home/ubuntu/ros2_ws/install/ps_ros2_common/share/ps_ros2_common/launch/.test.launch.py.swp
[2.111s] -- Up-to-date symlink: /home/ubuntu/ros2_ws/install/ps_ros2_common/share/ps_ros2_common/launch/test.launch.py
[2.116s] -- Up-to-date symlink: /home/ubuntu/ros2_ws/install/ps_ros2_common/share/ament_index/resource_index/package_run_dependencies/ps_ros2_common
[2.120s] -- Up-to-date symlink: /home/ubuntu/ros2_ws/install/ps_ros2_common/share/ament_index/resource_index/parent_prefix_path/ps_ros2_common
[2.124s] -- Up-to-date symlink: /home/ubuntu/ros2_ws/install/ps_ros2_common/share/ps_ros2_common/environment/ament_prefix_path.sh
[2.127s] -- Up-to-date symlink: /home/ubuntu/ros2_ws/install/ps_ros2_common/share/ps_ros2_common/environment/ament_prefix_path.dsv
[2.129s] -- Up-to-date symlink: /home/ubuntu/ros2_ws/install/ps_ros2_common/share/ps_ros2_common/environment/path.sh
[2.131s] -- Up-to-date symlink: /home/ubuntu/ros2_ws/install/ps_ros2_common/share/ps_ros2_common/environment/path.dsv
[2.136s] -- Up-to-date symlink: /home/ubuntu/ros2_ws/install/ps_ros2_common/share/ps_ros2_common/local_setup.bash
[2.147s] -- Up-to-date symlink: /home/ubuntu/ros2_ws/install/ps_ros2_common/share/ps_ros2_common/local_setup.sh
[2.151s] -- Up-to-date symlink: /home/ubuntu/ros2_ws/install/ps_ros2_common/share/ps_ros2_common/local_setup.zsh
[2.151s] -- Up-to-date symlink: /home/ubuntu/ros2_ws/install/ps_ros2_common/share/ps_ros2_common/local_setup.dsv
[2.152s] -- Symlinking: /home/ubuntu/ros2_ws/install/ps_ros2_common/share/ps_ros2_common/package.dsv
[2.183s] -- Up-to-date symlink: /home/ubuntu/ros2_ws/install/ps_ros2_common/share/ament_index/resource_index/packages/ps_ros2_common
[2.187s] -- Up-to-date symlink: /home/ubuntu/ros2_ws/install/ps_ros2_common/share/ps_ros2_common/cmake/ps_ros2_commonConfig.cmake
[2.189s] -- Up-to-date symlink: /home/ubuntu/ros2_ws/install/ps_ros2_common/share/ps_ros2_common/cmake/ps_ros2_commonConfig-version.cmake
[2.191s] -- Up-to-date symlink: /home/ubuntu/ros2_ws/install/ps_ros2_common/share/ps_ros2_common/package.xml
[2.203s] Invoked command in '/home/ubuntu/ros2_ws/build/ps_ros2_common' returned '0': CMAKE_PREFIX_PATH=${CMAKE_PREFIX_PATH}:/home/ubuntu/ros2_ws/install/motor_control:/opt/ros/foxy /usr/bin/cmake --install /home/ubuntu/ros2_ws/build/ps_ros2_common
