[4.832s] Invoking command in '/home/ubuntu/ros2_ws/src/cart_start': PYTHONPATH=/home/ubuntu/ros2_ws/install/cart_start/lib/python3.8/site-packages:${PYTHONPATH} /usr/bin/python3 setup.py egg_info --egg-base ../../build/cart_start build --build-base /home/ubuntu/ros2_ws/build/cart_start/build install --prefix /home/ubuntu/ros2_ws/install/cart_start --record /home/ubuntu/ros2_ws/build/cart_start/install.log --single-version-externally-managed
[6.324s] running egg_info
[6.325s] writing ../../build/cart_start/cart_start.egg-info/PKG-INFO
[6.335s] writing dependency_links to ../../build/cart_start/cart_start.egg-info/dependency_links.txt
[6.336s] writing entry points to ../../build/cart_start/cart_start.egg-info/entry_points.txt
[6.337s] writing requirements to ../../build/cart_start/cart_start.egg-info/requires.txt
[6.340s] writing top-level names to ../../build/cart_start/cart_start.egg-info/top_level.txt
[6.442s] reading manifest file '../../build/cart_start/cart_start.egg-info/SOURCES.txt'
[6.443s] writing manifest file '../../build/cart_start/cart_start.egg-info/SOURCES.txt'
[6.444s] running build
[6.444s] running build_py
[6.445s] running install
[6.448s] running install_lib
[6.455s] running install_data
[6.459s] running install_egg_info
[6.468s] removing '/home/ubuntu/ros2_ws/install/cart_start/lib/python3.8/site-packages/cart_start-0.0.0-py3.8.egg-info' (and everything under it)
[6.472s] Copying ../../build/cart_start/cart_start.egg-info to /home/ubuntu/ros2_ws/install/cart_start/lib/python3.8/site-packages/cart_start-0.0.0-py3.8.egg-info
[6.486s] running install_scripts
[6.586s] writing list of installed files to '/home/ubuntu/ros2_ws/build/cart_start/install.log'
[7.741s] Invoked command in '/home/ubuntu/ros2_ws/src/cart_start' returned '0': PYTHONPATH=/home/ubuntu/ros2_ws/install/cart_start/lib/python3.8/site-packages:${PYTHONPATH} /usr/bin/python3 setup.py egg_info --egg-base ../../build/cart_start build --build-base /home/ubuntu/ros2_ws/build/cart_start/build install --prefix /home/ubuntu/ros2_ws/install/cart_start --record /home/ubuntu/ros2_ws/build/cart_start/install.log --single-version-externally-managed
