[3.270s] Invoking command in '/home/ubuntu/ros2_ws/src/motor_control': PYTHONPATH=/home/ubuntu/ros2_ws/install/motor_control/lib/python3.8/site-packages:${PYTHONPATH} /usr/bin/python3 setup.py egg_info --egg-base ../../build/motor_control build --build-base /home/ubuntu/ros2_ws/build/motor_control/build install --prefix /home/ubuntu/ros2_ws/install/motor_control --record /home/ubuntu/ros2_ws/build/motor_control/install.log --single-version-externally-managed
[4.210s] running egg_info
[4.212s] writing ../../build/motor_control/motor_control.egg-info/PKG-INFO
[4.215s] writing dependency_links to ../../build/motor_control/motor_control.egg-info/dependency_links.txt
[4.216s] writing entry points to ../../build/motor_control/motor_control.egg-info/entry_points.txt
[4.217s] writing requirements to ../../build/motor_control/motor_control.egg-info/requires.txt
[4.217s] writing top-level names to ../../build/motor_control/motor_control.egg-info/top_level.txt
[4.370s] reading manifest file '../../build/motor_control/motor_control.egg-info/SOURCES.txt'
[4.375s] writing manifest file '../../build/motor_control/motor_control.egg-info/SOURCES.txt'
[4.376s] running build
[4.376s] running build_py
[4.381s] running install
[4.384s] running install_lib
[4.392s] running install_data
[4.397s] running install_egg_info
[4.405s] removing '/home/ubuntu/ros2_ws/install/motor_control/lib/python3.8/site-packages/motor_control-0.0.0-py3.8.egg-info' (and everything under it)
[4.406s] Copying ../../build/motor_control/motor_control.egg-info to /home/ubuntu/ros2_ws/install/motor_control/lib/python3.8/site-packages/motor_control-0.0.0-py3.8.egg-info
[4.413s] running install_scripts
[4.486s] Installing listener script to /home/ubuntu/ros2_ws/install/motor_control/lib/motor_control
[4.489s] writing list of installed files to '/home/ubuntu/ros2_ws/build/motor_control/install.log'
[4.601s] Invoked command in '/home/ubuntu/ros2_ws/src/motor_control' returned '0': PYTHONPATH=/home/ubuntu/ros2_ws/install/motor_control/lib/python3.8/site-packages:${PYTHONPATH} /usr/bin/python3 setup.py egg_info --egg-base ../../build/motor_control build --build-base /home/ubuntu/ros2_ws/build/motor_control/build install --prefix /home/ubuntu/ros2_ws/install/motor_control --record /home/ubuntu/ros2_ws/build/motor_control/install.log --single-version-externally-managed
