[3.546s] Invoking command in '/home/ubuntu/ros2_ws/src/odom_builder': PYTHONPATH=/home/ubuntu/ros2_ws/install/odom_builder/lib/python3.8/site-packages:${PYTHONPATH} /usr/bin/python3 setup.py egg_info --egg-base ../../build/odom_builder build --build-base /home/ubuntu/ros2_ws/build/odom_builder/build install --prefix /home/ubuntu/ros2_ws/install/odom_builder --record /home/ubuntu/ros2_ws/build/odom_builder/install.log --single-version-externally-managed
[4.457s] running egg_info
[4.460s] writing ../../build/odom_builder/odom_builder.egg-info/PKG-INFO
[4.461s] writing dependency_links to ../../build/odom_builder/odom_builder.egg-info/dependency_links.txt
[4.462s] writing entry points to ../../build/odom_builder/odom_builder.egg-info/entry_points.txt
[4.462s] writing requirements to ../../build/odom_builder/odom_builder.egg-info/requires.txt
[4.463s] writing top-level names to ../../build/odom_builder/odom_builder.egg-info/top_level.txt
[4.610s] reading manifest file '../../build/odom_builder/odom_builder.egg-info/SOURCES.txt'
[4.614s] writing manifest file '../../build/odom_builder/odom_builder.egg-info/SOURCES.txt'
[4.614s] running build
[4.615s] running build_py
[4.615s] copying odom_builder/odometry_pub.py -> /home/ubuntu/ros2_ws/build/odom_builder/build/lib/odom_builder
[4.617s] running install
[4.620s] running install_lib
[4.624s] copying /home/ubuntu/ros2_ws/build/odom_builder/build/lib/odom_builder/odometry_pub.py -> /home/ubuntu/ros2_ws/install/odom_builder/lib/python3.8/site-packages/odom_builder
[4.627s] byte-compiling /home/ubuntu/ros2_ws/install/odom_builder/lib/python3.8/site-packages/odom_builder/odometry_pub.py to odometry_pub.cpython-38.pyc
[4.634s] running install_data
[4.636s] running install_egg_info
[4.642s] removing '/home/ubuntu/ros2_ws/install/odom_builder/lib/python3.8/site-packages/odom_builder-0.0.0-py3.8.egg-info' (and everything under it)
[4.644s] Copying ../../build/odom_builder/odom_builder.egg-info to /home/ubuntu/ros2_ws/install/odom_builder/lib/python3.8/site-packages/odom_builder-0.0.0-py3.8.egg-info
[4.649s] running install_scripts
[4.717s] Installing odo_pub script to /home/ubuntu/ros2_ws/install/odom_builder/lib/odom_builder
[4.719s] writing list of installed files to '/home/ubuntu/ros2_ws/build/odom_builder/install.log'
[4.820s] Invoked command in '/home/ubuntu/ros2_ws/src/odom_builder' returned '0': PYTHONPATH=/home/ubuntu/ros2_ws/install/odom_builder/lib/python3.8/site-packages:${PYTHONPATH} /usr/bin/python3 setup.py egg_info --egg-base ../../build/odom_builder build --build-base /home/ubuntu/ros2_ws/build/odom_builder/build install --prefix /home/ubuntu/ros2_ws/install/odom_builder --record /home/ubuntu/ros2_ws/build/odom_builder/install.log --single-version-externally-managed
