[5.518s] Invoking command in '/home/ubuntu/ros2_ws/src/odom_builder': PYTHONPATH=/home/ubuntu/ros2_ws/install/odom_builder/lib/python3.8/site-packages:${PYTHONPATH} /usr/bin/python3 setup.py egg_info --egg-base ../../build/odom_builder build --build-base /home/ubuntu/ros2_ws/build/odom_builder/build install --prefix /home/ubuntu/ros2_ws/install/odom_builder --record /home/ubuntu/ros2_ws/build/odom_builder/install.log --single-version-externally-managed
[6.743s] running egg_info
[6.746s] writing ../../build/odom_builder/odom_builder.egg-info/PKG-INFO
[6.749s] writing dependency_links to ../../build/odom_builder/odom_builder.egg-info/dependency_links.txt
[6.750s] writing entry points to ../../build/odom_builder/odom_builder.egg-info/entry_points.txt
[6.752s] writing requirements to ../../build/odom_builder/odom_builder.egg-info/requires.txt
[6.754s] writing top-level names to ../../build/odom_builder/odom_builder.egg-info/top_level.txt
[6.927s] reading manifest file '../../build/odom_builder/odom_builder.egg-info/SOURCES.txt'
[6.932s] writing manifest file '../../build/odom_builder/odom_builder.egg-info/SOURCES.txt'
[6.934s] running build
[6.936s] running build_py
[6.938s] copying odom_builder/odometry_pub.py -> /home/ubuntu/ros2_ws/build/odom_builder/build/lib/odom_builder
[6.940s] running install
[6.942s] running install_lib
[6.945s] copying /home/ubuntu/ros2_ws/build/odom_builder/build/lib/odom_builder/odometry_pub.py -> /home/ubuntu/ros2_ws/install/odom_builder/lib/python3.8/site-packages/odom_builder
[6.949s] byte-compiling /home/ubuntu/ros2_ws/install/odom_builder/lib/python3.8/site-packages/odom_builder/odometry_pub.py to odometry_pub.cpython-38.pyc
[6.956s] running install_data
[6.959s] running install_egg_info
[6.982s] removing '/home/ubuntu/ros2_ws/install/odom_builder/lib/python3.8/site-packages/odom_builder-0.0.0-py3.8.egg-info' (and everything under it)
[6.983s] Copying ../../build/odom_builder/odom_builder.egg-info to /home/ubuntu/ros2_ws/install/odom_builder/lib/python3.8/site-packages/odom_builder-0.0.0-py3.8.egg-info
[6.992s] running install_scripts
[7.134s] Installing odo_pub script to /home/ubuntu/ros2_ws/install/odom_builder/lib/odom_builder
[7.136s] writing list of installed files to '/home/ubuntu/ros2_ws/build/odom_builder/install.log'
[7.282s] Invoked command in '/home/ubuntu/ros2_ws/src/odom_builder' returned '0': PYTHONPATH=/home/ubuntu/ros2_ws/install/odom_builder/lib/python3.8/site-packages:${PYTHONPATH} /usr/bin/python3 setup.py egg_info --egg-base ../../build/odom_builder build --build-base /home/ubuntu/ros2_ws/build/odom_builder/build install --prefix /home/ubuntu/ros2_ws/install/odom_builder --record /home/ubuntu/ros2_ws/build/odom_builder/install.log --single-version-externally-managed
