[4.770s] Invoking command in '/home/ubuntu/ros2_ws/build/drive_base_msgs': CMAKE_PREFIX_PATH=/opt/ros/foxy /usr/bin/cmake --build /home/ubuntu/ros2_ws/build/drive_base_msgs -- -j4 -l4
[5.329s] [  1%] Built target drive_base_msgs__cpp
[5.487s] [ 12%] Built target drive_base_msgs__rosidl_generator_c
[5.935s] [ 23%] Built target drive_base_msgs__rosidl_typesupport_cpp
[6.142s] [ 36%] Built target drive_base_msgs__rosidl_typesupport_introspection_cpp
[6.148s] [ 45%] Built target drive_base_msgs__rosidl_typesupport_fastrtps_cpp
[6.210s] [ 56%] Built target drive_base_msgs__rosidl_typesupport_introspection_c
[6.549s] [ 67%] Built target drive_base_msgs__rosidl_typesupport_c
[6.720s] [ 78%] Built target drive_base_msgs__rosidl_typesupport_fastrtps_c
[7.055s] [ 78%] Built target drive_base_msgs
[7.488s] [ 80%] Built target drive_base_msgs__py
[8.216s] [ 89%] Built target drive_base_msgs__python
[8.945s] [ 92%] Built target drive_base_msgs__rosidl_typesupport_fastrtps_c__pyext
[9.044s] [ 96%] Built target drive_base_msgs__rosidl_typesupport_introspection_c__pyext
[9.054s] [100%] Built target drive_base_msgs__rosidl_typesupport_c__pyext
[9.240s] Invoked command in '/home/ubuntu/ros2_ws/build/drive_base_msgs' returned '0': CMAKE_PREFIX_PATH=/opt/ros/foxy /usr/bin/cmake --build /home/ubuntu/ros2_ws/build/drive_base_msgs -- -j4 -l4
[10.650s] Invoking command in '/home/ubuntu/ros2_ws/build/drive_base_msgs': CMAKE_PREFIX_PATH=/opt/ros/foxy /usr/bin/cmake --install /home/ubuntu/ros2_ws/build/drive_base_msgs
[10.857s] -- Install configuration: ""
[10.860s] -- Up-to-date: /home/ubuntu/ros2_ws/install/drive_base_msgs/share/ament_index/resource_index/rosidl_interfaces/drive_base_msgs
[10.872s] -- Up-to-date: /home/ubuntu/ros2_ws/install/drive_base_msgs/include/drive_base_msgs
[10.876s] -- Up-to-date: /home/ubuntu/ros2_ws/install/drive_base_msgs/include/drive_base_msgs/msg
[10.886s] -- Up-to-date: /home/ubuntu/ros2_ws/install/drive_base_msgs/include/drive_base_msgs/msg/rosidl_generator_c__visibility_control.h
[10.890s] -- Up-to-date: /home/ubuntu/ros2_ws/install/drive_base_msgs/include/drive_base_msgs/msg/detail
[10.902s] -- Up-to-date: /home/ubuntu/ros2_ws/install/drive_base_msgs/include/drive_base_msgs/msg/detail/command_header__functions.c
[10.910s] -- Up-to-date: /home/ubuntu/ros2_ws/install/drive_base_msgs/include/drive_base_msgs/msg/detail/base_info__struct.h
[10.911s] -- Up-to-date: /home/ubuntu/ros2_ws/install/drive_base_msgs/include/drive_base_msgs/msg/detail/trv_command__functions.c
[10.913s] -- Up-to-date: /home/ubuntu/ros2_ws/install/drive_base_msgs/include/drive_base_msgs/msg/detail/command_header__functions.h
[10.915s] -- Up-to-date: /home/ubuntu/ros2_ws/install/drive_base_msgs/include/drive_base_msgs/msg/detail/trv_command__type_support.h
[10.924s] -- Up-to-date: /home/ubuntu/ros2_ws/install/drive_base_msgs/include/drive_base_msgs/msg/detail/command_header__type_support.h
[10.936s] -- Up-to-date: /home/ubuntu/ros2_ws/install/drive_base_msgs/include/drive_base_msgs/msg/detail/base_info__functions.h
[10.942s] -- Up-to-date: /home/ubuntu/ros2_ws/install/drive_base_msgs/include/drive_base_msgs/msg/detail/command_header__struct.h
[10.945s] -- Up-to-date: /home/ubuntu/ros2_ws/install/drive_base_msgs/include/drive_base_msgs/msg/detail/base_info__type_support.h
[10.948s] -- Up-to-date: /home/ubuntu/ros2_ws/install/drive_base_msgs/include/drive_base_msgs/msg/detail/command_status__type_support.h
[10.953s] -- Up-to-date: /home/ubuntu/ros2_ws/install/drive_base_msgs/include/drive_base_msgs/msg/detail/command_status__functions.c
[10.955s] -- Up-to-date: /home/ubuntu/ros2_ws/install/drive_base_msgs/include/drive_base_msgs/msg/detail/command_status__functions.h
[10.957s] -- Up-to-date: /home/ubuntu/ros2_ws/install/drive_base_msgs/include/drive_base_msgs/msg/detail/trv_command__struct.h
[10.966s] -- Up-to-date: /home/ubuntu/ros2_ws/install/drive_base_msgs/include/drive_base_msgs/msg/detail/base_info__functions.c
[10.968s] -- Up-to-date: /home/ubuntu/ros2_ws/install/drive_base_msgs/include/drive_base_msgs/msg/detail/command_status__struct.h
[10.969s] -- Up-to-date: /home/ubuntu/ros2_ws/install/drive_base_msgs/include/drive_base_msgs/msg/detail/trv_command__functions.h
[10.971s] -- Up-to-date: /home/ubuntu/ros2_ws/install/drive_base_msgs/include/drive_base_msgs/msg/base_info.h
[10.973s] -- Up-to-date: /home/ubuntu/ros2_ws/install/drive_base_msgs/include/drive_base_msgs/msg/command_header.h
[10.974s] -- Up-to-date: /home/ubuntu/ros2_ws/install/drive_base_msgs/include/drive_base_msgs/msg/command_status.h
[10.976s] -- Up-to-date: /home/ubuntu/ros2_ws/install/drive_base_msgs/include/drive_base_msgs/msg/trv_command.h
[10.977s] -- Up-to-date: /home/ubuntu/ros2_ws/install/drive_base_msgs/share/drive_base_msgs/environment/library_path.sh
[10.978s] -- Up-to-date: /home/ubuntu/ros2_ws/install/drive_base_msgs/share/drive_base_msgs/environment/library_path.dsv
[10.980s] -- Up-to-date: /home/ubuntu/ros2_ws/install/drive_base_msgs/lib/libdrive_base_msgs__rosidl_generator_c.so
[10.983s] -- Up-to-date: /home/ubuntu/ros2_ws/install/drive_base_msgs/include/drive_base_msgs
[10.984s] -- Up-to-date: /home/ubuntu/ros2_ws/install/drive_base_msgs/include/drive_base_msgs/msg
[10.987s] -- Up-to-date: /home/ubuntu/ros2_ws/install/drive_base_msgs/include/drive_base_msgs/msg/detail
[10.989s] -- Up-to-date: /home/ubuntu/ros2_ws/install/drive_base_msgs/include/drive_base_msgs/msg/detail/trv_command__rosidl_typesupport_fastrtps_c.h
[10.991s] -- Up-to-date: /home/ubuntu/ros2_ws/install/drive_base_msgs/include/drive_base_msgs/msg/detail/command_header__rosidl_typesupport_fastrtps_c.h
[11.006s] -- Up-to-date: /home/ubuntu/ros2_ws/install/drive_base_msgs/include/drive_base_msgs/msg/detail/command_status__rosidl_typesupport_fastrtps_c.h
[11.007s] -- Up-to-date: /home/ubuntu/ros2_ws/install/drive_base_msgs/include/drive_base_msgs/msg/detail/base_info__rosidl_typesupport_fastrtps_c.h
[11.009s] -- Up-to-date: /home/ubuntu/ros2_ws/install/drive_base_msgs/include/drive_base_msgs/msg/rosidl_typesupport_fastrtps_c__visibility_control.h
[11.012s] -- Up-to-date: /home/ubuntu/ros2_ws/install/drive_base_msgs/lib/libdrive_base_msgs__rosidl_typesupport_fastrtps_c.so
[11.014s] -- Up-to-date: /home/ubuntu/ros2_ws/install/drive_base_msgs/include/drive_base_msgs
[11.017s] -- Up-to-date: /home/ubuntu/ros2_ws/install/drive_base_msgs/include/drive_base_msgs/msg
[11.018s] -- Up-to-date: /home/ubuntu/ros2_ws/install/drive_base_msgs/include/drive_base_msgs/msg/detail
[11.021s] -- Up-to-date: /home/ubuntu/ros2_ws/install/drive_base_msgs/include/drive_base_msgs/msg/detail/command_header__rosidl_typesupport_fastrtps_cpp.hpp
[11.023s] -- Up-to-date: /home/ubuntu/ros2_ws/install/drive_base_msgs/include/drive_base_msgs/msg/detail/base_info__rosidl_typesupport_fastrtps_cpp.hpp
[11.026s] -- Up-to-date: /home/ubuntu/ros2_ws/install/drive_base_msgs/include/drive_base_msgs/msg/detail/dds_fastrtps
[11.028s] -- Up-to-date: /home/ubuntu/ros2_ws/install/drive_base_msgs/include/drive_base_msgs/msg/detail/trv_command__rosidl_typesupport_fastrtps_cpp.hpp
[11.035s] -- Up-to-date: /home/ubuntu/ros2_ws/install/drive_base_msgs/include/drive_base_msgs/msg/detail/command_status__rosidl_typesupport_fastrtps_cpp.hpp
[11.037s] -- Up-to-date: /home/ubuntu/ros2_ws/install/drive_base_msgs/include/drive_base_msgs/msg/rosidl_typesupport_fastrtps_cpp__visibility_control.h
[11.040s] -- Up-to-date: /home/ubuntu/ros2_ws/install/drive_base_msgs/lib/libdrive_base_msgs__rosidl_typesupport_fastrtps_cpp.so
[11.041s] -- Up-to-date: /home/ubuntu/ros2_ws/install/drive_base_msgs/include/drive_base_msgs
[11.045s] -- Up-to-date: /home/ubuntu/ros2_ws/install/drive_base_msgs/include/drive_base_msgs/msg
[11.047s] -- Up-to-date: /home/ubuntu/ros2_ws/install/drive_base_msgs/include/drive_base_msgs/msg/rosidl_typesupport_introspection_c__visibility_control.h
[11.048s] -- Up-to-date: /home/ubuntu/ros2_ws/install/drive_base_msgs/include/drive_base_msgs/msg/detail
[11.051s] -- Up-to-date: /home/ubuntu/ros2_ws/install/drive_base_msgs/include/drive_base_msgs/msg/detail/base_info__rosidl_typesupport_introspection_c.h
[11.054s] -- Up-to-date: /home/ubuntu/ros2_ws/install/drive_base_msgs/include/drive_base_msgs/msg/detail/trv_command__type_support.c
[11.056s] -- Up-to-date: /home/ubuntu/ros2_ws/install/drive_base_msgs/include/drive_base_msgs/msg/detail/trv_command__rosidl_typesupport_introspection_c.h
[11.057s] -- Up-to-date: /home/ubuntu/ros2_ws/install/drive_base_msgs/include/drive_base_msgs/msg/detail/base_info__type_support.c
[11.060s] -- Up-to-date: /home/ubuntu/ros2_ws/install/drive_base_msgs/include/drive_base_msgs/msg/detail/command_header__rosidl_typesupport_introspection_c.h
[11.067s] -- Up-to-date: /home/ubuntu/ros2_ws/install/drive_base_msgs/include/drive_base_msgs/msg/detail/command_header__type_support.c
[11.070s] -- Up-to-date: /home/ubuntu/ros2_ws/install/drive_base_msgs/include/drive_base_msgs/msg/detail/command_status__type_support.c
[11.071s] -- Up-to-date: /home/ubuntu/ros2_ws/install/drive_base_msgs/include/drive_base_msgs/msg/detail/command_status__rosidl_typesupport_introspection_c.h
[11.073s] -- Up-to-date: /home/ubuntu/ros2_ws/install/drive_base_msgs/lib/libdrive_base_msgs__rosidl_typesupport_introspection_c.so
[11.076s] -- Up-to-date: /home/ubuntu/ros2_ws/install/drive_base_msgs/lib/libdrive_base_msgs__rosidl_typesupport_c.so
[11.078s] -- Up-to-date: /home/ubuntu/ros2_ws/install/drive_base_msgs/include/drive_base_msgs
[11.079s] -- Up-to-date: /home/ubuntu/ros2_ws/install/drive_base_msgs/include/drive_base_msgs/msg
[11.082s] -- Up-to-date: /home/ubuntu/ros2_ws/install/drive_base_msgs/include/drive_base_msgs/msg/detail
[11.084s] -- Up-to-date: /home/ubuntu/ros2_ws/install/drive_base_msgs/include/drive_base_msgs/msg/detail/trv_command__struct.hpp
[11.086s] -- Up-to-date: /home/ubuntu/ros2_ws/install/drive_base_msgs/include/drive_base_msgs/msg/detail/base_info__builder.hpp
[11.087s] -- Up-to-date: /home/ubuntu/ros2_ws/install/drive_base_msgs/include/drive_base_msgs/msg/detail/trv_command__traits.hpp
[11.095s] -- Up-to-date: /home/ubuntu/ros2_ws/install/drive_base_msgs/include/drive_base_msgs/msg/detail/command_status__builder.hpp
[11.100s] -- Up-to-date: /home/ubuntu/ros2_ws/install/drive_base_msgs/include/drive_base_msgs/msg/detail/command_header__builder.hpp
[11.103s] -- Up-to-date: /home/ubuntu/ros2_ws/install/drive_base_msgs/include/drive_base_msgs/msg/detail/trv_command__builder.hpp
[11.104s] -- Up-to-date: /home/ubuntu/ros2_ws/install/drive_base_msgs/include/drive_base_msgs/msg/detail/command_header__traits.hpp
[11.107s] -- Up-to-date: /home/ubuntu/ros2_ws/install/drive_base_msgs/include/drive_base_msgs/msg/detail/command_status__struct.hpp
[11.111s] -- Up-to-date: /home/ubuntu/ros2_ws/install/drive_base_msgs/include/drive_base_msgs/msg/detail/base_info__struct.hpp
[11.115s] -- Up-to-date: /home/ubuntu/ros2_ws/install/drive_base_msgs/include/drive_base_msgs/msg/detail/base_info__traits.hpp
[11.117s] -- Up-to-date: /home/ubuntu/ros2_ws/install/drive_base_msgs/include/drive_base_msgs/msg/detail/command_header__struct.hpp
[11.120s] -- Up-to-date: /home/ubuntu/ros2_ws/install/drive_base_msgs/include/drive_base_msgs/msg/detail/command_status__traits.hpp
[11.124s] -- Up-to-date: /home/ubuntu/ros2_ws/install/drive_base_msgs/include/drive_base_msgs/msg/command_status.hpp
[11.129s] -- Up-to-date: /home/ubuntu/ros2_ws/install/drive_base_msgs/include/drive_base_msgs/msg/command_header.hpp
[11.132s] -- Up-to-date: /home/ubuntu/ros2_ws/install/drive_base_msgs/include/drive_base_msgs/msg/trv_command.hpp
[11.135s] -- Up-to-date: /home/ubuntu/ros2_ws/install/drive_base_msgs/include/drive_base_msgs/msg/base_info.hpp
[11.138s] -- Up-to-date: /home/ubuntu/ros2_ws/install/drive_base_msgs/include/drive_base_msgs
[11.139s] -- Up-to-date: /home/ubuntu/ros2_ws/install/drive_base_msgs/include/drive_base_msgs/msg
[11.142s] -- Up-to-date: /home/ubuntu/ros2_ws/install/drive_base_msgs/include/drive_base_msgs/msg/detail
[11.144s] -- Up-to-date: /home/ubuntu/ros2_ws/install/drive_base_msgs/include/drive_base_msgs/msg/detail/base_info__type_support.cpp
[11.147s] -- Up-to-date: /home/ubuntu/ros2_ws/install/drive_base_msgs/include/drive_base_msgs/msg/detail/trv_command__type_support.cpp
[11.150s] -- Up-to-date: /home/ubuntu/ros2_ws/install/drive_base_msgs/include/drive_base_msgs/msg/detail/base_info__rosidl_typesupport_introspection_cpp.hpp
[11.152s] -- Up-to-date: /home/ubuntu/ros2_ws/install/drive_base_msgs/include/drive_base_msgs/msg/detail/trv_command__rosidl_typesupport_introspection_cpp.hpp
[11.162s] -- Up-to-date: /home/ubuntu/ros2_ws/install/drive_base_msgs/include/drive_base_msgs/msg/detail/command_header__rosidl_typesupport_introspection_cpp.hpp
[11.167s] -- Up-to-date: /home/ubuntu/ros2_ws/install/drive_base_msgs/include/drive_base_msgs/msg/detail/command_status__type_support.cpp
[11.169s] -- Up-to-date: /home/ubuntu/ros2_ws/install/drive_base_msgs/include/drive_base_msgs/msg/detail/command_header__type_support.cpp
[11.170s] -- Up-to-date: /home/ubuntu/ros2_ws/install/drive_base_msgs/include/drive_base_msgs/msg/detail/command_status__rosidl_typesupport_introspection_cpp.hpp
[11.172s] -- Up-to-date: /home/ubuntu/ros2_ws/install/drive_base_msgs/lib/libdrive_base_msgs__rosidl_typesupport_introspection_cpp.so
[11.173s] -- Up-to-date: /home/ubuntu/ros2_ws/install/drive_base_msgs/lib/libdrive_base_msgs__rosidl_typesupport_cpp.so
[11.177s] -- Up-to-date: /home/ubuntu/ros2_ws/install/drive_base_msgs/share/drive_base_msgs/environment/pythonpath.sh
[11.178s] -- Up-to-date: /home/ubuntu/ros2_ws/install/drive_base_msgs/share/drive_base_msgs/environment/pythonpath.dsv
[11.179s] -- Up-to-date: /home/ubuntu/ros2_ws/install/drive_base_msgs/lib/python3.8/site-packages/drive_base_msgs/__init__.py
[11.394s] -- Up-to-date: /home/ubuntu/ros2_ws/install/drive_base_msgs/lib/python3.8/site-packages/drive_base_msgs/msg
[11.395s] -- Up-to-date: /home/ubuntu/ros2_ws/install/drive_base_msgs/lib/python3.8/site-packages/drive_base_msgs/msg/_command_header_s.c
[11.399s] -- Up-to-date: /home/ubuntu/ros2_ws/install/drive_base_msgs/lib/python3.8/site-packages/drive_base_msgs/msg/__init__.py
[11.400s] -- Up-to-date: /home/ubuntu/ros2_ws/install/drive_base_msgs/lib/python3.8/site-packages/drive_base_msgs/msg/_trv_command.py
[11.411s] -- Up-to-date: /home/ubuntu/ros2_ws/install/drive_base_msgs/lib/python3.8/site-packages/drive_base_msgs/msg/_trv_command_s.c
[11.436s] -- Up-to-date: /home/ubuntu/ros2_ws/install/drive_base_msgs/lib/python3.8/site-packages/drive_base_msgs/msg/_base_info_s.c
[11.439s] -- Up-to-date: /home/ubuntu/ros2_ws/install/drive_base_msgs/lib/python3.8/site-packages/drive_base_msgs/msg/_command_status.py
[11.443s] -- Up-to-date: /home/ubuntu/ros2_ws/install/drive_base_msgs/lib/python3.8/site-packages/drive_base_msgs/msg/_command_status_s.c
[11.446s] -- Up-to-date: /home/ubuntu/ros2_ws/install/drive_base_msgs/lib/python3.8/site-packages/drive_base_msgs/msg/_base_info.py
[11.449s] -- Up-to-date: /home/ubuntu/ros2_ws/install/drive_base_msgs/lib/python3.8/site-packages/drive_base_msgs/msg/_command_header.py
[11.452s] -- Up-to-date: /home/ubuntu/ros2_ws/install/drive_base_msgs/lib/python3.8/site-packages/drive_base_msgs/drive_base_msgs_s__rosidl_typesupport_fastrtps_c.cpython-38-aarch64-linux-gnu.so
[11.458s] -- Up-to-date: /home/ubuntu/ros2_ws/install/drive_base_msgs/lib/python3.8/site-packages/drive_base_msgs/drive_base_msgs_s__rosidl_typesupport_introspection_c.cpython-38-aarch64-linux-gnu.so
[11.466s] -- Up-to-date: /home/ubuntu/ros2_ws/install/drive_base_msgs/lib/python3.8/site-packages/drive_base_msgs/drive_base_msgs_s__rosidl_typesupport_c.cpython-38-aarch64-linux-gnu.so
[11.483s] -- Up-to-date: /home/ubuntu/ros2_ws/install/drive_base_msgs/lib/libdrive_base_msgs__python.so
[11.488s] -- Up-to-date: /home/ubuntu/ros2_ws/install/drive_base_msgs/share/drive_base_msgs/msg/CommandHeader.idl
[11.499s] -- Up-to-date: /home/ubuntu/ros2_ws/install/drive_base_msgs/share/drive_base_msgs/msg/BaseInfo.idl
[11.507s] -- Up-to-date: /home/ubuntu/ros2_ws/install/drive_base_msgs/share/drive_base_msgs/msg/CommandStatus.idl
[11.508s] -- Up-to-date: /home/ubuntu/ros2_ws/install/drive_base_msgs/share/drive_base_msgs/msg/TRVCommand.idl
[11.514s] -- Up-to-date: /home/ubuntu/ros2_ws/install/drive_base_msgs/share/drive_base_msgs/msg/CommandHeader.msg
[11.529s] -- Up-to-date: /home/ubuntu/ros2_ws/install/drive_base_msgs/share/drive_base_msgs/msg/BaseInfo.msg
[11.537s] -- Up-to-date: /home/ubuntu/ros2_ws/install/drive_base_msgs/share/drive_base_msgs/msg/CommandStatus.msg
[11.545s] -- Up-to-date: /home/ubuntu/ros2_ws/install/drive_base_msgs/share/drive_base_msgs/msg/TRVCommand.msg
[11.558s] -- Up-to-date: /home/ubuntu/ros2_ws/install/drive_base_msgs/share/ament_index/resource_index/package_run_dependencies/drive_base_msgs
[11.565s] -- Up-to-date: /home/ubuntu/ros2_ws/install/drive_base_msgs/share/ament_index/resource_index/parent_prefix_path/drive_base_msgs
[11.581s] -- Up-to-date: /home/ubuntu/ros2_ws/install/drive_base_msgs/share/drive_base_msgs/environment/ament_prefix_path.sh
[11.589s] -- Up-to-date: /home/ubuntu/ros2_ws/install/drive_base_msgs/share/drive_base_msgs/environment/ament_prefix_path.dsv
[11.605s] -- Up-to-date: /home/ubuntu/ros2_ws/install/drive_base_msgs/share/drive_base_msgs/environment/path.sh
[11.618s] -- Up-to-date: /home/ubuntu/ros2_ws/install/drive_base_msgs/share/drive_base_msgs/environment/path.dsv
[11.621s] -- Up-to-date: /home/ubuntu/ros2_ws/install/drive_base_msgs/share/drive_base_msgs/local_setup.bash
[11.623s] -- Up-to-date: /home/ubuntu/ros2_ws/install/drive_base_msgs/share/drive_base_msgs/local_setup.sh
[11.624s] -- Up-to-date: /home/ubuntu/ros2_ws/install/drive_base_msgs/share/drive_base_msgs/local_setup.zsh
[11.626s] -- Up-to-date: /home/ubuntu/ros2_ws/install/drive_base_msgs/share/drive_base_msgs/local_setup.dsv
[11.627s] -- Installing: /home/ubuntu/ros2_ws/install/drive_base_msgs/share/drive_base_msgs/package.dsv
[11.628s] -- Up-to-date: /home/ubuntu/ros2_ws/install/drive_base_msgs/share/ament_index/resource_index/packages/drive_base_msgs
[11.662s] -- Up-to-date: /home/ubuntu/ros2_ws/install/drive_base_msgs/share/drive_base_msgs/cmake/drive_base_msgs__rosidl_generator_cExport.cmake
[11.664s] -- Up-to-date: /home/ubuntu/ros2_ws/install/drive_base_msgs/share/drive_base_msgs/cmake/drive_base_msgs__rosidl_generator_cExport-noconfig.cmake
[11.665s] -- Up-to-date: /home/ubuntu/ros2_ws/install/drive_base_msgs/share/drive_base_msgs/cmake/drive_base_msgs__rosidl_typesupport_introspection_cExport.cmake
[11.667s] -- Up-to-date: /home/ubuntu/ros2_ws/install/drive_base_msgs/share/drive_base_msgs/cmake/drive_base_msgs__rosidl_typesupport_introspection_cExport-noconfig.cmake
[11.668s] -- Up-to-date: /home/ubuntu/ros2_ws/install/drive_base_msgs/share/drive_base_msgs/cmake/drive_base_msgs__rosidl_typesupport_cExport.cmake
[11.680s] -- Up-to-date: /home/ubuntu/ros2_ws/install/drive_base_msgs/share/drive_base_msgs/cmake/drive_base_msgs__rosidl_typesupport_cExport-noconfig.cmake
[11.693s] -- Up-to-date: /home/ubuntu/ros2_ws/install/drive_base_msgs/share/drive_base_msgs/cmake/drive_base_msgs__rosidl_generator_cppExport.cmake
[11.695s] -- Up-to-date: /home/ubuntu/ros2_ws/install/drive_base_msgs/share/drive_base_msgs/cmake/drive_base_msgs__rosidl_typesupport_introspection_cppExport.cmake
[11.696s] -- Up-to-date: /home/ubuntu/ros2_ws/install/drive_base_msgs/share/drive_base_msgs/cmake/drive_base_msgs__rosidl_typesupport_introspection_cppExport-noconfig.cmake
[11.697s] -- Up-to-date: /home/ubuntu/ros2_ws/install/drive_base_msgs/share/drive_base_msgs/cmake/drive_base_msgs__rosidl_typesupport_cppExport.cmake
[11.699s] -- Up-to-date: /home/ubuntu/ros2_ws/install/drive_base_msgs/share/drive_base_msgs/cmake/drive_base_msgs__rosidl_typesupport_cppExport-noconfig.cmake
[11.700s] -- Up-to-date: /home/ubuntu/ros2_ws/install/drive_base_msgs/share/drive_base_msgs/cmake/rosidl_cmake-extras.cmake
[11.701s] -- Up-to-date: /home/ubuntu/ros2_ws/install/drive_base_msgs/share/drive_base_msgs/cmake/ament_cmake_export_dependencies-extras.cmake
[11.703s] -- Up-to-date: /home/ubuntu/ros2_ws/install/drive_base_msgs/share/drive_base_msgs/cmake/ament_cmake_export_libraries-extras.cmake
[11.704s] -- Up-to-date: /home/ubuntu/ros2_ws/install/drive_base_msgs/share/drive_base_msgs/cmake/ament_cmake_export_targets-extras.cmake
[11.719s] -- Up-to-date: /home/ubuntu/ros2_ws/install/drive_base_msgs/share/drive_base_msgs/cmake/ament_cmake_export_include_directories-extras.cmake
[11.728s] -- Up-to-date: /home/ubuntu/ros2_ws/install/drive_base_msgs/share/drive_base_msgs/cmake/rosidl_cmake_export_typesupport_libraries-extras.cmake
[11.729s] -- Up-to-date: /home/ubuntu/ros2_ws/install/drive_base_msgs/share/drive_base_msgs/cmake/rosidl_cmake_export_typesupport_targets-extras.cmake
[11.730s] -- Up-to-date: /home/ubuntu/ros2_ws/install/drive_base_msgs/share/drive_base_msgs/cmake/drive_base_msgsConfig.cmake
[11.732s] -- Up-to-date: /home/ubuntu/ros2_ws/install/drive_base_msgs/share/drive_base_msgs/cmake/drive_base_msgsConfig-version.cmake
[11.738s] -- Up-to-date: /home/ubuntu/ros2_ws/install/drive_base_msgs/share/drive_base_msgs/package.xml
[11.747s] Invoked command in '/home/ubuntu/ros2_ws/build/drive_base_msgs' returned '0': CMAKE_PREFIX_PATH=/opt/ros/foxy /usr/bin/cmake --install /home/ubuntu/ros2_ws/build/drive_base_msgs
