[0.167s] Invoking command in '/home/ubuntu/ros2_ws/build/wilie_bringup': AMENT_PREFIX_PATH=/home/ubuntu/ros2_ws/install/motor_control:${AMENT_PREFIX_PATH} CMAKE_PREFIX_PATH=/opt/ros/foxy PYTHONPATH=/home/ubuntu/ros2_ws/install/motor_control/lib/python3.8/site-packages:${PYTHONPATH} /usr/bin/cmake --build /home/ubuntu/ros2_ws/build/wilie_bringup -- -j4 -l4
[0.598s] Invoked command in '/home/ubuntu/ros2_ws/build/wilie_bringup' returned '0': AMENT_PREFIX_PATH=/home/ubuntu/ros2_ws/install/motor_control:${AMENT_PREFIX_PATH} CMAKE_PREFIX_PATH=/opt/ros/foxy PYTHONPATH=/home/ubuntu/ros2_ws/install/motor_control/lib/python3.8/site-packages:${PYTHONPATH} /usr/bin/cmake --build /home/ubuntu/ros2_ws/build/wilie_bringup -- -j4 -l4
[0.929s] Invoking command in '/home/ubuntu/ros2_ws/build/wilie_bringup': AMENT_PREFIX_PATH=/home/ubuntu/ros2_ws/install/motor_control:${AMENT_PREFIX_PATH} CMAKE_PREFIX_PATH=/opt/ros/foxy PYTHONPATH=/home/ubuntu/ros2_ws/install/motor_control/lib/python3.8/site-packages:${PYTHONPATH} /usr/bin/cmake --install /home/ubuntu/ros2_ws/build/wilie_bringup
[1.100s] -- Install configuration: ""
[1.107s] -- Up-to-date: /home/ubuntu/ros2_ws/install/wilie_bringup/share/ament_index/resource_index/package_run_dependencies/wilie_bringup
[1.109s] -- Up-to-date: /home/ubuntu/ros2_ws/install/wilie_bringup/share/ament_index/resource_index/parent_prefix_path/wilie_bringup
[1.112s] -- Up-to-date: /home/ubuntu/ros2_ws/install/wilie_bringup/share/wilie_bringup/environment/ament_prefix_path.sh
[1.121s] -- Up-to-date: /home/ubuntu/ros2_ws/install/wilie_bringup/share/wilie_bringup/environment/ament_prefix_path.dsv
[1.124s] -- Up-to-date: /home/ubuntu/ros2_ws/install/wilie_bringup/share/wilie_bringup/environment/path.sh
[1.126s] -- Up-to-date: /home/ubuntu/ros2_ws/install/wilie_bringup/share/wilie_bringup/environment/path.dsv
[1.129s] -- Up-to-date: /home/ubuntu/ros2_ws/install/wilie_bringup/share/wilie_bringup/local_setup.bash
[1.131s] -- Up-to-date: /home/ubuntu/ros2_ws/install/wilie_bringup/share/wilie_bringup/local_setup.sh
[1.134s] -- Up-to-date: /home/ubuntu/ros2_ws/install/wilie_bringup/share/wilie_bringup/local_setup.zsh
[1.136s] -- Up-to-date: /home/ubuntu/ros2_ws/install/wilie_bringup/share/wilie_bringup/local_setup.dsv
[1.140s] -- Installing: /home/ubuntu/ros2_ws/install/wilie_bringup/share/wilie_bringup/package.dsv
[1.151s] -- Up-to-date: /home/ubuntu/ros2_ws/install/wilie_bringup/share/ament_index/resource_index/packages/wilie_bringup
[1.154s] -- Up-to-date: /home/ubuntu/ros2_ws/install/wilie_bringup/share/wilie_bringup/cmake/wilie_bringupConfig.cmake
[1.156s] -- Up-to-date: /home/ubuntu/ros2_ws/install/wilie_bringup/share/wilie_bringup/cmake/wilie_bringupConfig-version.cmake
[1.159s] -- Up-to-date: /home/ubuntu/ros2_ws/install/wilie_bringup/share/wilie_bringup/package.xml
[1.188s] Invoked command in '/home/ubuntu/ros2_ws/build/wilie_bringup' returned '0': AMENT_PREFIX_PATH=/home/ubuntu/ros2_ws/install/motor_control:${AMENT_PREFIX_PATH} CMAKE_PREFIX_PATH=/opt/ros/foxy PYTHONPATH=/home/ubuntu/ros2_ws/install/motor_control/lib/python3.8/site-packages:${PYTHONPATH} /usr/bin/cmake --install /home/ubuntu/ros2_ws/build/wilie_bringup
