[2.666s] Invoking command in '/home/ubuntu/ros2_ws/src/motor_control': PYTHONPATH=/home/ubuntu/ros2_ws/install/motor_control/lib/python3.8/site-packages:${PYTHONPATH} /usr/bin/python3 setup.py egg_info --egg-base ../../build/motor_control build --build-base /home/ubuntu/ros2_ws/build/motor_control/build install --prefix /home/ubuntu/ros2_ws/install/motor_control --record /home/ubuntu/ros2_ws/build/motor_control/install.log --single-version-externally-managed
[3.536s] running egg_info
[3.539s] writing ../../build/motor_control/motor_control.egg-info/PKG-INFO
[3.540s] writing dependency_links to ../../build/motor_control/motor_control.egg-info/dependency_links.txt
[3.541s] writing entry points to ../../build/motor_control/motor_control.egg-info/entry_points.txt
[3.541s] writing requirements to ../../build/motor_control/motor_control.egg-info/requires.txt
[3.542s] writing top-level names to ../../build/motor_control/motor_control.egg-info/top_level.txt
[3.685s] reading manifest file '../../build/motor_control/motor_control.egg-info/SOURCES.txt'
[3.690s] writing manifest file '../../build/motor_control/motor_control.egg-info/SOURCES.txt'
[3.690s] running build
[3.691s] running build_py
[3.692s] copying motor_control/motor_sub.py -> /home/ubuntu/ros2_ws/build/motor_control/build/lib/motor_control
[3.693s] running install
[3.696s] running install_lib
[3.700s] copying /home/ubuntu/ros2_ws/build/motor_control/build/lib/motor_control/motor_sub.py -> /home/ubuntu/ros2_ws/install/motor_control/lib/python3.8/site-packages/motor_control
[3.703s] byte-compiling /home/ubuntu/ros2_ws/install/motor_control/lib/python3.8/site-packages/motor_control/motor_sub.py to motor_sub.cpython-38.pyc
[3.709s] running install_data
[3.711s] running install_egg_info
[3.717s] removing '/home/ubuntu/ros2_ws/install/motor_control/lib/python3.8/site-packages/motor_control-0.0.0-py3.8.egg-info' (and everything under it)
[3.719s] Copying ../../build/motor_control/motor_control.egg-info to /home/ubuntu/ros2_ws/install/motor_control/lib/python3.8/site-packages/motor_control-0.0.0-py3.8.egg-info
[3.725s] running install_scripts
[3.793s] Installing listener script to /home/ubuntu/ros2_ws/install/motor_control/lib/motor_control
[3.795s] writing list of installed files to '/home/ubuntu/ros2_ws/build/motor_control/install.log'
[3.894s] Invoked command in '/home/ubuntu/ros2_ws/src/motor_control' returned '0': PYTHONPATH=/home/ubuntu/ros2_ws/install/motor_control/lib/python3.8/site-packages:${PYTHONPATH} /usr/bin/python3 setup.py egg_info --egg-base ../../build/motor_control build --build-base /home/ubuntu/ros2_ws/build/motor_control/build install --prefix /home/ubuntu/ros2_ws/install/motor_control --record /home/ubuntu/ros2_ws/build/motor_control/install.log --single-version-externally-managed
