[0.097s] Invoking command in '/home/ubuntu/ros2_ws/build/wilie_bringup': AMENT_PREFIX_PATH=/home/ubuntu/ros2_ws/install/motor_control:/home/ubuntu/ros2_ws/install/wilie_bringup:/home/ubuntu/ros2_ws/install/sllidar_ros2:/home/ubuntu/ros2_ws/install/ps_ros2_common:/home/ubuntu/ros2_ws/install/odom_builder:/home/ubuntu/ros2_ws/install/cart_start:/opt/ros/foxy CMAKE_PREFIX_PATH=${CMAKE_PREFIX_PATH}:/home/ubuntu/ros2_ws/install/odom_builder:/home/ubuntu/ros2_ws/install/motor_control:/home/ubuntu/ros2_ws/install/cart_start:/opt/ros/foxy PYTHONPATH=/home/ubuntu/ros2_ws/install/motor_control/lib/python3.8/site-packages:/home/ubuntu/ros2_ws/install/odom_builder/lib/python3.8/site-packages:/home/ubuntu/ros2_ws/install/cart_start/lib/python3.8/site-packages:/opt/ros/foxy/lib/python3.8/site-packages /usr/bin/cmake --build /home/ubuntu/ros2_ws/build/wilie_bringup -- -j4 -l4
[0.272s] Invoked command in '/home/ubuntu/ros2_ws/build/wilie_bringup' returned '0': AMENT_PREFIX_PATH=/home/ubuntu/ros2_ws/install/motor_control:/home/ubuntu/ros2_ws/install/wilie_bringup:/home/ubuntu/ros2_ws/install/sllidar_ros2:/home/ubuntu/ros2_ws/install/ps_ros2_common:/home/ubuntu/ros2_ws/install/odom_builder:/home/ubuntu/ros2_ws/install/cart_start:/opt/ros/foxy CMAKE_PREFIX_PATH=${CMAKE_PREFIX_PATH}:/home/ubuntu/ros2_ws/install/odom_builder:/home/ubuntu/ros2_ws/install/motor_control:/home/ubuntu/ros2_ws/install/cart_start:/opt/ros/foxy PYTHONPATH=/home/ubuntu/ros2_ws/install/motor_control/lib/python3.8/site-packages:/home/ubuntu/ros2_ws/install/odom_builder/lib/python3.8/site-packages:/home/ubuntu/ros2_ws/install/cart_start/lib/python3.8/site-packages:/opt/ros/foxy/lib/python3.8/site-packages /usr/bin/cmake --build /home/ubuntu/ros2_ws/build/wilie_bringup -- -j4 -l4
[0.386s] Invoking command in '/home/ubuntu/ros2_ws/build/wilie_bringup': AMENT_PREFIX_PATH=/home/ubuntu/ros2_ws/install/motor_control:/home/ubuntu/ros2_ws/install/wilie_bringup:/home/ubuntu/ros2_ws/install/sllidar_ros2:/home/ubuntu/ros2_ws/install/ps_ros2_common:/home/ubuntu/ros2_ws/install/odom_builder:/home/ubuntu/ros2_ws/install/cart_start:/opt/ros/foxy CMAKE_PREFIX_PATH=${CMAKE_PREFIX_PATH}:/home/ubuntu/ros2_ws/install/odom_builder:/home/ubuntu/ros2_ws/install/motor_control:/home/ubuntu/ros2_ws/install/cart_start:/opt/ros/foxy PYTHONPATH=/home/ubuntu/ros2_ws/install/motor_control/lib/python3.8/site-packages:/home/ubuntu/ros2_ws/install/odom_builder/lib/python3.8/site-packages:/home/ubuntu/ros2_ws/install/cart_start/lib/python3.8/site-packages:/opt/ros/foxy/lib/python3.8/site-packages /usr/bin/cmake --install /home/ubuntu/ros2_ws/build/wilie_bringup
[0.419s] -- Install configuration: ""
[0.420s] -- Up-to-date: /home/ubuntu/ros2_ws/install/wilie_bringup/share/ament_index/resource_index/package_run_dependencies/wilie_bringup
[0.421s] -- Up-to-date: /home/ubuntu/ros2_ws/install/wilie_bringup/share/ament_index/resource_index/parent_prefix_path/wilie_bringup
[0.421s] -- Up-to-date: /home/ubuntu/ros2_ws/install/wilie_bringup/share/wilie_bringup/environment/ament_prefix_path.sh
[0.422s] -- Up-to-date: /home/ubuntu/ros2_ws/install/wilie_bringup/share/wilie_bringup/environment/ament_prefix_path.dsv
[0.422s] -- Up-to-date: /home/ubuntu/ros2_ws/install/wilie_bringup/share/wilie_bringup/environment/path.sh
[0.423s] -- Up-to-date: /home/ubuntu/ros2_ws/install/wilie_bringup/share/wilie_bringup/environment/path.dsv
[0.424s] -- Up-to-date: /home/ubuntu/ros2_ws/install/wilie_bringup/share/wilie_bringup/local_setup.bash
[0.424s] -- Up-to-date: /home/ubuntu/ros2_ws/install/wilie_bringup/share/wilie_bringup/local_setup.sh
[0.424s] -- Up-to-date: /home/ubuntu/ros2_ws/install/wilie_bringup/share/wilie_bringup/local_setup.zsh
[0.425s] -- Up-to-date: /home/ubuntu/ros2_ws/install/wilie_bringup/share/wilie_bringup/local_setup.dsv
[0.426s] -- Installing: /home/ubuntu/ros2_ws/install/wilie_bringup/share/wilie_bringup/package.dsv
[0.426s] -- Up-to-date: /home/ubuntu/ros2_ws/install/wilie_bringup/share/ament_index/resource_index/packages/wilie_bringup
[0.427s] -- Up-to-date: /home/ubuntu/ros2_ws/install/wilie_bringup/share/wilie_bringup/cmake/wilie_bringupConfig.cmake
[0.427s] -- Up-to-date: /home/ubuntu/ros2_ws/install/wilie_bringup/share/wilie_bringup/cmake/wilie_bringupConfig-version.cmake
[0.428s] -- Up-to-date: /home/ubuntu/ros2_ws/install/wilie_bringup/share/wilie_bringup/package.xml
[0.437s] Invoked command in '/home/ubuntu/ros2_ws/build/wilie_bringup' returned '0': AMENT_PREFIX_PATH=/home/ubuntu/ros2_ws/install/motor_control:/home/ubuntu/ros2_ws/install/wilie_bringup:/home/ubuntu/ros2_ws/install/sllidar_ros2:/home/ubuntu/ros2_ws/install/ps_ros2_common:/home/ubuntu/ros2_ws/install/odom_builder:/home/ubuntu/ros2_ws/install/cart_start:/opt/ros/foxy CMAKE_PREFIX_PATH=${CMAKE_PREFIX_PATH}:/home/ubuntu/ros2_ws/install/odom_builder:/home/ubuntu/ros2_ws/install/motor_control:/home/ubuntu/ros2_ws/install/cart_start:/opt/ros/foxy PYTHONPATH=/home/ubuntu/ros2_ws/install/motor_control/lib/python3.8/site-packages:/home/ubuntu/ros2_ws/install/odom_builder/lib/python3.8/site-packages:/home/ubuntu/ros2_ws/install/cart_start/lib/python3.8/site-packages:/opt/ros/foxy/lib/python3.8/site-packages /usr/bin/cmake --install /home/ubuntu/ros2_ws/build/wilie_bringup
