[0.078s] Invoking command in '/home/ubuntu/ros2_ws/build/micro_ros_setup': CMAKE_PREFIX_PATH=${CMAKE_PREFIX_PATH}:/home/ubuntu/ros2_ws/install/odom_builder:/home/ubuntu/ros2_ws/install/motor_control:/home/ubuntu/ros2_ws/install/cart_start:/opt/ros/foxy /usr/bin/cmake --build /home/ubuntu/ros2_ws/build/micro_ros_setup -- -j4 -l4
[0.418s] Invoked command in '/home/ubuntu/ros2_ws/build/micro_ros_setup' returned '0': CMAKE_PREFIX_PATH=${CMAKE_PREFIX_PATH}:/home/ubuntu/ros2_ws/install/odom_builder:/home/ubuntu/ros2_ws/install/motor_control:/home/ubuntu/ros2_ws/install/cart_start:/opt/ros/foxy /usr/bin/cmake --build /home/ubuntu/ros2_ws/build/micro_ros_setup -- -j4 -l4
[0.626s] Invoking command in '/home/ubuntu/ros2_ws/build/micro_ros_setup': CMAKE_PREFIX_PATH=${CMAKE_PREFIX_PATH}:/home/ubuntu/ros2_ws/install/odom_builder:/home/ubuntu/ros2_ws/install/motor_control:/home/ubuntu/ros2_ws/install/cart_start:/opt/ros/foxy /usr/bin/cmake --install /home/ubuntu/ros2_ws/build/micro_ros_setup
[0.701s] -- Install configuration: ""
[0.702s] -- Up-to-date: /home/ubuntu/ros2_ws/install/micro_ros_setup/share/ament_index/resource_index/package_run_dependencies/micro_ros_setup
[0.702s] -- Up-to-date: /home/ubuntu/ros2_ws/install/micro_ros_setup/share/ament_index/resource_index/parent_prefix_path/micro_ros_setup
[0.706s] -- Up-to-date: /home/ubuntu/ros2_ws/install/micro_ros_setup/share/micro_ros_setup/environment/ament_prefix_path.sh
[0.709s] -- Up-to-date: /home/ubuntu/ros2_ws/install/micro_ros_setup/share/micro_ros_setup/environment/ament_prefix_path.dsv
[0.710s] -- Up-to-date: /home/ubuntu/ros2_ws/install/micro_ros_setup/share/micro_ros_setup/environment/path.sh
[0.711s] -- Up-to-date: /home/ubuntu/ros2_ws/install/micro_ros_setup/share/micro_ros_setup/environment/path.dsv
[0.715s] -- Up-to-date: /home/ubuntu/ros2_ws/install/micro_ros_setup/share/micro_ros_setup/local_setup.bash
[0.715s] -- Up-to-date: /home/ubuntu/ros2_ws/install/micro_ros_setup/share/micro_ros_setup/local_setup.sh
[0.718s] -- Up-to-date: /home/ubuntu/ros2_ws/install/micro_ros_setup/share/micro_ros_setup/local_setup.zsh
[0.727s] -- Up-to-date: /home/ubuntu/ros2_ws/install/micro_ros_setup/share/micro_ros_setup/local_setup.dsv
[0.727s] -- Installing: /home/ubuntu/ros2_ws/install/micro_ros_setup/share/micro_ros_setup/package.dsv
[0.728s] -- Up-to-date: /home/ubuntu/ros2_ws/install/micro_ros_setup/share/ament_index/resource_index/packages/micro_ros_setup
[0.729s] -- Up-to-date: /home/ubuntu/ros2_ws/install/micro_ros_setup/share/micro_ros_setup/cmake/micro_ros_setupConfig.cmake
[0.730s] -- Up-to-date: /home/ubuntu/ros2_ws/install/micro_ros_setup/share/micro_ros_setup/cmake/micro_ros_setupConfig-version.cmake
[0.731s] -- Up-to-date: /home/ubuntu/ros2_ws/install/micro_ros_setup/share/micro_ros_setup/package.xml
[0.733s] -- Up-to-date: /home/ubuntu/ros2_ws/install/micro_ros_setup/./config
[0.748s] -- Up-to-date: /home/ubuntu/ros2_ws/install/micro_ros_setup/./config/agent_uros_packages.repos
[0.751s] -- Up-to-date: /home/ubuntu/ros2_ws/install/micro_ros_setup/./config/client_ros2_packages.txt
[0.753s] -- Up-to-date: /home/ubuntu/ros2_ws/install/micro_ros_setup/./config/host
[0.757s] -- Up-to-date: /home/ubuntu/ros2_ws/install/micro_ros_setup/./config/host/client_ros2_packages.txt
[0.758s] -- Up-to-date: /home/ubuntu/ros2_ws/install/micro_ros_setup/./config/host/dev_uros_packages.repos
[0.769s] -- Up-to-date: /home/ubuntu/ros2_ws/install/micro_ros_setup/./config/host/dev_ros2_packages.txt
[0.770s] -- Up-to-date: /home/ubuntu/ros2_ws/install/micro_ros_setup/./config/host/generic
[0.771s] -- Up-to-date: /home/ubuntu/ros2_ws/install/micro_ros_setup/./config/host/generic/client_host_packages.repos
[0.772s] -- Up-to-date: /home/ubuntu/ros2_ws/install/micro_ros_setup/./config/host/generic/package.xml
[0.798s] -- Up-to-date: /home/ubuntu/ros2_ws/install/micro_ros_setup/./config/host/generic/build.sh
[0.799s] -- Up-to-date: /home/ubuntu/ros2_ws/install/micro_ros_setup/./config/host/generic/flash.sh
[0.799s] -- Up-to-date: /home/ubuntu/ros2_ws/install/micro_ros_setup/./config/host/generic/reset.sh
[0.800s] -- Up-to-date: /home/ubuntu/ros2_ws/install/micro_ros_setup/./config/host/generic/create.sh
[0.801s] -- Up-to-date: /home/ubuntu/ros2_ws/install/micro_ros_setup/./config/host/generic/client-host-colcon.meta
[0.802s] -- Up-to-date: /home/ubuntu/ros2_ws/install/micro_ros_setup/./config/raspbian
[0.806s] -- Up-to-date: /home/ubuntu/ros2_ws/install/micro_ros_setup/./config/raspbian/dev_uros_packages.repos
[0.807s] -- Up-to-date: /home/ubuntu/ros2_ws/install/micro_ros_setup/./config/raspbian/dev_ros2_packages.txt
[0.809s] -- Up-to-date: /home/ubuntu/ros2_ws/install/micro_ros_setup/./config/raspbian/generic
[0.811s] -- Up-to-date: /home/ubuntu/ros2_ws/install/micro_ros_setup/./config/raspbian/generic/configure.sh
[0.813s] -- Up-to-date: /home/ubuntu/ros2_ws/install/micro_ros_setup/./config/raspbian/generic/build.sh
[0.816s] -- Up-to-date: /home/ubuntu/ros2_ws/install/micro_ros_setup/./config/raspbian/generic/flash.sh
[0.824s] -- Up-to-date: /home/ubuntu/ros2_ws/install/micro_ros_setup/./config/raspbian/generic/client_uros_packages.repos
[0.825s] -- Up-to-date: /home/ubuntu/ros2_ws/install/micro_ros_setup/./config/raspbian/generic/supported_platforms
[0.833s] -- Up-to-date: /home/ubuntu/ros2_ws/install/micro_ros_setup/./config/raspbian/generic/client-colcon.meta
[0.834s] -- Up-to-date: /home/ubuntu/ros2_ws/install/micro_ros_setup/./config/raspbian/generic/create.sh
[0.835s] -- Up-to-date: /home/ubuntu/ros2_ws/install/micro_ros_setup/./config/nuttx
[0.836s] -- Up-to-date: /home/ubuntu/ros2_ws/install/micro_ros_setup/./config/nuttx/dev_uros_packages.repos
[0.837s] -- Up-to-date: /home/ubuntu/ros2_ws/install/micro_ros_setup/./config/nuttx/dev_ros2_packages.txt
[0.838s] -- Up-to-date: /home/ubuntu/ros2_ws/install/micro_ros_setup/./config/nuttx/generic
[0.838s] -- Up-to-date: /home/ubuntu/ros2_ws/install/micro_ros_setup/./config/nuttx/generic/uros_packages.repos
[0.839s] -- Up-to-date: /home/ubuntu/ros2_ws/install/micro_ros_setup/./config/nuttx/generic/configure.sh
[0.840s] -- Up-to-date: /home/ubuntu/ros2_ws/install/micro_ros_setup/./config/nuttx/generic/package.xml
[0.840s] -- Up-to-date: /home/ubuntu/ros2_ws/install/micro_ros_setup/./config/nuttx/generic/build.sh
[0.841s] -- Up-to-date: /home/ubuntu/ros2_ws/install/micro_ros_setup/./config/nuttx/generic/flash.sh
[0.841s] -- Up-to-date: /home/ubuntu/ros2_ws/install/micro_ros_setup/./config/nuttx/generic/reset.sh
[0.842s] -- Up-to-date: /home/ubuntu/ros2_ws/install/micro_ros_setup/./config/nuttx/generic/client_uros_packages.repos
[0.843s] -- Up-to-date: /home/ubuntu/ros2_ws/install/micro_ros_setup/./config/nuttx/generic/supported_platforms
[0.856s] -- Up-to-date: /home/ubuntu/ros2_ws/install/micro_ros_setup/./config/nuttx/generic/client-colcon.meta
[0.858s] -- Up-to-date: /home/ubuntu/ros2_ws/install/micro_ros_setup/./config/nuttx/generic/create.sh
[0.861s] -- Up-to-date: /home/ubuntu/ros2_ws/install/micro_ros_setup/./config/zephyr
[0.863s] -- Up-to-date: /home/ubuntu/ros2_ws/install/micro_ros_setup/./config/zephyr/list_apps.sh
[0.867s] -- Up-to-date: /home/ubuntu/ros2_ws/install/micro_ros_setup/./config/zephyr/dev_uros_packages.repos
[0.871s] -- Up-to-date: /home/ubuntu/ros2_ws/install/micro_ros_setup/./config/zephyr/dev_ros2_packages.txt
[0.873s] -- Up-to-date: /home/ubuntu/ros2_ws/install/micro_ros_setup/./config/zephyr/generic
[0.875s] -- Up-to-date: /home/ubuntu/ros2_ws/install/micro_ros_setup/./config/zephyr/generic/configure.sh
[0.878s] -- Up-to-date: /home/ubuntu/ros2_ws/install/micro_ros_setup/./config/zephyr/generic/package.xml
[0.883s] -- Up-to-date: /home/ubuntu/ros2_ws/install/micro_ros_setup/./config/zephyr/generic/board.repos
[0.886s] -- Up-to-date: /home/ubuntu/ros2_ws/install/micro_ros_setup/./config/zephyr/generic/build.sh
[0.889s] -- Up-to-date: /home/ubuntu/ros2_ws/install/micro_ros_setup/./config/zephyr/generic/flash.sh
[0.916s] -- Up-to-date: /home/ubuntu/ros2_ws/install/micro_ros_setup/./config/zephyr/generic/reset.sh
[0.917s] -- Up-to-date: /home/ubuntu/ros2_ws/install/micro_ros_setup/./config/zephyr/generic/client_uros_packages.repos
[0.917s] -- Up-to-date: /home/ubuntu/ros2_ws/install/micro_ros_setup/./config/zephyr/generic/supported_platforms
[0.918s] -- Up-to-date: /home/ubuntu/ros2_ws/install/micro_ros_setup/./config/zephyr/generic/client-colcon.meta
[0.918s] -- Up-to-date: /home/ubuntu/ros2_ws/install/micro_ros_setup/./config/zephyr/generic/create.sh
[0.919s] -- Up-to-date: /home/ubuntu/ros2_ws/install/micro_ros_setup/./config/renesas_ra
[0.920s] -- Up-to-date: /home/ubuntu/ros2_ws/install/micro_ros_setup/./config/renesas_ra/list_apps.sh
[0.920s] -- Up-to-date: /home/ubuntu/ros2_ws/install/micro_ros_setup/./config/renesas_ra/ra6m5
[0.921s] -- Up-to-date: /home/ubuntu/ros2_ws/install/micro_ros_setup/./config/renesas_ra/ra6m5/configure.sh
[0.931s] -- Up-to-date: /home/ubuntu/ros2_ws/install/micro_ros_setup/./config/renesas_ra/ra6m5/board.repos
[0.938s] -- Up-to-date: /home/ubuntu/ros2_ws/install/micro_ros_setup/./config/renesas_ra/ra6m5/build.sh
[0.939s] -- Up-to-date: /home/ubuntu/ros2_ws/install/micro_ros_setup/./config/renesas_ra/ra6m5/flash.sh
[0.941s] -- Up-to-date: /home/ubuntu/ros2_ws/install/micro_ros_setup/./config/renesas_ra/ra6m5/client_uros_packages.repos
[0.942s] -- Up-to-date: /home/ubuntu/ros2_ws/install/micro_ros_setup/./config/renesas_ra/ra6m5/create.sh
[0.944s] -- Up-to-date: /home/ubuntu/ros2_ws/install/micro_ros_setup/./config/renesas_ra/dev_uros_packages.repos
[0.945s] -- Up-to-date: /home/ubuntu/ros2_ws/install/micro_ros_setup/./config/renesas_ra/dev_ros2_packages.txt
[0.949s] -- Up-to-date: /home/ubuntu/ros2_ws/install/micro_ros_setup/./config/client_uros_packages.repos
[0.950s] -- Up-to-date: /home/ubuntu/ros2_ws/install/micro_ros_setup/./config/utils.sh
[0.956s] -- Up-to-date: /home/ubuntu/ros2_ws/install/micro_ros_setup/./config/freertos
[0.957s] -- Up-to-date: /home/ubuntu/ros2_ws/install/micro_ros_setup/./config/freertos/nucleo_f746zg
[0.958s] -- Up-to-date: /home/ubuntu/ros2_ws/install/micro_ros_setup/./config/freertos/nucleo_f746zg/configure.sh
[0.959s] -- Up-to-date: /home/ubuntu/ros2_ws/install/micro_ros_setup/./config/freertos/nucleo_f746zg/package.xml
[0.959s] -- Up-to-date: /home/ubuntu/ros2_ws/install/micro_ros_setup/./config/freertos/nucleo_f746zg/board.repos
[0.961s] -- Up-to-date: /home/ubuntu/ros2_ws/install/micro_ros_setup/./config/freertos/nucleo_f746zg/build.sh
[0.962s] -- Up-to-date: /home/ubuntu/ros2_ws/install/micro_ros_setup/./config/freertos/nucleo_f746zg/flash.sh
[0.975s] -- Up-to-date: /home/ubuntu/ros2_ws/install/micro_ros_setup/./config/freertos/nucleo_f746zg/reset.sh
[0.975s] -- Up-to-date: /home/ubuntu/ros2_ws/install/micro_ros_setup/./config/freertos/nucleo_f746zg/client_uros_packages.repos
[0.976s] -- Up-to-date: /home/ubuntu/ros2_ws/install/micro_ros_setup/./config/freertos/nucleo_f746zg/client-colcon.meta
[0.977s] -- Up-to-date: /home/ubuntu/ros2_ws/install/micro_ros_setup/./config/freertos/nucleo_f746zg/create.sh
[0.978s] -- Up-to-date: /home/ubuntu/ros2_ws/install/micro_ros_setup/./config/freertos/list_apps.sh
[0.979s] -- Up-to-date: /home/ubuntu/ros2_ws/install/micro_ros_setup/./config/freertos/nucleo_f446ze
[0.980s] -- Up-to-date: /home/ubuntu/ros2_ws/install/micro_ros_setup/./config/freertos/nucleo_f446ze/configure.sh
[0.980s] -- Up-to-date: /home/ubuntu/ros2_ws/install/micro_ros_setup/./config/freertos/nucleo_f446ze/package.xml
[0.981s] -- Up-to-date: /home/ubuntu/ros2_ws/install/micro_ros_setup/./config/freertos/nucleo_f446ze/board.repos
[0.981s] -- Up-to-date: /home/ubuntu/ros2_ws/install/micro_ros_setup/./config/freertos/nucleo_f446ze/build.sh
[0.982s] -- Up-to-date: /home/ubuntu/ros2_ws/install/micro_ros_setup/./config/freertos/nucleo_f446ze/flash.sh
[0.983s] -- Up-to-date: /home/ubuntu/ros2_ws/install/micro_ros_setup/./config/freertos/nucleo_f446ze/reset.sh
[0.984s] -- Up-to-date: /home/ubuntu/ros2_ws/install/micro_ros_setup/./config/freertos/nucleo_f446ze/client_uros_packages.repos
[0.985s] -- Up-to-date: /home/ubuntu/ros2_ws/install/micro_ros_setup/./config/freertos/nucleo_f446ze/client-colcon.meta
[0.985s] -- Up-to-date: /home/ubuntu/ros2_ws/install/micro_ros_setup/./config/freertos/nucleo_f446ze/create.sh
[0.986s] -- Up-to-date: /home/ubuntu/ros2_ws/install/micro_ros_setup/./config/freertos/crazyflie21
[0.987s] -- Up-to-date: /home/ubuntu/ros2_ws/install/micro_ros_setup/./config/freertos/crazyflie21/configure.sh
[0.988s] -- Up-to-date: /home/ubuntu/ros2_ws/install/micro_ros_setup/./config/freertos/crazyflie21/package.xml
[0.990s] -- Up-to-date: /home/ubuntu/ros2_ws/install/micro_ros_setup/./config/freertos/crazyflie21/board.repos
[0.991s] -- Up-to-date: /home/ubuntu/ros2_ws/install/micro_ros_setup/./config/freertos/crazyflie21/build.sh
[0.991s] -- Up-to-date: /home/ubuntu/ros2_ws/install/micro_ros_setup/./config/freertos/crazyflie21/flash.sh
[0.992s] -- Up-to-date: /home/ubuntu/ros2_ws/install/micro_ros_setup/./config/freertos/crazyflie21/client_uros_packages.repos
[0.993s] -- Up-to-date: /home/ubuntu/ros2_ws/install/micro_ros_setup/./config/freertos/crazyflie21/client-colcon.meta
[0.994s] -- Up-to-date: /home/ubuntu/ros2_ws/install/micro_ros_setup/./config/freertos/crazyflie21/create.sh
[0.995s] -- Up-to-date: /home/ubuntu/ros2_ws/install/micro_ros_setup/./config/freertos/nucleo_f767zi
[0.997s] -- Up-to-date: /home/ubuntu/ros2_ws/install/micro_ros_setup/./config/freertos/nucleo_f767zi/configure.sh
[0.999s] -- Up-to-date: /home/ubuntu/ros2_ws/install/micro_ros_setup/./config/freertos/nucleo_f767zi/package.xml
[1.004s] -- Up-to-date: /home/ubuntu/ros2_ws/install/micro_ros_setup/./config/freertos/nucleo_f767zi/board.repos
[1.007s] -- Up-to-date: /home/ubuntu/ros2_ws/install/micro_ros_setup/./config/freertos/nucleo_f767zi/build.sh
[1.008s] -- Up-to-date: /home/ubuntu/ros2_ws/install/micro_ros_setup/./config/freertos/nucleo_f767zi/flash.sh
[1.010s] -- Up-to-date: /home/ubuntu/ros2_ws/install/micro_ros_setup/./config/freertos/nucleo_f767zi/reset.sh
[1.012s] -- Up-to-date: /home/ubuntu/ros2_ws/install/micro_ros_setup/./config/freertos/nucleo_f767zi/client_uros_packages.repos
[1.017s] -- Up-to-date: /home/ubuntu/ros2_ws/install/micro_ros_setup/./config/freertos/nucleo_f767zi/client-colcon.meta
[1.018s] -- Up-to-date: /home/ubuntu/ros2_ws/install/micro_ros_setup/./config/freertos/nucleo_f767zi/create.sh
[1.019s] -- Up-to-date: /home/ubuntu/ros2_ws/install/micro_ros_setup/./config/freertos/dev_uros_packages.repos
[1.021s] -- Up-to-date: /home/ubuntu/ros2_ws/install/micro_ros_setup/./config/freertos/nucleo_f446re
[1.023s] -- Up-to-date: /home/ubuntu/ros2_ws/install/micro_ros_setup/./config/freertos/nucleo_f446re/configure.sh
[1.025s] -- Up-to-date: /home/ubuntu/ros2_ws/install/micro_ros_setup/./config/freertos/nucleo_f446re/package.xml
[1.026s] -- Up-to-date: /home/ubuntu/ros2_ws/install/micro_ros_setup/./config/freertos/nucleo_f446re/board.repos
[1.028s] -- Up-to-date: /home/ubuntu/ros2_ws/install/micro_ros_setup/./config/freertos/nucleo_f446re/build.sh
[1.031s] -- Up-to-date: /home/ubuntu/ros2_ws/install/micro_ros_setup/./config/freertos/nucleo_f446re/flash.sh
[1.032s] -- Up-to-date: /home/ubuntu/ros2_ws/install/micro_ros_setup/./config/freertos/nucleo_f446re/reset.sh
[1.032s] -- Up-to-date: /home/ubuntu/ros2_ws/install/micro_ros_setup/./config/freertos/nucleo_f446re/client_uros_packages.repos
[1.033s] -- Up-to-date: /home/ubuntu/ros2_ws/install/micro_ros_setup/./config/freertos/nucleo_f446re/client-colcon.meta
[1.033s] -- Up-to-date: /home/ubuntu/ros2_ws/install/micro_ros_setup/./config/freertos/nucleo_f446re/create.sh
[1.034s] -- Up-to-date: /home/ubuntu/ros2_ws/install/micro_ros_setup/./config/freertos/dev_ros2_packages.txt
[1.034s] -- Up-to-date: /home/ubuntu/ros2_ws/install/micro_ros_setup/./config/freertos/olimex-stm32-e407
[1.035s] -- Up-to-date: /home/ubuntu/ros2_ws/install/micro_ros_setup/./config/freertos/olimex-stm32-e407/configure.sh
[1.036s] -- Up-to-date: /home/ubuntu/ros2_ws/install/micro_ros_setup/./config/freertos/olimex-stm32-e407/package.xml
[1.036s] -- Up-to-date: /home/ubuntu/ros2_ws/install/micro_ros_setup/./config/freertos/olimex-stm32-e407/board.repos
[1.041s] -- Up-to-date: /home/ubuntu/ros2_ws/install/micro_ros_setup/./config/freertos/olimex-stm32-e407/build.sh
[1.045s] -- Up-to-date: /home/ubuntu/ros2_ws/install/micro_ros_setup/./config/freertos/olimex-stm32-e407/flash.sh
[1.047s] -- Up-to-date: /home/ubuntu/ros2_ws/install/micro_ros_setup/./config/freertos/olimex-stm32-e407/reset.sh
[1.048s] -- Up-to-date: /home/ubuntu/ros2_ws/install/micro_ros_setup/./config/freertos/olimex-stm32-e407/client_uros_packages.repos
[1.049s] -- Up-to-date: /home/ubuntu/ros2_ws/install/micro_ros_setup/./config/freertos/olimex-stm32-e407/client-colcon.meta
[1.051s] -- Up-to-date: /home/ubuntu/ros2_ws/install/micro_ros_setup/./config/freertos/olimex-stm32-e407/create.sh
[1.051s] -- Up-to-date: /home/ubuntu/ros2_ws/install/micro_ros_setup/./config/freertos/esp32
[1.052s] -- Up-to-date: /home/ubuntu/ros2_ws/install/micro_ros_setup/./config/freertos/esp32/configure.sh
[1.053s] -- Up-to-date: /home/ubuntu/ros2_ws/install/micro_ros_setup/./config/freertos/esp32/package.xml
[1.054s] -- Up-to-date: /home/ubuntu/ros2_ws/install/micro_ros_setup/./config/freertos/esp32/board.repos
[1.055s] -- Up-to-date: /home/ubuntu/ros2_ws/install/micro_ros_setup/./config/freertos/esp32/README.md
[1.056s] -- Up-to-date: /home/ubuntu/ros2_ws/install/micro_ros_setup/./config/freertos/esp32/build.sh
[1.057s] -- Up-to-date: /home/ubuntu/ros2_ws/install/micro_ros_setup/./config/freertos/esp32/flash.sh
[1.058s] -- Up-to-date: /home/ubuntu/ros2_ws/install/micro_ros_setup/./config/freertos/esp32/client_uros_packages.repos
[1.060s] -- Up-to-date: /home/ubuntu/ros2_ws/install/micro_ros_setup/./config/freertos/esp32/client-colcon.meta
[1.061s] -- Up-to-date: /home/ubuntu/ros2_ws/install/micro_ros_setup/./config/freertos/esp32/create.sh
[1.062s] -- Up-to-date: /home/ubuntu/ros2_ws/install/micro_ros_setup/./config/generate_lib
[1.064s] -- Up-to-date: /home/ubuntu/ros2_ws/install/micro_ros_setup/./config/generate_lib/dev_uros_packages.repos
[1.070s] -- Up-to-date: /home/ubuntu/ros2_ws/install/micro_ros_setup/./config/generate_lib/dev_ros2_packages.txt
[1.071s] -- Up-to-date: /home/ubuntu/ros2_ws/install/micro_ros_setup/./config/generate_lib/generic
[1.072s] -- Up-to-date: /home/ubuntu/ros2_ws/install/micro_ros_setup/./config/generate_lib/generic/package.xml
[1.073s] -- Up-to-date: /home/ubuntu/ros2_ws/install/micro_ros_setup/./config/generate_lib/generic/build.sh
[1.073s] -- Up-to-date: /home/ubuntu/ros2_ws/install/micro_ros_setup/./config/generate_lib/generic/flash.sh
[1.085s] -- Up-to-date: /home/ubuntu/ros2_ws/install/micro_ros_setup/./config/generate_lib/generic/client_uros_packages.repos
[1.086s] -- Up-to-date: /home/ubuntu/ros2_ws/install/micro_ros_setup/./config/generate_lib/generic/demo_toolchain.cmake
[1.087s] -- Up-to-date: /home/ubuntu/ros2_ws/install/micro_ros_setup/./config/generate_lib/generic/client-colcon.meta
[1.087s] -- Up-to-date: /home/ubuntu/ros2_ws/install/micro_ros_setup/./config/generate_lib/generic/create.sh
[1.088s] -- Up-to-date: /home/ubuntu/ros2_ws/install/micro_ros_setup/./config/agent_ros2_packages.txt
[1.089s] -- Up-to-date: /home/ubuntu/ros2_ws/install/micro_ros_setup/lib/micro_ros_setup/create_ws.sh
[1.089s] -- Up-to-date: /home/ubuntu/ros2_ws/install/micro_ros_setup/lib/micro_ros_setup/create_agent_ws.sh
[1.090s] -- Up-to-date: /home/ubuntu/ros2_ws/install/micro_ros_setup/lib/micro_ros_setup/create_firmware_ws.sh
[1.091s] -- Up-to-date: /home/ubuntu/ros2_ws/install/micro_ros_setup/lib/micro_ros_setup/configure_firmware.sh
[1.091s] -- Up-to-date: /home/ubuntu/ros2_ws/install/micro_ros_setup/lib/micro_ros_setup/flash_firmware.sh
[1.092s] -- Up-to-date: /home/ubuntu/ros2_ws/install/micro_ros_setup/lib/micro_ros_setup/reset_firmware.sh
[1.093s] -- Up-to-date: /home/ubuntu/ros2_ws/install/micro_ros_setup/lib/micro_ros_setup/build_firmware.sh
[1.104s] -- Up-to-date: /home/ubuntu/ros2_ws/install/micro_ros_setup/lib/micro_ros_setup/build_agent.sh
[1.107s] -- Up-to-date: /home/ubuntu/ros2_ws/install/micro_ros_setup/lib/micro_ros_setup/yaml_filter.py
[1.109s] -- Up-to-date: /home/ubuntu/ros2_ws/install/micro_ros_setup/lib/micro_ros_setup/clean_env.sh
[1.111s] Invoked command in '/home/ubuntu/ros2_ws/build/micro_ros_setup' returned '0': CMAKE_PREFIX_PATH=${CMAKE_PREFIX_PATH}:/home/ubuntu/ros2_ws/install/odom_builder:/home/ubuntu/ros2_ws/install/motor_control:/home/ubuntu/ros2_ws/install/cart_start:/opt/ros/foxy /usr/bin/cmake --install /home/ubuntu/ros2_ws/build/micro_ros_setup
