[2.924s] Invoking command in '/home/ubuntu/ros2_ws/src/smooth_drive': PYTHONPATH=/home/ubuntu/ros2_ws/install/smooth_drive/lib/python3.8/site-packages:${PYTHONPATH} /usr/bin/python3 setup.py egg_info --egg-base ../../build/smooth_drive build --build-base /home/ubuntu/ros2_ws/build/smooth_drive/build install --prefix /home/ubuntu/ros2_ws/install/smooth_drive --record /home/ubuntu/ros2_ws/build/smooth_drive/install.log --single-version-externally-managed
[3.877s] running egg_info
[3.879s] writing ../../build/smooth_drive/smooth_drive.egg-info/PKG-INFO
[3.880s] writing dependency_links to ../../build/smooth_drive/smooth_drive.egg-info/dependency_links.txt
[3.881s] writing entry points to ../../build/smooth_drive/smooth_drive.egg-info/entry_points.txt
[3.882s] writing requirements to ../../build/smooth_drive/smooth_drive.egg-info/requires.txt
[3.882s] writing top-level names to ../../build/smooth_drive/smooth_drive.egg-info/top_level.txt
[4.035s] reading manifest file '../../build/smooth_drive/smooth_drive.egg-info/SOURCES.txt'
[4.039s] writing manifest file '../../build/smooth_drive/smooth_drive.egg-info/SOURCES.txt'
[4.039s] running build
[4.040s] running build_py
[4.040s] copying smooth_drive/pid_control.py -> /home/ubuntu/ros2_ws/build/smooth_drive/build/lib/smooth_drive
[4.042s] running install
[4.045s] running install_lib
[4.049s] copying /home/ubuntu/ros2_ws/build/smooth_drive/build/lib/smooth_drive/pid_control.py -> /home/ubuntu/ros2_ws/install/smooth_drive/lib/python3.8/site-packages/smooth_drive
[4.052s] byte-compiling /home/ubuntu/ros2_ws/install/smooth_drive/lib/python3.8/site-packages/smooth_drive/pid_control.py to pid_control.cpython-38.pyc
[4.060s] running install_data
[4.062s] running install_egg_info
[4.069s] removing '/home/ubuntu/ros2_ws/install/smooth_drive/lib/python3.8/site-packages/smooth_drive-0.0.0-py3.8.egg-info' (and everything under it)
[4.071s] Copying ../../build/smooth_drive/smooth_drive.egg-info to /home/ubuntu/ros2_ws/install/smooth_drive/lib/python3.8/site-packages/smooth_drive-0.0.0-py3.8.egg-info
[4.077s] running install_scripts
[4.146s] Installing smooth_drive script to /home/ubuntu/ros2_ws/install/smooth_drive/lib/smooth_drive
[4.148s] writing list of installed files to '/home/ubuntu/ros2_ws/build/smooth_drive/install.log'
[4.248s] Invoked command in '/home/ubuntu/ros2_ws/src/smooth_drive' returned '0': PYTHONPATH=/home/ubuntu/ros2_ws/install/smooth_drive/lib/python3.8/site-packages:${PYTHONPATH} /usr/bin/python3 setup.py egg_info --egg-base ../../build/smooth_drive build --build-base /home/ubuntu/ros2_ws/build/smooth_drive/build install --prefix /home/ubuntu/ros2_ws/install/smooth_drive --record /home/ubuntu/ros2_ws/build/smooth_drive/install.log --single-version-externally-managed
