[5.446s] Invoking command in '/home/ubuntu/ros2_ws/src/motor_control': PYTHONPATH=/home/ubuntu/ros2_ws/install/motor_control/lib/python3.8/site-packages:${PYTHONPATH} /usr/bin/python3 setup.py egg_info --egg-base ../../build/motor_control build --build-base /home/ubuntu/ros2_ws/build/motor_control/build install --prefix /home/ubuntu/ros2_ws/install/motor_control --record /home/ubuntu/ros2_ws/build/motor_control/install.log --single-version-externally-managed
[6.771s] running egg_info
[6.774s] writing ../../build/motor_control/motor_control.egg-info/PKG-INFO
[6.777s] writing dependency_links to ../../build/motor_control/motor_control.egg-info/dependency_links.txt
[6.779s] writing entry points to ../../build/motor_control/motor_control.egg-info/entry_points.txt
[6.781s] writing requirements to ../../build/motor_control/motor_control.egg-info/requires.txt
[6.783s] writing top-level names to ../../build/motor_control/motor_control.egg-info/top_level.txt
[6.939s] reading manifest file '../../build/motor_control/motor_control.egg-info/SOURCES.txt'
[6.948s] writing manifest file '../../build/motor_control/motor_control.egg-info/SOURCES.txt'
[6.966s] running build
[6.968s] running build_py
[6.982s] running install
[6.985s] running install_lib
[6.990s] running install_data
[6.992s] running install_egg_info
[6.994s] removing '/home/ubuntu/ros2_ws/install/motor_control/lib/python3.8/site-packages/motor_control-0.0.0-py3.8.egg-info' (and everything under it)
[6.995s] Copying ../../build/motor_control/motor_control.egg-info to /home/ubuntu/ros2_ws/install/motor_control/lib/python3.8/site-packages/motor_control-0.0.0-py3.8.egg-info
[6.997s] running install_scripts
[7.075s] Installing listener script to /home/ubuntu/ros2_ws/install/motor_control/lib/motor_control
[7.077s] writing list of installed files to '/home/ubuntu/ros2_ws/build/motor_control/install.log'
[7.288s] Invoked command in '/home/ubuntu/ros2_ws/src/motor_control' returned '0': PYTHONPATH=/home/ubuntu/ros2_ws/install/motor_control/lib/python3.8/site-packages:${PYTHONPATH} /usr/bin/python3 setup.py egg_info --egg-base ../../build/motor_control build --build-base /home/ubuntu/ros2_ws/build/motor_control/build install --prefix /home/ubuntu/ros2_ws/install/motor_control --record /home/ubuntu/ros2_ws/build/motor_control/install.log --single-version-externally-managed
