[5.040s] Invoking command in '/home/ubuntu/ros2_ws/src/motor_control': PYTHONPATH=/home/ubuntu/ros2_ws/install/motor_control/lib/python3.8/site-packages:${PYTHONPATH} /usr/bin/python3 setup.py egg_info --egg-base ../../build/motor_control build --build-base /home/ubuntu/ros2_ws/build/motor_control/build install --prefix /home/ubuntu/ros2_ws/install/motor_control --record /home/ubuntu/ros2_ws/build/motor_control/install.log --single-version-externally-managed
[6.521s] running egg_info
[6.529s] writing ../../build/motor_control/motor_control.egg-info/PKG-INFO
[6.531s] writing dependency_links to ../../build/motor_control/motor_control.egg-info/dependency_links.txt
[6.537s] writing entry points to ../../build/motor_control/motor_control.egg-info/entry_points.txt
[6.539s] writing requirements to ../../build/motor_control/motor_control.egg-info/requires.txt
[6.540s] writing top-level names to ../../build/motor_control/motor_control.egg-info/top_level.txt
[6.707s] reading manifest file '../../build/motor_control/motor_control.egg-info/SOURCES.txt'
[6.714s] writing manifest file '../../build/motor_control/motor_control.egg-info/SOURCES.txt'
[6.715s] running build
[6.716s] running build_py
[6.722s] running install
[6.727s] running install_lib
[6.736s] running install_data
[6.739s] running install_egg_info
[6.748s] removing '/home/ubuntu/ros2_ws/install/motor_control/lib/python3.8/site-packages/motor_control-0.0.0-py3.8.egg-info' (and everything under it)
[6.756s] Copying ../../build/motor_control/motor_control.egg-info to /home/ubuntu/ros2_ws/install/motor_control/lib/python3.8/site-packages/motor_control-0.0.0-py3.8.egg-info
[6.771s] running install_scripts
[6.870s] Installing listener script to /home/ubuntu/ros2_ws/install/motor_control/lib/motor_control
[6.876s] writing list of installed files to '/home/ubuntu/ros2_ws/build/motor_control/install.log'
[7.790s] Invoked command in '/home/ubuntu/ros2_ws/src/motor_control' returned '0': PYTHONPATH=/home/ubuntu/ros2_ws/install/motor_control/lib/python3.8/site-packages:${PYTHONPATH} /usr/bin/python3 setup.py egg_info --egg-base ../../build/motor_control build --build-base /home/ubuntu/ros2_ws/build/motor_control/build install --prefix /home/ubuntu/ros2_ws/install/motor_control --record /home/ubuntu/ros2_ws/build/motor_control/install.log --single-version-externally-managed
