[4.936s] Invoking command in '/home/ubuntu/ros2_ws/build/drive_base_msgs': CMAKE_PREFIX_PATH=/opt/ros/foxy /usr/bin/cmake --build /home/ubuntu/ros2_ws/build/drive_base_msgs -- -j4 -l4
[5.796s] [  1%] Built target drive_base_msgs__cpp
[5.900s] [ 12%] Built target drive_base_msgs__rosidl_generator_c
[6.377s] [ 23%] Built target drive_base_msgs__rosidl_typesupport_introspection_cpp
[6.435s] [ 34%] Built target drive_base_msgs__rosidl_typesupport_cpp
[6.524s] [ 45%] Built target drive_base_msgs__rosidl_typesupport_introspection_c
[6.587s] [ 56%] Built target drive_base_msgs__rosidl_typesupport_fastrtps_cpp
[6.768s] [ 67%] Built target drive_base_msgs__rosidl_typesupport_c
[7.007s] [ 78%] Built target drive_base_msgs__rosidl_typesupport_fastrtps_c
[7.285s] [ 78%] Built target drive_base_msgs
[7.554s] [ 80%] Built target drive_base_msgs__py
[7.956s] [ 89%] Built target drive_base_msgs__python
[8.619s] [ 92%] Built target drive_base_msgs__rosidl_typesupport_introspection_c__pyext
[8.721s] [ 96%] Built target drive_base_msgs__rosidl_typesupport_fastrtps_c__pyext
[8.725s] [100%] Built target drive_base_msgs__rosidl_typesupport_c__pyext
[9.078s] Invoked command in '/home/ubuntu/ros2_ws/build/drive_base_msgs' returned '0': CMAKE_PREFIX_PATH=/opt/ros/foxy /usr/bin/cmake --build /home/ubuntu/ros2_ws/build/drive_base_msgs -- -j4 -l4
[10.782s] Invoking command in '/home/ubuntu/ros2_ws/build/drive_base_msgs': CMAKE_PREFIX_PATH=/opt/ros/foxy /usr/bin/cmake --install /home/ubuntu/ros2_ws/build/drive_base_msgs
[10.899s] -- Install configuration: ""
[10.902s] -- Up-to-date: /home/ubuntu/ros2_ws/install/drive_base_msgs/share/ament_index/resource_index/rosidl_interfaces/drive_base_msgs
[10.905s] -- Up-to-date: /home/ubuntu/ros2_ws/install/drive_base_msgs/include/drive_base_msgs
[10.909s] -- Up-to-date: /home/ubuntu/ros2_ws/install/drive_base_msgs/include/drive_base_msgs/msg
[10.913s] -- Up-to-date: /home/ubuntu/ros2_ws/install/drive_base_msgs/include/drive_base_msgs/msg/rosidl_generator_c__visibility_control.h
[10.925s] -- Up-to-date: /home/ubuntu/ros2_ws/install/drive_base_msgs/include/drive_base_msgs/msg/detail
[10.927s] -- Up-to-date: /home/ubuntu/ros2_ws/install/drive_base_msgs/include/drive_base_msgs/msg/detail/command_header__functions.c
[10.929s] -- Up-to-date: /home/ubuntu/ros2_ws/install/drive_base_msgs/include/drive_base_msgs/msg/detail/base_info__struct.h
[10.930s] -- Up-to-date: /home/ubuntu/ros2_ws/install/drive_base_msgs/include/drive_base_msgs/msg/detail/trv_command__functions.c
[10.931s] -- Up-to-date: /home/ubuntu/ros2_ws/install/drive_base_msgs/include/drive_base_msgs/msg/detail/command_header__functions.h
[10.933s] -- Up-to-date: /home/ubuntu/ros2_ws/install/drive_base_msgs/include/drive_base_msgs/msg/detail/trv_command__type_support.h
[10.934s] -- Up-to-date: /home/ubuntu/ros2_ws/install/drive_base_msgs/include/drive_base_msgs/msg/detail/command_header__type_support.h
[10.936s] -- Up-to-date: /home/ubuntu/ros2_ws/install/drive_base_msgs/include/drive_base_msgs/msg/detail/base_info__functions.h
[10.950s] -- Up-to-date: /home/ubuntu/ros2_ws/install/drive_base_msgs/include/drive_base_msgs/msg/detail/command_header__struct.h
[10.952s] -- Up-to-date: /home/ubuntu/ros2_ws/install/drive_base_msgs/include/drive_base_msgs/msg/detail/base_info__type_support.h
[10.953s] -- Up-to-date: /home/ubuntu/ros2_ws/install/drive_base_msgs/include/drive_base_msgs/msg/detail/command_status__type_support.h
[10.954s] -- Up-to-date: /home/ubuntu/ros2_ws/install/drive_base_msgs/include/drive_base_msgs/msg/detail/command_status__functions.c
[10.955s] -- Up-to-date: /home/ubuntu/ros2_ws/install/drive_base_msgs/include/drive_base_msgs/msg/detail/command_status__functions.h
[10.956s] -- Up-to-date: /home/ubuntu/ros2_ws/install/drive_base_msgs/include/drive_base_msgs/msg/detail/trv_command__struct.h
[10.957s] -- Up-to-date: /home/ubuntu/ros2_ws/install/drive_base_msgs/include/drive_base_msgs/msg/detail/base_info__functions.c
[10.958s] -- Up-to-date: /home/ubuntu/ros2_ws/install/drive_base_msgs/include/drive_base_msgs/msg/detail/command_status__struct.h
[10.959s] -- Up-to-date: /home/ubuntu/ros2_ws/install/drive_base_msgs/include/drive_base_msgs/msg/detail/trv_command__functions.h
[10.960s] -- Up-to-date: /home/ubuntu/ros2_ws/install/drive_base_msgs/include/drive_base_msgs/msg/base_info.h
[10.983s] -- Up-to-date: /home/ubuntu/ros2_ws/install/drive_base_msgs/include/drive_base_msgs/msg/command_header.h
[10.985s] -- Up-to-date: /home/ubuntu/ros2_ws/install/drive_base_msgs/include/drive_base_msgs/msg/command_status.h
[10.986s] -- Up-to-date: /home/ubuntu/ros2_ws/install/drive_base_msgs/include/drive_base_msgs/msg/trv_command.h
[11.000s] -- Up-to-date: /home/ubuntu/ros2_ws/install/drive_base_msgs/share/drive_base_msgs/environment/library_path.sh
[11.002s] -- Up-to-date: /home/ubuntu/ros2_ws/install/drive_base_msgs/share/drive_base_msgs/environment/library_path.dsv
[11.003s] -- Up-to-date: /home/ubuntu/ros2_ws/install/drive_base_msgs/lib/libdrive_base_msgs__rosidl_generator_c.so
[11.005s] -- Up-to-date: /home/ubuntu/ros2_ws/install/drive_base_msgs/include/drive_base_msgs
[11.007s] -- Up-to-date: /home/ubuntu/ros2_ws/install/drive_base_msgs/include/drive_base_msgs/msg
[11.011s] -- Up-to-date: /home/ubuntu/ros2_ws/install/drive_base_msgs/include/drive_base_msgs/msg/detail
[11.020s] -- Up-to-date: /home/ubuntu/ros2_ws/install/drive_base_msgs/include/drive_base_msgs/msg/detail/trv_command__rosidl_typesupport_fastrtps_c.h
[11.022s] -- Up-to-date: /home/ubuntu/ros2_ws/install/drive_base_msgs/include/drive_base_msgs/msg/detail/command_header__rosidl_typesupport_fastrtps_c.h
[11.023s] -- Up-to-date: /home/ubuntu/ros2_ws/install/drive_base_msgs/include/drive_base_msgs/msg/detail/command_status__rosidl_typesupport_fastrtps_c.h
[11.025s] -- Up-to-date: /home/ubuntu/ros2_ws/install/drive_base_msgs/include/drive_base_msgs/msg/detail/base_info__rosidl_typesupport_fastrtps_c.h
[11.026s] -- Up-to-date: /home/ubuntu/ros2_ws/install/drive_base_msgs/include/drive_base_msgs/msg/rosidl_typesupport_fastrtps_c__visibility_control.h
[11.027s] -- Up-to-date: /home/ubuntu/ros2_ws/install/drive_base_msgs/lib/libdrive_base_msgs__rosidl_typesupport_fastrtps_c.so
[11.028s] -- Up-to-date: /home/ubuntu/ros2_ws/install/drive_base_msgs/include/drive_base_msgs
[11.044s] -- Up-to-date: /home/ubuntu/ros2_ws/install/drive_base_msgs/include/drive_base_msgs/msg
[11.049s] -- Up-to-date: /home/ubuntu/ros2_ws/install/drive_base_msgs/include/drive_base_msgs/msg/detail
[11.050s] -- Up-to-date: /home/ubuntu/ros2_ws/install/drive_base_msgs/include/drive_base_msgs/msg/detail/command_header__rosidl_typesupport_fastrtps_cpp.hpp
[11.052s] -- Up-to-date: /home/ubuntu/ros2_ws/install/drive_base_msgs/include/drive_base_msgs/msg/detail/base_info__rosidl_typesupport_fastrtps_cpp.hpp
[11.054s] -- Up-to-date: /home/ubuntu/ros2_ws/install/drive_base_msgs/include/drive_base_msgs/msg/detail/dds_fastrtps
[11.055s] -- Up-to-date: /home/ubuntu/ros2_ws/install/drive_base_msgs/include/drive_base_msgs/msg/detail/trv_command__rosidl_typesupport_fastrtps_cpp.hpp
[11.056s] -- Up-to-date: /home/ubuntu/ros2_ws/install/drive_base_msgs/include/drive_base_msgs/msg/detail/command_status__rosidl_typesupport_fastrtps_cpp.hpp
[11.057s] -- Up-to-date: /home/ubuntu/ros2_ws/install/drive_base_msgs/include/drive_base_msgs/msg/rosidl_typesupport_fastrtps_cpp__visibility_control.h
[11.059s] -- Up-to-date: /home/ubuntu/ros2_ws/install/drive_base_msgs/lib/libdrive_base_msgs__rosidl_typesupport_fastrtps_cpp.so
[11.060s] -- Up-to-date: /home/ubuntu/ros2_ws/install/drive_base_msgs/include/drive_base_msgs
[11.061s] -- Up-to-date: /home/ubuntu/ros2_ws/install/drive_base_msgs/include/drive_base_msgs/msg
[11.063s] -- Up-to-date: /home/ubuntu/ros2_ws/install/drive_base_msgs/include/drive_base_msgs/msg/rosidl_typesupport_introspection_c__visibility_control.h
[11.064s] -- Up-to-date: /home/ubuntu/ros2_ws/install/drive_base_msgs/include/drive_base_msgs/msg/detail
[11.065s] -- Up-to-date: /home/ubuntu/ros2_ws/install/drive_base_msgs/include/drive_base_msgs/msg/detail/base_info__rosidl_typesupport_introspection_c.h
[11.067s] -- Up-to-date: /home/ubuntu/ros2_ws/install/drive_base_msgs/include/drive_base_msgs/msg/detail/trv_command__type_support.c
[11.085s] -- Up-to-date: /home/ubuntu/ros2_ws/install/drive_base_msgs/include/drive_base_msgs/msg/detail/trv_command__rosidl_typesupport_introspection_c.h
[11.093s] -- Up-to-date: /home/ubuntu/ros2_ws/install/drive_base_msgs/include/drive_base_msgs/msg/detail/base_info__type_support.c
[11.095s] -- Up-to-date: /home/ubuntu/ros2_ws/install/drive_base_msgs/include/drive_base_msgs/msg/detail/command_header__rosidl_typesupport_introspection_c.h
[11.096s] -- Up-to-date: /home/ubuntu/ros2_ws/install/drive_base_msgs/include/drive_base_msgs/msg/detail/command_header__type_support.c
[11.098s] -- Up-to-date: /home/ubuntu/ros2_ws/install/drive_base_msgs/include/drive_base_msgs/msg/detail/command_status__type_support.c
[11.099s] -- Up-to-date: /home/ubuntu/ros2_ws/install/drive_base_msgs/include/drive_base_msgs/msg/detail/command_status__rosidl_typesupport_introspection_c.h
[11.101s] -- Up-to-date: /home/ubuntu/ros2_ws/install/drive_base_msgs/lib/libdrive_base_msgs__rosidl_typesupport_introspection_c.so
[11.102s] -- Up-to-date: /home/ubuntu/ros2_ws/install/drive_base_msgs/lib/libdrive_base_msgs__rosidl_typesupport_c.so
[11.103s] -- Up-to-date: /home/ubuntu/ros2_ws/install/drive_base_msgs/include/drive_base_msgs
[11.125s] -- Up-to-date: /home/ubuntu/ros2_ws/install/drive_base_msgs/include/drive_base_msgs/msg
[11.126s] -- Up-to-date: /home/ubuntu/ros2_ws/install/drive_base_msgs/include/drive_base_msgs/msg/detail
[11.128s] -- Up-to-date: /home/ubuntu/ros2_ws/install/drive_base_msgs/include/drive_base_msgs/msg/detail/trv_command__struct.hpp
[11.129s] -- Up-to-date: /home/ubuntu/ros2_ws/install/drive_base_msgs/include/drive_base_msgs/msg/detail/base_info__builder.hpp
[11.131s] -- Up-to-date: /home/ubuntu/ros2_ws/install/drive_base_msgs/include/drive_base_msgs/msg/detail/trv_command__traits.hpp
[11.149s] -- Up-to-date: /home/ubuntu/ros2_ws/install/drive_base_msgs/include/drive_base_msgs/msg/detail/command_status__builder.hpp
[11.151s] -- Up-to-date: /home/ubuntu/ros2_ws/install/drive_base_msgs/include/drive_base_msgs/msg/detail/command_header__builder.hpp
[11.152s] -- Up-to-date: /home/ubuntu/ros2_ws/install/drive_base_msgs/include/drive_base_msgs/msg/detail/trv_command__builder.hpp
[11.154s] -- Up-to-date: /home/ubuntu/ros2_ws/install/drive_base_msgs/include/drive_base_msgs/msg/detail/command_header__traits.hpp
[11.155s] -- Up-to-date: /home/ubuntu/ros2_ws/install/drive_base_msgs/include/drive_base_msgs/msg/detail/command_status__struct.hpp
[11.156s] -- Up-to-date: /home/ubuntu/ros2_ws/install/drive_base_msgs/include/drive_base_msgs/msg/detail/base_info__struct.hpp
[11.158s] -- Up-to-date: /home/ubuntu/ros2_ws/install/drive_base_msgs/include/drive_base_msgs/msg/detail/base_info__traits.hpp
[11.159s] -- Up-to-date: /home/ubuntu/ros2_ws/install/drive_base_msgs/include/drive_base_msgs/msg/detail/command_header__struct.hpp
[11.161s] -- Up-to-date: /home/ubuntu/ros2_ws/install/drive_base_msgs/include/drive_base_msgs/msg/detail/command_status__traits.hpp
[11.162s] -- Up-to-date: /home/ubuntu/ros2_ws/install/drive_base_msgs/include/drive_base_msgs/msg/command_status.hpp
[11.163s] -- Up-to-date: /home/ubuntu/ros2_ws/install/drive_base_msgs/include/drive_base_msgs/msg/command_header.hpp
[11.164s] -- Up-to-date: /home/ubuntu/ros2_ws/install/drive_base_msgs/include/drive_base_msgs/msg/trv_command.hpp
[11.166s] -- Up-to-date: /home/ubuntu/ros2_ws/install/drive_base_msgs/include/drive_base_msgs/msg/base_info.hpp
[11.167s] -- Up-to-date: /home/ubuntu/ros2_ws/install/drive_base_msgs/include/drive_base_msgs
[11.176s] -- Up-to-date: /home/ubuntu/ros2_ws/install/drive_base_msgs/include/drive_base_msgs/msg
[11.178s] -- Up-to-date: /home/ubuntu/ros2_ws/install/drive_base_msgs/include/drive_base_msgs/msg/detail
[11.180s] -- Up-to-date: /home/ubuntu/ros2_ws/install/drive_base_msgs/include/drive_base_msgs/msg/detail/base_info__type_support.cpp
[11.182s] -- Up-to-date: /home/ubuntu/ros2_ws/install/drive_base_msgs/include/drive_base_msgs/msg/detail/trv_command__type_support.cpp
[11.183s] -- Up-to-date: /home/ubuntu/ros2_ws/install/drive_base_msgs/include/drive_base_msgs/msg/detail/base_info__rosidl_typesupport_introspection_cpp.hpp
[11.184s] -- Up-to-date: /home/ubuntu/ros2_ws/install/drive_base_msgs/include/drive_base_msgs/msg/detail/trv_command__rosidl_typesupport_introspection_cpp.hpp
[11.186s] -- Up-to-date: /home/ubuntu/ros2_ws/install/drive_base_msgs/include/drive_base_msgs/msg/detail/command_header__rosidl_typesupport_introspection_cpp.hpp
[11.187s] -- Up-to-date: /home/ubuntu/ros2_ws/install/drive_base_msgs/include/drive_base_msgs/msg/detail/command_status__type_support.cpp
[11.188s] -- Up-to-date: /home/ubuntu/ros2_ws/install/drive_base_msgs/include/drive_base_msgs/msg/detail/command_header__type_support.cpp
[11.190s] -- Up-to-date: /home/ubuntu/ros2_ws/install/drive_base_msgs/include/drive_base_msgs/msg/detail/command_status__rosidl_typesupport_introspection_cpp.hpp
[11.192s] -- Up-to-date: /home/ubuntu/ros2_ws/install/drive_base_msgs/lib/libdrive_base_msgs__rosidl_typesupport_introspection_cpp.so
[11.194s] -- Up-to-date: /home/ubuntu/ros2_ws/install/drive_base_msgs/lib/libdrive_base_msgs__rosidl_typesupport_cpp.so
[11.195s] -- Up-to-date: /home/ubuntu/ros2_ws/install/drive_base_msgs/share/drive_base_msgs/environment/pythonpath.sh
[11.197s] -- Up-to-date: /home/ubuntu/ros2_ws/install/drive_base_msgs/share/drive_base_msgs/environment/pythonpath.dsv
[11.198s] -- Up-to-date: /home/ubuntu/ros2_ws/install/drive_base_msgs/lib/python3.8/site-packages/drive_base_msgs/__init__.py
[11.716s] -- Up-to-date: /home/ubuntu/ros2_ws/install/drive_base_msgs/lib/python3.8/site-packages/drive_base_msgs/msg
[11.720s] -- Up-to-date: /home/ubuntu/ros2_ws/install/drive_base_msgs/lib/python3.8/site-packages/drive_base_msgs/msg/_command_header_s.c
[11.723s] -- Up-to-date: /home/ubuntu/ros2_ws/install/drive_base_msgs/lib/python3.8/site-packages/drive_base_msgs/msg/__init__.py
[11.727s] -- Up-to-date: /home/ubuntu/ros2_ws/install/drive_base_msgs/lib/python3.8/site-packages/drive_base_msgs/msg/_trv_command.py
[11.732s] -- Up-to-date: /home/ubuntu/ros2_ws/install/drive_base_msgs/lib/python3.8/site-packages/drive_base_msgs/msg/_trv_command_s.c
[11.736s] -- Up-to-date: /home/ubuntu/ros2_ws/install/drive_base_msgs/lib/python3.8/site-packages/drive_base_msgs/msg/_base_info_s.c
[11.738s] -- Up-to-date: /home/ubuntu/ros2_ws/install/drive_base_msgs/lib/python3.8/site-packages/drive_base_msgs/msg/_command_status.py
[11.739s] -- Up-to-date: /home/ubuntu/ros2_ws/install/drive_base_msgs/lib/python3.8/site-packages/drive_base_msgs/msg/_command_status_s.c
[11.751s] -- Up-to-date: /home/ubuntu/ros2_ws/install/drive_base_msgs/lib/python3.8/site-packages/drive_base_msgs/msg/_base_info.py
[11.753s] -- Up-to-date: /home/ubuntu/ros2_ws/install/drive_base_msgs/lib/python3.8/site-packages/drive_base_msgs/msg/_command_header.py
[11.758s] -- Up-to-date: /home/ubuntu/ros2_ws/install/drive_base_msgs/lib/python3.8/site-packages/drive_base_msgs/drive_base_msgs_s__rosidl_typesupport_fastrtps_c.cpython-38-aarch64-linux-gnu.so
[11.769s] -- Up-to-date: /home/ubuntu/ros2_ws/install/drive_base_msgs/lib/python3.8/site-packages/drive_base_msgs/drive_base_msgs_s__rosidl_typesupport_introspection_c.cpython-38-aarch64-linux-gnu.so
[11.782s] -- Up-to-date: /home/ubuntu/ros2_ws/install/drive_base_msgs/lib/python3.8/site-packages/drive_base_msgs/drive_base_msgs_s__rosidl_typesupport_c.cpython-38-aarch64-linux-gnu.so
[11.813s] -- Up-to-date: /home/ubuntu/ros2_ws/install/drive_base_msgs/lib/libdrive_base_msgs__python.so
[11.820s] -- Up-to-date: /home/ubuntu/ros2_ws/install/drive_base_msgs/share/drive_base_msgs/msg/CommandHeader.idl
[11.824s] -- Up-to-date: /home/ubuntu/ros2_ws/install/drive_base_msgs/share/drive_base_msgs/msg/BaseInfo.idl
[11.827s] -- Up-to-date: /home/ubuntu/ros2_ws/install/drive_base_msgs/share/drive_base_msgs/msg/CommandStatus.idl
[11.830s] -- Up-to-date: /home/ubuntu/ros2_ws/install/drive_base_msgs/share/drive_base_msgs/msg/TRVCommand.idl
[11.834s] -- Up-to-date: /home/ubuntu/ros2_ws/install/drive_base_msgs/share/drive_base_msgs/msg/CommandHeader.msg
[11.838s] -- Up-to-date: /home/ubuntu/ros2_ws/install/drive_base_msgs/share/drive_base_msgs/msg/BaseInfo.msg
[11.841s] -- Up-to-date: /home/ubuntu/ros2_ws/install/drive_base_msgs/share/drive_base_msgs/msg/CommandStatus.msg
[11.845s] -- Up-to-date: /home/ubuntu/ros2_ws/install/drive_base_msgs/share/drive_base_msgs/msg/TRVCommand.msg
[11.849s] -- Up-to-date: /home/ubuntu/ros2_ws/install/drive_base_msgs/share/ament_index/resource_index/package_run_dependencies/drive_base_msgs
[11.852s] -- Up-to-date: /home/ubuntu/ros2_ws/install/drive_base_msgs/share/ament_index/resource_index/parent_prefix_path/drive_base_msgs
[11.856s] -- Up-to-date: /home/ubuntu/ros2_ws/install/drive_base_msgs/share/drive_base_msgs/environment/ament_prefix_path.sh
[11.859s] -- Up-to-date: /home/ubuntu/ros2_ws/install/drive_base_msgs/share/drive_base_msgs/environment/ament_prefix_path.dsv
[11.863s] -- Up-to-date: /home/ubuntu/ros2_ws/install/drive_base_msgs/share/drive_base_msgs/environment/path.sh
[11.866s] -- Up-to-date: /home/ubuntu/ros2_ws/install/drive_base_msgs/share/drive_base_msgs/environment/path.dsv
[11.869s] -- Up-to-date: /home/ubuntu/ros2_ws/install/drive_base_msgs/share/drive_base_msgs/local_setup.bash
[11.873s] -- Up-to-date: /home/ubuntu/ros2_ws/install/drive_base_msgs/share/drive_base_msgs/local_setup.sh
[11.877s] -- Up-to-date: /home/ubuntu/ros2_ws/install/drive_base_msgs/share/drive_base_msgs/local_setup.zsh
[11.880s] -- Up-to-date: /home/ubuntu/ros2_ws/install/drive_base_msgs/share/drive_base_msgs/local_setup.dsv
[11.883s] -- Installing: /home/ubuntu/ros2_ws/install/drive_base_msgs/share/drive_base_msgs/package.dsv
[11.907s] -- Up-to-date: /home/ubuntu/ros2_ws/install/drive_base_msgs/share/ament_index/resource_index/packages/drive_base_msgs
[11.915s] -- Up-to-date: /home/ubuntu/ros2_ws/install/drive_base_msgs/share/drive_base_msgs/cmake/drive_base_msgs__rosidl_generator_cExport.cmake
[11.919s] -- Up-to-date: /home/ubuntu/ros2_ws/install/drive_base_msgs/share/drive_base_msgs/cmake/drive_base_msgs__rosidl_generator_cExport-noconfig.cmake
[11.926s] -- Up-to-date: /home/ubuntu/ros2_ws/install/drive_base_msgs/share/drive_base_msgs/cmake/drive_base_msgs__rosidl_typesupport_introspection_cExport.cmake
[11.930s] -- Up-to-date: /home/ubuntu/ros2_ws/install/drive_base_msgs/share/drive_base_msgs/cmake/drive_base_msgs__rosidl_typesupport_introspection_cExport-noconfig.cmake
[11.937s] -- Up-to-date: /home/ubuntu/ros2_ws/install/drive_base_msgs/share/drive_base_msgs/cmake/drive_base_msgs__rosidl_typesupport_cExport.cmake
[11.940s] -- Up-to-date: /home/ubuntu/ros2_ws/install/drive_base_msgs/share/drive_base_msgs/cmake/drive_base_msgs__rosidl_typesupport_cExport-noconfig.cmake
[11.947s] -- Up-to-date: /home/ubuntu/ros2_ws/install/drive_base_msgs/share/drive_base_msgs/cmake/drive_base_msgs__rosidl_generator_cppExport.cmake
[11.954s] -- Up-to-date: /home/ubuntu/ros2_ws/install/drive_base_msgs/share/drive_base_msgs/cmake/drive_base_msgs__rosidl_typesupport_introspection_cppExport.cmake
[11.958s] -- Up-to-date: /home/ubuntu/ros2_ws/install/drive_base_msgs/share/drive_base_msgs/cmake/drive_base_msgs__rosidl_typesupport_introspection_cppExport-noconfig.cmake
[11.965s] -- Up-to-date: /home/ubuntu/ros2_ws/install/drive_base_msgs/share/drive_base_msgs/cmake/drive_base_msgs__rosidl_typesupport_cppExport.cmake
[11.968s] -- Up-to-date: /home/ubuntu/ros2_ws/install/drive_base_msgs/share/drive_base_msgs/cmake/drive_base_msgs__rosidl_typesupport_cppExport-noconfig.cmake
[11.972s] -- Up-to-date: /home/ubuntu/ros2_ws/install/drive_base_msgs/share/drive_base_msgs/cmake/rosidl_cmake-extras.cmake
[11.975s] -- Up-to-date: /home/ubuntu/ros2_ws/install/drive_base_msgs/share/drive_base_msgs/cmake/ament_cmake_export_dependencies-extras.cmake
[11.979s] -- Up-to-date: /home/ubuntu/ros2_ws/install/drive_base_msgs/share/drive_base_msgs/cmake/ament_cmake_export_libraries-extras.cmake
[11.983s] -- Up-to-date: /home/ubuntu/ros2_ws/install/drive_base_msgs/share/drive_base_msgs/cmake/ament_cmake_export_targets-extras.cmake
[12.003s] -- Up-to-date: /home/ubuntu/ros2_ws/install/drive_base_msgs/share/drive_base_msgs/cmake/ament_cmake_export_include_directories-extras.cmake
[12.006s] -- Up-to-date: /home/ubuntu/ros2_ws/install/drive_base_msgs/share/drive_base_msgs/cmake/rosidl_cmake_export_typesupport_libraries-extras.cmake
[12.009s] -- Up-to-date: /home/ubuntu/ros2_ws/install/drive_base_msgs/share/drive_base_msgs/cmake/rosidl_cmake_export_typesupport_targets-extras.cmake
[12.013s] -- Up-to-date: /home/ubuntu/ros2_ws/install/drive_base_msgs/share/drive_base_msgs/cmake/drive_base_msgsConfig.cmake
[12.016s] -- Up-to-date: /home/ubuntu/ros2_ws/install/drive_base_msgs/share/drive_base_msgs/cmake/drive_base_msgsConfig-version.cmake
[12.019s] -- Up-to-date: /home/ubuntu/ros2_ws/install/drive_base_msgs/share/drive_base_msgs/package.xml
[13.532s] Invoked command in '/home/ubuntu/ros2_ws/build/drive_base_msgs' returned '0': CMAKE_PREFIX_PATH=/opt/ros/foxy /usr/bin/cmake --install /home/ubuntu/ros2_ws/build/drive_base_msgs
