[9.797s] Invoking command in '/home/ubuntu/ros2_ws/src/cart_start': PYTHONPATH=/home/ubuntu/ros2_ws/install/cart_start/lib/python3.8/site-packages:${PYTHONPATH} /usr/bin/python3 setup.py egg_info --egg-base ../../build/cart_start build --build-base /home/ubuntu/ros2_ws/build/cart_start/build install --prefix /home/ubuntu/ros2_ws/install/cart_start --record /home/ubuntu/ros2_ws/build/cart_start/install.log --single-version-externally-managed
[12.432s] running egg_info
[12.439s] writing ../../build/cart_start/cart_start.egg-info/PKG-INFO
[12.445s] writing dependency_links to ../../build/cart_start/cart_start.egg-info/dependency_links.txt
[12.450s] writing entry points to ../../build/cart_start/cart_start.egg-info/entry_points.txt
[12.454s] writing requirements to ../../build/cart_start/cart_start.egg-info/requires.txt
[12.461s] writing top-level names to ../../build/cart_start/cart_start.egg-info/top_level.txt
[13.452s] reading manifest file '../../build/cart_start/cart_start.egg-info/SOURCES.txt'
[13.461s] writing manifest file '../../build/cart_start/cart_start.egg-info/SOURCES.txt'
[13.463s] running build
[13.464s] running build_py
[13.468s] running install
[13.472s] running install_lib
[13.522s] running install_data
[13.529s] running install_egg_info
[13.553s] removing '/home/ubuntu/ros2_ws/install/cart_start/lib/python3.8/site-packages/cart_start-0.0.0-py3.8.egg-info' (and everything under it)
[13.555s] Copying ../../build/cart_start/cart_start.egg-info to /home/ubuntu/ros2_ws/install/cart_start/lib/python3.8/site-packages/cart_start-0.0.0-py3.8.egg-info
[13.589s] running install_scripts
[13.610s] writing list of installed files to '/home/ubuntu/ros2_ws/build/cart_start/install.log'
[13.644s] Invoked command in '/home/ubuntu/ros2_ws/src/cart_start' returned '0': PYTHONPATH=/home/ubuntu/ros2_ws/install/cart_start/lib/python3.8/site-packages:${PYTHONPATH} /usr/bin/python3 setup.py egg_info --egg-base ../../build/cart_start build --build-base /home/ubuntu/ros2_ws/build/cart_start/build install --prefix /home/ubuntu/ros2_ws/install/cart_start --record /home/ubuntu/ros2_ws/build/cart_start/install.log --single-version-externally-managed
