[9.114s] Invoking command in '/home/ubuntu/ros2_ws/src/motor_control': PYTHONPATH=/home/ubuntu/ros2_ws/install/motor_control/lib/python3.8/site-packages:${PYTHONPATH} /usr/bin/python3 setup.py egg_info --egg-base ../../build/motor_control build --build-base /home/ubuntu/ros2_ws/build/motor_control/build install --prefix /home/ubuntu/ros2_ws/install/motor_control --record /home/ubuntu/ros2_ws/build/motor_control/install.log --single-version-externally-managed
[12.354s] running egg_info
[12.381s] writing ../../build/motor_control/motor_control.egg-info/PKG-INFO
[12.397s] writing dependency_links to ../../build/motor_control/motor_control.egg-info/dependency_links.txt
[12.406s] writing entry points to ../../build/motor_control/motor_control.egg-info/entry_points.txt
[12.423s] writing requirements to ../../build/motor_control/motor_control.egg-info/requires.txt
[12.428s] writing top-level names to ../../build/motor_control/motor_control.egg-info/top_level.txt
[12.753s] reading manifest file '../../build/motor_control/motor_control.egg-info/SOURCES.txt'
[12.756s] writing manifest file '../../build/motor_control/motor_control.egg-info/SOURCES.txt'
[12.757s] running build
[12.759s] running build_py
[12.762s] running install
[12.764s] running install_lib
[12.765s] running install_data
[12.768s] running install_egg_info
[12.783s] removing '/home/ubuntu/ros2_ws/install/motor_control/lib/python3.8/site-packages/motor_control-0.0.0-py3.8.egg-info' (and everything under it)
[12.785s] Copying ../../build/motor_control/motor_control.egg-info to /home/ubuntu/ros2_ws/install/motor_control/lib/python3.8/site-packages/motor_control-0.0.0-py3.8.egg-info
[12.787s] running install_scripts
[12.809s] Installing listener script to /home/ubuntu/ros2_ws/install/motor_control/lib/motor_control
[12.810s] writing list of installed files to '/home/ubuntu/ros2_ws/build/motor_control/install.log'
[12.921s] Invoked command in '/home/ubuntu/ros2_ws/src/motor_control' returned '0': PYTHONPATH=/home/ubuntu/ros2_ws/install/motor_control/lib/python3.8/site-packages:${PYTHONPATH} /usr/bin/python3 setup.py egg_info --egg-base ../../build/motor_control build --build-base /home/ubuntu/ros2_ws/build/motor_control/build install --prefix /home/ubuntu/ros2_ws/install/motor_control --record /home/ubuntu/ros2_ws/build/motor_control/install.log --single-version-externally-managed
