[5.548s] Invoking command in '/home/ubuntu/ros2_ws/src/odom_builder': PYTHONPATH=/home/ubuntu/ros2_ws/install/odom_builder/lib/python3.8/site-packages:${PYTHONPATH} /usr/bin/python3 setup.py egg_info --egg-base ../../build/odom_builder build --build-base /home/ubuntu/ros2_ws/build/odom_builder/build install --prefix /home/ubuntu/ros2_ws/install/odom_builder --record /home/ubuntu/ros2_ws/build/odom_builder/install.log --single-version-externally-managed
[6.746s] running egg_info
[6.750s] writing ../../build/odom_builder/odom_builder.egg-info/PKG-INFO
[6.752s] writing dependency_links to ../../build/odom_builder/odom_builder.egg-info/dependency_links.txt
[6.754s] writing entry points to ../../build/odom_builder/odom_builder.egg-info/entry_points.txt
[6.756s] writing requirements to ../../build/odom_builder/odom_builder.egg-info/requires.txt
[6.757s] writing top-level names to ../../build/odom_builder/odom_builder.egg-info/top_level.txt
[6.955s] reading manifest file '../../build/odom_builder/odom_builder.egg-info/SOURCES.txt'
[6.962s] writing manifest file '../../build/odom_builder/odom_builder.egg-info/SOURCES.txt'
[6.964s] running build
[6.967s] running build_py
[6.970s] copying odom_builder/odometry_pub.py -> /home/ubuntu/ros2_ws/build/odom_builder/build/lib/odom_builder
[6.973s] running install
[6.975s] running install_lib
[6.978s] copying /home/ubuntu/ros2_ws/build/odom_builder/build/lib/odom_builder/odometry_pub.py -> /home/ubuntu/ros2_ws/install/odom_builder/lib/python3.8/site-packages/odom_builder
[6.984s] byte-compiling /home/ubuntu/ros2_ws/install/odom_builder/lib/python3.8/site-packages/odom_builder/odometry_pub.py to odometry_pub.cpython-38.pyc
[6.990s] Sorry: IndentationError: unexpected indent (odometry_pub.py, line 16)
[7.006s] running install_data
[7.013s] running install_egg_info
[7.015s] removing '/home/ubuntu/ros2_ws/install/odom_builder/lib/python3.8/site-packages/odom_builder-0.0.0-py3.8.egg-info' (and everything under it)
[7.016s] Copying ../../build/odom_builder/odom_builder.egg-info to /home/ubuntu/ros2_ws/install/odom_builder/lib/python3.8/site-packages/odom_builder-0.0.0-py3.8.egg-info
[7.021s] running install_scripts
[7.128s] Installing odo_pub script to /home/ubuntu/ros2_ws/install/odom_builder/lib/odom_builder
[7.130s] writing list of installed files to '/home/ubuntu/ros2_ws/build/odom_builder/install.log'
[7.248s] Invoked command in '/home/ubuntu/ros2_ws/src/odom_builder' returned '0': PYTHONPATH=/home/ubuntu/ros2_ws/install/odom_builder/lib/python3.8/site-packages:${PYTHONPATH} /usr/bin/python3 setup.py egg_info --egg-base ../../build/odom_builder build --build-base /home/ubuntu/ros2_ws/build/odom_builder/build install --prefix /home/ubuntu/ros2_ws/install/odom_builder --record /home/ubuntu/ros2_ws/build/odom_builder/install.log --single-version-externally-managed
