[4.180s] Invoking command in '/home/ubuntu/ros2_ws/src/motor_control': PYTHONPATH=/home/ubuntu/ros2_ws/install/motor_control/lib/python3.8/site-packages:${PYTHONPATH} /usr/bin/python3 setup.py egg_info --egg-base ../../build/motor_control build --build-base /home/ubuntu/ros2_ws/build/motor_control/build install --prefix /home/ubuntu/ros2_ws/install/motor_control --record /home/ubuntu/ros2_ws/build/motor_control/install.log --single-version-externally-managed
[5.324s] running egg_info
[5.327s] writing ../../build/motor_control/motor_control.egg-info/PKG-INFO
[5.328s] writing dependency_links to ../../build/motor_control/motor_control.egg-info/dependency_links.txt
[5.329s] writing entry points to ../../build/motor_control/motor_control.egg-info/entry_points.txt
[5.331s] writing requirements to ../../build/motor_control/motor_control.egg-info/requires.txt
[5.332s] writing top-level names to ../../build/motor_control/motor_control.egg-info/top_level.txt
[5.507s] reading manifest file '../../build/motor_control/motor_control.egg-info/SOURCES.txt'
[5.513s] writing manifest file '../../build/motor_control/motor_control.egg-info/SOURCES.txt'
[5.513s] running build
[5.514s] running build_py
[5.514s] copying motor_control/motor_sub.py -> /home/ubuntu/ros2_ws/build/motor_control/build/lib/motor_control
[5.515s] running install
[5.519s] running install_lib
[5.523s] copying /home/ubuntu/ros2_ws/build/motor_control/build/lib/motor_control/motor_sub.py -> /home/ubuntu/ros2_ws/install/motor_control/lib/python3.8/site-packages/motor_control
[5.525s] byte-compiling /home/ubuntu/ros2_ws/install/motor_control/lib/python3.8/site-packages/motor_control/motor_sub.py to motor_sub.cpython-38.pyc
[5.532s] running install_data
[5.534s] running install_egg_info
[5.541s] removing '/home/ubuntu/ros2_ws/install/motor_control/lib/python3.8/site-packages/motor_control-0.0.0-py3.8.egg-info' (and everything under it)
[5.543s] Copying ../../build/motor_control/motor_control.egg-info to /home/ubuntu/ros2_ws/install/motor_control/lib/python3.8/site-packages/motor_control-0.0.0-py3.8.egg-info
[5.550s] running install_scripts
[5.617s] Installing listener script to /home/ubuntu/ros2_ws/install/motor_control/lib/motor_control
[5.619s] writing list of installed files to '/home/ubuntu/ros2_ws/build/motor_control/install.log'
[5.739s] Invoked command in '/home/ubuntu/ros2_ws/src/motor_control' returned '0': PYTHONPATH=/home/ubuntu/ros2_ws/install/motor_control/lib/python3.8/site-packages:${PYTHONPATH} /usr/bin/python3 setup.py egg_info --egg-base ../../build/motor_control build --build-base /home/ubuntu/ros2_ws/build/motor_control/build install --prefix /home/ubuntu/ros2_ws/install/motor_control --record /home/ubuntu/ros2_ws/build/motor_control/install.log --single-version-externally-managed
