[0.119s] Invoking command in '/home/ubuntu/ros2_ws/build/micro_ros_setup': CMAKE_PREFIX_PATH=${CMAKE_PREFIX_PATH}:/home/ubuntu/ros2_ws/install/odom_builder:/home/ubuntu/ros2_ws/install/motor_control:/home/ubuntu/ros2_ws/install/cart_start:/opt/ros/foxy /usr/bin/cmake --build /home/ubuntu/ros2_ws/build/micro_ros_setup -- -j4 -l4
[0.480s] Invoked command in '/home/ubuntu/ros2_ws/build/micro_ros_setup' returned '0': CMAKE_PREFIX_PATH=${CMAKE_PREFIX_PATH}:/home/ubuntu/ros2_ws/install/odom_builder:/home/ubuntu/ros2_ws/install/motor_control:/home/ubuntu/ros2_ws/install/cart_start:/opt/ros/foxy /usr/bin/cmake --build /home/ubuntu/ros2_ws/build/micro_ros_setup -- -j4 -l4
[0.844s] Invoking command in '/home/ubuntu/ros2_ws/build/micro_ros_setup': CMAKE_PREFIX_PATH=${CMAKE_PREFIX_PATH}:/home/ubuntu/ros2_ws/install/odom_builder:/home/ubuntu/ros2_ws/install/motor_control:/home/ubuntu/ros2_ws/install/cart_start:/opt/ros/foxy /usr/bin/cmake --install /home/ubuntu/ros2_ws/build/micro_ros_setup
[0.904s] -- Install configuration: ""
[0.905s] -- Up-to-date: /home/ubuntu/ros2_ws/install/micro_ros_setup/share/ament_index/resource_index/package_run_dependencies/micro_ros_setup
[0.906s] -- Up-to-date: /home/ubuntu/ros2_ws/install/micro_ros_setup/share/ament_index/resource_index/parent_prefix_path/micro_ros_setup
[0.907s] -- Up-to-date: /home/ubuntu/ros2_ws/install/micro_ros_setup/share/micro_ros_setup/environment/ament_prefix_path.sh
[0.908s] -- Up-to-date: /home/ubuntu/ros2_ws/install/micro_ros_setup/share/micro_ros_setup/environment/ament_prefix_path.dsv
[0.909s] -- Up-to-date: /home/ubuntu/ros2_ws/install/micro_ros_setup/share/micro_ros_setup/environment/path.sh
[0.911s] -- Up-to-date: /home/ubuntu/ros2_ws/install/micro_ros_setup/share/micro_ros_setup/environment/path.dsv
[0.912s] -- Up-to-date: /home/ubuntu/ros2_ws/install/micro_ros_setup/share/micro_ros_setup/local_setup.bash
[0.913s] -- Up-to-date: /home/ubuntu/ros2_ws/install/micro_ros_setup/share/micro_ros_setup/local_setup.sh
[0.914s] -- Up-to-date: /home/ubuntu/ros2_ws/install/micro_ros_setup/share/micro_ros_setup/local_setup.zsh
[0.915s] -- Up-to-date: /home/ubuntu/ros2_ws/install/micro_ros_setup/share/micro_ros_setup/local_setup.dsv
[0.917s] -- Installing: /home/ubuntu/ros2_ws/install/micro_ros_setup/share/micro_ros_setup/package.dsv
[0.922s] -- Up-to-date: /home/ubuntu/ros2_ws/install/micro_ros_setup/share/ament_index/resource_index/packages/micro_ros_setup
[0.924s] -- Up-to-date: /home/ubuntu/ros2_ws/install/micro_ros_setup/share/micro_ros_setup/cmake/micro_ros_setupConfig.cmake
[0.926s] -- Up-to-date: /home/ubuntu/ros2_ws/install/micro_ros_setup/share/micro_ros_setup/cmake/micro_ros_setupConfig-version.cmake
[0.927s] -- Up-to-date: /home/ubuntu/ros2_ws/install/micro_ros_setup/share/micro_ros_setup/package.xml
[0.929s] -- Up-to-date: /home/ubuntu/ros2_ws/install/micro_ros_setup/./config
[0.931s] -- Up-to-date: /home/ubuntu/ros2_ws/install/micro_ros_setup/./config/agent_uros_packages.repos
[0.932s] -- Up-to-date: /home/ubuntu/ros2_ws/install/micro_ros_setup/./config/client_ros2_packages.txt
[0.933s] -- Up-to-date: /home/ubuntu/ros2_ws/install/micro_ros_setup/./config/host
[0.935s] -- Up-to-date: /home/ubuntu/ros2_ws/install/micro_ros_setup/./config/host/client_ros2_packages.txt
[0.936s] -- Up-to-date: /home/ubuntu/ros2_ws/install/micro_ros_setup/./config/host/dev_uros_packages.repos
[0.945s] -- Up-to-date: /home/ubuntu/ros2_ws/install/micro_ros_setup/./config/host/dev_ros2_packages.txt
[0.946s] -- Up-to-date: /home/ubuntu/ros2_ws/install/micro_ros_setup/./config/host/generic
[0.947s] -- Up-to-date: /home/ubuntu/ros2_ws/install/micro_ros_setup/./config/host/generic/client_host_packages.repos
[0.947s] -- Up-to-date: /home/ubuntu/ros2_ws/install/micro_ros_setup/./config/host/generic/package.xml
[0.948s] -- Up-to-date: /home/ubuntu/ros2_ws/install/micro_ros_setup/./config/host/generic/build.sh
[0.949s] -- Up-to-date: /home/ubuntu/ros2_ws/install/micro_ros_setup/./config/host/generic/flash.sh
[0.951s] -- Up-to-date: /home/ubuntu/ros2_ws/install/micro_ros_setup/./config/host/generic/reset.sh
[0.952s] -- Up-to-date: /home/ubuntu/ros2_ws/install/micro_ros_setup/./config/host/generic/create.sh
[0.952s] -- Up-to-date: /home/ubuntu/ros2_ws/install/micro_ros_setup/./config/host/generic/client-host-colcon.meta
[0.953s] -- Up-to-date: /home/ubuntu/ros2_ws/install/micro_ros_setup/./config/raspbian
[0.954s] -- Up-to-date: /home/ubuntu/ros2_ws/install/micro_ros_setup/./config/raspbian/dev_uros_packages.repos
[0.954s] -- Up-to-date: /home/ubuntu/ros2_ws/install/micro_ros_setup/./config/raspbian/dev_ros2_packages.txt
[0.955s] -- Up-to-date: /home/ubuntu/ros2_ws/install/micro_ros_setup/./config/raspbian/generic
[0.955s] -- Up-to-date: /home/ubuntu/ros2_ws/install/micro_ros_setup/./config/raspbian/generic/configure.sh
[0.956s] -- Up-to-date: /home/ubuntu/ros2_ws/install/micro_ros_setup/./config/raspbian/generic/build.sh
[0.956s] -- Up-to-date: /home/ubuntu/ros2_ws/install/micro_ros_setup/./config/raspbian/generic/flash.sh
[0.969s] -- Up-to-date: /home/ubuntu/ros2_ws/install/micro_ros_setup/./config/raspbian/generic/client_uros_packages.repos
[0.970s] -- Up-to-date: /home/ubuntu/ros2_ws/install/micro_ros_setup/./config/raspbian/generic/supported_platforms
[0.970s] -- Up-to-date: /home/ubuntu/ros2_ws/install/micro_ros_setup/./config/raspbian/generic/client-colcon.meta
[0.971s] -- Up-to-date: /home/ubuntu/ros2_ws/install/micro_ros_setup/./config/raspbian/generic/create.sh
[0.971s] -- Up-to-date: /home/ubuntu/ros2_ws/install/micro_ros_setup/./config/nuttx
[0.973s] -- Up-to-date: /home/ubuntu/ros2_ws/install/micro_ros_setup/./config/nuttx/dev_uros_packages.repos
[0.973s] -- Up-to-date: /home/ubuntu/ros2_ws/install/micro_ros_setup/./config/nuttx/dev_ros2_packages.txt
[0.974s] -- Up-to-date: /home/ubuntu/ros2_ws/install/micro_ros_setup/./config/nuttx/generic
[0.975s] -- Up-to-date: /home/ubuntu/ros2_ws/install/micro_ros_setup/./config/nuttx/generic/uros_packages.repos
[0.975s] -- Up-to-date: /home/ubuntu/ros2_ws/install/micro_ros_setup/./config/nuttx/generic/configure.sh
[0.976s] -- Up-to-date: /home/ubuntu/ros2_ws/install/micro_ros_setup/./config/nuttx/generic/package.xml
[0.976s] -- Up-to-date: /home/ubuntu/ros2_ws/install/micro_ros_setup/./config/nuttx/generic/build.sh
[0.977s] -- Up-to-date: /home/ubuntu/ros2_ws/install/micro_ros_setup/./config/nuttx/generic/flash.sh
[0.977s] -- Up-to-date: /home/ubuntu/ros2_ws/install/micro_ros_setup/./config/nuttx/generic/reset.sh
[0.978s] -- Up-to-date: /home/ubuntu/ros2_ws/install/micro_ros_setup/./config/nuttx/generic/client_uros_packages.repos
[0.979s] -- Up-to-date: /home/ubuntu/ros2_ws/install/micro_ros_setup/./config/nuttx/generic/supported_platforms
[0.979s] -- Up-to-date: /home/ubuntu/ros2_ws/install/micro_ros_setup/./config/nuttx/generic/client-colcon.meta
[0.979s] -- Up-to-date: /home/ubuntu/ros2_ws/install/micro_ros_setup/./config/nuttx/generic/create.sh
[0.980s] -- Up-to-date: /home/ubuntu/ros2_ws/install/micro_ros_setup/./config/zephyr
[0.980s] -- Up-to-date: /home/ubuntu/ros2_ws/install/micro_ros_setup/./config/zephyr/list_apps.sh
[0.982s] -- Up-to-date: /home/ubuntu/ros2_ws/install/micro_ros_setup/./config/zephyr/dev_uros_packages.repos
[0.982s] -- Up-to-date: /home/ubuntu/ros2_ws/install/micro_ros_setup/./config/zephyr/dev_ros2_packages.txt
[0.983s] -- Up-to-date: /home/ubuntu/ros2_ws/install/micro_ros_setup/./config/zephyr/generic
[0.984s] -- Up-to-date: /home/ubuntu/ros2_ws/install/micro_ros_setup/./config/zephyr/generic/configure.sh
[0.984s] -- Up-to-date: /home/ubuntu/ros2_ws/install/micro_ros_setup/./config/zephyr/generic/package.xml
[0.985s] -- Up-to-date: /home/ubuntu/ros2_ws/install/micro_ros_setup/./config/zephyr/generic/board.repos
[0.987s] -- Up-to-date: /home/ubuntu/ros2_ws/install/micro_ros_setup/./config/zephyr/generic/build.sh
[0.988s] -- Up-to-date: /home/ubuntu/ros2_ws/install/micro_ros_setup/./config/zephyr/generic/flash.sh
[0.990s] -- Up-to-date: /home/ubuntu/ros2_ws/install/micro_ros_setup/./config/zephyr/generic/reset.sh
[0.992s] -- Up-to-date: /home/ubuntu/ros2_ws/install/micro_ros_setup/./config/zephyr/generic/client_uros_packages.repos
[0.995s] -- Up-to-date: /home/ubuntu/ros2_ws/install/micro_ros_setup/./config/zephyr/generic/supported_platforms
[0.999s] -- Up-to-date: /home/ubuntu/ros2_ws/install/micro_ros_setup/./config/zephyr/generic/client-colcon.meta
[1.001s] -- Up-to-date: /home/ubuntu/ros2_ws/install/micro_ros_setup/./config/zephyr/generic/create.sh
[1.001s] -- Up-to-date: /home/ubuntu/ros2_ws/install/micro_ros_setup/./config/renesas_ra
[1.002s] -- Up-to-date: /home/ubuntu/ros2_ws/install/micro_ros_setup/./config/renesas_ra/list_apps.sh
[1.003s] -- Up-to-date: /home/ubuntu/ros2_ws/install/micro_ros_setup/./config/renesas_ra/ra6m5
[1.003s] -- Up-to-date: /home/ubuntu/ros2_ws/install/micro_ros_setup/./config/renesas_ra/ra6m5/configure.sh
[1.004s] -- Up-to-date: /home/ubuntu/ros2_ws/install/micro_ros_setup/./config/renesas_ra/ra6m5/board.repos
[1.005s] -- Up-to-date: /home/ubuntu/ros2_ws/install/micro_ros_setup/./config/renesas_ra/ra6m5/build.sh
[1.008s] -- Up-to-date: /home/ubuntu/ros2_ws/install/micro_ros_setup/./config/renesas_ra/ra6m5/flash.sh
[1.011s] -- Up-to-date: /home/ubuntu/ros2_ws/install/micro_ros_setup/./config/renesas_ra/ra6m5/client_uros_packages.repos
[1.022s] -- Up-to-date: /home/ubuntu/ros2_ws/install/micro_ros_setup/./config/renesas_ra/ra6m5/create.sh
[1.024s] -- Up-to-date: /home/ubuntu/ros2_ws/install/micro_ros_setup/./config/renesas_ra/dev_uros_packages.repos
[1.026s] -- Up-to-date: /home/ubuntu/ros2_ws/install/micro_ros_setup/./config/renesas_ra/dev_ros2_packages.txt
[1.027s] -- Up-to-date: /home/ubuntu/ros2_ws/install/micro_ros_setup/./config/client_uros_packages.repos
[1.029s] -- Up-to-date: /home/ubuntu/ros2_ws/install/micro_ros_setup/./config/utils.sh
[1.031s] -- Up-to-date: /home/ubuntu/ros2_ws/install/micro_ros_setup/./config/freertos
[1.033s] -- Up-to-date: /home/ubuntu/ros2_ws/install/micro_ros_setup/./config/freertos/nucleo_f746zg
[1.045s] -- Up-to-date: /home/ubuntu/ros2_ws/install/micro_ros_setup/./config/freertos/nucleo_f746zg/configure.sh
[1.046s] -- Up-to-date: /home/ubuntu/ros2_ws/install/micro_ros_setup/./config/freertos/nucleo_f746zg/package.xml
[1.047s] -- Up-to-date: /home/ubuntu/ros2_ws/install/micro_ros_setup/./config/freertos/nucleo_f746zg/board.repos
[1.047s] -- Up-to-date: /home/ubuntu/ros2_ws/install/micro_ros_setup/./config/freertos/nucleo_f746zg/build.sh
[1.048s] -- Up-to-date: /home/ubuntu/ros2_ws/install/micro_ros_setup/./config/freertos/nucleo_f746zg/flash.sh
[1.049s] -- Up-to-date: /home/ubuntu/ros2_ws/install/micro_ros_setup/./config/freertos/nucleo_f746zg/reset.sh
[1.049s] -- Up-to-date: /home/ubuntu/ros2_ws/install/micro_ros_setup/./config/freertos/nucleo_f746zg/client_uros_packages.repos
[1.050s] -- Up-to-date: /home/ubuntu/ros2_ws/install/micro_ros_setup/./config/freertos/nucleo_f746zg/client-colcon.meta
[1.051s] -- Up-to-date: /home/ubuntu/ros2_ws/install/micro_ros_setup/./config/freertos/nucleo_f746zg/create.sh
[1.051s] -- Up-to-date: /home/ubuntu/ros2_ws/install/micro_ros_setup/./config/freertos/list_apps.sh
[1.052s] -- Up-to-date: /home/ubuntu/ros2_ws/install/micro_ros_setup/./config/freertos/nucleo_f446ze
[1.053s] -- Up-to-date: /home/ubuntu/ros2_ws/install/micro_ros_setup/./config/freertos/nucleo_f446ze/configure.sh
[1.054s] -- Up-to-date: /home/ubuntu/ros2_ws/install/micro_ros_setup/./config/freertos/nucleo_f446ze/package.xml
[1.054s] -- Up-to-date: /home/ubuntu/ros2_ws/install/micro_ros_setup/./config/freertos/nucleo_f446ze/board.repos
[1.061s] -- Up-to-date: /home/ubuntu/ros2_ws/install/micro_ros_setup/./config/freertos/nucleo_f446ze/build.sh
[1.061s] -- Up-to-date: /home/ubuntu/ros2_ws/install/micro_ros_setup/./config/freertos/nucleo_f446ze/flash.sh
[1.062s] -- Up-to-date: /home/ubuntu/ros2_ws/install/micro_ros_setup/./config/freertos/nucleo_f446ze/reset.sh
[1.063s] -- Up-to-date: /home/ubuntu/ros2_ws/install/micro_ros_setup/./config/freertos/nucleo_f446ze/client_uros_packages.repos
[1.064s] -- Up-to-date: /home/ubuntu/ros2_ws/install/micro_ros_setup/./config/freertos/nucleo_f446ze/client-colcon.meta
[1.064s] -- Up-to-date: /home/ubuntu/ros2_ws/install/micro_ros_setup/./config/freertos/nucleo_f446ze/create.sh
[1.065s] -- Up-to-date: /home/ubuntu/ros2_ws/install/micro_ros_setup/./config/freertos/crazyflie21
[1.066s] -- Up-to-date: /home/ubuntu/ros2_ws/install/micro_ros_setup/./config/freertos/crazyflie21/configure.sh
[1.066s] -- Up-to-date: /home/ubuntu/ros2_ws/install/micro_ros_setup/./config/freertos/crazyflie21/package.xml
[1.067s] -- Up-to-date: /home/ubuntu/ros2_ws/install/micro_ros_setup/./config/freertos/crazyflie21/board.repos
[1.067s] -- Up-to-date: /home/ubuntu/ros2_ws/install/micro_ros_setup/./config/freertos/crazyflie21/build.sh
[1.068s] -- Up-to-date: /home/ubuntu/ros2_ws/install/micro_ros_setup/./config/freertos/crazyflie21/flash.sh
[1.068s] -- Up-to-date: /home/ubuntu/ros2_ws/install/micro_ros_setup/./config/freertos/crazyflie21/client_uros_packages.repos
[1.069s] -- Up-to-date: /home/ubuntu/ros2_ws/install/micro_ros_setup/./config/freertos/crazyflie21/client-colcon.meta
[1.069s] -- Up-to-date: /home/ubuntu/ros2_ws/install/micro_ros_setup/./config/freertos/crazyflie21/create.sh
[1.070s] -- Up-to-date: /home/ubuntu/ros2_ws/install/micro_ros_setup/./config/freertos/nucleo_f767zi
[1.071s] -- Up-to-date: /home/ubuntu/ros2_ws/install/micro_ros_setup/./config/freertos/nucleo_f767zi/configure.sh
[1.071s] -- Up-to-date: /home/ubuntu/ros2_ws/install/micro_ros_setup/./config/freertos/nucleo_f767zi/package.xml
[1.072s] -- Up-to-date: /home/ubuntu/ros2_ws/install/micro_ros_setup/./config/freertos/nucleo_f767zi/board.repos
[1.072s] -- Up-to-date: /home/ubuntu/ros2_ws/install/micro_ros_setup/./config/freertos/nucleo_f767zi/build.sh
[1.077s] -- Up-to-date: /home/ubuntu/ros2_ws/install/micro_ros_setup/./config/freertos/nucleo_f767zi/flash.sh
[1.078s] -- Up-to-date: /home/ubuntu/ros2_ws/install/micro_ros_setup/./config/freertos/nucleo_f767zi/reset.sh
[1.079s] -- Up-to-date: /home/ubuntu/ros2_ws/install/micro_ros_setup/./config/freertos/nucleo_f767zi/client_uros_packages.repos
[1.080s] -- Up-to-date: /home/ubuntu/ros2_ws/install/micro_ros_setup/./config/freertos/nucleo_f767zi/client-colcon.meta
[1.083s] -- Up-to-date: /home/ubuntu/ros2_ws/install/micro_ros_setup/./config/freertos/nucleo_f767zi/create.sh
[1.089s] -- Up-to-date: /home/ubuntu/ros2_ws/install/micro_ros_setup/./config/freertos/dev_uros_packages.repos
[1.091s] -- Up-to-date: /home/ubuntu/ros2_ws/install/micro_ros_setup/./config/freertos/nucleo_f446re
[1.092s] -- Up-to-date: /home/ubuntu/ros2_ws/install/micro_ros_setup/./config/freertos/nucleo_f446re/configure.sh
[1.093s] -- Up-to-date: /home/ubuntu/ros2_ws/install/micro_ros_setup/./config/freertos/nucleo_f446re/package.xml
[1.095s] -- Up-to-date: /home/ubuntu/ros2_ws/install/micro_ros_setup/./config/freertos/nucleo_f446re/board.repos
[1.097s] -- Up-to-date: /home/ubuntu/ros2_ws/install/micro_ros_setup/./config/freertos/nucleo_f446re/build.sh
[1.097s] -- Up-to-date: /home/ubuntu/ros2_ws/install/micro_ros_setup/./config/freertos/nucleo_f446re/flash.sh
[1.098s] -- Up-to-date: /home/ubuntu/ros2_ws/install/micro_ros_setup/./config/freertos/nucleo_f446re/reset.sh
[1.099s] -- Up-to-date: /home/ubuntu/ros2_ws/install/micro_ros_setup/./config/freertos/nucleo_f446re/client_uros_packages.repos
[1.100s] -- Up-to-date: /home/ubuntu/ros2_ws/install/micro_ros_setup/./config/freertos/nucleo_f446re/client-colcon.meta
[1.103s] -- Up-to-date: /home/ubuntu/ros2_ws/install/micro_ros_setup/./config/freertos/nucleo_f446re/create.sh
[1.104s] -- Up-to-date: /home/ubuntu/ros2_ws/install/micro_ros_setup/./config/freertos/dev_ros2_packages.txt
[1.105s] -- Up-to-date: /home/ubuntu/ros2_ws/install/micro_ros_setup/./config/freertos/olimex-stm32-e407
[1.106s] -- Up-to-date: /home/ubuntu/ros2_ws/install/micro_ros_setup/./config/freertos/olimex-stm32-e407/configure.sh
[1.108s] -- Up-to-date: /home/ubuntu/ros2_ws/install/micro_ros_setup/./config/freertos/olimex-stm32-e407/package.xml
[1.110s] -- Up-to-date: /home/ubuntu/ros2_ws/install/micro_ros_setup/./config/freertos/olimex-stm32-e407/board.repos
[1.110s] -- Up-to-date: /home/ubuntu/ros2_ws/install/micro_ros_setup/./config/freertos/olimex-stm32-e407/build.sh
[1.111s] -- Up-to-date: /home/ubuntu/ros2_ws/install/micro_ros_setup/./config/freertos/olimex-stm32-e407/flash.sh
[1.113s] -- Up-to-date: /home/ubuntu/ros2_ws/install/micro_ros_setup/./config/freertos/olimex-stm32-e407/reset.sh
[1.115s] -- Up-to-date: /home/ubuntu/ros2_ws/install/micro_ros_setup/./config/freertos/olimex-stm32-e407/client_uros_packages.repos
[1.116s] -- Up-to-date: /home/ubuntu/ros2_ws/install/micro_ros_setup/./config/freertos/olimex-stm32-e407/client-colcon.meta
[1.118s] -- Up-to-date: /home/ubuntu/ros2_ws/install/micro_ros_setup/./config/freertos/olimex-stm32-e407/create.sh
[1.123s] -- Up-to-date: /home/ubuntu/ros2_ws/install/micro_ros_setup/./config/freertos/esp32
[1.125s] -- Up-to-date: /home/ubuntu/ros2_ws/install/micro_ros_setup/./config/freertos/esp32/configure.sh
[1.126s] -- Up-to-date: /home/ubuntu/ros2_ws/install/micro_ros_setup/./config/freertos/esp32/package.xml
[1.127s] -- Up-to-date: /home/ubuntu/ros2_ws/install/micro_ros_setup/./config/freertos/esp32/board.repos
[1.135s] -- Up-to-date: /home/ubuntu/ros2_ws/install/micro_ros_setup/./config/freertos/esp32/README.md
[1.136s] -- Up-to-date: /home/ubuntu/ros2_ws/install/micro_ros_setup/./config/freertos/esp32/build.sh
[1.143s] -- Up-to-date: /home/ubuntu/ros2_ws/install/micro_ros_setup/./config/freertos/esp32/flash.sh
[1.150s] -- Up-to-date: /home/ubuntu/ros2_ws/install/micro_ros_setup/./config/freertos/esp32/client_uros_packages.repos
[1.151s] -- Up-to-date: /home/ubuntu/ros2_ws/install/micro_ros_setup/./config/freertos/esp32/client-colcon.meta
[1.152s] -- Up-to-date: /home/ubuntu/ros2_ws/install/micro_ros_setup/./config/freertos/esp32/create.sh
[1.152s] -- Up-to-date: /home/ubuntu/ros2_ws/install/micro_ros_setup/./config/generate_lib
[1.155s] -- Up-to-date: /home/ubuntu/ros2_ws/install/micro_ros_setup/./config/generate_lib/dev_uros_packages.repos
[1.157s] -- Up-to-date: /home/ubuntu/ros2_ws/install/micro_ros_setup/./config/generate_lib/dev_ros2_packages.txt
[1.160s] -- Up-to-date: /home/ubuntu/ros2_ws/install/micro_ros_setup/./config/generate_lib/generic
[1.161s] -- Up-to-date: /home/ubuntu/ros2_ws/install/micro_ros_setup/./config/generate_lib/generic/package.xml
[1.162s] -- Up-to-date: /home/ubuntu/ros2_ws/install/micro_ros_setup/./config/generate_lib/generic/build.sh
[1.164s] -- Up-to-date: /home/ubuntu/ros2_ws/install/micro_ros_setup/./config/generate_lib/generic/flash.sh
[1.165s] -- Up-to-date: /home/ubuntu/ros2_ws/install/micro_ros_setup/./config/generate_lib/generic/client_uros_packages.repos
[1.166s] -- Up-to-date: /home/ubuntu/ros2_ws/install/micro_ros_setup/./config/generate_lib/generic/demo_toolchain.cmake
[1.168s] -- Up-to-date: /home/ubuntu/ros2_ws/install/micro_ros_setup/./config/generate_lib/generic/client-colcon.meta
[1.168s] -- Up-to-date: /home/ubuntu/ros2_ws/install/micro_ros_setup/./config/generate_lib/generic/create.sh
[1.169s] -- Up-to-date: /home/ubuntu/ros2_ws/install/micro_ros_setup/./config/agent_ros2_packages.txt
[1.170s] -- Up-to-date: /home/ubuntu/ros2_ws/install/micro_ros_setup/lib/micro_ros_setup/create_ws.sh
[1.171s] -- Up-to-date: /home/ubuntu/ros2_ws/install/micro_ros_setup/lib/micro_ros_setup/create_agent_ws.sh
[1.172s] -- Up-to-date: /home/ubuntu/ros2_ws/install/micro_ros_setup/lib/micro_ros_setup/create_firmware_ws.sh
[1.172s] -- Up-to-date: /home/ubuntu/ros2_ws/install/micro_ros_setup/lib/micro_ros_setup/configure_firmware.sh
[1.173s] -- Up-to-date: /home/ubuntu/ros2_ws/install/micro_ros_setup/lib/micro_ros_setup/flash_firmware.sh
[1.174s] -- Up-to-date: /home/ubuntu/ros2_ws/install/micro_ros_setup/lib/micro_ros_setup/reset_firmware.sh
[1.176s] -- Up-to-date: /home/ubuntu/ros2_ws/install/micro_ros_setup/lib/micro_ros_setup/build_firmware.sh
[1.176s] -- Up-to-date: /home/ubuntu/ros2_ws/install/micro_ros_setup/lib/micro_ros_setup/build_agent.sh
[1.178s] -- Up-to-date: /home/ubuntu/ros2_ws/install/micro_ros_setup/lib/micro_ros_setup/yaml_filter.py
[1.180s] -- Up-to-date: /home/ubuntu/ros2_ws/install/micro_ros_setup/lib/micro_ros_setup/clean_env.sh
[1.183s] Invoked command in '/home/ubuntu/ros2_ws/build/micro_ros_setup' returned '0': CMAKE_PREFIX_PATH=${CMAKE_PREFIX_PATH}:/home/ubuntu/ros2_ws/install/odom_builder:/home/ubuntu/ros2_ws/install/motor_control:/home/ubuntu/ros2_ws/install/cart_start:/opt/ros/foxy /usr/bin/cmake --install /home/ubuntu/ros2_ws/build/micro_ros_setup
