[1.997s] Invoking command in '/home/ubuntu/ros2_ws/src/build/sllidar_ros2': CMAKE_PREFIX_PATH=/opt/ros/foxy /usr/bin/cmake --build /home/ubuntu/ros2_ws/src/build/sllidar_ros2 -- -j4 -l4
[2.477s] [ 14%] Built target sllidar_client
[2.490s] [100%] Built target sllidar_node
[2.553s] Invoked command in '/home/ubuntu/ros2_ws/src/build/sllidar_ros2' returned '0': CMAKE_PREFIX_PATH=/opt/ros/foxy /usr/bin/cmake --build /home/ubuntu/ros2_ws/src/build/sllidar_ros2 -- -j4 -l4
[2.885s] Invoking command in '/home/ubuntu/ros2_ws/src/build/sllidar_ros2': CMAKE_PREFIX_PATH=/opt/ros/foxy /usr/bin/cmake --install /home/ubuntu/ros2_ws/src/build/sllidar_ros2
[2.936s] -- Install configuration: ""
[2.938s] -- Up-to-date: /home/ubuntu/ros2_ws/src/install/sllidar_ros2/share/sllidar_ros2/launch
[2.940s] -- Up-to-date: /home/ubuntu/ros2_ws/src/install/sllidar_ros2/share/sllidar_ros2/launch/sllidar_s2_launch.py
[2.940s] -- Up-to-date: /home/ubuntu/ros2_ws/src/install/sllidar_ros2/share/sllidar_ros2/launch/view_sllidar_launch.py
[2.941s] -- Up-to-date: /home/ubuntu/ros2_ws/src/install/sllidar_ros2/share/sllidar_ros2/launch/view_sllidar_s1_launch.py
[2.956s] -- Up-to-date: /home/ubuntu/ros2_ws/src/install/sllidar_ros2/share/sllidar_ros2/launch/view_sllidar_s1_tcp_launch.py
[2.959s] -- Up-to-date: /home/ubuntu/ros2_ws/src/install/sllidar_ros2/share/sllidar_ros2/launch/sllidar_launch.py
[2.959s] -- Up-to-date: /home/ubuntu/ros2_ws/src/install/sllidar_ros2/share/sllidar_ros2/launch/sllidar_s1_tcp_launch.py
[2.960s] -- Up-to-date: /home/ubuntu/ros2_ws/src/install/sllidar_ros2/share/sllidar_ros2/launch/view_sllidar_s2_launch.py
[2.960s] -- Up-to-date: /home/ubuntu/ros2_ws/src/install/sllidar_ros2/share/sllidar_ros2/launch/sllidar_t1_launch.py
[2.961s] -- Up-to-date: /home/ubuntu/ros2_ws/src/install/sllidar_ros2/share/sllidar_ros2/launch/view_sllidar_a3_launch.py
[2.961s] -- Up-to-date: /home/ubuntu/ros2_ws/src/install/sllidar_ros2/share/sllidar_ros2/launch/sllidar_s1_launch.py
[2.962s] -- Up-to-date: /home/ubuntu/ros2_ws/src/install/sllidar_ros2/share/sllidar_ros2/launch/sllidar_a3_launch.py
[2.962s] -- Up-to-date: /home/ubuntu/ros2_ws/src/install/sllidar_ros2/share/sllidar_ros2/launch/view_sllidar_t1_launch.py
[2.962s] -- Up-to-date: /home/ubuntu/ros2_ws/src/install/sllidar_ros2/share/sllidar_ros2/rviz
[2.963s] -- Up-to-date: /home/ubuntu/ros2_ws/src/install/sllidar_ros2/share/sllidar_ros2/rviz/sllidar_ros2.rviz
[2.964s] -- Up-to-date: /home/ubuntu/ros2_ws/src/install/sllidar_ros2/lib/sllidar_ros2/sllidar_node
[2.964s] -- Up-to-date: /home/ubuntu/ros2_ws/src/install/sllidar_ros2/lib/sllidar_ros2/sllidar_client
[2.965s] -- Up-to-date: /home/ubuntu/ros2_ws/src/install/sllidar_ros2/share/ament_index/resource_index/package_run_dependencies/sllidar_ros2
[2.965s] -- Up-to-date: /home/ubuntu/ros2_ws/src/install/sllidar_ros2/share/ament_index/resource_index/parent_prefix_path/sllidar_ros2
[2.965s] -- Up-to-date: /home/ubuntu/ros2_ws/src/install/sllidar_ros2/share/sllidar_ros2/environment/ament_prefix_path.sh
[2.966s] -- Up-to-date: /home/ubuntu/ros2_ws/src/install/sllidar_ros2/share/sllidar_ros2/environment/ament_prefix_path.dsv
[2.966s] -- Up-to-date: /home/ubuntu/ros2_ws/src/install/sllidar_ros2/share/sllidar_ros2/environment/path.sh
[2.967s] -- Up-to-date: /home/ubuntu/ros2_ws/src/install/sllidar_ros2/share/sllidar_ros2/environment/path.dsv
[2.968s] -- Up-to-date: /home/ubuntu/ros2_ws/src/install/sllidar_ros2/share/sllidar_ros2/local_setup.bash
[2.969s] -- Up-to-date: /home/ubuntu/ros2_ws/src/install/sllidar_ros2/share/sllidar_ros2/local_setup.sh
[2.970s] -- Up-to-date: /home/ubuntu/ros2_ws/src/install/sllidar_ros2/share/sllidar_ros2/local_setup.zsh
[2.971s] -- Up-to-date: /home/ubuntu/ros2_ws/src/install/sllidar_ros2/share/sllidar_ros2/local_setup.dsv
[2.972s] -- Installing: /home/ubuntu/ros2_ws/src/install/sllidar_ros2/share/sllidar_ros2/package.dsv
[2.973s] -- Up-to-date: /home/ubuntu/ros2_ws/src/install/sllidar_ros2/share/ament_index/resource_index/packages/sllidar_ros2
[2.973s] -- Up-to-date: /home/ubuntu/ros2_ws/src/install/sllidar_ros2/share/sllidar_ros2/cmake/ament_cmake_export_dependencies-extras.cmake
[2.974s] -- Up-to-date: /home/ubuntu/ros2_ws/src/install/sllidar_ros2/share/sllidar_ros2/cmake/ament_cmake_export_include_directories-extras.cmake
[2.975s] -- Up-to-date: /home/ubuntu/ros2_ws/src/install/sllidar_ros2/share/sllidar_ros2/cmake/sllidar_ros2Config.cmake
[2.976s] -- Up-to-date: /home/ubuntu/ros2_ws/src/install/sllidar_ros2/share/sllidar_ros2/cmake/sllidar_ros2Config-version.cmake
[2.977s] -- Up-to-date: /home/ubuntu/ros2_ws/src/install/sllidar_ros2/share/sllidar_ros2/package.xml
[3.024s] Invoked command in '/home/ubuntu/ros2_ws/src/build/sllidar_ros2' returned '0': CMAKE_PREFIX_PATH=/opt/ros/foxy /usr/bin/cmake --install /home/ubuntu/ros2_ws/src/build/sllidar_ros2
