[0.127s] Invoking command in '/home/ubuntu/ros2_ws/build/sllidar_ros2': CMAKE_PREFIX_PATH=${CMAKE_PREFIX_PATH}:/home/ubuntu/ros2_ws/install/odom_builder:/home/ubuntu/ros2_ws/install/motor_control:/home/ubuntu/ros2_ws/install/cart_start:/opt/ros/foxy /usr/bin/cmake --build /home/ubuntu/ros2_ws/build/sllidar_ros2 -- -j4 -l4
[0.585s] [ 85%] Built target sllidar_node
[0.634s] [100%] Built target sllidar_client
[0.705s] Invoked command in '/home/ubuntu/ros2_ws/build/sllidar_ros2' returned '0': CMAKE_PREFIX_PATH=${CMAKE_PREFIX_PATH}:/home/ubuntu/ros2_ws/install/odom_builder:/home/ubuntu/ros2_ws/install/motor_control:/home/ubuntu/ros2_ws/install/cart_start:/opt/ros/foxy /usr/bin/cmake --build /home/ubuntu/ros2_ws/build/sllidar_ros2 -- -j4 -l4
[1.147s] Invoking command in '/home/ubuntu/ros2_ws/build/sllidar_ros2': CMAKE_PREFIX_PATH=${CMAKE_PREFIX_PATH}:/home/ubuntu/ros2_ws/install/odom_builder:/home/ubuntu/ros2_ws/install/motor_control:/home/ubuntu/ros2_ws/install/cart_start:/opt/ros/foxy /usr/bin/cmake --install /home/ubuntu/ros2_ws/build/sllidar_ros2
[1.194s] -- Install configuration: ""
[1.195s] -- Execute custom install script
[1.200s] -- Up-to-date symlink: /home/ubuntu/ros2_ws/install/sllidar_ros2/share/sllidar_ros2/launch/sllidar_a3_launch.py
[1.201s] -- Up-to-date symlink: /home/ubuntu/ros2_ws/install/sllidar_ros2/share/sllidar_ros2/launch/sllidar_launch.py
[1.202s] -- Up-to-date symlink: /home/ubuntu/ros2_ws/install/sllidar_ros2/share/sllidar_ros2/launch/sllidar_s1_launch.py
[1.203s] -- Up-to-date symlink: /home/ubuntu/ros2_ws/install/sllidar_ros2/share/sllidar_ros2/launch/sllidar_s1_tcp_launch.py
[1.205s] -- Up-to-date symlink: /home/ubuntu/ros2_ws/install/sllidar_ros2/share/sllidar_ros2/launch/sllidar_s2_launch.py
[1.207s] -- Up-to-date symlink: /home/ubuntu/ros2_ws/install/sllidar_ros2/share/sllidar_ros2/launch/sllidar_t1_launch.py
[1.208s] -- Up-to-date symlink: /home/ubuntu/ros2_ws/install/sllidar_ros2/share/sllidar_ros2/launch/view_sllidar_a3_launch.py
[1.209s] -- Up-to-date symlink: /home/ubuntu/ros2_ws/install/sllidar_ros2/share/sllidar_ros2/launch/view_sllidar_launch.py
[1.210s] -- Up-to-date symlink: /home/ubuntu/ros2_ws/install/sllidar_ros2/share/sllidar_ros2/launch/view_sllidar_s1_launch.py
[1.211s] -- Up-to-date symlink: /home/ubuntu/ros2_ws/install/sllidar_ros2/share/sllidar_ros2/launch/view_sllidar_s1_tcp_launch.py
[1.212s] -- Up-to-date symlink: /home/ubuntu/ros2_ws/install/sllidar_ros2/share/sllidar_ros2/launch/view_sllidar_s2_launch.py
[1.217s] -- Up-to-date symlink: /home/ubuntu/ros2_ws/install/sllidar_ros2/share/sllidar_ros2/launch/view_sllidar_t1_launch.py
[1.218s] -- Up-to-date symlink: /home/ubuntu/ros2_ws/install/sllidar_ros2/share/sllidar_ros2/rviz/sllidar_ros2.rviz
[1.218s] -- Up-to-date symlink: /home/ubuntu/ros2_ws/install/sllidar_ros2/lib/sllidar_ros2/sllidar_node
[1.220s] -- Up-to-date symlink: /home/ubuntu/ros2_ws/install/sllidar_ros2/lib/sllidar_ros2/sllidar_client
[1.222s] -- Up-to-date symlink: /home/ubuntu/ros2_ws/install/sllidar_ros2/share/ament_index/resource_index/package_run_dependencies/sllidar_ros2
[1.224s] -- Up-to-date symlink: /home/ubuntu/ros2_ws/install/sllidar_ros2/share/ament_index/resource_index/parent_prefix_path/sllidar_ros2
[1.226s] -- Up-to-date symlink: /home/ubuntu/ros2_ws/install/sllidar_ros2/share/sllidar_ros2/environment/ament_prefix_path.sh
[1.228s] -- Up-to-date symlink: /home/ubuntu/ros2_ws/install/sllidar_ros2/share/sllidar_ros2/environment/ament_prefix_path.dsv
[1.229s] -- Up-to-date symlink: /home/ubuntu/ros2_ws/install/sllidar_ros2/share/sllidar_ros2/environment/path.sh
[1.231s] -- Up-to-date symlink: /home/ubuntu/ros2_ws/install/sllidar_ros2/share/sllidar_ros2/environment/path.dsv
[1.232s] -- Up-to-date symlink: /home/ubuntu/ros2_ws/install/sllidar_ros2/share/sllidar_ros2/local_setup.bash
[1.234s] -- Up-to-date symlink: /home/ubuntu/ros2_ws/install/sllidar_ros2/share/sllidar_ros2/local_setup.sh
[1.236s] -- Up-to-date symlink: /home/ubuntu/ros2_ws/install/sllidar_ros2/share/sllidar_ros2/local_setup.zsh
[1.238s] -- Up-to-date symlink: /home/ubuntu/ros2_ws/install/sllidar_ros2/share/sllidar_ros2/local_setup.dsv
[1.239s] -- Symlinking: /home/ubuntu/ros2_ws/install/sllidar_ros2/share/sllidar_ros2/package.dsv
[1.285s] -- Up-to-date symlink: /home/ubuntu/ros2_ws/install/sllidar_ros2/share/ament_index/resource_index/packages/sllidar_ros2
[1.287s] -- Up-to-date symlink: /home/ubuntu/ros2_ws/install/sllidar_ros2/share/sllidar_ros2/cmake/ament_cmake_export_dependencies-extras.cmake
[1.289s] -- Up-to-date symlink: /home/ubuntu/ros2_ws/install/sllidar_ros2/share/sllidar_ros2/cmake/ament_cmake_export_include_directories-extras.cmake
[1.291s] -- Up-to-date symlink: /home/ubuntu/ros2_ws/install/sllidar_ros2/share/sllidar_ros2/cmake/sllidar_ros2Config.cmake
[1.292s] -- Up-to-date symlink: /home/ubuntu/ros2_ws/install/sllidar_ros2/share/sllidar_ros2/cmake/sllidar_ros2Config-version.cmake
[1.294s] -- Up-to-date symlink: /home/ubuntu/ros2_ws/install/sllidar_ros2/share/sllidar_ros2/package.xml
[1.369s] Invoked command in '/home/ubuntu/ros2_ws/build/sllidar_ros2' returned '0': CMAKE_PREFIX_PATH=${CMAKE_PREFIX_PATH}:/home/ubuntu/ros2_ws/install/odom_builder:/home/ubuntu/ros2_ws/install/motor_control:/home/ubuntu/ros2_ws/install/cart_start:/opt/ros/foxy /usr/bin/cmake --install /home/ubuntu/ros2_ws/build/sllidar_ros2
