[1.768s] DEBUG:colcon:Command line arguments: ['/usr/bin/colcon', 'build', '--packages-select', 'motor_sub']
[1.769s] DEBUG:colcon:Parsed command line arguments: Namespace(allow_overriding=[], ament_cmake_args=None, base_paths=['.'], build_base='build', catkin_cmake_args=None, catkin_skip_building_tests=False, cmake_args=None, cmake_clean_cache=False, cmake_clean_first=False, cmake_force_configure=False, cmake_target=None, cmake_target_skip_unavailable=False, continue_on_error=False, event_handlers=None, executor='parallel', ignore_user_meta=False, install_base='install', log_base=None, log_level=None, main=<bound method BuildVerb.main of <colcon_core.verb.build.BuildVerb object at 0xffff92700b50>>, merge_install=False, metas=['./colcon.meta'], packages_above=None, packages_above_and_dependencies=None, packages_above_depth=None, packages_end=None, packages_ignore=None, packages_ignore_regex=None, packages_select=['motor_sub'], packages_select_build_failed=False, packages_select_by_dep=None, packages_select_regex=None, packages_select_test_failures=False, packages_skip=None, packages_skip_build_finished=False, packages_skip_by_dep=None, packages_skip_regex=None, packages_skip_test_passed=False, packages_skip_up_to=None, packages_start=None, packages_up_to=None, packages_up_to_regex=None, parallel_workers=4, paths=None, symlink_install=False, test_result_base=None, verb_extension=<colcon_core.verb.build.BuildVerb object at 0xffff92700b50>, verb_name='build', verb_parser=<colcon_defaults.argument_parser.defaults.DefaultArgumentsDecorator object at 0xffff9270c100>)
[1.856s] Level 1:colcon.colcon_core.package_discovery:discover_packages(colcon_meta) check parameters
[1.857s] Level 1:colcon.colcon_core.package_discovery:discover_packages(recursive) check parameters
[1.857s] Level 1:colcon.colcon_core.package_discovery:discover_packages(ignore) check parameters
[1.858s] Level 1:colcon.colcon_core.package_discovery:discover_packages(path) check parameters
[1.858s] Level 1:colcon.colcon_core.package_discovery:discover_packages(colcon_meta) discover
[1.859s] Level 1:colcon.colcon_core.package_discovery:discover_packages(recursive) discover
[1.859s] INFO:colcon.colcon_core.package_discovery:Crawling recursively for packages in '/home/ubuntu/ros2_ws'
[1.860s] Level 1:colcon.colcon_core.package_identification:_identify(.) by extensions ['ignore', 'ignore_ament_install']
[1.861s] Level 1:colcon.colcon_core.package_identification:_identify(.) by extension 'ignore'
[1.862s] Level 1:colcon.colcon_core.package_identification:_identify(.) by extension 'ignore_ament_install'
[1.863s] Level 1:colcon.colcon_core.package_identification:_identify(.) by extensions ['colcon_pkg']
[1.863s] Level 1:colcon.colcon_core.package_identification:_identify(.) by extension 'colcon_pkg'
[1.864s] Level 1:colcon.colcon_core.package_identification:_identify(.) by extensions ['colcon_meta']
[1.864s] Level 1:colcon.colcon_core.package_identification:_identify(.) by extension 'colcon_meta'
[1.864s] Level 1:colcon.colcon_core.package_identification:_identify(.) by extensions ['ros']
[1.865s] Level 1:colcon.colcon_core.package_identification:_identify(.) by extension 'ros'
[1.990s] Level 1:colcon.colcon_core.package_identification:_identify(.) by extensions ['cmake', 'python']
[1.991s] Level 1:colcon.colcon_core.package_identification:_identify(.) by extension 'cmake'
[1.992s] Level 1:colcon.colcon_core.package_identification:_identify(.) by extension 'python'
[1.992s] Level 1:colcon.colcon_core.package_identification:_identify(.) by extensions ['python_setup_py']
[1.992s] Level 1:colcon.colcon_core.package_identification:_identify(.) by extension 'python_setup_py'
[1.994s] Level 1:colcon.colcon_core.package_identification:_identify(build) by extensions ['ignore', 'ignore_ament_install']
[1.995s] Level 1:colcon.colcon_core.package_identification:_identify(build) by extension 'ignore'
[1.995s] Level 1:colcon.colcon_core.package_identification:_identify(build) ignored
[1.997s] Level 1:colcon.colcon_core.package_identification:_identify(install) by extensions ['ignore', 'ignore_ament_install']
[1.998s] Level 1:colcon.colcon_core.package_identification:_identify(install) by extension 'ignore'
[1.999s] Level 1:colcon.colcon_core.package_identification:_identify(install) ignored
[1.999s] Level 1:colcon.colcon_core.package_identification:_identify(launch) by extensions ['ignore', 'ignore_ament_install']
[2.000s] Level 1:colcon.colcon_core.package_identification:_identify(launch) by extension 'ignore'
[2.001s] Level 1:colcon.colcon_core.package_identification:_identify(launch) by extension 'ignore_ament_install'
[2.002s] Level 1:colcon.colcon_core.package_identification:_identify(launch) by extensions ['colcon_pkg']
[2.002s] Level 1:colcon.colcon_core.package_identification:_identify(launch) by extension 'colcon_pkg'
[2.002s] Level 1:colcon.colcon_core.package_identification:_identify(launch) by extensions ['colcon_meta']
[2.003s] Level 1:colcon.colcon_core.package_identification:_identify(launch) by extension 'colcon_meta'
[2.003s] Level 1:colcon.colcon_core.package_identification:_identify(launch) by extensions ['ros']
[2.004s] Level 1:colcon.colcon_core.package_identification:_identify(launch) by extension 'ros'
[2.005s] Level 1:colcon.colcon_core.package_identification:_identify(launch) by extensions ['cmake', 'python']
[2.005s] Level 1:colcon.colcon_core.package_identification:_identify(launch) by extension 'cmake'
[2.006s] Level 1:colcon.colcon_core.package_identification:_identify(launch) by extension 'python'
[2.006s] Level 1:colcon.colcon_core.package_identification:_identify(launch) by extensions ['python_setup_py']
[2.011s] Level 1:colcon.colcon_core.package_identification:_identify(launch) by extension 'python_setup_py'
[2.017s] Level 1:colcon.colcon_core.package_identification:_identify(log) by extensions ['ignore', 'ignore_ament_install']
[2.018s] Level 1:colcon.colcon_core.package_identification:_identify(log) by extension 'ignore'
[2.019s] Level 1:colcon.colcon_core.package_identification:_identify(log) ignored
[2.020s] Level 1:colcon.colcon_core.package_identification:_identify(src) by extensions ['ignore', 'ignore_ament_install']
[2.021s] Level 1:colcon.colcon_core.package_identification:_identify(src) by extension 'ignore'
[2.022s] Level 1:colcon.colcon_core.package_identification:_identify(src) by extension 'ignore_ament_install'
[2.022s] Level 1:colcon.colcon_core.package_identification:_identify(src) by extensions ['colcon_pkg']
[2.023s] Level 1:colcon.colcon_core.package_identification:_identify(src) by extension 'colcon_pkg'
[2.023s] Level 1:colcon.colcon_core.package_identification:_identify(src) by extensions ['colcon_meta']
[2.024s] Level 1:colcon.colcon_core.package_identification:_identify(src) by extension 'colcon_meta'
[2.024s] Level 1:colcon.colcon_core.package_identification:_identify(src) by extensions ['ros']
[2.025s] Level 1:colcon.colcon_core.package_identification:_identify(src) by extension 'ros'
[2.026s] Level 1:colcon.colcon_core.package_identification:_identify(src) by extensions ['cmake', 'python']
[2.026s] Level 1:colcon.colcon_core.package_identification:_identify(src) by extension 'cmake'
[2.026s] Level 1:colcon.colcon_core.package_identification:_identify(src) by extension 'python'
[2.027s] Level 1:colcon.colcon_core.package_identification:_identify(src) by extensions ['python_setup_py']
[2.027s] Level 1:colcon.colcon_core.package_identification:_identify(src) by extension 'python_setup_py'
[2.028s] Level 1:colcon.colcon_core.package_identification:_identify(src/build) by extensions ['ignore', 'ignore_ament_install']
[2.029s] Level 1:colcon.colcon_core.package_identification:_identify(src/build) by extension 'ignore'
[2.030s] Level 1:colcon.colcon_core.package_identification:_identify(src/build) ignored
[2.031s] Level 1:colcon.colcon_core.package_identification:_identify(src/cart_start) by extensions ['ignore', 'ignore_ament_install']
[2.032s] Level 1:colcon.colcon_core.package_identification:_identify(src/cart_start) by extension 'ignore'
[2.032s] Level 1:colcon.colcon_core.package_identification:_identify(src/cart_start) by extension 'ignore_ament_install'
[2.033s] Level 1:colcon.colcon_core.package_identification:_identify(src/cart_start) by extensions ['colcon_pkg']
[2.033s] Level 1:colcon.colcon_core.package_identification:_identify(src/cart_start) by extension 'colcon_pkg'
[2.034s] Level 1:colcon.colcon_core.package_identification:_identify(src/cart_start) by extensions ['colcon_meta']
[2.034s] Level 1:colcon.colcon_core.package_identification:_identify(src/cart_start) by extension 'colcon_meta'
[2.035s] Level 1:colcon.colcon_core.package_identification:_identify(src/cart_start) by extensions ['ros']
[2.035s] Level 1:colcon.colcon_core.package_identification:_identify(src/cart_start) by extension 'ros'
[2.059s] DEBUG:colcon.colcon_core.package_identification:Package 'src/cart_start' with type 'ros.ament_python' and name 'cart_start'
[2.061s] Level 1:colcon.colcon_core.package_identification:_identify(src/grid_test_pkg) by extensions ['ignore', 'ignore_ament_install']
[2.062s] Level 1:colcon.colcon_core.package_identification:_identify(src/grid_test_pkg) by extension 'ignore'
[2.062s] Level 1:colcon.colcon_core.package_identification:_identify(src/grid_test_pkg) by extension 'ignore_ament_install'
[2.063s] Level 1:colcon.colcon_core.package_identification:_identify(src/grid_test_pkg) by extensions ['colcon_pkg']
[2.063s] Level 1:colcon.colcon_core.package_identification:_identify(src/grid_test_pkg) by extension 'colcon_pkg'
[2.064s] Level 1:colcon.colcon_core.package_identification:_identify(src/grid_test_pkg) by extensions ['colcon_meta']
[2.064s] Level 1:colcon.colcon_core.package_identification:_identify(src/grid_test_pkg) by extension 'colcon_meta'
[2.065s] Level 1:colcon.colcon_core.package_identification:_identify(src/grid_test_pkg) by extensions ['ros']
[2.065s] Level 1:colcon.colcon_core.package_identification:_identify(src/grid_test_pkg) by extension 'ros'
[2.071s] DEBUG:colcon.colcon_core.package_identification:Package 'src/grid_test_pkg' with type 'ros.ament_python' and name 'grid_test_pkg'
[2.073s] Level 1:colcon.colcon_core.package_identification:_identify(src/install) by extensions ['ignore', 'ignore_ament_install']
[2.074s] Level 1:colcon.colcon_core.package_identification:_identify(src/install) by extension 'ignore'
[2.074s] Level 1:colcon.colcon_core.package_identification:_identify(src/install) ignored
[2.076s] Level 1:colcon.colcon_core.package_identification:_identify(src/log) by extensions ['ignore', 'ignore_ament_install']
[2.076s] Level 1:colcon.colcon_core.package_identification:_identify(src/log) by extension 'ignore'
[2.077s] Level 1:colcon.colcon_core.package_identification:_identify(src/log) ignored
[2.078s] Level 1:colcon.colcon_core.package_identification:_identify(src/motor_control) by extensions ['ignore', 'ignore_ament_install']
[2.079s] Level 1:colcon.colcon_core.package_identification:_identify(src/motor_control) by extension 'ignore'
[2.080s] Level 1:colcon.colcon_core.package_identification:_identify(src/motor_control) by extension 'ignore_ament_install'
[2.080s] Level 1:colcon.colcon_core.package_identification:_identify(src/motor_control) by extensions ['colcon_pkg']
[2.081s] Level 1:colcon.colcon_core.package_identification:_identify(src/motor_control) by extension 'colcon_pkg'
[2.081s] Level 1:colcon.colcon_core.package_identification:_identify(src/motor_control) by extensions ['colcon_meta']
[2.081s] Level 1:colcon.colcon_core.package_identification:_identify(src/motor_control) by extension 'colcon_meta'
[2.082s] Level 1:colcon.colcon_core.package_identification:_identify(src/motor_control) by extensions ['ros']
[2.082s] Level 1:colcon.colcon_core.package_identification:_identify(src/motor_control) by extension 'ros'
[2.088s] DEBUG:colcon.colcon_core.package_identification:Package 'src/motor_control' with type 'ros.ament_python' and name 'motor_control'
[2.089s] Level 1:colcon.colcon_core.package_identification:_identify(src/odom_builder) by extensions ['ignore', 'ignore_ament_install']
[2.090s] Level 1:colcon.colcon_core.package_identification:_identify(src/odom_builder) by extension 'ignore'
[2.091s] Level 1:colcon.colcon_core.package_identification:_identify(src/odom_builder) by extension 'ignore_ament_install'
[2.092s] Level 1:colcon.colcon_core.package_identification:_identify(src/odom_builder) by extensions ['colcon_pkg']
[2.092s] Level 1:colcon.colcon_core.package_identification:_identify(src/odom_builder) by extension 'colcon_pkg'
[2.092s] Level 1:colcon.colcon_core.package_identification:_identify(src/odom_builder) by extensions ['colcon_meta']
[2.093s] Level 1:colcon.colcon_core.package_identification:_identify(src/odom_builder) by extension 'colcon_meta'
[2.093s] Level 1:colcon.colcon_core.package_identification:_identify(src/odom_builder) by extensions ['ros']
[2.094s] Level 1:colcon.colcon_core.package_identification:_identify(src/odom_builder) by extension 'ros'
[2.100s] DEBUG:colcon.colcon_core.package_identification:Package 'src/odom_builder' with type 'ros.ament_python' and name 'odom_builder'
[2.101s] Level 1:colcon.colcon_core.package_identification:_identify(src/ps_ros2_common) by extensions ['ignore', 'ignore_ament_install']
[2.102s] Level 1:colcon.colcon_core.package_identification:_identify(src/ps_ros2_common) by extension 'ignore'
[2.103s] Level 1:colcon.colcon_core.package_identification:_identify(src/ps_ros2_common) by extension 'ignore_ament_install'
[2.104s] Level 1:colcon.colcon_core.package_identification:_identify(src/ps_ros2_common) by extensions ['colcon_pkg']
[2.104s] Level 1:colcon.colcon_core.package_identification:_identify(src/ps_ros2_common) by extension 'colcon_pkg'
[2.105s] Level 1:colcon.colcon_core.package_identification:_identify(src/ps_ros2_common) by extensions ['colcon_meta']
[2.105s] Level 1:colcon.colcon_core.package_identification:_identify(src/ps_ros2_common) by extension 'colcon_meta'
[2.106s] Level 1:colcon.colcon_core.package_identification:_identify(src/ps_ros2_common) by extensions ['ros']
[2.106s] Level 1:colcon.colcon_core.package_identification:_identify(src/ps_ros2_common) by extension 'ros'
[2.114s] DEBUG:colcon.colcon_core.package_identification:Package 'src/ps_ros2_common' with type 'ros.ament_cmake' and name 'ps_ros2_common'
[2.115s] Level 1:colcon.colcon_core.package_identification:_identify(src/sllidar_ros2) by extensions ['ignore', 'ignore_ament_install']
[2.116s] Level 1:colcon.colcon_core.package_identification:_identify(src/sllidar_ros2) by extension 'ignore'
[2.117s] Level 1:colcon.colcon_core.package_identification:_identify(src/sllidar_ros2) by extension 'ignore_ament_install'
[2.118s] Level 1:colcon.colcon_core.package_identification:_identify(src/sllidar_ros2) by extensions ['colcon_pkg']
[2.118s] Level 1:colcon.colcon_core.package_identification:_identify(src/sllidar_ros2) by extension 'colcon_pkg'
[2.119s] Level 1:colcon.colcon_core.package_identification:_identify(src/sllidar_ros2) by extensions ['colcon_meta']
[2.119s] Level 1:colcon.colcon_core.package_identification:_identify(src/sllidar_ros2) by extension 'colcon_meta'
[2.120s] Level 1:colcon.colcon_core.package_identification:_identify(src/sllidar_ros2) by extensions ['ros']
[2.120s] Level 1:colcon.colcon_core.package_identification:_identify(src/sllidar_ros2) by extension 'ros'
[2.127s] DEBUG:colcon.colcon_core.package_identification:Package 'src/sllidar_ros2' with type 'ros.ament_cmake' and name 'sllidar_ros2'
[2.129s] Level 1:colcon.colcon_core.package_identification:_identify(src/smooth_drive) by extensions ['ignore', 'ignore_ament_install']
[2.130s] Level 1:colcon.colcon_core.package_identification:_identify(src/smooth_drive) by extension 'ignore'
[2.131s] Level 1:colcon.colcon_core.package_identification:_identify(src/smooth_drive) by extension 'ignore_ament_install'
[2.131s] Level 1:colcon.colcon_core.package_identification:_identify(src/smooth_drive) by extensions ['colcon_pkg']
[2.132s] Level 1:colcon.colcon_core.package_identification:_identify(src/smooth_drive) by extension 'colcon_pkg'
[2.132s] Level 1:colcon.colcon_core.package_identification:_identify(src/smooth_drive) by extensions ['colcon_meta']
[2.132s] Level 1:colcon.colcon_core.package_identification:_identify(src/smooth_drive) by extension 'colcon_meta'
[2.133s] Level 1:colcon.colcon_core.package_identification:_identify(src/smooth_drive) by extensions ['ros']
[2.133s] Level 1:colcon.colcon_core.package_identification:_identify(src/smooth_drive) by extension 'ros'
[2.139s] DEBUG:colcon.colcon_core.package_identification:Package 'src/smooth_drive' with type 'ros.ament_python' and name 'smooth_drive'
[2.140s] Level 1:colcon.colcon_core.package_identification:_identify(src/src) by extensions ['ignore', 'ignore_ament_install']
[2.141s] Level 1:colcon.colcon_core.package_identification:_identify(src/src) by extension 'ignore'
[2.142s] Level 1:colcon.colcon_core.package_identification:_identify(src/src) by extension 'ignore_ament_install'
[2.142s] Level 1:colcon.colcon_core.package_identification:_identify(src/src) by extensions ['colcon_pkg']
[2.143s] Level 1:colcon.colcon_core.package_identification:_identify(src/src) by extension 'colcon_pkg'
[2.143s] Level 1:colcon.colcon_core.package_identification:_identify(src/src) by extensions ['colcon_meta']
[2.143s] Level 1:colcon.colcon_core.package_identification:_identify(src/src) by extension 'colcon_meta'
[2.144s] Level 1:colcon.colcon_core.package_identification:_identify(src/src) by extensions ['ros']
[2.144s] Level 1:colcon.colcon_core.package_identification:_identify(src/src) by extension 'ros'
[2.145s] Level 1:colcon.colcon_core.package_identification:_identify(src/src) by extensions ['cmake', 'python']
[2.146s] Level 1:colcon.colcon_core.package_identification:_identify(src/src) by extension 'cmake'
[2.146s] Level 1:colcon.colcon_core.package_identification:_identify(src/src) by extension 'python'
[2.147s] Level 1:colcon.colcon_core.package_identification:_identify(src/src) by extensions ['python_setup_py']
[2.147s] Level 1:colcon.colcon_core.package_identification:_identify(src/src) by extension 'python_setup_py'
[2.149s] Level 1:colcon.colcon_core.package_identification:_identify(src/src/micro_ros_setup) by extensions ['ignore', 'ignore_ament_install']
[2.149s] Level 1:colcon.colcon_core.package_identification:_identify(src/src/micro_ros_setup) by extension 'ignore'
[2.150s] Level 1:colcon.colcon_core.package_identification:_identify(src/src/micro_ros_setup) by extension 'ignore_ament_install'
[2.151s] Level 1:colcon.colcon_core.package_identification:_identify(src/src/micro_ros_setup) by extensions ['colcon_pkg']
[2.151s] Level 1:colcon.colcon_core.package_identification:_identify(src/src/micro_ros_setup) by extension 'colcon_pkg'
[2.152s] Level 1:colcon.colcon_core.package_identification:_identify(src/src/micro_ros_setup) by extensions ['colcon_meta']
[2.152s] Level 1:colcon.colcon_core.package_identification:_identify(src/src/micro_ros_setup) by extension 'colcon_meta'
[2.153s] Level 1:colcon.colcon_core.package_identification:_identify(src/src/micro_ros_setup) by extensions ['ros']
[2.153s] Level 1:colcon.colcon_core.package_identification:_identify(src/src/micro_ros_setup) by extension 'ros'
[2.162s] DEBUG:colcon.colcon_core.package_identification:Package 'src/src/micro_ros_setup' with type 'ros.ament_cmake' and name 'micro_ros_setup'
[2.164s] Level 1:colcon.colcon_core.package_identification:_identify(src/uros) by extensions ['ignore', 'ignore_ament_install']
[2.164s] Level 1:colcon.colcon_core.package_identification:_identify(src/uros) by extension 'ignore'
[2.165s] Level 1:colcon.colcon_core.package_identification:_identify(src/uros) by extension 'ignore_ament_install'
[2.166s] Level 1:colcon.colcon_core.package_identification:_identify(src/uros) by extensions ['colcon_pkg']
[2.166s] Level 1:colcon.colcon_core.package_identification:_identify(src/uros) by extension 'colcon_pkg'
[2.167s] Level 1:colcon.colcon_core.package_identification:_identify(src/uros) by extensions ['colcon_meta']
[2.167s] Level 1:colcon.colcon_core.package_identification:_identify(src/uros) by extension 'colcon_meta'
[2.168s] Level 1:colcon.colcon_core.package_identification:_identify(src/uros) by extensions ['ros']
[2.168s] Level 1:colcon.colcon_core.package_identification:_identify(src/uros) by extension 'ros'
[2.169s] Level 1:colcon.colcon_core.package_identification:_identify(src/uros) by extensions ['cmake', 'python']
[2.169s] Level 1:colcon.colcon_core.package_identification:_identify(src/uros) by extension 'cmake'
[2.170s] Level 1:colcon.colcon_core.package_identification:_identify(src/uros) by extension 'python'
[2.170s] Level 1:colcon.colcon_core.package_identification:_identify(src/uros) by extensions ['python_setup_py']
[2.171s] Level 1:colcon.colcon_core.package_identification:_identify(src/uros) by extension 'python_setup_py'
[2.172s] Level 1:colcon.colcon_core.package_identification:_identify(src/uros/drive_base) by extensions ['ignore', 'ignore_ament_install']
[2.173s] Level 1:colcon.colcon_core.package_identification:_identify(src/uros/drive_base) by extension 'ignore'
[2.174s] Level 1:colcon.colcon_core.package_identification:_identify(src/uros/drive_base) by extension 'ignore_ament_install'
[2.174s] Level 1:colcon.colcon_core.package_identification:_identify(src/uros/drive_base) by extensions ['colcon_pkg']
[2.175s] Level 1:colcon.colcon_core.package_identification:_identify(src/uros/drive_base) by extension 'colcon_pkg'
[2.175s] Level 1:colcon.colcon_core.package_identification:_identify(src/uros/drive_base) by extensions ['colcon_meta']
[2.175s] Level 1:colcon.colcon_core.package_identification:_identify(src/uros/drive_base) by extension 'colcon_meta'
[2.176s] Level 1:colcon.colcon_core.package_identification:_identify(src/uros/drive_base) by extensions ['ros']
[2.176s] Level 1:colcon.colcon_core.package_identification:_identify(src/uros/drive_base) by extension 'ros'
[2.178s] Level 1:colcon.colcon_core.package_identification:_identify(src/uros/drive_base) by extensions ['cmake', 'python']
[2.178s] Level 1:colcon.colcon_core.package_identification:_identify(src/uros/drive_base) by extension 'cmake'
[2.178s] Level 1:colcon.colcon_core.package_identification:_identify(src/uros/drive_base) by extension 'python'
[2.179s] Level 1:colcon.colcon_core.package_identification:_identify(src/uros/drive_base) by extensions ['python_setup_py']
[2.179s] Level 1:colcon.colcon_core.package_identification:_identify(src/uros/drive_base) by extension 'python_setup_py'
[2.181s] Level 1:colcon.colcon_core.package_identification:_identify(src/uros/drive_base/drive_base_msgs) by extensions ['ignore', 'ignore_ament_install']
[2.181s] Level 1:colcon.colcon_core.package_identification:_identify(src/uros/drive_base/drive_base_msgs) by extension 'ignore'
[2.182s] Level 1:colcon.colcon_core.package_identification:_identify(src/uros/drive_base/drive_base_msgs) by extension 'ignore_ament_install'
[2.183s] Level 1:colcon.colcon_core.package_identification:_identify(src/uros/drive_base/drive_base_msgs) by extensions ['colcon_pkg']
[2.183s] Level 1:colcon.colcon_core.package_identification:_identify(src/uros/drive_base/drive_base_msgs) by extension 'colcon_pkg'
[2.184s] Level 1:colcon.colcon_core.package_identification:_identify(src/uros/drive_base/drive_base_msgs) by extensions ['colcon_meta']
[2.184s] Level 1:colcon.colcon_core.package_identification:_identify(src/uros/drive_base/drive_base_msgs) by extension 'colcon_meta'
[2.185s] Level 1:colcon.colcon_core.package_identification:_identify(src/uros/drive_base/drive_base_msgs) by extensions ['ros']
[2.185s] Level 1:colcon.colcon_core.package_identification:_identify(src/uros/drive_base/drive_base_msgs) by extension 'ros'
[2.192s] DEBUG:colcon.colcon_core.package_identification:Package 'src/uros/drive_base/drive_base_msgs' with type 'ros.ament_cmake' and name 'drive_base_msgs'
[2.194s] Level 1:colcon.colcon_core.package_identification:_identify(src/uros/micro-ROS-Agent) by extensions ['ignore', 'ignore_ament_install']
[2.195s] Level 1:colcon.colcon_core.package_identification:_identify(src/uros/micro-ROS-Agent) by extension 'ignore'
[2.195s] Level 1:colcon.colcon_core.package_identification:_identify(src/uros/micro-ROS-Agent) by extension 'ignore_ament_install'
[2.196s] Level 1:colcon.colcon_core.package_identification:_identify(src/uros/micro-ROS-Agent) by extensions ['colcon_pkg']
[2.196s] Level 1:colcon.colcon_core.package_identification:_identify(src/uros/micro-ROS-Agent) by extension 'colcon_pkg'
[2.197s] Level 1:colcon.colcon_core.package_identification:_identify(src/uros/micro-ROS-Agent) by extensions ['colcon_meta']
[2.197s] Level 1:colcon.colcon_core.package_identification:_identify(src/uros/micro-ROS-Agent) by extension 'colcon_meta'
[2.198s] Level 1:colcon.colcon_core.package_identification:_identify(src/uros/micro-ROS-Agent) by extensions ['ros']
[2.198s] Level 1:colcon.colcon_core.package_identification:_identify(src/uros/micro-ROS-Agent) by extension 'ros'
[2.199s] Level 1:colcon.colcon_core.package_identification:_identify(src/uros/micro-ROS-Agent) by extensions ['cmake', 'python']
[2.200s] Level 1:colcon.colcon_core.package_identification:_identify(src/uros/micro-ROS-Agent) by extension 'cmake'
[2.200s] Level 1:colcon.colcon_core.package_identification:_identify(src/uros/micro-ROS-Agent) by extension 'python'
[2.201s] Level 1:colcon.colcon_core.package_identification:_identify(src/uros/micro-ROS-Agent) by extensions ['python_setup_py']
[2.201s] Level 1:colcon.colcon_core.package_identification:_identify(src/uros/micro-ROS-Agent) by extension 'python_setup_py'
[2.203s] Level 1:colcon.colcon_core.package_identification:_identify(src/uros/micro-ROS-Agent/micro_ros_agent) by extensions ['ignore', 'ignore_ament_install']
[2.203s] Level 1:colcon.colcon_core.package_identification:_identify(src/uros/micro-ROS-Agent/micro_ros_agent) by extension 'ignore'
[2.204s] Level 1:colcon.colcon_core.package_identification:_identify(src/uros/micro-ROS-Agent/micro_ros_agent) by extension 'ignore_ament_install'
[2.205s] Level 1:colcon.colcon_core.package_identification:_identify(src/uros/micro-ROS-Agent/micro_ros_agent) by extensions ['colcon_pkg']
[2.205s] Level 1:colcon.colcon_core.package_identification:_identify(src/uros/micro-ROS-Agent/micro_ros_agent) by extension 'colcon_pkg'
[2.206s] Level 1:colcon.colcon_core.package_identification:_identify(src/uros/micro-ROS-Agent/micro_ros_agent) by extensions ['colcon_meta']
[2.206s] Level 1:colcon.colcon_core.package_identification:_identify(src/uros/micro-ROS-Agent/micro_ros_agent) by extension 'colcon_meta'
[2.207s] Level 1:colcon.colcon_core.package_identification:_identify(src/uros/micro-ROS-Agent/micro_ros_agent) by extensions ['ros']
[2.207s] Level 1:colcon.colcon_core.package_identification:_identify(src/uros/micro-ROS-Agent/micro_ros_agent) by extension 'ros'
[2.217s] DEBUG:colcon.colcon_core.package_identification:Package 'src/uros/micro-ROS-Agent/micro_ros_agent' with type 'ros.ament_cmake' and name 'micro_ros_agent'
[2.218s] Level 1:colcon.colcon_core.package_identification:_identify(src/uros/micro-ROS-Agent/snap) by extensions ['ignore', 'ignore_ament_install']
[2.219s] Level 1:colcon.colcon_core.package_identification:_identify(src/uros/micro-ROS-Agent/snap) by extension 'ignore'
[2.220s] Level 1:colcon.colcon_core.package_identification:_identify(src/uros/micro-ROS-Agent/snap) by extension 'ignore_ament_install'
[2.221s] Level 1:colcon.colcon_core.package_identification:_identify(src/uros/micro-ROS-Agent/snap) by extensions ['colcon_pkg']
[2.221s] Level 1:colcon.colcon_core.package_identification:_identify(src/uros/micro-ROS-Agent/snap) by extension 'colcon_pkg'
[2.222s] Level 1:colcon.colcon_core.package_identification:_identify(src/uros/micro-ROS-Agent/snap) by extensions ['colcon_meta']
[2.222s] Level 1:colcon.colcon_core.package_identification:_identify(src/uros/micro-ROS-Agent/snap) by extension 'colcon_meta'
[2.223s] Level 1:colcon.colcon_core.package_identification:_identify(src/uros/micro-ROS-Agent/snap) by extensions ['ros']
[2.223s] Level 1:colcon.colcon_core.package_identification:_identify(src/uros/micro-ROS-Agent/snap) by extension 'ros'
[2.224s] Level 1:colcon.colcon_core.package_identification:_identify(src/uros/micro-ROS-Agent/snap) by extensions ['cmake', 'python']
[2.224s] Level 1:colcon.colcon_core.package_identification:_identify(src/uros/micro-ROS-Agent/snap) by extension 'cmake'
[2.225s] Level 1:colcon.colcon_core.package_identification:_identify(src/uros/micro-ROS-Agent/snap) by extension 'python'
[2.226s] Level 1:colcon.colcon_core.package_identification:_identify(src/uros/micro-ROS-Agent/snap) by extensions ['python_setup_py']
[2.226s] Level 1:colcon.colcon_core.package_identification:_identify(src/uros/micro-ROS-Agent/snap) by extension 'python_setup_py'
[2.227s] Level 1:colcon.colcon_core.package_identification:_identify(src/uros/micro-ROS-Agent/snap/hooks) by extensions ['ignore', 'ignore_ament_install']
[2.228s] Level 1:colcon.colcon_core.package_identification:_identify(src/uros/micro-ROS-Agent/snap/hooks) by extension 'ignore'
[2.229s] Level 1:colcon.colcon_core.package_identification:_identify(src/uros/micro-ROS-Agent/snap/hooks) by extension 'ignore_ament_install'
[2.230s] Level 1:colcon.colcon_core.package_identification:_identify(src/uros/micro-ROS-Agent/snap/hooks) by extensions ['colcon_pkg']
[2.230s] Level 1:colcon.colcon_core.package_identification:_identify(src/uros/micro-ROS-Agent/snap/hooks) by extension 'colcon_pkg'
[2.230s] Level 1:colcon.colcon_core.package_identification:_identify(src/uros/micro-ROS-Agent/snap/hooks) by extensions ['colcon_meta']
[2.231s] Level 1:colcon.colcon_core.package_identification:_identify(src/uros/micro-ROS-Agent/snap/hooks) by extension 'colcon_meta'
[2.232s] Level 1:colcon.colcon_core.package_identification:_identify(src/uros/micro-ROS-Agent/snap/hooks) by extensions ['ros']
[2.232s] Level 1:colcon.colcon_core.package_identification:_identify(src/uros/micro-ROS-Agent/snap/hooks) by extension 'ros'
[2.233s] Level 1:colcon.colcon_core.package_identification:_identify(src/uros/micro-ROS-Agent/snap/hooks) by extensions ['cmake', 'python']
[2.233s] Level 1:colcon.colcon_core.package_identification:_identify(src/uros/micro-ROS-Agent/snap/hooks) by extension 'cmake'
[2.234s] Level 1:colcon.colcon_core.package_identification:_identify(src/uros/micro-ROS-Agent/snap/hooks) by extension 'python'
[2.234s] Level 1:colcon.colcon_core.package_identification:_identify(src/uros/micro-ROS-Agent/snap/hooks) by extensions ['python_setup_py']
[2.235s] Level 1:colcon.colcon_core.package_identification:_identify(src/uros/micro-ROS-Agent/snap/hooks) by extension 'python_setup_py'
[2.236s] Level 1:colcon.colcon_core.package_identification:_identify(src/uros/micro-ROS-Agent/snap/local) by extensions ['ignore', 'ignore_ament_install']
[2.237s] Level 1:colcon.colcon_core.package_identification:_identify(src/uros/micro-ROS-Agent/snap/local) by extension 'ignore'
[2.237s] Level 1:colcon.colcon_core.package_identification:_identify(src/uros/micro-ROS-Agent/snap/local) by extension 'ignore_ament_install'
[2.238s] Level 1:colcon.colcon_core.package_identification:_identify(src/uros/micro-ROS-Agent/snap/local) by extensions ['colcon_pkg']
[2.239s] Level 1:colcon.colcon_core.package_identification:_identify(src/uros/micro-ROS-Agent/snap/local) by extension 'colcon_pkg'
[2.239s] Level 1:colcon.colcon_core.package_identification:_identify(src/uros/micro-ROS-Agent/snap/local) by extensions ['colcon_meta']
[2.239s] Level 1:colcon.colcon_core.package_identification:_identify(src/uros/micro-ROS-Agent/snap/local) by extension 'colcon_meta'
[2.240s] Level 1:colcon.colcon_core.package_identification:_identify(src/uros/micro-ROS-Agent/snap/local) by extensions ['ros']
[2.241s] Level 1:colcon.colcon_core.package_identification:_identify(src/uros/micro-ROS-Agent/snap/local) by extension 'ros'
[2.242s] Level 1:colcon.colcon_core.package_identification:_identify(src/uros/micro-ROS-Agent/snap/local) by extensions ['cmake', 'python']
[2.242s] Level 1:colcon.colcon_core.package_identification:_identify(src/uros/micro-ROS-Agent/snap/local) by extension 'cmake'
[2.242s] Level 1:colcon.colcon_core.package_identification:_identify(src/uros/micro-ROS-Agent/snap/local) by extension 'python'
[2.243s] Level 1:colcon.colcon_core.package_identification:_identify(src/uros/micro-ROS-Agent/snap/local) by extensions ['python_setup_py']
[2.243s] Level 1:colcon.colcon_core.package_identification:_identify(src/uros/micro-ROS-Agent/snap/local) by extension 'python_setup_py'
[2.245s] Level 1:colcon.colcon_core.package_identification:_identify(src/uros/micro_ros_msgs) by extensions ['ignore', 'ignore_ament_install']
[2.246s] Level 1:colcon.colcon_core.package_identification:_identify(src/uros/micro_ros_msgs) by extension 'ignore'
[2.246s] Level 1:colcon.colcon_core.package_identification:_identify(src/uros/micro_ros_msgs) by extension 'ignore_ament_install'
[2.247s] Level 1:colcon.colcon_core.package_identification:_identify(src/uros/micro_ros_msgs) by extensions ['colcon_pkg']
[2.247s] Level 1:colcon.colcon_core.package_identification:_identify(src/uros/micro_ros_msgs) by extension 'colcon_pkg'
[2.248s] Level 1:colcon.colcon_core.package_identification:_identify(src/uros/micro_ros_msgs) by extensions ['colcon_meta']
[2.248s] Level 1:colcon.colcon_core.package_identification:_identify(src/uros/micro_ros_msgs) by extension 'colcon_meta'
[2.249s] Level 1:colcon.colcon_core.package_identification:_identify(src/uros/micro_ros_msgs) by extensions ['ros']
[2.249s] Level 1:colcon.colcon_core.package_identification:_identify(src/uros/micro_ros_msgs) by extension 'ros'
[2.255s] DEBUG:colcon.colcon_core.package_identification:Package 'src/uros/micro_ros_msgs' with type 'ros.ament_cmake' and name 'micro_ros_msgs'
[2.256s] Level 1:colcon.colcon_core.package_identification:_identify(src/wilie_bringup) by extensions ['ignore', 'ignore_ament_install']
[2.257s] Level 1:colcon.colcon_core.package_identification:_identify(src/wilie_bringup) by extension 'ignore'
[2.257s] Level 1:colcon.colcon_core.package_identification:_identify(src/wilie_bringup) by extension 'ignore_ament_install'
[2.258s] Level 1:colcon.colcon_core.package_identification:_identify(src/wilie_bringup) by extensions ['colcon_pkg']
[2.258s] Level 1:colcon.colcon_core.package_identification:_identify(src/wilie_bringup) by extension 'colcon_pkg'
[2.259s] Level 1:colcon.colcon_core.package_identification:_identify(src/wilie_bringup) by extensions ['colcon_meta']
[2.259s] Level 1:colcon.colcon_core.package_identification:_identify(src/wilie_bringup) by extension 'colcon_meta'
[2.260s] Level 1:colcon.colcon_core.package_identification:_identify(src/wilie_bringup) by extensions ['ros']
[2.260s] Level 1:colcon.colcon_core.package_identification:_identify(src/wilie_bringup) by extension 'ros'
[2.266s] DEBUG:colcon.colcon_core.package_identification:Package 'src/wilie_bringup' with type 'ros.ament_cmake' and name 'wilie_bringup'
[2.266s] Level 1:colcon.colcon_core.package_discovery:discover_packages(recursive) using defaults
[2.267s] Level 1:colcon.colcon_core.package_discovery:discover_packages(ignore) discover
[2.267s] Level 1:colcon.colcon_core.package_discovery:discover_packages(ignore) using defaults
[2.267s] Level 1:colcon.colcon_core.package_discovery:discover_packages(path) discover
[2.268s] Level 1:colcon.colcon_core.package_discovery:discover_packages(path) using defaults
[2.273s] WARNING:colcon.colcon_core.package_selection:ignoring unknown package 'motor_sub' in --packages-select
[2.487s] INFO:colcon.colcon_core.package_selection:Skipping not selected package 'cart_start' in 'src/cart_start'
[2.488s] INFO:colcon.colcon_core.package_selection:Skipping not selected package 'drive_base_msgs' in 'src/uros/drive_base/drive_base_msgs'
[2.488s] INFO:colcon.colcon_core.package_selection:Skipping not selected package 'grid_test_pkg' in 'src/grid_test_pkg'
[2.489s] INFO:colcon.colcon_core.package_selection:Skipping not selected package 'micro_ros_msgs' in 'src/uros/micro_ros_msgs'
[2.489s] INFO:colcon.colcon_core.package_selection:Skipping not selected package 'micro_ros_setup' in 'src/src/micro_ros_setup'
[2.489s] INFO:colcon.colcon_core.package_selection:Skipping not selected package 'motor_control' in 'src/motor_control'
[2.490s] INFO:colcon.colcon_core.package_selection:Skipping not selected package 'odom_builder' in 'src/odom_builder'
[2.490s] INFO:colcon.colcon_core.package_selection:Skipping not selected package 'ps_ros2_common' in 'src/ps_ros2_common'
[2.490s] INFO:colcon.colcon_core.package_selection:Skipping not selected package 'sllidar_ros2' in 'src/sllidar_ros2'
[2.491s] INFO:colcon.colcon_core.package_selection:Skipping not selected package 'smooth_drive' in 'src/smooth_drive'
[2.491s] INFO:colcon.colcon_core.package_selection:Skipping not selected package 'micro_ros_agent' in 'src/uros/micro-ROS-Agent/micro_ros_agent'
[2.491s] INFO:colcon.colcon_core.package_selection:Skipping not selected package 'wilie_bringup' in 'src/wilie_bringup'
[2.552s] INFO:colcon.colcon_core.executor:Executing jobs using 'parallel' executor
[2.571s] DEBUG:colcon.colcon_parallel_executor.executor.parallel:run_until_complete
[2.573s] DEBUG:colcon.colcon_parallel_executor.executor.parallel:closing loop
[2.576s] DEBUG:colcon.colcon_parallel_executor.executor.parallel:loop closed
[2.577s] DEBUG:colcon.colcon_parallel_executor.executor.parallel:run_until_complete finished with '0'
[2.577s] DEBUG:colcon.colcon_core.event_reactor:joining thread
[2.634s] INFO:colcon.colcon_core.plugin_system:Skipping extension 'colcon_notification.desktop_notification.notify_send': Could not find 'notify-send'
[2.635s] INFO:colcon.colcon_core.plugin_system:Skipping extension 'colcon_notification.desktop_notification.terminal_notifier': Not used on non-Darwin systems
[2.636s] INFO:colcon.colcon_core.plugin_system:Skipping extension 'colcon_notification.desktop_notification.win32': Not used on non-Windows systems
[2.636s] INFO:colcon.colcon_notification.desktop_notification:Sending desktop notification using 'notify2'
[2.697s] DEBUG:colcon.colcon_notification.desktop_notification.notify2:Failed to initialize notify2: org.freedesktop.DBus.Error.ServiceUnknown: The name org.freedesktop.Notifications was not provided by any .service files
[2.698s] DEBUG:colcon.colcon_core.event_reactor:joined thread
[2.754s] INFO:colcon.colcon_core.plugin_system:Skipping extension 'colcon_core.shell.bat': Not used on non-Windows systems
[2.756s] INFO:colcon.colcon_core.shell:Creating prefix script '/home/ubuntu/ros2_ws/install/local_setup.ps1'
[2.768s] INFO:colcon.colcon_core.shell:Creating prefix util module '/home/ubuntu/ros2_ws/install/_local_setup_util_ps1.py'
[2.789s] INFO:colcon.colcon_core.shell:Creating prefix chain script '/home/ubuntu/ros2_ws/install/setup.ps1'
[2.809s] INFO:colcon.colcon_core.shell:Creating prefix script '/home/ubuntu/ros2_ws/install/local_setup.sh'
[2.819s] INFO:colcon.colcon_core.shell:Creating prefix util module '/home/ubuntu/ros2_ws/install/_local_setup_util_sh.py'
[2.824s] INFO:colcon.colcon_core.shell:Creating prefix chain script '/home/ubuntu/ros2_ws/install/setup.sh'
[2.843s] INFO:colcon.colcon_core.shell:Creating prefix script '/home/ubuntu/ros2_ws/install/local_setup.bash'
[2.853s] INFO:colcon.colcon_core.shell:Creating prefix chain script '/home/ubuntu/ros2_ws/install/setup.bash'
[2.871s] INFO:colcon.colcon_core.shell:Creating prefix script '/home/ubuntu/ros2_ws/install/local_setup.zsh'
[2.881s] INFO:colcon.colcon_core.shell:Creating prefix chain script '/home/ubuntu/ros2_ws/install/setup.zsh'
