[2.355s] Invoking command in '/home/ubuntu/ros2_ws/build/drive_base_msgs': CMAKE_PREFIX_PATH=${CMAKE_PREFIX_PATH}:/home/ubuntu/ros2_ws/install/odom_builder:/home/ubuntu/ros2_ws/install/motor_control:/home/ubuntu/ros2_ws/install/cart_start:/opt/ros/foxy /usr/bin/cmake --build /home/ubuntu/ros2_ws/build/drive_base_msgs -- -j4 -l4
[2.689s] [  1%] Built target drive_base_msgs__cpp
[2.701s] [ 12%] Built target drive_base_msgs__rosidl_generator_c
[3.004s] [ 23%] Built target drive_base_msgs__rosidl_typesupport_introspection_cpp
[3.019s] [ 34%] Built target drive_base_msgs__rosidl_typesupport_cpp
[3.042s] [ 45%] Built target drive_base_msgs__rosidl_typesupport_fastrtps_cpp
[3.062s] [ 56%] Built target drive_base_msgs__rosidl_typesupport_introspection_c
[3.243s] [ 67%] Built target drive_base_msgs__rosidl_typesupport_c
[3.274s] [ 78%] Built target drive_base_msgs__rosidl_typesupport_fastrtps_c
[3.387s] [ 78%] Built target drive_base_msgs
[3.529s] [ 80%] Built target drive_base_msgs__py
[3.844s] [ 89%] Built target drive_base_msgs__python
[4.260s] [ 92%] Built target drive_base_msgs__rosidl_typesupport_fastrtps_c__pyext
[4.262s] [ 96%] Built target drive_base_msgs__rosidl_typesupport_introspection_c__pyext
[4.277s] [100%] Built target drive_base_msgs__rosidl_typesupport_c__pyext
[4.369s] Invoked command in '/home/ubuntu/ros2_ws/build/drive_base_msgs' returned '0': CMAKE_PREFIX_PATH=${CMAKE_PREFIX_PATH}:/home/ubuntu/ros2_ws/install/odom_builder:/home/ubuntu/ros2_ws/install/motor_control:/home/ubuntu/ros2_ws/install/cart_start:/opt/ros/foxy /usr/bin/cmake --build /home/ubuntu/ros2_ws/build/drive_base_msgs -- -j4 -l4
[5.411s] Invoking command in '/home/ubuntu/ros2_ws/build/drive_base_msgs': CMAKE_PREFIX_PATH=${CMAKE_PREFIX_PATH}:/home/ubuntu/ros2_ws/install/odom_builder:/home/ubuntu/ros2_ws/install/motor_control:/home/ubuntu/ros2_ws/install/cart_start:/opt/ros/foxy /usr/bin/cmake --install /home/ubuntu/ros2_ws/build/drive_base_msgs
[5.472s] -- Install configuration: ""
[5.473s] -- Up-to-date: /home/ubuntu/ros2_ws/install/drive_base_msgs/share/ament_index/resource_index/rosidl_interfaces/drive_base_msgs
[5.474s] -- Up-to-date: /home/ubuntu/ros2_ws/install/drive_base_msgs/include/drive_base_msgs
[5.475s] -- Up-to-date: /home/ubuntu/ros2_ws/install/drive_base_msgs/include/drive_base_msgs/msg
[5.476s] -- Up-to-date: /home/ubuntu/ros2_ws/install/drive_base_msgs/include/drive_base_msgs/msg/rosidl_generator_c__visibility_control.h
[5.477s] -- Up-to-date: /home/ubuntu/ros2_ws/install/drive_base_msgs/include/drive_base_msgs/msg/detail
[5.477s] -- Up-to-date: /home/ubuntu/ros2_ws/install/drive_base_msgs/include/drive_base_msgs/msg/detail/command_header__functions.c
[5.478s] -- Up-to-date: /home/ubuntu/ros2_ws/install/drive_base_msgs/include/drive_base_msgs/msg/detail/base_info__struct.h
[5.488s] -- Up-to-date: /home/ubuntu/ros2_ws/install/drive_base_msgs/include/drive_base_msgs/msg/detail/trv_command__functions.c
[5.489s] -- Up-to-date: /home/ubuntu/ros2_ws/install/drive_base_msgs/include/drive_base_msgs/msg/detail/command_header__functions.h
[5.489s] -- Up-to-date: /home/ubuntu/ros2_ws/install/drive_base_msgs/include/drive_base_msgs/msg/detail/trv_command__type_support.h
[5.490s] -- Up-to-date: /home/ubuntu/ros2_ws/install/drive_base_msgs/include/drive_base_msgs/msg/detail/command_header__type_support.h
[5.491s] -- Up-to-date: /home/ubuntu/ros2_ws/install/drive_base_msgs/include/drive_base_msgs/msg/detail/base_info__functions.h
[5.491s] -- Up-to-date: /home/ubuntu/ros2_ws/install/drive_base_msgs/include/drive_base_msgs/msg/detail/command_header__struct.h
[5.492s] -- Up-to-date: /home/ubuntu/ros2_ws/install/drive_base_msgs/include/drive_base_msgs/msg/detail/base_info__type_support.h
[5.493s] -- Up-to-date: /home/ubuntu/ros2_ws/install/drive_base_msgs/include/drive_base_msgs/msg/detail/command_status__type_support.h
[5.494s] -- Up-to-date: /home/ubuntu/ros2_ws/install/drive_base_msgs/include/drive_base_msgs/msg/detail/command_status__functions.c
[5.495s] -- Up-to-date: /home/ubuntu/ros2_ws/install/drive_base_msgs/include/drive_base_msgs/msg/detail/command_status__functions.h
[5.504s] -- Up-to-date: /home/ubuntu/ros2_ws/install/drive_base_msgs/include/drive_base_msgs/msg/detail/trv_command__struct.h
[5.505s] -- Up-to-date: /home/ubuntu/ros2_ws/install/drive_base_msgs/include/drive_base_msgs/msg/detail/base_info__functions.c
[5.506s] -- Up-to-date: /home/ubuntu/ros2_ws/install/drive_base_msgs/include/drive_base_msgs/msg/detail/command_status__struct.h
[5.507s] -- Up-to-date: /home/ubuntu/ros2_ws/install/drive_base_msgs/include/drive_base_msgs/msg/detail/trv_command__functions.h
[5.507s] -- Up-to-date: /home/ubuntu/ros2_ws/install/drive_base_msgs/include/drive_base_msgs/msg/base_info.h
[5.508s] -- Up-to-date: /home/ubuntu/ros2_ws/install/drive_base_msgs/include/drive_base_msgs/msg/command_header.h
[5.509s] -- Up-to-date: /home/ubuntu/ros2_ws/install/drive_base_msgs/include/drive_base_msgs/msg/command_status.h
[5.510s] -- Up-to-date: /home/ubuntu/ros2_ws/install/drive_base_msgs/include/drive_base_msgs/msg/trv_command.h
[5.510s] -- Up-to-date: /home/ubuntu/ros2_ws/install/drive_base_msgs/share/drive_base_msgs/environment/library_path.sh
[5.520s] -- Up-to-date: /home/ubuntu/ros2_ws/install/drive_base_msgs/share/drive_base_msgs/environment/library_path.dsv
[5.521s] -- Up-to-date: /home/ubuntu/ros2_ws/install/drive_base_msgs/lib/libdrive_base_msgs__rosidl_generator_c.so
[5.522s] -- Up-to-date: /home/ubuntu/ros2_ws/install/drive_base_msgs/include/drive_base_msgs
[5.522s] -- Up-to-date: /home/ubuntu/ros2_ws/install/drive_base_msgs/include/drive_base_msgs/msg
[5.523s] -- Up-to-date: /home/ubuntu/ros2_ws/install/drive_base_msgs/include/drive_base_msgs/msg/detail
[5.524s] -- Up-to-date: /home/ubuntu/ros2_ws/install/drive_base_msgs/include/drive_base_msgs/msg/detail/trv_command__rosidl_typesupport_fastrtps_c.h
[5.525s] -- Up-to-date: /home/ubuntu/ros2_ws/install/drive_base_msgs/include/drive_base_msgs/msg/detail/command_header__rosidl_typesupport_fastrtps_c.h
[5.526s] -- Up-to-date: /home/ubuntu/ros2_ws/install/drive_base_msgs/include/drive_base_msgs/msg/detail/command_status__rosidl_typesupport_fastrtps_c.h
[5.527s] -- Up-to-date: /home/ubuntu/ros2_ws/install/drive_base_msgs/include/drive_base_msgs/msg/detail/base_info__rosidl_typesupport_fastrtps_c.h
[5.536s] -- Up-to-date: /home/ubuntu/ros2_ws/install/drive_base_msgs/include/drive_base_msgs/msg/rosidl_typesupport_fastrtps_c__visibility_control.h
[5.537s] -- Up-to-date: /home/ubuntu/ros2_ws/install/drive_base_msgs/lib/libdrive_base_msgs__rosidl_typesupport_fastrtps_c.so
[5.537s] -- Up-to-date: /home/ubuntu/ros2_ws/install/drive_base_msgs/include/drive_base_msgs
[5.538s] -- Up-to-date: /home/ubuntu/ros2_ws/install/drive_base_msgs/include/drive_base_msgs/msg
[5.539s] -- Up-to-date: /home/ubuntu/ros2_ws/install/drive_base_msgs/include/drive_base_msgs/msg/detail
[5.540s] -- Up-to-date: /home/ubuntu/ros2_ws/install/drive_base_msgs/include/drive_base_msgs/msg/detail/command_header__rosidl_typesupport_fastrtps_cpp.hpp
[5.541s] -- Up-to-date: /home/ubuntu/ros2_ws/install/drive_base_msgs/include/drive_base_msgs/msg/detail/base_info__rosidl_typesupport_fastrtps_cpp.hpp
[5.542s] -- Up-to-date: /home/ubuntu/ros2_ws/install/drive_base_msgs/include/drive_base_msgs/msg/detail/dds_fastrtps
[5.543s] -- Up-to-date: /home/ubuntu/ros2_ws/install/drive_base_msgs/include/drive_base_msgs/msg/detail/trv_command__rosidl_typesupport_fastrtps_cpp.hpp
[5.552s] -- Up-to-date: /home/ubuntu/ros2_ws/install/drive_base_msgs/include/drive_base_msgs/msg/detail/command_status__rosidl_typesupport_fastrtps_cpp.hpp
[5.553s] -- Up-to-date: /home/ubuntu/ros2_ws/install/drive_base_msgs/include/drive_base_msgs/msg/rosidl_typesupport_fastrtps_cpp__visibility_control.h
[5.553s] -- Up-to-date: /home/ubuntu/ros2_ws/install/drive_base_msgs/lib/libdrive_base_msgs__rosidl_typesupport_fastrtps_cpp.so
[5.554s] -- Up-to-date: /home/ubuntu/ros2_ws/install/drive_base_msgs/include/drive_base_msgs
[5.555s] -- Up-to-date: /home/ubuntu/ros2_ws/install/drive_base_msgs/include/drive_base_msgs/msg
[5.555s] -- Up-to-date: /home/ubuntu/ros2_ws/install/drive_base_msgs/include/drive_base_msgs/msg/rosidl_typesupport_introspection_c__visibility_control.h
[5.556s] -- Up-to-date: /home/ubuntu/ros2_ws/install/drive_base_msgs/include/drive_base_msgs/msg/detail
[5.556s] -- Up-to-date: /home/ubuntu/ros2_ws/install/drive_base_msgs/include/drive_base_msgs/msg/detail/base_info__rosidl_typesupport_introspection_c.h
[5.557s] -- Up-to-date: /home/ubuntu/ros2_ws/install/drive_base_msgs/include/drive_base_msgs/msg/detail/trv_command__type_support.c
[5.558s] -- Up-to-date: /home/ubuntu/ros2_ws/install/drive_base_msgs/include/drive_base_msgs/msg/detail/trv_command__rosidl_typesupport_introspection_c.h
[5.559s] -- Up-to-date: /home/ubuntu/ros2_ws/install/drive_base_msgs/include/drive_base_msgs/msg/detail/base_info__type_support.c
[5.560s] -- Up-to-date: /home/ubuntu/ros2_ws/install/drive_base_msgs/include/drive_base_msgs/msg/detail/command_header__rosidl_typesupport_introspection_c.h
[5.561s] -- Up-to-date: /home/ubuntu/ros2_ws/install/drive_base_msgs/include/drive_base_msgs/msg/detail/command_header__type_support.c
[5.561s] -- Up-to-date: /home/ubuntu/ros2_ws/install/drive_base_msgs/include/drive_base_msgs/msg/detail/command_status__type_support.c
[5.562s] -- Up-to-date: /home/ubuntu/ros2_ws/install/drive_base_msgs/include/drive_base_msgs/msg/detail/command_status__rosidl_typesupport_introspection_c.h
[5.563s] -- Up-to-date: /home/ubuntu/ros2_ws/install/drive_base_msgs/lib/libdrive_base_msgs__rosidl_typesupport_introspection_c.so
[5.564s] -- Up-to-date: /home/ubuntu/ros2_ws/install/drive_base_msgs/lib/libdrive_base_msgs__rosidl_typesupport_c.so
[5.564s] -- Up-to-date: /home/ubuntu/ros2_ws/install/drive_base_msgs/include/drive_base_msgs
[5.565s] -- Up-to-date: /home/ubuntu/ros2_ws/install/drive_base_msgs/include/drive_base_msgs/msg
[5.566s] -- Up-to-date: /home/ubuntu/ros2_ws/install/drive_base_msgs/include/drive_base_msgs/msg/detail
[5.566s] -- Up-to-date: /home/ubuntu/ros2_ws/install/drive_base_msgs/include/drive_base_msgs/msg/detail/trv_command__struct.hpp
[5.567s] -- Up-to-date: /home/ubuntu/ros2_ws/install/drive_base_msgs/include/drive_base_msgs/msg/detail/base_info__builder.hpp
[5.567s] -- Up-to-date: /home/ubuntu/ros2_ws/install/drive_base_msgs/include/drive_base_msgs/msg/detail/trv_command__traits.hpp
[5.568s] -- Up-to-date: /home/ubuntu/ros2_ws/install/drive_base_msgs/include/drive_base_msgs/msg/detail/command_status__builder.hpp
[5.569s] -- Up-to-date: /home/ubuntu/ros2_ws/install/drive_base_msgs/include/drive_base_msgs/msg/detail/command_header__builder.hpp
[5.569s] -- Up-to-date: /home/ubuntu/ros2_ws/install/drive_base_msgs/include/drive_base_msgs/msg/detail/trv_command__builder.hpp
[5.570s] -- Up-to-date: /home/ubuntu/ros2_ws/install/drive_base_msgs/include/drive_base_msgs/msg/detail/command_header__traits.hpp
[5.570s] -- Up-to-date: /home/ubuntu/ros2_ws/install/drive_base_msgs/include/drive_base_msgs/msg/detail/command_status__struct.hpp
[5.571s] -- Up-to-date: /home/ubuntu/ros2_ws/install/drive_base_msgs/include/drive_base_msgs/msg/detail/base_info__struct.hpp
[5.572s] -- Up-to-date: /home/ubuntu/ros2_ws/install/drive_base_msgs/include/drive_base_msgs/msg/detail/base_info__traits.hpp
[5.573s] -- Up-to-date: /home/ubuntu/ros2_ws/install/drive_base_msgs/include/drive_base_msgs/msg/detail/command_header__struct.hpp
[5.573s] -- Up-to-date: /home/ubuntu/ros2_ws/install/drive_base_msgs/include/drive_base_msgs/msg/detail/command_status__traits.hpp
[5.574s] -- Up-to-date: /home/ubuntu/ros2_ws/install/drive_base_msgs/include/drive_base_msgs/msg/command_status.hpp
[5.575s] -- Up-to-date: /home/ubuntu/ros2_ws/install/drive_base_msgs/include/drive_base_msgs/msg/command_header.hpp
[5.575s] -- Up-to-date: /home/ubuntu/ros2_ws/install/drive_base_msgs/include/drive_base_msgs/msg/trv_command.hpp
[5.576s] -- Up-to-date: /home/ubuntu/ros2_ws/install/drive_base_msgs/include/drive_base_msgs/msg/base_info.hpp
[5.576s] -- Up-to-date: /home/ubuntu/ros2_ws/install/drive_base_msgs/include/drive_base_msgs
[5.577s] -- Up-to-date: /home/ubuntu/ros2_ws/install/drive_base_msgs/include/drive_base_msgs/msg
[5.578s] -- Up-to-date: /home/ubuntu/ros2_ws/install/drive_base_msgs/include/drive_base_msgs/msg/detail
[5.578s] -- Up-to-date: /home/ubuntu/ros2_ws/install/drive_base_msgs/include/drive_base_msgs/msg/detail/base_info__type_support.cpp
[5.579s] -- Up-to-date: /home/ubuntu/ros2_ws/install/drive_base_msgs/include/drive_base_msgs/msg/detail/trv_command__type_support.cpp
[5.588s] -- Up-to-date: /home/ubuntu/ros2_ws/install/drive_base_msgs/include/drive_base_msgs/msg/detail/base_info__rosidl_typesupport_introspection_cpp.hpp
[5.589s] -- Up-to-date: /home/ubuntu/ros2_ws/install/drive_base_msgs/include/drive_base_msgs/msg/detail/trv_command__rosidl_typesupport_introspection_cpp.hpp
[5.590s] -- Up-to-date: /home/ubuntu/ros2_ws/install/drive_base_msgs/include/drive_base_msgs/msg/detail/command_header__rosidl_typesupport_introspection_cpp.hpp
[5.592s] -- Up-to-date: /home/ubuntu/ros2_ws/install/drive_base_msgs/include/drive_base_msgs/msg/detail/command_status__type_support.cpp
[5.592s] -- Up-to-date: /home/ubuntu/ros2_ws/install/drive_base_msgs/include/drive_base_msgs/msg/detail/command_header__type_support.cpp
[5.593s] -- Up-to-date: /home/ubuntu/ros2_ws/install/drive_base_msgs/include/drive_base_msgs/msg/detail/command_status__rosidl_typesupport_introspection_cpp.hpp
[5.594s] -- Up-to-date: /home/ubuntu/ros2_ws/install/drive_base_msgs/lib/libdrive_base_msgs__rosidl_typesupport_introspection_cpp.so
[5.594s] -- Up-to-date: /home/ubuntu/ros2_ws/install/drive_base_msgs/lib/libdrive_base_msgs__rosidl_typesupport_cpp.so
[5.595s] -- Up-to-date: /home/ubuntu/ros2_ws/install/drive_base_msgs/share/drive_base_msgs/environment/pythonpath.sh
[5.595s] -- Up-to-date: /home/ubuntu/ros2_ws/install/drive_base_msgs/share/drive_base_msgs/environment/pythonpath.dsv
[5.596s] -- Up-to-date: /home/ubuntu/ros2_ws/install/drive_base_msgs/lib/python3.8/site-packages/drive_base_msgs/__init__.py
[5.817s] -- Up-to-date: /home/ubuntu/ros2_ws/install/drive_base_msgs/lib/python3.8/site-packages/drive_base_msgs/msg
[5.818s] -- Up-to-date: /home/ubuntu/ros2_ws/install/drive_base_msgs/lib/python3.8/site-packages/drive_base_msgs/msg/_command_header_s.c
[5.819s] -- Up-to-date: /home/ubuntu/ros2_ws/install/drive_base_msgs/lib/python3.8/site-packages/drive_base_msgs/msg/__init__.py
[5.819s] -- Up-to-date: /home/ubuntu/ros2_ws/install/drive_base_msgs/lib/python3.8/site-packages/drive_base_msgs/msg/_trv_command.py
[5.820s] -- Up-to-date: /home/ubuntu/ros2_ws/install/drive_base_msgs/lib/python3.8/site-packages/drive_base_msgs/msg/_trv_command_s.c
[5.821s] -- Up-to-date: /home/ubuntu/ros2_ws/install/drive_base_msgs/lib/python3.8/site-packages/drive_base_msgs/msg/_base_info_s.c
[5.821s] -- Up-to-date: /home/ubuntu/ros2_ws/install/drive_base_msgs/lib/python3.8/site-packages/drive_base_msgs/msg/_command_status.py
[5.822s] -- Up-to-date: /home/ubuntu/ros2_ws/install/drive_base_msgs/lib/python3.8/site-packages/drive_base_msgs/msg/_command_status_s.c
[5.822s] -- Up-to-date: /home/ubuntu/ros2_ws/install/drive_base_msgs/lib/python3.8/site-packages/drive_base_msgs/msg/_base_info.py
[5.823s] -- Up-to-date: /home/ubuntu/ros2_ws/install/drive_base_msgs/lib/python3.8/site-packages/drive_base_msgs/msg/_command_header.py
[5.832s] -- Up-to-date: /home/ubuntu/ros2_ws/install/drive_base_msgs/lib/python3.8/site-packages/drive_base_msgs/drive_base_msgs_s__rosidl_typesupport_fastrtps_c.cpython-38-aarch64-linux-gnu.so
[5.833s] -- Up-to-date: /home/ubuntu/ros2_ws/install/drive_base_msgs/lib/python3.8/site-packages/drive_base_msgs/drive_base_msgs_s__rosidl_typesupport_introspection_c.cpython-38-aarch64-linux-gnu.so
[5.834s] -- Up-to-date: /home/ubuntu/ros2_ws/install/drive_base_msgs/lib/python3.8/site-packages/drive_base_msgs/drive_base_msgs_s__rosidl_typesupport_c.cpython-38-aarch64-linux-gnu.so
[5.838s] -- Up-to-date: /home/ubuntu/ros2_ws/install/drive_base_msgs/lib/libdrive_base_msgs__python.so
[5.841s] -- Up-to-date: /home/ubuntu/ros2_ws/install/drive_base_msgs/share/drive_base_msgs/msg/CommandHeader.idl
[5.846s] -- Up-to-date: /home/ubuntu/ros2_ws/install/drive_base_msgs/share/drive_base_msgs/msg/BaseInfo.idl
[5.848s] -- Up-to-date: /home/ubuntu/ros2_ws/install/drive_base_msgs/share/drive_base_msgs/msg/CommandStatus.idl
[5.849s] -- Up-to-date: /home/ubuntu/ros2_ws/install/drive_base_msgs/share/drive_base_msgs/msg/TRVCommand.idl
[5.851s] -- Up-to-date: /home/ubuntu/ros2_ws/install/drive_base_msgs/share/drive_base_msgs/msg/CommandHeader.msg
[5.852s] -- Up-to-date: /home/ubuntu/ros2_ws/install/drive_base_msgs/share/drive_base_msgs/msg/BaseInfo.msg
[5.854s] -- Up-to-date: /home/ubuntu/ros2_ws/install/drive_base_msgs/share/drive_base_msgs/msg/CommandStatus.msg
[5.856s] -- Up-to-date: /home/ubuntu/ros2_ws/install/drive_base_msgs/share/drive_base_msgs/msg/TRVCommand.msg
[5.857s] -- Up-to-date: /home/ubuntu/ros2_ws/install/drive_base_msgs/share/ament_index/resource_index/package_run_dependencies/drive_base_msgs
[5.859s] -- Up-to-date: /home/ubuntu/ros2_ws/install/drive_base_msgs/share/ament_index/resource_index/parent_prefix_path/drive_base_msgs
[5.861s] -- Up-to-date: /home/ubuntu/ros2_ws/install/drive_base_msgs/share/drive_base_msgs/environment/ament_prefix_path.sh
[5.863s] -- Up-to-date: /home/ubuntu/ros2_ws/install/drive_base_msgs/share/drive_base_msgs/environment/ament_prefix_path.dsv
[5.864s] -- Up-to-date: /home/ubuntu/ros2_ws/install/drive_base_msgs/share/drive_base_msgs/environment/path.sh
[5.870s] -- Up-to-date: /home/ubuntu/ros2_ws/install/drive_base_msgs/share/drive_base_msgs/environment/path.dsv
[5.872s] -- Up-to-date: /home/ubuntu/ros2_ws/install/drive_base_msgs/share/drive_base_msgs/local_setup.bash
[5.873s] -- Up-to-date: /home/ubuntu/ros2_ws/install/drive_base_msgs/share/drive_base_msgs/local_setup.sh
[5.875s] -- Up-to-date: /home/ubuntu/ros2_ws/install/drive_base_msgs/share/drive_base_msgs/local_setup.zsh
[5.876s] -- Up-to-date: /home/ubuntu/ros2_ws/install/drive_base_msgs/share/drive_base_msgs/local_setup.dsv
[5.878s] -- Installing: /home/ubuntu/ros2_ws/install/drive_base_msgs/share/drive_base_msgs/package.dsv
[5.881s] -- Up-to-date: /home/ubuntu/ros2_ws/install/drive_base_msgs/share/ament_index/resource_index/packages/drive_base_msgs
[5.888s] -- Up-to-date: /home/ubuntu/ros2_ws/install/drive_base_msgs/share/drive_base_msgs/cmake/drive_base_msgs__rosidl_generator_cExport.cmake
[5.890s] -- Up-to-date: /home/ubuntu/ros2_ws/install/drive_base_msgs/share/drive_base_msgs/cmake/drive_base_msgs__rosidl_generator_cExport-noconfig.cmake
[5.892s] -- Up-to-date: /home/ubuntu/ros2_ws/install/drive_base_msgs/share/drive_base_msgs/cmake/drive_base_msgs__rosidl_typesupport_introspection_cExport.cmake
[5.894s] -- Up-to-date: /home/ubuntu/ros2_ws/install/drive_base_msgs/share/drive_base_msgs/cmake/drive_base_msgs__rosidl_typesupport_introspection_cExport-noconfig.cmake
[5.896s] -- Up-to-date: /home/ubuntu/ros2_ws/install/drive_base_msgs/share/drive_base_msgs/cmake/drive_base_msgs__rosidl_typesupport_cExport.cmake
[5.898s] -- Up-to-date: /home/ubuntu/ros2_ws/install/drive_base_msgs/share/drive_base_msgs/cmake/drive_base_msgs__rosidl_typesupport_cExport-noconfig.cmake
[5.905s] -- Up-to-date: /home/ubuntu/ros2_ws/install/drive_base_msgs/share/drive_base_msgs/cmake/drive_base_msgs__rosidl_generator_cppExport.cmake
[5.908s] -- Up-to-date: /home/ubuntu/ros2_ws/install/drive_base_msgs/share/drive_base_msgs/cmake/drive_base_msgs__rosidl_typesupport_introspection_cppExport.cmake
[5.910s] -- Up-to-date: /home/ubuntu/ros2_ws/install/drive_base_msgs/share/drive_base_msgs/cmake/drive_base_msgs__rosidl_typesupport_introspection_cppExport-noconfig.cmake
[5.912s] -- Up-to-date: /home/ubuntu/ros2_ws/install/drive_base_msgs/share/drive_base_msgs/cmake/drive_base_msgs__rosidl_typesupport_cppExport.cmake
[5.915s] -- Up-to-date: /home/ubuntu/ros2_ws/install/drive_base_msgs/share/drive_base_msgs/cmake/drive_base_msgs__rosidl_typesupport_cppExport-noconfig.cmake
[5.916s] -- Up-to-date: /home/ubuntu/ros2_ws/install/drive_base_msgs/share/drive_base_msgs/cmake/rosidl_cmake-extras.cmake
[5.917s] -- Up-to-date: /home/ubuntu/ros2_ws/install/drive_base_msgs/share/drive_base_msgs/cmake/ament_cmake_export_dependencies-extras.cmake
[5.918s] -- Up-to-date: /home/ubuntu/ros2_ws/install/drive_base_msgs/share/drive_base_msgs/cmake/ament_cmake_export_libraries-extras.cmake
[5.919s] -- Up-to-date: /home/ubuntu/ros2_ws/install/drive_base_msgs/share/drive_base_msgs/cmake/ament_cmake_export_targets-extras.cmake
[5.922s] -- Up-to-date: /home/ubuntu/ros2_ws/install/drive_base_msgs/share/drive_base_msgs/cmake/ament_cmake_export_include_directories-extras.cmake
[5.932s] -- Up-to-date: /home/ubuntu/ros2_ws/install/drive_base_msgs/share/drive_base_msgs/cmake/rosidl_cmake_export_typesupport_libraries-extras.cmake
[5.933s] -- Up-to-date: /home/ubuntu/ros2_ws/install/drive_base_msgs/share/drive_base_msgs/cmake/rosidl_cmake_export_typesupport_targets-extras.cmake
[5.933s] -- Up-to-date: /home/ubuntu/ros2_ws/install/drive_base_msgs/share/drive_base_msgs/cmake/drive_base_msgsConfig.cmake
[5.934s] -- Up-to-date: /home/ubuntu/ros2_ws/install/drive_base_msgs/share/drive_base_msgs/cmake/drive_base_msgsConfig-version.cmake
[5.934s] -- Up-to-date: /home/ubuntu/ros2_ws/install/drive_base_msgs/share/drive_base_msgs/package.xml
[5.935s] Invoked command in '/home/ubuntu/ros2_ws/build/drive_base_msgs' returned '0': CMAKE_PREFIX_PATH=${CMAKE_PREFIX_PATH}:/home/ubuntu/ros2_ws/install/odom_builder:/home/ubuntu/ros2_ws/install/motor_control:/home/ubuntu/ros2_ws/install/cart_start:/opt/ros/foxy /usr/bin/cmake --install /home/ubuntu/ros2_ws/build/drive_base_msgs
