[2.056s] Invoking command in '/home/ubuntu/ros2_ws/build/ps_ros2_common': CMAKE_PREFIX_PATH=${CMAKE_PREFIX_PATH}:/home/ubuntu/ros2_ws/install/motor_control:/home/ubuntu/ros2_ws/install/cart_start:/opt/ros/foxy /usr/bin/cmake --build /home/ubuntu/ros2_ws/build/ps_ros2_common -- -j4 -l4
[2.492s] [100%] Built target joy_test
[2.576s] Invoked command in '/home/ubuntu/ros2_ws/build/ps_ros2_common' returned '0': CMAKE_PREFIX_PATH=${CMAKE_PREFIX_PATH}:/home/ubuntu/ros2_ws/install/motor_control:/home/ubuntu/ros2_ws/install/cart_start:/opt/ros/foxy /usr/bin/cmake --build /home/ubuntu/ros2_ws/build/ps_ros2_common -- -j4 -l4
[2.835s] Invoking command in '/home/ubuntu/ros2_ws/build/ps_ros2_common': CMAKE_PREFIX_PATH=${CMAKE_PREFIX_PATH}:/home/ubuntu/ros2_ws/install/motor_control:/home/ubuntu/ros2_ws/install/cart_start:/opt/ros/foxy /usr/bin/cmake --install /home/ubuntu/ros2_ws/build/ps_ros2_common
[2.888s] -- Install configuration: ""
[2.891s] -- Execute custom install script
[2.895s] -- Up-to-date symlink: /home/ubuntu/ros2_ws/install/ps_ros2_common/lib/ps_ros2_common/joy_test
[2.900s] -- Up-to-date symlink: /home/ubuntu/ros2_ws/install/ps_ros2_common/share/ps_ros2_common/launch/.test.launch.py.swp
[2.904s] -- Up-to-date symlink: /home/ubuntu/ros2_ws/install/ps_ros2_common/share/ps_ros2_common/launch/test.launch.py
[2.907s] -- Up-to-date symlink: /home/ubuntu/ros2_ws/install/ps_ros2_common/share/ament_index/resource_index/package_run_dependencies/ps_ros2_common
[2.911s] -- Up-to-date symlink: /home/ubuntu/ros2_ws/install/ps_ros2_common/share/ament_index/resource_index/parent_prefix_path/ps_ros2_common
[2.915s] -- Up-to-date symlink: /home/ubuntu/ros2_ws/install/ps_ros2_common/share/ps_ros2_common/environment/ament_prefix_path.sh
[2.919s] -- Up-to-date symlink: /home/ubuntu/ros2_ws/install/ps_ros2_common/share/ps_ros2_common/environment/ament_prefix_path.dsv
[2.922s] -- Up-to-date symlink: /home/ubuntu/ros2_ws/install/ps_ros2_common/share/ps_ros2_common/environment/path.sh
[2.927s] -- Up-to-date symlink: /home/ubuntu/ros2_ws/install/ps_ros2_common/share/ps_ros2_common/environment/path.dsv
[2.930s] -- Up-to-date symlink: /home/ubuntu/ros2_ws/install/ps_ros2_common/share/ps_ros2_common/local_setup.bash
[2.934s] -- Up-to-date symlink: /home/ubuntu/ros2_ws/install/ps_ros2_common/share/ps_ros2_common/local_setup.sh
[2.937s] -- Up-to-date symlink: /home/ubuntu/ros2_ws/install/ps_ros2_common/share/ps_ros2_common/local_setup.zsh
[2.942s] -- Up-to-date symlink: /home/ubuntu/ros2_ws/install/ps_ros2_common/share/ps_ros2_common/local_setup.dsv
[2.945s] -- Symlinking: /home/ubuntu/ros2_ws/install/ps_ros2_common/share/ps_ros2_common/package.dsv
[2.995s] -- Up-to-date symlink: /home/ubuntu/ros2_ws/install/ps_ros2_common/share/ament_index/resource_index/packages/ps_ros2_common
[2.999s] -- Up-to-date symlink: /home/ubuntu/ros2_ws/install/ps_ros2_common/share/ps_ros2_common/cmake/ps_ros2_commonConfig.cmake
[3.003s] -- Up-to-date symlink: /home/ubuntu/ros2_ws/install/ps_ros2_common/share/ps_ros2_common/cmake/ps_ros2_commonConfig-version.cmake
[3.005s] -- Up-to-date symlink: /home/ubuntu/ros2_ws/install/ps_ros2_common/share/ps_ros2_common/package.xml
[3.020s] Invoked command in '/home/ubuntu/ros2_ws/build/ps_ros2_common' returned '0': CMAKE_PREFIX_PATH=${CMAKE_PREFIX_PATH}:/home/ubuntu/ros2_ws/install/motor_control:/home/ubuntu/ros2_ws/install/cart_start:/opt/ros/foxy /usr/bin/cmake --install /home/ubuntu/ros2_ws/build/ps_ros2_common
