[0.176s] Invoking command in '/home/ubuntu/ros2_ws/build/micro_ros_msgs': CMAKE_PREFIX_PATH=${CMAKE_PREFIX_PATH}:/home/ubuntu/ros2_ws/install/smooth_drive:/home/ubuntu/ros2_ws/install/odom_builder:/home/ubuntu/ros2_ws/install/motor_control:/home/ubuntu/ros2_ws/install/cart_start:/opt/ros/foxy /usr/bin/cmake --build /home/ubuntu/ros2_ws/build/micro_ros_msgs -- -j4 -l4
[4.218s] [  2%] Built target micro_ros_msgs__cpp
[4.219s] [ 12%] Built target micro_ros_msgs__rosidl_generator_c
[4.220s] [ 23%] Built target micro_ros_msgs__rosidl_typesupport_cpp
[4.221s] [ 34%] Built target micro_ros_msgs__rosidl_typesupport_introspection_cpp
[4.224s] [ 44%] Built target micro_ros_msgs__rosidl_typesupport_c
[4.225s] [ 55%] Built target micro_ros_msgs__rosidl_typesupport_fastrtps_cpp
[4.230s] [ 65%] Built target micro_ros_msgs__rosidl_typesupport_introspection_c
[4.232s] [ 76%] Built target micro_ros_msgs__rosidl_typesupport_fastrtps_c
[4.233s] [ 76%] Built target micro_ros_msgs
[4.234s] [ 78%] Built target micro_ros_msgs__py
[4.235s] [ 87%] Built target micro_ros_msgs__python
[4.236s] [ 91%] Built target micro_ros_msgs__rosidl_typesupport_c__pyext
[4.240s] [ 95%] Built target micro_ros_msgs__rosidl_typesupport_introspection_c__pyext
[4.241s] [100%] Built target micro_ros_msgs__rosidl_typesupport_fastrtps_c__pyext
[4.243s] Invoked command in '/home/ubuntu/ros2_ws/build/micro_ros_msgs' returned '0': CMAKE_PREFIX_PATH=${CMAKE_PREFIX_PATH}:/home/ubuntu/ros2_ws/install/smooth_drive:/home/ubuntu/ros2_ws/install/odom_builder:/home/ubuntu/ros2_ws/install/motor_control:/home/ubuntu/ros2_ws/install/cart_start:/opt/ros/foxy /usr/bin/cmake --build /home/ubuntu/ros2_ws/build/micro_ros_msgs -- -j4 -l4
[6.670s] Invoking command in '/home/ubuntu/ros2_ws/build/micro_ros_msgs': CMAKE_PREFIX_PATH=${CMAKE_PREFIX_PATH}:/home/ubuntu/ros2_ws/install/smooth_drive:/home/ubuntu/ros2_ws/install/odom_builder:/home/ubuntu/ros2_ws/install/motor_control:/home/ubuntu/ros2_ws/install/cart_start:/opt/ros/foxy /usr/bin/cmake --install /home/ubuntu/ros2_ws/build/micro_ros_msgs
[6.830s] -- Install configuration: ""
[6.837s] -- Up-to-date: /home/ubuntu/ros2_ws/install/micro_ros_msgs/share/ament_index/resource_index/rosidl_interfaces/micro_ros_msgs
[6.842s] -- Up-to-date: /home/ubuntu/ros2_ws/install/micro_ros_msgs/include/micro_ros_msgs
[6.846s] -- Up-to-date: /home/ubuntu/ros2_ws/install/micro_ros_msgs/include/micro_ros_msgs/msg
[6.858s] -- Up-to-date: /home/ubuntu/ros2_ws/install/micro_ros_msgs/include/micro_ros_msgs/msg/rosidl_generator_c__visibility_control.h
[6.861s] -- Up-to-date: /home/ubuntu/ros2_ws/install/micro_ros_msgs/include/micro_ros_msgs/msg/detail
[6.863s] -- Up-to-date: /home/ubuntu/ros2_ws/install/micro_ros_msgs/include/micro_ros_msgs/msg/detail/graph__type_support.h
[6.867s] -- Up-to-date: /home/ubuntu/ros2_ws/install/micro_ros_msgs/include/micro_ros_msgs/msg/detail/node__functions.c
[6.869s] -- Up-to-date: /home/ubuntu/ros2_ws/install/micro_ros_msgs/include/micro_ros_msgs/msg/detail/entity__functions.c
[6.873s] -- Up-to-date: /home/ubuntu/ros2_ws/install/micro_ros_msgs/include/micro_ros_msgs/msg/detail/node__type_support.h
[6.879s] -- Up-to-date: /home/ubuntu/ros2_ws/install/micro_ros_msgs/include/micro_ros_msgs/msg/detail/graph__functions.c
[6.880s] -- Up-to-date: /home/ubuntu/ros2_ws/install/micro_ros_msgs/include/micro_ros_msgs/msg/detail/entity__struct.h
[6.884s] -- Up-to-date: /home/ubuntu/ros2_ws/install/micro_ros_msgs/include/micro_ros_msgs/msg/detail/graph__functions.h
[6.885s] -- Up-to-date: /home/ubuntu/ros2_ws/install/micro_ros_msgs/include/micro_ros_msgs/msg/detail/node__struct.h
[6.901s] -- Up-to-date: /home/ubuntu/ros2_ws/install/micro_ros_msgs/include/micro_ros_msgs/msg/detail/graph__struct.h
[6.903s] -- Up-to-date: /home/ubuntu/ros2_ws/install/micro_ros_msgs/include/micro_ros_msgs/msg/detail/entity__type_support.h
[6.904s] -- Up-to-date: /home/ubuntu/ros2_ws/install/micro_ros_msgs/include/micro_ros_msgs/msg/detail/entity__functions.h
[6.906s] -- Up-to-date: /home/ubuntu/ros2_ws/install/micro_ros_msgs/include/micro_ros_msgs/msg/detail/node__functions.h
[6.907s] -- Up-to-date: /home/ubuntu/ros2_ws/install/micro_ros_msgs/include/micro_ros_msgs/msg/graph.h
[6.909s] -- Up-to-date: /home/ubuntu/ros2_ws/install/micro_ros_msgs/include/micro_ros_msgs/msg/entity.h
[6.915s] -- Up-to-date: /home/ubuntu/ros2_ws/install/micro_ros_msgs/include/micro_ros_msgs/msg/node.h
[6.917s] -- Up-to-date: /home/ubuntu/ros2_ws/install/micro_ros_msgs/share/micro_ros_msgs/environment/library_path.sh
[6.921s] -- Up-to-date: /home/ubuntu/ros2_ws/install/micro_ros_msgs/share/micro_ros_msgs/environment/library_path.dsv
[6.932s] -- Up-to-date: /home/ubuntu/ros2_ws/install/micro_ros_msgs/lib/libmicro_ros_msgs__rosidl_generator_c.so
[6.935s] -- Up-to-date: /home/ubuntu/ros2_ws/install/micro_ros_msgs/include/micro_ros_msgs
[6.936s] -- Up-to-date: /home/ubuntu/ros2_ws/install/micro_ros_msgs/include/micro_ros_msgs/msg
[6.937s] -- Up-to-date: /home/ubuntu/ros2_ws/install/micro_ros_msgs/include/micro_ros_msgs/msg/detail
[6.939s] -- Up-to-date: /home/ubuntu/ros2_ws/install/micro_ros_msgs/include/micro_ros_msgs/msg/detail/entity__rosidl_typesupport_fastrtps_c.h
[6.941s] -- Up-to-date: /home/ubuntu/ros2_ws/install/micro_ros_msgs/include/micro_ros_msgs/msg/detail/graph__rosidl_typesupport_fastrtps_c.h
[6.942s] -- Up-to-date: /home/ubuntu/ros2_ws/install/micro_ros_msgs/include/micro_ros_msgs/msg/detail/node__rosidl_typesupport_fastrtps_c.h
[6.943s] -- Up-to-date: /home/ubuntu/ros2_ws/install/micro_ros_msgs/include/micro_ros_msgs/msg/rosidl_typesupport_fastrtps_c__visibility_control.h
[6.945s] -- Up-to-date: /home/ubuntu/ros2_ws/install/micro_ros_msgs/lib/libmicro_ros_msgs__rosidl_typesupport_fastrtps_c.so
[6.946s] -- Up-to-date: /home/ubuntu/ros2_ws/install/micro_ros_msgs/include/micro_ros_msgs
[6.947s] -- Up-to-date: /home/ubuntu/ros2_ws/install/micro_ros_msgs/include/micro_ros_msgs/msg
[6.960s] -- Up-to-date: /home/ubuntu/ros2_ws/install/micro_ros_msgs/include/micro_ros_msgs/msg/detail
[6.971s] -- Up-to-date: /home/ubuntu/ros2_ws/install/micro_ros_msgs/include/micro_ros_msgs/msg/detail/node__rosidl_typesupport_fastrtps_cpp.hpp
[6.972s] -- Up-to-date: /home/ubuntu/ros2_ws/install/micro_ros_msgs/include/micro_ros_msgs/msg/detail/entity__rosidl_typesupport_fastrtps_cpp.hpp
[6.974s] -- Up-to-date: /home/ubuntu/ros2_ws/install/micro_ros_msgs/include/micro_ros_msgs/msg/detail/dds_fastrtps
[6.975s] -- Up-to-date: /home/ubuntu/ros2_ws/install/micro_ros_msgs/include/micro_ros_msgs/msg/detail/graph__rosidl_typesupport_fastrtps_cpp.hpp
[6.976s] -- Up-to-date: /home/ubuntu/ros2_ws/install/micro_ros_msgs/include/micro_ros_msgs/msg/rosidl_typesupport_fastrtps_cpp__visibility_control.h
[6.978s] -- Up-to-date: /home/ubuntu/ros2_ws/install/micro_ros_msgs/lib/libmicro_ros_msgs__rosidl_typesupport_fastrtps_cpp.so
[6.979s] -- Up-to-date: /home/ubuntu/ros2_ws/install/micro_ros_msgs/include/micro_ros_msgs
[6.981s] -- Up-to-date: /home/ubuntu/ros2_ws/install/micro_ros_msgs/include/micro_ros_msgs/msg
[6.986s] -- Up-to-date: /home/ubuntu/ros2_ws/install/micro_ros_msgs/include/micro_ros_msgs/msg/rosidl_typesupport_introspection_c__visibility_control.h
[6.987s] -- Up-to-date: /home/ubuntu/ros2_ws/install/micro_ros_msgs/include/micro_ros_msgs/msg/detail
[6.988s] -- Up-to-date: /home/ubuntu/ros2_ws/install/micro_ros_msgs/include/micro_ros_msgs/msg/detail/graph__rosidl_typesupport_introspection_c.h
[6.990s] -- Up-to-date: /home/ubuntu/ros2_ws/install/micro_ros_msgs/include/micro_ros_msgs/msg/detail/entity__rosidl_typesupport_introspection_c.h
[7.002s] -- Up-to-date: /home/ubuntu/ros2_ws/install/micro_ros_msgs/include/micro_ros_msgs/msg/detail/graph__type_support.c
[7.003s] -- Up-to-date: /home/ubuntu/ros2_ws/install/micro_ros_msgs/include/micro_ros_msgs/msg/detail/entity__type_support.c
[7.005s] -- Up-to-date: /home/ubuntu/ros2_ws/install/micro_ros_msgs/include/micro_ros_msgs/msg/detail/node__type_support.c
[7.006s] -- Up-to-date: /home/ubuntu/ros2_ws/install/micro_ros_msgs/include/micro_ros_msgs/msg/detail/node__rosidl_typesupport_introspection_c.h
[7.007s] -- Up-to-date: /home/ubuntu/ros2_ws/install/micro_ros_msgs/lib/libmicro_ros_msgs__rosidl_typesupport_introspection_c.so
[7.009s] -- Up-to-date: /home/ubuntu/ros2_ws/install/micro_ros_msgs/lib/libmicro_ros_msgs__rosidl_typesupport_c.so
[7.010s] -- Up-to-date: /home/ubuntu/ros2_ws/install/micro_ros_msgs/include/micro_ros_msgs
[7.019s] -- Up-to-date: /home/ubuntu/ros2_ws/install/micro_ros_msgs/include/micro_ros_msgs/msg
[7.021s] -- Up-to-date: /home/ubuntu/ros2_ws/install/micro_ros_msgs/include/micro_ros_msgs/msg/detail
[7.024s] -- Up-to-date: /home/ubuntu/ros2_ws/install/micro_ros_msgs/include/micro_ros_msgs/msg/detail/node__traits.hpp
[7.026s] -- Up-to-date: /home/ubuntu/ros2_ws/install/micro_ros_msgs/include/micro_ros_msgs/msg/detail/graph__traits.hpp
[7.028s] -- Up-to-date: /home/ubuntu/ros2_ws/install/micro_ros_msgs/include/micro_ros_msgs/msg/detail/graph__builder.hpp
[7.029s] -- Up-to-date: /home/ubuntu/ros2_ws/install/micro_ros_msgs/include/micro_ros_msgs/msg/detail/entity__builder.hpp
[7.034s] -- Up-to-date: /home/ubuntu/ros2_ws/install/micro_ros_msgs/include/micro_ros_msgs/msg/detail/entity__struct.hpp
[7.036s] -- Up-to-date: /home/ubuntu/ros2_ws/install/micro_ros_msgs/include/micro_ros_msgs/msg/detail/node__builder.hpp
[7.038s] -- Up-to-date: /home/ubuntu/ros2_ws/install/micro_ros_msgs/include/micro_ros_msgs/msg/detail/entity__traits.hpp
[7.052s] -- Up-to-date: /home/ubuntu/ros2_ws/install/micro_ros_msgs/include/micro_ros_msgs/msg/detail/graph__struct.hpp
[7.054s] -- Up-to-date: /home/ubuntu/ros2_ws/install/micro_ros_msgs/include/micro_ros_msgs/msg/detail/node__struct.hpp
[7.056s] -- Up-to-date: /home/ubuntu/ros2_ws/install/micro_ros_msgs/include/micro_ros_msgs/msg/graph.hpp
[7.057s] -- Up-to-date: /home/ubuntu/ros2_ws/install/micro_ros_msgs/include/micro_ros_msgs/msg/node.hpp
[7.060s] -- Up-to-date: /home/ubuntu/ros2_ws/install/micro_ros_msgs/include/micro_ros_msgs/msg/entity.hpp
[7.061s] -- Up-to-date: /home/ubuntu/ros2_ws/install/micro_ros_msgs/include/micro_ros_msgs
[7.063s] -- Up-to-date: /home/ubuntu/ros2_ws/install/micro_ros_msgs/include/micro_ros_msgs/msg
[7.065s] -- Up-to-date: /home/ubuntu/ros2_ws/install/micro_ros_msgs/include/micro_ros_msgs/msg/detail
[7.067s] -- Up-to-date: /home/ubuntu/ros2_ws/install/micro_ros_msgs/include/micro_ros_msgs/msg/detail/graph__rosidl_typesupport_introspection_cpp.hpp
[7.069s] -- Up-to-date: /home/ubuntu/ros2_ws/install/micro_ros_msgs/include/micro_ros_msgs/msg/detail/entity__type_support.cpp
[7.070s] -- Up-to-date: /home/ubuntu/ros2_ws/install/micro_ros_msgs/include/micro_ros_msgs/msg/detail/node__rosidl_typesupport_introspection_cpp.hpp
[7.072s] -- Up-to-date: /home/ubuntu/ros2_ws/install/micro_ros_msgs/include/micro_ros_msgs/msg/detail/node__type_support.cpp
[7.074s] -- Up-to-date: /home/ubuntu/ros2_ws/install/micro_ros_msgs/include/micro_ros_msgs/msg/detail/entity__rosidl_typesupport_introspection_cpp.hpp
[7.075s] -- Up-to-date: /home/ubuntu/ros2_ws/install/micro_ros_msgs/include/micro_ros_msgs/msg/detail/graph__type_support.cpp
[7.076s] -- Up-to-date: /home/ubuntu/ros2_ws/install/micro_ros_msgs/lib/libmicro_ros_msgs__rosidl_typesupport_introspection_cpp.so
[7.084s] -- Up-to-date: /home/ubuntu/ros2_ws/install/micro_ros_msgs/lib/libmicro_ros_msgs__rosidl_typesupport_cpp.so
[7.089s] -- Up-to-date: /home/ubuntu/ros2_ws/install/micro_ros_msgs/share/micro_ros_msgs/environment/pythonpath.sh
[7.091s] -- Up-to-date: /home/ubuntu/ros2_ws/install/micro_ros_msgs/share/micro_ros_msgs/environment/pythonpath.dsv
[7.094s] -- Up-to-date: /home/ubuntu/ros2_ws/install/micro_ros_msgs/lib/python3.8/site-packages/micro_ros_msgs/__init__.py
[7.581s] -- Up-to-date: /home/ubuntu/ros2_ws/install/micro_ros_msgs/lib/python3.8/site-packages/micro_ros_msgs/msg
[7.583s] -- Up-to-date: /home/ubuntu/ros2_ws/install/micro_ros_msgs/lib/python3.8/site-packages/micro_ros_msgs/msg/_graph_s.c
[7.585s] -- Up-to-date: /home/ubuntu/ros2_ws/install/micro_ros_msgs/lib/python3.8/site-packages/micro_ros_msgs/msg/__init__.py
[7.587s] -- Up-to-date: /home/ubuntu/ros2_ws/install/micro_ros_msgs/lib/python3.8/site-packages/micro_ros_msgs/msg/_node_s.c
[7.589s] -- Up-to-date: /home/ubuntu/ros2_ws/install/micro_ros_msgs/lib/python3.8/site-packages/micro_ros_msgs/msg/_entity_s.c
[7.591s] -- Up-to-date: /home/ubuntu/ros2_ws/install/micro_ros_msgs/lib/python3.8/site-packages/micro_ros_msgs/msg/_node.py
[7.596s] -- Up-to-date: /home/ubuntu/ros2_ws/install/micro_ros_msgs/lib/python3.8/site-packages/micro_ros_msgs/msg/_graph.py
[7.598s] -- Up-to-date: /home/ubuntu/ros2_ws/install/micro_ros_msgs/lib/python3.8/site-packages/micro_ros_msgs/msg/_entity.py
[7.600s] -- Up-to-date: /home/ubuntu/ros2_ws/install/micro_ros_msgs/lib/python3.8/site-packages/micro_ros_msgs/micro_ros_msgs_s__rosidl_typesupport_fastrtps_c.cpython-38-aarch64-linux-gnu.so
[7.615s] -- Up-to-date: /home/ubuntu/ros2_ws/install/micro_ros_msgs/lib/python3.8/site-packages/micro_ros_msgs/micro_ros_msgs_s__rosidl_typesupport_introspection_c.cpython-38-aarch64-linux-gnu.so
[7.638s] -- Up-to-date: /home/ubuntu/ros2_ws/install/micro_ros_msgs/lib/python3.8/site-packages/micro_ros_msgs/micro_ros_msgs_s__rosidl_typesupport_c.cpython-38-aarch64-linux-gnu.so
[7.656s] -- Up-to-date: /home/ubuntu/ros2_ws/install/micro_ros_msgs/lib/libmicro_ros_msgs__python.so
[7.659s] -- Up-to-date: /home/ubuntu/ros2_ws/install/micro_ros_msgs/share/micro_ros_msgs/msg/Graph.idl
[7.662s] -- Up-to-date: /home/ubuntu/ros2_ws/install/micro_ros_msgs/share/micro_ros_msgs/msg/Node.idl
[7.663s] -- Up-to-date: /home/ubuntu/ros2_ws/install/micro_ros_msgs/share/micro_ros_msgs/msg/Entity.idl
[7.672s] -- Up-to-date: /home/ubuntu/ros2_ws/install/micro_ros_msgs/share/micro_ros_msgs/msg/Graph.msg
[7.673s] -- Up-to-date: /home/ubuntu/ros2_ws/install/micro_ros_msgs/share/micro_ros_msgs/msg/Node.msg
[7.674s] -- Up-to-date: /home/ubuntu/ros2_ws/install/micro_ros_msgs/share/micro_ros_msgs/msg/Entity.msg
[7.675s] -- Up-to-date: /home/ubuntu/ros2_ws/install/micro_ros_msgs/share/ament_index/resource_index/package_run_dependencies/micro_ros_msgs
[7.676s] -- Up-to-date: /home/ubuntu/ros2_ws/install/micro_ros_msgs/share/ament_index/resource_index/parent_prefix_path/micro_ros_msgs
[7.677s] -- Up-to-date: /home/ubuntu/ros2_ws/install/micro_ros_msgs/share/micro_ros_msgs/environment/ament_prefix_path.sh
[7.679s] -- Up-to-date: /home/ubuntu/ros2_ws/install/micro_ros_msgs/share/micro_ros_msgs/environment/ament_prefix_path.dsv
[7.680s] -- Up-to-date: /home/ubuntu/ros2_ws/install/micro_ros_msgs/share/micro_ros_msgs/environment/path.sh
[7.680s] -- Up-to-date: /home/ubuntu/ros2_ws/install/micro_ros_msgs/share/micro_ros_msgs/environment/path.dsv
[7.681s] -- Up-to-date: /home/ubuntu/ros2_ws/install/micro_ros_msgs/share/micro_ros_msgs/local_setup.bash
[7.682s] -- Up-to-date: /home/ubuntu/ros2_ws/install/micro_ros_msgs/share/micro_ros_msgs/local_setup.sh
[7.684s] -- Up-to-date: /home/ubuntu/ros2_ws/install/micro_ros_msgs/share/micro_ros_msgs/local_setup.zsh
[7.688s] -- Up-to-date: /home/ubuntu/ros2_ws/install/micro_ros_msgs/share/micro_ros_msgs/local_setup.dsv
[7.689s] -- Installing: /home/ubuntu/ros2_ws/install/micro_ros_msgs/share/micro_ros_msgs/package.dsv
[7.690s] -- Up-to-date: /home/ubuntu/ros2_ws/install/micro_ros_msgs/share/ament_index/resource_index/packages/micro_ros_msgs
[7.705s] -- Up-to-date: /home/ubuntu/ros2_ws/install/micro_ros_msgs/share/micro_ros_msgs/cmake/micro_ros_msgs__rosidl_generator_cExport.cmake
[7.705s] -- Up-to-date: /home/ubuntu/ros2_ws/install/micro_ros_msgs/share/micro_ros_msgs/cmake/micro_ros_msgs__rosidl_generator_cExport-noconfig.cmake
[7.707s] -- Up-to-date: /home/ubuntu/ros2_ws/install/micro_ros_msgs/share/micro_ros_msgs/cmake/micro_ros_msgs__rosidl_typesupport_introspection_cExport.cmake
[7.708s] -- Up-to-date: /home/ubuntu/ros2_ws/install/micro_ros_msgs/share/micro_ros_msgs/cmake/micro_ros_msgs__rosidl_typesupport_introspection_cExport-noconfig.cmake
[7.709s] -- Up-to-date: /home/ubuntu/ros2_ws/install/micro_ros_msgs/share/micro_ros_msgs/cmake/micro_ros_msgs__rosidl_typesupport_cExport.cmake
[7.710s] -- Up-to-date: /home/ubuntu/ros2_ws/install/micro_ros_msgs/share/micro_ros_msgs/cmake/micro_ros_msgs__rosidl_typesupport_cExport-noconfig.cmake
[7.711s] -- Up-to-date: /home/ubuntu/ros2_ws/install/micro_ros_msgs/share/micro_ros_msgs/cmake/micro_ros_msgs__rosidl_generator_cppExport.cmake
[7.713s] -- Up-to-date: /home/ubuntu/ros2_ws/install/micro_ros_msgs/share/micro_ros_msgs/cmake/micro_ros_msgs__rosidl_typesupport_introspection_cppExport.cmake
[7.714s] -- Up-to-date: /home/ubuntu/ros2_ws/install/micro_ros_msgs/share/micro_ros_msgs/cmake/micro_ros_msgs__rosidl_typesupport_introspection_cppExport-noconfig.cmake
[7.716s] -- Up-to-date: /home/ubuntu/ros2_ws/install/micro_ros_msgs/share/micro_ros_msgs/cmake/micro_ros_msgs__rosidl_typesupport_cppExport.cmake
[7.717s] -- Up-to-date: /home/ubuntu/ros2_ws/install/micro_ros_msgs/share/micro_ros_msgs/cmake/micro_ros_msgs__rosidl_typesupport_cppExport-noconfig.cmake
[7.718s] -- Up-to-date: /home/ubuntu/ros2_ws/install/micro_ros_msgs/share/micro_ros_msgs/cmake/rosidl_cmake-extras.cmake
[7.720s] -- Up-to-date: /home/ubuntu/ros2_ws/install/micro_ros_msgs/share/micro_ros_msgs/cmake/ament_cmake_export_dependencies-extras.cmake
[7.724s] -- Up-to-date: /home/ubuntu/ros2_ws/install/micro_ros_msgs/share/micro_ros_msgs/cmake/ament_cmake_export_libraries-extras.cmake
[7.727s] -- Up-to-date: /home/ubuntu/ros2_ws/install/micro_ros_msgs/share/micro_ros_msgs/cmake/ament_cmake_export_targets-extras.cmake
[7.731s] -- Up-to-date: /home/ubuntu/ros2_ws/install/micro_ros_msgs/share/micro_ros_msgs/cmake/ament_cmake_export_include_directories-extras.cmake
[7.735s] -- Up-to-date: /home/ubuntu/ros2_ws/install/micro_ros_msgs/share/micro_ros_msgs/cmake/rosidl_cmake_export_typesupport_libraries-extras.cmake
[7.738s] -- Up-to-date: /home/ubuntu/ros2_ws/install/micro_ros_msgs/share/micro_ros_msgs/cmake/rosidl_cmake_export_typesupport_targets-extras.cmake
[7.750s] -- Up-to-date: /home/ubuntu/ros2_ws/install/micro_ros_msgs/share/micro_ros_msgs/cmake/micro_ros_msgsConfig.cmake
[7.752s] -- Up-to-date: /home/ubuntu/ros2_ws/install/micro_ros_msgs/share/micro_ros_msgs/cmake/micro_ros_msgsConfig-version.cmake
[7.764s] -- Up-to-date: /home/ubuntu/ros2_ws/install/micro_ros_msgs/share/micro_ros_msgs/package.xml
[7.775s] Invoked command in '/home/ubuntu/ros2_ws/build/micro_ros_msgs' returned '0': CMAKE_PREFIX_PATH=${CMAKE_PREFIX_PATH}:/home/ubuntu/ros2_ws/install/smooth_drive:/home/ubuntu/ros2_ws/install/odom_builder:/home/ubuntu/ros2_ws/install/motor_control:/home/ubuntu/ros2_ws/install/cart_start:/opt/ros/foxy /usr/bin/cmake --install /home/ubuntu/ros2_ws/build/micro_ros_msgs
