[5.306s] Invoking command in '/home/ubuntu/ros2_ws/src/motor_control': PYTHONPATH=/home/ubuntu/ros2_ws/install/motor_control/lib/python3.8/site-packages:${PYTHONPATH} /usr/bin/python3 setup.py egg_info --egg-base ../../build/motor_control build --build-base /home/ubuntu/ros2_ws/build/motor_control/build install --prefix /home/ubuntu/ros2_ws/install/motor_control --record /home/ubuntu/ros2_ws/build/motor_control/install.log --single-version-externally-managed
[6.581s] running egg_info
[6.588s] writing ../../build/motor_control/motor_control.egg-info/PKG-INFO
[6.589s] writing dependency_links to ../../build/motor_control/motor_control.egg-info/dependency_links.txt
[6.592s] writing entry points to ../../build/motor_control/motor_control.egg-info/entry_points.txt
[6.595s] writing requirements to ../../build/motor_control/motor_control.egg-info/requires.txt
[6.596s] writing top-level names to ../../build/motor_control/motor_control.egg-info/top_level.txt
[6.758s] reading manifest file '../../build/motor_control/motor_control.egg-info/SOURCES.txt'
[6.762s] writing manifest file '../../build/motor_control/motor_control.egg-info/SOURCES.txt'
[6.763s] running build
[6.765s] running build_py
[6.768s] running install
[6.770s] running install_lib
[6.775s] running install_data
[6.778s] running install_egg_info
[6.796s] removing '/home/ubuntu/ros2_ws/install/motor_control/lib/python3.8/site-packages/motor_control-0.0.0-py3.8.egg-info' (and everything under it)
[6.798s] Copying ../../build/motor_control/motor_control.egg-info to /home/ubuntu/ros2_ws/install/motor_control/lib/python3.8/site-packages/motor_control-0.0.0-py3.8.egg-info
[6.800s] running install_scripts
[6.883s] Installing listener script to /home/ubuntu/ros2_ws/install/motor_control/lib/motor_control
[6.904s] writing list of installed files to '/home/ubuntu/ros2_ws/build/motor_control/install.log'
[7.038s] Invoked command in '/home/ubuntu/ros2_ws/src/motor_control' returned '0': PYTHONPATH=/home/ubuntu/ros2_ws/install/motor_control/lib/python3.8/site-packages:${PYTHONPATH} /usr/bin/python3 setup.py egg_info --egg-base ../../build/motor_control build --build-base /home/ubuntu/ros2_ws/build/motor_control/build install --prefix /home/ubuntu/ros2_ws/install/motor_control --record /home/ubuntu/ros2_ws/build/motor_control/install.log --single-version-externally-managed
