[5.620s] Invoking command in '/home/ubuntu/ros2_ws/src/motor_control': PYTHONPATH=/home/ubuntu/ros2_ws/install/motor_control/lib/python3.8/site-packages:${PYTHONPATH} /usr/bin/python3 setup.py egg_info --egg-base ../../build/motor_control build --build-base /home/ubuntu/ros2_ws/build/motor_control/build install --prefix /home/ubuntu/ros2_ws/install/motor_control --record /home/ubuntu/ros2_ws/build/motor_control/install.log --single-version-externally-managed
[6.856s] running egg_info
[6.859s] writing ../../build/motor_control/motor_control.egg-info/PKG-INFO
[6.862s] writing dependency_links to ../../build/motor_control/motor_control.egg-info/dependency_links.txt
[6.864s] writing entry points to ../../build/motor_control/motor_control.egg-info/entry_points.txt
[6.865s] writing requirements to ../../build/motor_control/motor_control.egg-info/requires.txt
[6.867s] writing top-level names to ../../build/motor_control/motor_control.egg-info/top_level.txt
[7.045s] reading manifest file '../../build/motor_control/motor_control.egg-info/SOURCES.txt'
[7.049s] writing manifest file '../../build/motor_control/motor_control.egg-info/SOURCES.txt'
[7.053s] running build
[7.056s] running build_py
[7.059s] running install
[7.062s] running install_lib
[7.071s] running install_data
[7.075s] running install_egg_info
[7.080s] removing '/home/ubuntu/ros2_ws/install/motor_control/lib/python3.8/site-packages/motor_control-0.0.0-py3.8.egg-info' (and everything under it)
[7.085s] Copying ../../build/motor_control/motor_control.egg-info to /home/ubuntu/ros2_ws/install/motor_control/lib/python3.8/site-packages/motor_control-0.0.0-py3.8.egg-info
[7.095s] running install_scripts
[7.205s] Installing listener script to /home/ubuntu/ros2_ws/install/motor_control/lib/motor_control
[7.211s] writing list of installed files to '/home/ubuntu/ros2_ws/build/motor_control/install.log'
[7.347s] Invoked command in '/home/ubuntu/ros2_ws/src/motor_control' returned '0': PYTHONPATH=/home/ubuntu/ros2_ws/install/motor_control/lib/python3.8/site-packages:${PYTHONPATH} /usr/bin/python3 setup.py egg_info --egg-base ../../build/motor_control build --build-base /home/ubuntu/ros2_ws/build/motor_control/build install --prefix /home/ubuntu/ros2_ws/install/motor_control --record /home/ubuntu/ros2_ws/build/motor_control/install.log --single-version-externally-managed
