[4.333s] Invoking command in '/home/ubuntu/ros2_ws/src/cart_start': PYTHONPATH=/home/ubuntu/ros2_ws/install/cart_start/lib/python3.8/site-packages:${PYTHONPATH} /usr/bin/python3 setup.py egg_info --egg-base ../../build/cart_start build --build-base /home/ubuntu/ros2_ws/build/cart_start/build install --prefix /home/ubuntu/ros2_ws/install/cart_start --record /home/ubuntu/ros2_ws/build/cart_start/install.log --single-version-externally-managed
[5.375s] running egg_info
[5.378s] writing ../../build/cart_start/cart_start.egg-info/PKG-INFO
[5.379s] writing dependency_links to ../../build/cart_start/cart_start.egg-info/dependency_links.txt
[5.380s] writing entry points to ../../build/cart_start/cart_start.egg-info/entry_points.txt
[5.381s] writing requirements to ../../build/cart_start/cart_start.egg-info/requires.txt
[5.381s] writing top-level names to ../../build/cart_start/cart_start.egg-info/top_level.txt
[5.541s] reading manifest file '../../build/cart_start/cart_start.egg-info/SOURCES.txt'
[5.547s] writing manifest file '../../build/cart_start/cart_start.egg-info/SOURCES.txt'
[5.548s] running build
[5.550s] running build_py
[5.551s] running install
[5.552s] running install_lib
[5.558s] running install_data
[5.561s] copying launch/cart_start_launch.py -> /home/ubuntu/ros2_ws/install/cart_start/share/cart_start/launch
[5.562s] running install_egg_info
[5.570s] removing '/home/ubuntu/ros2_ws/install/cart_start/lib/python3.8/site-packages/cart_start-0.0.0-py3.8.egg-info' (and everything under it)
[5.571s] Copying ../../build/cart_start/cart_start.egg-info to /home/ubuntu/ros2_ws/install/cart_start/lib/python3.8/site-packages/cart_start-0.0.0-py3.8.egg-info
[5.578s] running install_scripts
[5.653s] writing list of installed files to '/home/ubuntu/ros2_ws/build/cart_start/install.log'
[5.802s] Invoked command in '/home/ubuntu/ros2_ws/src/cart_start' returned '0': PYTHONPATH=/home/ubuntu/ros2_ws/install/cart_start/lib/python3.8/site-packages:${PYTHONPATH} /usr/bin/python3 setup.py egg_info --egg-base ../../build/cart_start build --build-base /home/ubuntu/ros2_ws/build/cart_start/build install --prefix /home/ubuntu/ros2_ws/install/cart_start --record /home/ubuntu/ros2_ws/build/cart_start/install.log --single-version-externally-managed
