[11.902s] Invoking command in '/home/ubuntu/ros2_ws/src/cart_start': PYTHONPATH=/home/ubuntu/ros2_ws/install/cart_start/lib/python3.8/site-packages:${PYTHONPATH} /usr/bin/python3 setup.py egg_info --egg-base ../../build/cart_start build --build-base /home/ubuntu/ros2_ws/build/cart_start/build install --prefix /home/ubuntu/ros2_ws/install/cart_start --record /home/ubuntu/ros2_ws/build/cart_start/install.log --single-version-externally-managed
[14.380s] running egg_info
[14.382s] writing ../../build/cart_start/cart_start.egg-info/PKG-INFO
[14.385s] writing dependency_links to ../../build/cart_start/cart_start.egg-info/dependency_links.txt
[14.387s] writing entry points to ../../build/cart_start/cart_start.egg-info/entry_points.txt
[14.389s] writing requirements to ../../build/cart_start/cart_start.egg-info/requires.txt
[14.390s] writing top-level names to ../../build/cart_start/cart_start.egg-info/top_level.txt
[14.877s] reading manifest file '../../build/cart_start/cart_start.egg-info/SOURCES.txt'
[14.900s] writing manifest file '../../build/cart_start/cart_start.egg-info/SOURCES.txt'
[14.904s] running build
[14.915s] running build_py
[14.920s] running install
[14.928s] running install_lib
[14.934s] running install_data
[14.939s] running install_egg_info
[14.950s] removing '/home/ubuntu/ros2_ws/install/cart_start/lib/python3.8/site-packages/cart_start-0.0.0-py3.8.egg-info' (and everything under it)
[14.955s] Copying ../../build/cart_start/cart_start.egg-info to /home/ubuntu/ros2_ws/install/cart_start/lib/python3.8/site-packages/cart_start-0.0.0-py3.8.egg-info
[14.998s] running install_scripts
[15.166s] writing list of installed files to '/home/ubuntu/ros2_ws/build/cart_start/install.log'
[15.359s] Invoked command in '/home/ubuntu/ros2_ws/src/cart_start' returned '0': PYTHONPATH=/home/ubuntu/ros2_ws/install/cart_start/lib/python3.8/site-packages:${PYTHONPATH} /usr/bin/python3 setup.py egg_info --egg-base ../../build/cart_start build --build-base /home/ubuntu/ros2_ws/build/cart_start/build install --prefix /home/ubuntu/ros2_ws/install/cart_start --record /home/ubuntu/ros2_ws/build/cart_start/install.log --single-version-externally-managed
