running egg_info
creating ../../build/odom_builder/odom_builder.egg-info
writing ../../build/odom_builder/odom_builder.egg-info/PKG-INFO
writing dependency_links to ../../build/odom_builder/odom_builder.egg-info/dependency_links.txt
writing entry points to ../../build/odom_builder/odom_builder.egg-info/entry_points.txt
writing requirements to ../../build/odom_builder/odom_builder.egg-info/requires.txt
writing top-level names to ../../build/odom_builder/odom_builder.egg-info/top_level.txt
writing manifest file '../../build/odom_builder/odom_builder.egg-info/SOURCES.txt'
reading manifest file '../../build/odom_builder/odom_builder.egg-info/SOURCES.txt'
writing manifest file '../../build/odom_builder/odom_builder.egg-info/SOURCES.txt'
running build
running build_py
creating /home/ubuntu/ros2_ws/build/odom_builder/build
creating /home/ubuntu/ros2_ws/build/odom_builder/build/lib
creating /home/ubuntu/ros2_ws/build/odom_builder/build/lib/odom_builder
copying odom_builder/__init__.py -> /home/ubuntu/ros2_ws/build/odom_builder/build/lib/odom_builder
copying odom_builder/odometry_pub.py -> /home/ubuntu/ros2_ws/build/odom_builder/build/lib/odom_builder
running install
running install_lib
creating /home/ubuntu/ros2_ws/install/odom_builder/lib/python3.8/site-packages/odom_builder
copying /home/ubuntu/ros2_ws/build/odom_builder/build/lib/odom_builder/__init__.py -> /home/ubuntu/ros2_ws/install/odom_builder/lib/python3.8/site-packages/odom_builder
copying /home/ubuntu/ros2_ws/build/odom_builder/build/lib/odom_builder/odometry_pub.py -> /home/ubuntu/ros2_ws/install/odom_builder/lib/python3.8/site-packages/odom_builder
byte-compiling /home/ubuntu/ros2_ws/install/odom_builder/lib/python3.8/site-packages/odom_builder/__init__.py to __init__.cpython-38.pyc
byte-compiling /home/ubuntu/ros2_ws/install/odom_builder/lib/python3.8/site-packages/odom_builder/odometry_pub.py to odometry_pub.cpython-38.pyc
running install_data
creating /home/ubuntu/ros2_ws/install/odom_builder/share/ament_index
creating /home/ubuntu/ros2_ws/install/odom_builder/share/ament_index/resource_index
creating /home/ubuntu/ros2_ws/install/odom_builder/share/ament_index/resource_index/packages
copying resource/odom_builder -> /home/ubuntu/ros2_ws/install/odom_builder/share/ament_index/resource_index/packages
copying package.xml -> /home/ubuntu/ros2_ws/install/odom_builder/share/odom_builder
running install_egg_info
Copying ../../build/odom_builder/odom_builder.egg-info to /home/ubuntu/ros2_ws/install/odom_builder/lib/python3.8/site-packages/odom_builder-0.0.0-py3.8.egg-info
running install_scripts
writing list of installed files to '/home/ubuntu/ros2_ws/build/odom_builder/install.log'
