[5.930s] Invoking command in '/home/ubuntu/ros2_ws/src/odom_builder': PYTHONPATH=/home/ubuntu/ros2_ws/install/odom_builder/lib/python3.8/site-packages:${PYTHONPATH} /usr/bin/python3 setup.py egg_info --egg-base ../../build/odom_builder build --build-base /home/ubuntu/ros2_ws/build/odom_builder/build install --prefix /home/ubuntu/ros2_ws/install/odom_builder --record /home/ubuntu/ros2_ws/build/odom_builder/install.log --single-version-externally-managed
[7.053s] running egg_info
[7.056s] creating ../../build/odom_builder/odom_builder.egg-info
[7.058s] writing ../../build/odom_builder/odom_builder.egg-info/PKG-INFO
[7.061s] writing dependency_links to ../../build/odom_builder/odom_builder.egg-info/dependency_links.txt
[7.063s] writing entry points to ../../build/odom_builder/odom_builder.egg-info/entry_points.txt
[7.064s] writing requirements to ../../build/odom_builder/odom_builder.egg-info/requires.txt
[7.066s] writing top-level names to ../../build/odom_builder/odom_builder.egg-info/top_level.txt
[7.071s] writing manifest file '../../build/odom_builder/odom_builder.egg-info/SOURCES.txt'
[7.229s] reading manifest file '../../build/odom_builder/odom_builder.egg-info/SOURCES.txt'
[7.235s] writing manifest file '../../build/odom_builder/odom_builder.egg-info/SOURCES.txt'
[7.236s] running build
[7.237s] running build_py
[7.238s] creating /home/ubuntu/ros2_ws/build/odom_builder/build
[7.240s] creating /home/ubuntu/ros2_ws/build/odom_builder/build/lib
[7.242s] creating /home/ubuntu/ros2_ws/build/odom_builder/build/lib/odom_builder
[7.243s] copying odom_builder/__init__.py -> /home/ubuntu/ros2_ws/build/odom_builder/build/lib/odom_builder
[7.244s] copying odom_builder/odometry_pub.py -> /home/ubuntu/ros2_ws/build/odom_builder/build/lib/odom_builder
[7.247s] running install
[7.248s] running install_lib
[7.251s] creating /home/ubuntu/ros2_ws/install/odom_builder/lib/python3.8/site-packages/odom_builder
[7.252s] copying /home/ubuntu/ros2_ws/build/odom_builder/build/lib/odom_builder/__init__.py -> /home/ubuntu/ros2_ws/install/odom_builder/lib/python3.8/site-packages/odom_builder
[7.254s] copying /home/ubuntu/ros2_ws/build/odom_builder/build/lib/odom_builder/odometry_pub.py -> /home/ubuntu/ros2_ws/install/odom_builder/lib/python3.8/site-packages/odom_builder
[7.257s] byte-compiling /home/ubuntu/ros2_ws/install/odom_builder/lib/python3.8/site-packages/odom_builder/__init__.py to __init__.cpython-38.pyc
[7.259s] byte-compiling /home/ubuntu/ros2_ws/install/odom_builder/lib/python3.8/site-packages/odom_builder/odometry_pub.py to odometry_pub.cpython-38.pyc
[7.262s] running install_data
[7.265s] creating /home/ubuntu/ros2_ws/install/odom_builder/share/ament_index
[7.266s] creating /home/ubuntu/ros2_ws/install/odom_builder/share/ament_index/resource_index
[7.266s] creating /home/ubuntu/ros2_ws/install/odom_builder/share/ament_index/resource_index/packages
[7.267s] copying resource/odom_builder -> /home/ubuntu/ros2_ws/install/odom_builder/share/ament_index/resource_index/packages
[7.269s] copying package.xml -> /home/ubuntu/ros2_ws/install/odom_builder/share/odom_builder
[7.270s] running install_egg_info
[7.273s] Copying ../../build/odom_builder/odom_builder.egg-info to /home/ubuntu/ros2_ws/install/odom_builder/lib/python3.8/site-packages/odom_builder-0.0.0-py3.8.egg-info
[7.285s] running install_scripts
[7.374s] writing list of installed files to '/home/ubuntu/ros2_ws/build/odom_builder/install.log'
[7.622s] Invoked command in '/home/ubuntu/ros2_ws/src/odom_builder' returned '0': PYTHONPATH=/home/ubuntu/ros2_ws/install/odom_builder/lib/python3.8/site-packages:${PYTHONPATH} /usr/bin/python3 setup.py egg_info --egg-base ../../build/odom_builder build --build-base /home/ubuntu/ros2_ws/build/odom_builder/build install --prefix /home/ubuntu/ros2_ws/install/odom_builder --record /home/ubuntu/ros2_ws/build/odom_builder/install.log --single-version-externally-managed
