[5.397s] Invoking command in '/home/ubuntu/ros2_ws/src/odom_builder': PYTHONPATH=/home/ubuntu/ros2_ws/install/odom_builder/lib/python3.8/site-packages:${PYTHONPATH} /usr/bin/python3 setup.py egg_info --egg-base ../../build/odom_builder build --build-base /home/ubuntu/ros2_ws/build/odom_builder/build install --prefix /home/ubuntu/ros2_ws/install/odom_builder --record /home/ubuntu/ros2_ws/build/odom_builder/install.log --single-version-externally-managed
[6.528s] running egg_info
[6.532s] writing ../../build/odom_builder/odom_builder.egg-info/PKG-INFO
[6.536s] writing dependency_links to ../../build/odom_builder/odom_builder.egg-info/dependency_links.txt
[6.538s] writing entry points to ../../build/odom_builder/odom_builder.egg-info/entry_points.txt
[6.540s] writing requirements to ../../build/odom_builder/odom_builder.egg-info/requires.txt
[6.541s] writing top-level names to ../../build/odom_builder/odom_builder.egg-info/top_level.txt
[6.713s] reading manifest file '../../build/odom_builder/odom_builder.egg-info/SOURCES.txt'
[6.736s] writing manifest file '../../build/odom_builder/odom_builder.egg-info/SOURCES.txt'
[6.739s] running build
[6.741s] running build_py
[6.748s] copying odom_builder/odometry_pub.py -> /home/ubuntu/ros2_ws/build/odom_builder/build/lib/odom_builder
[6.751s] running install
[6.753s] running install_lib
[6.759s] copying /home/ubuntu/ros2_ws/build/odom_builder/build/lib/odom_builder/odometry_pub.py -> /home/ubuntu/ros2_ws/install/odom_builder/lib/python3.8/site-packages/odom_builder
[6.761s] byte-compiling /home/ubuntu/ros2_ws/install/odom_builder/lib/python3.8/site-packages/odom_builder/odometry_pub.py to odometry_pub.cpython-38.pyc
[6.765s] running install_data
[6.768s] running install_egg_info
[6.771s] removing '/home/ubuntu/ros2_ws/install/odom_builder/lib/python3.8/site-packages/odom_builder-0.0.0-py3.8.egg-info' (and everything under it)
[6.773s] Copying ../../build/odom_builder/odom_builder.egg-info to /home/ubuntu/ros2_ws/install/odom_builder/lib/python3.8/site-packages/odom_builder-0.0.0-py3.8.egg-info
[6.775s] running install_scripts
[6.859s] writing list of installed files to '/home/ubuntu/ros2_ws/build/odom_builder/install.log'
[7.053s] Invoked command in '/home/ubuntu/ros2_ws/src/odom_builder' returned '0': PYTHONPATH=/home/ubuntu/ros2_ws/install/odom_builder/lib/python3.8/site-packages:${PYTHONPATH} /usr/bin/python3 setup.py egg_info --egg-base ../../build/odom_builder build --build-base /home/ubuntu/ros2_ws/build/odom_builder/build install --prefix /home/ubuntu/ros2_ws/install/odom_builder --record /home/ubuntu/ros2_ws/build/odom_builder/install.log --single-version-externally-managed
