[1.966s] Invoking command in '/home/ubuntu/ros2_ws/src/build/sllidar_ros2': CMAKE_PREFIX_PATH=/opt/ros/foxy /usr/bin/cmake /home/ubuntu/ros2_ws/src/sllidar_ros2 -DCMAKE_INSTALL_PREFIX=/home/ubuntu/ros2_ws/src/install/sllidar_ros2
[2.303s] -- The C compiler identification is GNU 9.4.0
[2.628s] -- The CXX compiler identification is GNU 9.4.0
[2.651s] -- Check for working C compiler: /usr/bin/cc
[3.055s] -- Check for working C compiler: /usr/bin/cc -- works
[3.061s] -- Detecting C compiler ABI info
[3.495s] -- Detecting C compiler ABI info - done
[3.555s] -- Detecting C compile features
[3.558s] -- Detecting C compile features - done
[3.577s] -- Check for working CXX compiler: /usr/bin/c++
[4.248s] -- Check for working CXX compiler: /usr/bin/c++ -- works
[4.260s] -- Detecting CXX compiler ABI info
[4.889s] -- Detecting CXX compiler ABI info - done
[4.952s] -- Detecting CXX compile features
[4.956s] -- Detecting CXX compile features - done
[4.980s] -- Found ament_cmake: 0.9.9 (/opt/ros/foxy/share/ament_cmake/cmake)
[5.170s] -- Found PythonInterp: /usr/bin/python3 (found suitable version "3.8.10", minimum required is "3") 
[5.171s] -- Using PYTHON_EXECUTABLE: /usr/bin/python3
[6.634s] -- Found rclcpp: 2.4.1 (/opt/ros/foxy/share/rclcpp/cmake)
[7.147s] -- Using all available rosidl_typesupport_c: rosidl_typesupport_fastrtps_c;rosidl_typesupport_introspection_c
[7.207s] -- Found rosidl_adapter: 1.2.1 (/opt/ros/foxy/share/rosidl_adapter/cmake)
[7.934s] -- Found OpenSSL: /usr/lib/aarch64-linux-gnu/libcrypto.so (found version "1.1.1f")  
[8.179s] -- Found FastRTPS: /opt/ros/foxy/include  
[8.832s] -- Using all available rosidl_typesupport_cpp: rosidl_typesupport_fastrtps_cpp;rosidl_typesupport_introspection_cpp
[9.212s] -- Found rmw_implementation_cmake: 1.0.3 (/opt/ros/foxy/share/rmw_implementation_cmake/cmake)
[9.224s] -- Using RMW implementation 'rmw_fastrtps_cpp' as default
[9.235s] -- Looking for pthread.h
[9.657s] -- Looking for pthread.h - found
[9.659s] -- Performing Test CMAKE_HAVE_LIBC_PTHREAD
[10.030s] -- Performing Test CMAKE_HAVE_LIBC_PTHREAD - Failed
[10.031s] -- Looking for pthread_create in pthreads
[10.354s] -- Looking for pthread_create in pthreads - not found
[10.355s] -- Looking for pthread_create in pthread
[10.720s] -- Looking for pthread_create in pthread - found
[10.725s] -- Found Threads: TRUE  
[11.610s] -- Found sensor_msgs: 2.0.5 (/opt/ros/foxy/share/sensor_msgs/cmake)
[12.147s] -- Found std_srvs: 2.0.5 (/opt/ros/foxy/share/std_srvs/cmake)
[12.552s] -- Configuring done
[12.614s] -- Generating done
[12.622s] -- Build files have been written to: /home/ubuntu/ros2_ws/src/build/sllidar_ros2
[12.653s] Invoked command in '/home/ubuntu/ros2_ws/src/build/sllidar_ros2' returned '0': CMAKE_PREFIX_PATH=/opt/ros/foxy /usr/bin/cmake /home/ubuntu/ros2_ws/src/sllidar_ros2 -DCMAKE_INSTALL_PREFIX=/home/ubuntu/ros2_ws/src/install/sllidar_ros2
[12.662s] Invoking command in '/home/ubuntu/ros2_ws/src/build/sllidar_ros2': CMAKE_PREFIX_PATH=/opt/ros/foxy /usr/bin/cmake --build /home/ubuntu/ros2_ws/src/build/sllidar_ros2 -- -j4 -l4
[12.849s] [35m[1mScanning dependencies of target sllidar_node[0m
[12.851s] [35m[1mScanning dependencies of target sllidar_client[0m
[13.372s] [  7%] [32mBuilding CXX object CMakeFiles/sllidar_node.dir/sdk/src/arch/linux/net_serial.cpp.o[0m
[13.390s] [ 14%] [32mBuilding CXX object CMakeFiles/sllidar_client.dir/src/sllidar_client.cpp.o[0m
[13.409s] [ 21%] [32mBuilding CXX object CMakeFiles/sllidar_node.dir/src/sllidar_node.cpp.o[0m
[13.425s] [ 28%] [32mBuilding CXX object CMakeFiles/sllidar_node.dir/sdk/src/arch/linux/net_socket.cpp.o[0m
[13.962s] In file included from [01m[K/home/ubuntu/ros2_ws/src/sllidar_ros2/./sdk/src/sdkcommon.h:47[m[K,
[13.962s]                  from [01m[K/home/ubuntu/ros2_ws/src/sllidar_ros2/sdk/src/arch/linux/net_socket.cpp:10[m[K:
[13.963s] [01m[K/home/ubuntu/ros2_ws/src/sllidar_ros2/./sdk/src/hal/assert.h:1:1:[m[K [01;35m[Kwarning: [m[Knull character(s) ignored
[13.964s]     1 | [01;35m[K [m[K                                                                                                                                                                                                                                                                                                                        
[13.964s]       | [01;35m[K^[m[K
[15.525s] [01m[K/home/ubuntu/ros2_ws/src/sllidar_ros2/sdk/src/arch/linux/net_serial.cpp:[m[K In member function ‘[01m[Kbool rp::arch::net::raw_serial::open(const char*, uint32_t, uint32_t)[m[K’:
[15.526s] [01m[K/home/ubuntu/ros2_ws/src/sllidar_ros2/sdk/src/arch/linux/net_serial.cpp:97:74:[m[K [01;35m[Kwarning: [m[Kunused parameter ‘[01m[Kflags[m[K’ [[01;35m[K-Wunused-parameter[m[K]
[15.527s]    97 | bool raw_serial::open(const char * portname, uint32_t baudrate, [01;35m[Kuint32_t flags[m[K)
[15.529s]       |                                                                 [01;35m[K~~~~~~~~~^~~~~[m[K
[15.531s] [01m[K/home/ubuntu/ros2_ws/src/sllidar_ros2/sdk/src/arch/linux/net_serial.cpp:[m[K In member function ‘[01m[Kvirtual void rp::arch::net::raw_serial::flush(_u32)[m[K’:
[15.534s] [01m[K/home/ubuntu/ros2_ws/src/sllidar_ros2/sdk/src/arch/linux/net_serial.cpp:281:30:[m[K [01;35m[Kwarning: [m[Kunused parameter ‘[01m[Kflags[m[K’ [[01;35m[K-Wunused-parameter[m[K]
[15.536s]   281 | void raw_serial::flush( [01;35m[K_u32 flags[m[K)
[15.538s]       |                         [01;35m[K~~~~~^~~~~[m[K
[15.552s] [01m[K/home/ubuntu/ros2_ws/src/sllidar_ros2/sdk/src/arch/linux/net_serial.cpp:[m[K In member function ‘[01m[Kvirtual int rp::arch::net::raw_serial::waitforsent(_u32, size_t*)[m[K’:
[15.554s] [01m[K/home/ubuntu/ros2_ws/src/sllidar_ros2/sdk/src/arch/linux/net_serial.cpp:286:34:[m[K [01;35m[Kwarning: [m[Kunused parameter ‘[01m[Ktimeout[m[K’ [[01;35m[K-Wunused-parameter[m[K]
[15.556s]   286 | int raw_serial::waitforsent([01;35m[K_u32 timeout[m[K, size_t * returned_size)
[15.559s]       |                             [01;35m[K~~~~~^~~~~~~[m[K
[15.561s] [01m[K/home/ubuntu/ros2_ws/src/sllidar_ros2/sdk/src/arch/linux/net_serial.cpp:[m[K In member function ‘[01m[Kvirtual int rp::arch::net::raw_serial::waitforrecv(_u32, size_t*)[m[K’:
[15.563s] [01m[K/home/ubuntu/ros2_ws/src/sllidar_ros2/sdk/src/arch/linux/net_serial.cpp:292:34:[m[K [01;35m[Kwarning: [m[Kunused parameter ‘[01m[Ktimeout[m[K’ [[01;35m[K-Wunused-parameter[m[K]
[15.565s]   292 | int raw_serial::waitforrecv([01;35m[K_u32 timeout[m[K, size_t * returned_size)
[15.578s]       |                             [01;35m[K~~~~~^~~~~~~[m[K
[15.929s] In file included from [01m[K/home/ubuntu/ros2_ws/src/sllidar_ros2/./sdk/include/rplidar_protocol.h:36[m[K,
[15.930s]                  from [01m[K/home/ubuntu/ros2_ws/src/sllidar_ros2/./sdk/include/rplidar.h:39[m[K,
[15.931s]                  from [01m[K/home/ubuntu/ros2_ws/src/sllidar_ros2/./sdk/src/sdkcommon.h:49[m[K,
[15.931s]                  from [01m[K/home/ubuntu/ros2_ws/src/sllidar_ros2/sdk/src/arch/linux/net_socket.cpp:10[m[K:
[15.932s] [01m[K/home/ubuntu/ros2_ws/src/sllidar_ros2/./sdk/include/sl_lidar_protocol.h:58:16:[m[K [01;35m[Kwarning: [m[KISO C++ forbids zero-size array ‘[01m[Kdata[m[K’ [[01;35m[K-Wpedantic[m[K]
[15.933s]    58 |     sl_u8 data[[01;35m[K0[m[K];
[15.934s]       |                [01;35m[K^[m[K
[15.940s] In file included from [01m[K/home/ubuntu/ros2_ws/src/sllidar_ros2/./sdk/include/rplidar_cmd.h:36[m[K,
[15.942s]                  from [01m[K/home/ubuntu/ros2_ws/src/sllidar_ros2/./sdk/include/rplidar.h:40[m[K,
[15.949s]                  from [01m[K/home/ubuntu/ros2_ws/src/sllidar_ros2/./sdk/src/sdkcommon.h:49[m[K,
[15.955s]                  from [01m[K/home/ubuntu/ros2_ws/src/sllidar_ros2/sdk/src/arch/linux/net_socket.cpp:10[m[K:
[15.958s] [01m[K/home/ubuntu/ros2_ws/src/sllidar_ros2/./sdk/include/sl_lidar_cmd.h:295:20:[m[K [01;35m[Kwarning: [m[KISO C++ forbids zero-size array ‘[01m[Kpayload[m[K’ [[01;35m[K-Wpedantic[m[K]
[15.963s]   295 |     sl_u8  payload[[01;35m[K0[m[K];
[15.967s]       |                    [01;35m[K^[m[K
[16.253s] [01m[K/home/ubuntu/ros2_ws/src/sllidar_ros2/sdk/src/arch/linux/net_socket.cpp:[m[K In member function ‘[01m[Kvirtual u_result rp::net::SocketAddress::getAddressAsString(char*, size_t) const[m[K’:
[16.254s] [01m[K/home/ubuntu/ros2_ws/src/sllidar_ros2/sdk/src/arch/linux/net_socket.cpp:170:17:[m[K [01;35m[Kwarning: [m[Kordered comparison of pointer with integer zero [[01;35m[K-Wextra[m[K]
[16.255s]   170 |     return ans<=[01;35m[K0[m[K?RESULT_OPERATION_FAIL:RESULT_OK;
[16.256s]       |                 [01;35m[K^[m[K
[16.289s] [01m[K/home/ubuntu/ros2_ws/src/sllidar_ros2/sdk/src/arch/linux/net_socket.cpp:[m[K In member function ‘[01m[Kvirtual u_result rp::arch::net::StreamSocketImpl::send(const void*, size_t)[m[K’:
[16.290s] [01m[K/home/ubuntu/ros2_ws/src/sllidar_ros2/sdk/src/arch/linux/net_socket.cpp:438:17:[m[K [01;35m[Kwarning: [m[Kcomparison of integer expressions of different signedness: ‘[01m[Ksize_t[m[K’ {aka ‘[01m[Klong unsigned int[m[K’} and ‘[01m[Kint[m[K’ [[01;35m[K-Wsign-compare[m[K]
[16.291s]   438 |         if ([01;35m[Kans == (int)len[m[K) {
[16.293s]       |             [01;35m[K~~~~^~~~~~~~~~~[m[K
[16.314s] In file included from [01m[K/home/ubuntu/ros2_ws/src/sllidar_ros2/./sdk/src/arch/linux/arch_linux.h:42[m[K,
[16.315s]                  from [01m[K/home/ubuntu/ros2_ws/src/sllidar_ros2/./sdk/src/sdkcommon.h:41[m[K,
[16.316s]                  from [01m[K/home/ubuntu/ros2_ws/src/sllidar_ros2/sdk/src/arch/linux/net_socket.cpp:10[m[K:
[16.317s] [01m[K/home/ubuntu/ros2_ws/src/sllidar_ros2/sdk/src/arch/linux/net_socket.cpp:[m[K In member function ‘[01m[Kvirtual u_result rp::arch::net::DGramSocketImpl::sendTo(const rp::net::SocketAddress&, const void*, size_t)[m[K’:
[16.319s] [01m[K/home/ubuntu/ros2_ws/src/sllidar_ros2/sdk/src/arch/linux/net_socket.cpp:726:24:[m[K [01;35m[Kwarning: [m[Kcomparison of integer expressions of different signedness: ‘[01m[Ksize_t[m[K’ {aka ‘[01m[Klong unsigned int[m[K’} and ‘[01m[Kint[m[K’ [[01;35m[K-Wsign-compare[m[K]
[16.321s]   726 |             assert([01;35m[Kans == (int)len[m[K);
[16.324s]       |                    [01;35m[K~~~~^~~~~~~~~~~[m[K
[16.655s] [01m[K/home/ubuntu/ros2_ws/src/sllidar_ros2/sdk/src/arch/linux/net_socket.cpp:722:47:[m[K [01;35m[Kwarning: [m[Knonnull argument ‘[01m[Ktarget[m[K’ compared to NULL [[01;35m[K-Wnonnull-compare[m[K]
[16.656s]   722 |         const struct sockaddr* addr = &target [01;35m[K?[m[K reinterpret_cast<const struct sockaddr*>(target.getPlatformData()) : NULL;
[16.656s]       |                                               [01;35m[K^[m[K
[16.914s] [ 35%] [32mBuilding CXX object CMakeFiles/sllidar_node.dir/sdk/src/arch/linux/timer.cpp.o[0m
[17.957s] [ 42%] [32mBuilding CXX object CMakeFiles/sllidar_node.dir/sdk/src/hal/thread.cpp.o[0m
[18.362s] In file included from [01m[K/home/ubuntu/ros2_ws/src/sllidar_ros2/./sdk/src/sdkcommon.h:47[m[K,
[18.363s]                  from [01m[K/home/ubuntu/ros2_ws/src/sllidar_ros2/sdk/src/hal/thread.cpp:35[m[K:
[18.364s] [01m[K/home/ubuntu/ros2_ws/src/sllidar_ros2/./sdk/src/hal/assert.h:1:1:[m[K [01;35m[Kwarning: [m[Knull character(s) ignored
[18.364s]     1 | [01;35m[K [m[K                                                                                                                                                                                                                                                                                                                        
[18.365s]       | [01;35m[K^[m[K
[19.718s] [ 50%] [32mBuilding CXX object CMakeFiles/sllidar_node.dir/sdk/src/rplidar_driver.cpp.o[0m
[20.239s] In file included from [01m[K/home/ubuntu/ros2_ws/src/sllidar_ros2/./sdk/include/rplidar_protocol.h:36[m[K,
[20.240s]                  from [01m[K/home/ubuntu/ros2_ws/src/sllidar_ros2/./sdk/include/rplidar.h:39[m[K,
[20.241s]                  from [01m[K/home/ubuntu/ros2_ws/src/sllidar_ros2/./sdk/src/sdkcommon.h:49[m[K,
[20.242s]                  from [01m[K/home/ubuntu/ros2_ws/src/sllidar_ros2/sdk/src/hal/thread.cpp:35[m[K:
[20.243s] [01m[K/home/ubuntu/ros2_ws/src/sllidar_ros2/./sdk/include/sl_lidar_protocol.h:58:16:[m[K [01;35m[Kwarning: [m[KISO C++ forbids zero-size array ‘[01m[Kdata[m[K’ [[01;35m[K-Wpedantic[m[K]
[20.244s]    58 |     sl_u8 data[[01;35m[K0[m[K];
[20.245s]       |                [01;35m[K^[m[K
[20.246s] In file included from [01m[K/home/ubuntu/ros2_ws/src/sllidar_ros2/./sdk/include/rplidar_cmd.h:36[m[K,
[20.246s]                  from [01m[K/home/ubuntu/ros2_ws/src/sllidar_ros2/./sdk/include/rplidar.h:40[m[K,
[20.247s]                  from [01m[K/home/ubuntu/ros2_ws/src/sllidar_ros2/./sdk/src/sdkcommon.h:49[m[K,
[20.248s]                  from [01m[K/home/ubuntu/ros2_ws/src/sllidar_ros2/sdk/src/hal/thread.cpp:35[m[K:
[20.248s] [01m[K/home/ubuntu/ros2_ws/src/sllidar_ros2/./sdk/include/sl_lidar_cmd.h:295:20:[m[K [01;35m[Kwarning: [m[KISO C++ forbids zero-size array ‘[01m[Kpayload[m[K’ [[01;35m[K-Wpedantic[m[K]
[20.249s]   295 |     sl_u8  payload[[01;35m[K0[m[K];
[20.262s]       |                    [01;35m[K^[m[K
[20.277s] In file included from [01m[K/home/ubuntu/ros2_ws/src/sllidar_ros2/sdk/src/sdkcommon.h:47[m[K,
[20.278s]                  from [01m[K/home/ubuntu/ros2_ws/src/sllidar_ros2/sdk/src/rplidar_driver.cpp:33[m[K:
[20.279s] [01m[K/home/ubuntu/ros2_ws/src/sllidar_ros2/sdk/src/hal/assert.h:1:1:[m[K [01;35m[Kwarning: [m[Knull character(s) ignored
[20.280s]     1 | [01;35m[K [m[K                                                                                                                                                                                                                                                                                                                        
[20.280s]       | [01;35m[K^[m[K
[20.313s] In file included from [01m[K/home/ubuntu/ros2_ws/src/sllidar_ros2/sdk/src/rplidar_driver.cpp:37[m[K:
[20.314s] [01m[K/home/ubuntu/ros2_ws/src/sllidar_ros2/sdk/src/hal/assert.h:1:1:[m[K [01;35m[Kwarning: [m[Knull character(s) ignored
[20.315s]     1 | [01;35m[K [m[K                                                                                                                                                                                                                                                                                                                        
[20.316s]       | [01;35m[K^[m[K
[20.619s] In file included from [01m[K/home/ubuntu/ros2_ws/src/sllidar_ros2/sdk/src/hal/thread.cpp:43[m[K:
[20.621s] [01m[K/home/ubuntu/ros2_ws/src/sllidar_ros2/./sdk/src/arch/linux/thread.hpp:[m[K In static member function ‘[01m[Kstatic rp::hal::Thread rp::hal::Thread::create(thread_proc_t, void*)[m[K’:
[20.623s] [01m[K/home/ubuntu/ros2_ws/src/sllidar_ros2/./sdk/src/arch/linux/thread.hpp:48:77:[m[K [01;35m[Kwarning: [m[Kcast between incompatible function types from ‘[01m[Kthread_proc_t[m[K’ {aka ‘[01m[Klong unsigned int (*)(void*)[m[K’} to ‘[01m[Kvoid* (*)(void*)[m[K’ [[01;35m[K-Wcast-function-type[m[K]
[20.625s]    48 |     pthread_create((pthread_t *)&newborn._handle, NULL, (void * (*)(void *))[01;35m[Kproc[m[K, data);
[20.627s]       |                                                                             [01;35m[K^~~~[m[K
[20.633s] [01m[K/home/ubuntu/ros2_ws/src/sllidar_ros2/./sdk/src/arch/linux/thread.hpp:[m[K In member function ‘[01m[Ku_result rp::hal::Thread::join(long unsigned int)[m[K’:
[20.635s] [01m[K/home/ubuntu/ros2_ws/src/sllidar_ros2/./sdk/src/arch/linux/thread.hpp:129:37:[m[K [01;35m[Kwarning: [m[Kunused parameter ‘[01m[Ktimeout[m[K’ [[01;35m[K-Wunused-parameter[m[K]
[20.638s]   129 | u_result Thread::join([01;35m[Kunsigned long timeout[m[K)
[20.641s]       |                       [01;35m[K~~~~~~~~~~~~~~^~~~~~~[m[K
[21.076s] [ 57%] [32mBuilding CXX object CMakeFiles/sllidar_node.dir/sdk/src/sl_crc.cpp.o[0m
[21.151s] In file included from [01m[K/home/ubuntu/ros2_ws/src/sllidar_ros2/./sdk/include/sl_lidar_cmd.h:36[m[K,
[21.154s]                  from [01m[K/home/ubuntu/ros2_ws/src/sllidar_ros2/./sdk/include/sl_crc.h:36[m[K,
[21.156s]                  from [01m[K/home/ubuntu/ros2_ws/src/sllidar_ros2/sdk/src/sl_crc.cpp:33[m[K:
[21.158s] [01m[K/home/ubuntu/ros2_ws/src/sllidar_ros2/./sdk/include/sl_lidar_protocol.h:58:16:[m[K [01;35m[Kwarning: [m[KISO C++ forbids zero-size array ‘[01m[Kdata[m[K’ [[01;35m[K-Wpedantic[m[K]
[21.160s]    58 |     sl_u8 data[[01;35m[K0[m[K];
[21.164s]       |                [01;35m[K^[m[K
[21.172s] In file included from [01m[K/home/ubuntu/ros2_ws/src/sllidar_ros2/./sdk/include/sl_crc.h:36[m[K,
[21.173s]                  from [01m[K/home/ubuntu/ros2_ws/src/sllidar_ros2/sdk/src/sl_crc.cpp:33[m[K:
[21.174s] [01m[K/home/ubuntu/ros2_ws/src/sllidar_ros2/./sdk/include/sl_lidar_cmd.h:295:20:[m[K [01;35m[Kwarning: [m[KISO C++ forbids zero-size array ‘[01m[Kpayload[m[K’ [[01;35m[K-Wpedantic[m[K]
[21.176s]   295 |     sl_u8  payload[[01;35m[K0[m[K];
[21.179s]       |                    [01;35m[K^[m[K
[21.184s] [01m[K/home/ubuntu/ros2_ws/src/sllidar_ros2/sdk/src/sl_crc.cpp:[m[K In function ‘[01m[Ksl_u32 sl::crc32::cal(sl_u32, void*, sl_u16)[m[K’:
[21.199s] [01m[K/home/ubuntu/ros2_ws/src/sllidar_ros2/sdk/src/sl_crc.cpp:77:29:[m[K [01;35m[Kwarning: [m[Ksuggest parentheses around ‘[01m[K-[m[K’ in operand of ‘[01m[K&[m[K’ [[01;35m[K-Wparentheses[m[K]
[21.201s]    77 |         sl_u8 leftBytes = [01;35m[K4 - len[m[K & 0x3;
[21.206s]       |                           [01;35m[K~~^~~~~[m[K
[21.419s] [ 64%] [32mBuilding CXX object CMakeFiles/sllidar_node.dir/sdk/src/sl_lidar_driver.cpp.o[0m
[21.967s] In file included from [01m[K/home/ubuntu/ros2_ws/src/sllidar_ros2/sdk/src/sdkcommon.h:47[m[K,
[21.968s]                  from [01m[K/home/ubuntu/ros2_ws/src/sllidar_ros2/sdk/src/sl_lidar_driver.cpp:33[m[K:
[21.969s] [01m[K/home/ubuntu/ros2_ws/src/sllidar_ros2/sdk/src/hal/assert.h:1:1:[m[K [01;35m[Kwarning: [m[Knull character(s) ignored
[21.970s]     1 | [01;35m[K [m[K                                                                                                                                                                                                                                                                                                                        
[21.971s]       | [01;35m[K^[m[K
[21.999s] In file included from [01m[K/home/ubuntu/ros2_ws/src/sllidar_ros2/sdk/src/sl_lidar_driver.cpp:37[m[K:
[22.000s] [01m[K/home/ubuntu/ros2_ws/src/sllidar_ros2/sdk/src/hal/assert.h:1:1:[m[K [01;35m[Kwarning: [m[Knull character(s) ignored
[22.001s]     1 | [01;35m[K [m[K                                                                                                                                                                                                                                                                                                                        
[22.002s]       | [01;35m[K^[m[K
[22.174s] In file included from [01m[K/home/ubuntu/ros2_ws/src/sllidar_ros2/./sdk/include/rplidar_protocol.h:36[m[K,
[22.175s]                  from [01m[K/home/ubuntu/ros2_ws/src/sllidar_ros2/./sdk/include/rplidar.h:39[m[K,
[22.175s]                  from [01m[K/home/ubuntu/ros2_ws/src/sllidar_ros2/sdk/src/sdkcommon.h:49[m[K,
[22.176s]                  from [01m[K/home/ubuntu/ros2_ws/src/sllidar_ros2/sdk/src/rplidar_driver.cpp:33[m[K:
[22.177s] [01m[K/home/ubuntu/ros2_ws/src/sllidar_ros2/./sdk/include/sl_lidar_protocol.h:58:16:[m[K [01;35m[Kwarning: [m[KISO C++ forbids zero-size array ‘[01m[Kdata[m[K’ [[01;35m[K-Wpedantic[m[K]
[22.182s]    58 |     sl_u8 data[[01;35m[K0[m[K];
[22.185s]       |                [01;35m[K^[m[K
[22.187s] In file included from [01m[K/home/ubuntu/ros2_ws/src/sllidar_ros2/./sdk/include/rplidar_cmd.h:36[m[K,
[22.199s]                  from [01m[K/home/ubuntu/ros2_ws/src/sllidar_ros2/./sdk/include/rplidar.h:40[m[K,
[22.201s]                  from [01m[K/home/ubuntu/ros2_ws/src/sllidar_ros2/sdk/src/sdkcommon.h:49[m[K,
[22.203s]                  from [01m[K/home/ubuntu/ros2_ws/src/sllidar_ros2/sdk/src/rplidar_driver.cpp:33[m[K:
[22.206s] [01m[K/home/ubuntu/ros2_ws/src/sllidar_ros2/./sdk/include/sl_lidar_cmd.h:295:20:[m[K [01;35m[Kwarning: [m[KISO C++ forbids zero-size array ‘[01m[Kpayload[m[K’ [[01;35m[K-Wpedantic[m[K]
[22.208s]   295 |     sl_u8  payload[[01;35m[K0[m[K];
[22.210s]       |                    [01;35m[K^[m[K
[22.762s] [01m[K/home/ubuntu/ros2_ws/src/sllidar_ros2/sdk/src/rplidar_driver.cpp:[m[K In member function ‘[01m[Ku_result rp::standalone::rplidar::RPlidarDriver::connect(const char*, _u32, _u32)[m[K’:
[22.763s] [01m[K/home/ubuntu/ros2_ws/src/sllidar_ros2/sdk/src/rplidar_driver.cpp:67:77:[m[K [01;35m[Kwarning: [m[Kunused parameter ‘[01m[Kflag[m[K’ [[01;35m[K-Wunused-parameter[m[K]
[22.764s]    67 |     u_result RPlidarDriver::connect(const char *path, _u32 portOrBaud, [01;35m[K_u32 flag[m[K)
[22.765s]       |                                                                        [01;35m[K~~~~~^~~~[m[K
[22.766s] [01m[K/home/ubuntu/ros2_ws/src/sllidar_ros2/sdk/src/rplidar_driver.cpp:[m[K In member function ‘[01m[Ku_result rp::standalone::rplidar::RPlidarDriver::reset(_u32)[m[K’:
[22.767s] [01m[K/home/ubuntu/ros2_ws/src/sllidar_ros2/sdk/src/rplidar_driver.cpp:101:40:[m[K [01;35m[Kwarning: [m[Kunused parameter ‘[01m[Ktimeout[m[K’ [[01;35m[K-Wunused-parameter[m[K]
[22.770s]   101 |     u_result RPlidarDriver::reset([01;35m[K_u32 timeout[m[K)
[22.771s]       |                                   [01;35m[K~~~~~^~~~~~~[m[K
[22.780s] [01m[K/home/ubuntu/ros2_ws/src/sllidar_ros2/sdk/src/rplidar_driver.cpp:[m[K In member function ‘[01m[Ku_result rp::standalone::rplidar::RPlidarDriver::getScanDataWithInterval(rplidar_response_measurement_node_t*, size_t&)[m[K’:
[22.782s] [01m[K/home/ubuntu/ros2_ws/src/sllidar_ros2/sdk/src/rplidar_driver.cpp:175:91:[m[K [01;35m[Kwarning: [m[Kunused parameter ‘[01m[Knodebuffer[m[K’ [[01;35m[K-Wunused-parameter[m[K]
[22.784s]   175 |     u_result RPlidarDriver::getScanDataWithInterval([01;35m[Krplidar_response_measurement_node_t * nodebuffer[m[K, size_t & count)
[22.786s]       |                                                     [01;35m[K~~~~~~~~~~~~~~~~~~~~~~~~~~~~~~~~~~~~~~^~~~~~~~~~[m[K
[22.803s] [01m[K/home/ubuntu/ros2_ws/src/sllidar_ros2/sdk/src/rplidar_driver.cpp:175:112:[m[K [01;35m[Kwarning: [m[Kunused parameter ‘[01m[Kcount[m[K’ [[01;35m[K-Wunused-parameter[m[K]
[22.805s]   175 |     u_result RPlidarDriver::getScanDataWithInterval(rplidar_response_measurement_node_t * nodebuffer, [01;35m[Ksize_t & count[m[K)
[22.807s]       |                                                                                                       [01;35m[K~~~~~~~~~^~~~~[m[K
[23.498s] [ 71%] [32mBuilding CXX object CMakeFiles/sllidar_node.dir/sdk/src/sl_serial_channel.cpp.o[0m
[23.623s] [01m[K/home/ubuntu/ros2_ws/src/sllidar_ros2/sdk/src/sl_serial_channel.cpp:33:9:[m[K [01;35m[Kwarning: [m[K#pragma once in main file
[23.624s]    33 | #pragma [01;35m[Konce[m[K
[23.625s]       |         [01;35m[K^~~~[m[K
[23.765s] In file included from [01m[K/home/ubuntu/ros2_ws/src/sllidar_ros2/./sdk/include/rplidar_protocol.h:36[m[K,
[23.766s]                  from [01m[K/home/ubuntu/ros2_ws/src/sllidar_ros2/./sdk/include/rplidar.h:39[m[K,
[23.766s]                  from [01m[K/home/ubuntu/ros2_ws/src/sllidar_ros2/sdk/src/sdkcommon.h:49[m[K,
[23.768s]                  from [01m[K/home/ubuntu/ros2_ws/src/sllidar_ros2/sdk/src/sl_lidar_driver.cpp:33[m[K:
[23.769s] [01m[K/home/ubuntu/ros2_ws/src/sllidar_ros2/./sdk/include/sl_lidar_protocol.h:58:16:[m[K [01;35m[Kwarning: [m[KISO C++ forbids zero-size array ‘[01m[Kdata[m[K’ [[01;35m[K-Wpedantic[m[K]
[23.770s]    58 |     sl_u8 data[[01;35m[K0[m[K];
[23.770s]       |                [01;35m[K^[m[K
[23.771s] In file included from [01m[K/home/ubuntu/ros2_ws/src/sllidar_ros2/./sdk/include/rplidar_cmd.h:36[m[K,
[23.772s]                  from [01m[K/home/ubuntu/ros2_ws/src/sllidar_ros2/./sdk/include/rplidar.h:40[m[K,
[23.773s]                  from [01m[K/home/ubuntu/ros2_ws/src/sllidar_ros2/sdk/src/sdkcommon.h:49[m[K,
[23.773s]                  from [01m[K/home/ubuntu/ros2_ws/src/sllidar_ros2/sdk/src/sl_lidar_driver.cpp:33[m[K:
[23.777s] [01m[K/home/ubuntu/ros2_ws/src/sllidar_ros2/./sdk/include/sl_lidar_cmd.h:295:20:[m[K [01;35m[Kwarning: [m[KISO C++ forbids zero-size array ‘[01m[Kpayload[m[K’ [[01;35m[K-Wpedantic[m[K]
[23.779s]   295 |     sl_u8  payload[[01;35m[K0[m[K];
[23.791s]       |                    [01;35m[K^[m[K
[24.071s] In file included from [01m[K/home/ubuntu/ros2_ws/src/sllidar_ros2/./sdk/include/sl_lidar_cmd.h:36[m[K,
[24.072s]                  from [01m[K/home/ubuntu/ros2_ws/src/sllidar_ros2/./sdk/include/sl_lidar_driver.h:54[m[K,
[24.073s]                  from [01m[K/home/ubuntu/ros2_ws/src/sllidar_ros2/./sdk/include/sl_lidar.h:36[m[K,
[24.075s]                  from [01m[K/home/ubuntu/ros2_ws/src/sllidar_ros2/src/sllidar_node.cpp:38[m[K:
[24.079s] [01m[K/home/ubuntu/ros2_ws/src/sllidar_ros2/./sdk/include/sl_lidar_protocol.h:58:16:[m[K [01;35m[Kwarning: [m[KISO C++ forbids zero-size array ‘[01m[Kdata[m[K’ [[01;35m[K-Wpedantic[m[K]
[24.081s]    58 |     sl_u8 data[[01;35m[K0[m[K];
[24.083s]       |                [01;35m[K^[m[K
[24.091s] In file included from [01m[K/home/ubuntu/ros2_ws/src/sllidar_ros2/./sdk/include/sl_lidar_driver.h:54[m[K,
[24.093s]                  from [01m[K/home/ubuntu/ros2_ws/src/sllidar_ros2/./sdk/include/sl_lidar.h:36[m[K,
[24.095s]                  from [01m[K/home/ubuntu/ros2_ws/src/sllidar_ros2/src/sllidar_node.cpp:38[m[K:
[24.107s] [01m[K/home/ubuntu/ros2_ws/src/sllidar_ros2/./sdk/include/sl_lidar_cmd.h:295:20:[m[K [01;35m[Kwarning: [m[KISO C++ forbids zero-size array ‘[01m[Kpayload[m[K’ [[01;35m[K-Wpedantic[m[K]
[24.109s]   295 |     sl_u8  payload[[01;35m[K0[m[K];
[24.112s]       |                    [01;35m[K^[m[K
[24.349s] [01m[K/home/ubuntu/ros2_ws/src/sllidar_ros2/sdk/src/sl_lidar_driver.cpp:[m[K In member function ‘[01m[Kvirtual sl_result sl::SlamtecLidarDriver::reset(sl_u32)[m[K’:
[24.353s] [01m[K/home/ubuntu/ros2_ws/src/sllidar_ros2/sdk/src/sl_lidar_driver.cpp:273:32:[m[K [01;35m[Kwarning: [m[Kunused parameter ‘[01m[KtimeoutInMs[m[K’ [[01;35m[K-Wunused-parameter[m[K]
[24.354s]   273 |         sl_result reset([01;35m[Ksl_u32 timeoutInMs = DEFAULT_TIMEOUT[m[K)
[24.360s]       |                         [01;35m[K~~~~~~~^~~~~~~~~~~~~~~~~~~~~~~~~~~~~[m[K
[24.379s] [01m[K/home/ubuntu/ros2_ws/src/sllidar_ros2/sdk/src/sl_lidar_driver.cpp:[m[K In member function ‘[01m[Kvirtual sl_result sl::SlamtecLidarDriver::getAllSupportedScanModes(std::vector<sl::LidarScanMode>&, sl_u32)[m[K’:
[24.380s] [01m[K/home/ubuntu/ros2_ws/src/sllidar_ros2/sdk/src/sl_lidar_driver.cpp:286:89:[m[K [01;35m[Kwarning: [m[Kunused parameter ‘[01m[KtimeoutInMs[m[K’ [[01;35m[K-Wunused-parameter[m[K]
[24.382s]   286 |         sl_result getAllSupportedScanModes(std::vector<LidarScanMode>& outModes, [01;35m[Ksl_u32 timeoutInMs = DEFAULT_TIMEOUT[m[K)
[24.384s]       |                                                                                  [01;35m[K~~~~~~~^~~~~~~~~~~~~~~~~~~~~~~~~~~~~[m[K
[24.392s] [01m[K/home/ubuntu/ros2_ws/src/sllidar_ros2/sdk/src/sl_lidar_driver.cpp:[m[K In member function ‘[01m[Kvirtual sl_result sl::SlamtecLidarDriver::startScan(bool, bool, sl_u32, sl::LidarScanMode*)[m[K’:
[24.394s] [01m[K/home/ubuntu/ros2_ws/src/sllidar_ros2/sdk/src/sl_lidar_driver.cpp:347:69:[m[K [01;35m[Kwarning: [m[Kunused parameter ‘[01m[Koptions[m[K’ [[01;35m[K-Wunused-parameter[m[K]
[24.395s]   347 |         sl_result startScan(bool force, bool useTypicalScan, [01;35m[Ksl_u32 options = 0[m[K, LidarScanMode* outUsedScanMode = nullptr)
[24.397s]       |                                                              [01;35m[K~~~~~~~^~~~~~~~~~~[m[K
[24.414s] [01m[K/home/ubuntu/ros2_ws/src/sllidar_ros2/sdk/src/sl_lidar_driver.cpp:[m[K In member function ‘[01m[Kvirtual sl_result sl::SlamtecLidarDriver::stop(sl_u32)[m[K’:
[24.416s] [01m[K/home/ubuntu/ros2_ws/src/sllidar_ros2/sdk/src/sl_lidar_driver.cpp:534:31:[m[K [01;35m[Kwarning: [m[Kunused parameter ‘[01m[Ktimeout[m[K’ [[01;35m[K-Wunused-parameter[m[K]
[24.418s]   534 |         sl_result stop([01;35m[Ksl_u32 timeout = DEFAULT_TIMEOUT[m[K)
[24.420s]       |                        [01;35m[K~~~~~~~^~~~~~~~~~~~~~~~~~~~~~~~~[m[K
[24.427s] [01m[K/home/ubuntu/ros2_ws/src/sllidar_ros2/sdk/src/sl_lidar_driver.cpp:[m[K In member function ‘[01m[Kvirtual sl_result sl::SlamtecLidarDriver::getDeviceInfo(sl_lidar_response_device_info_t&, sl_u32)[m[K’:
[24.431s] [01m[K/home/ubuntu/ros2_ws/src/sllidar_ros2/sdk/src/sl_lidar_driver.cpp:579:79:[m[K [01;35m[Kwarning: [m[Kunused parameter ‘[01m[Ktimeout[m[K’ [[01;35m[K-Wunused-parameter[m[K]
[24.433s]   579 |         sl_result getDeviceInfo(sl_lidar_response_device_info_t& info, [01;35m[Ksl_u32 timeout = DEFAULT_TIMEOUT[m[K)
[24.436s]       |                                                                        [01;35m[K~~~~~~~^~~~~~~~~~~~~~~~~~~~~~~~~[m[K
[24.443s] [01m[K/home/ubuntu/ros2_ws/src/sllidar_ros2/sdk/src/sl_lidar_driver.cpp:[m[K In member function ‘[01m[Kvirtual sl_result sl::SlamtecLidarDriver::checkMotorCtrlSupport(sl::MotorCtrlSupport&, sl_u32)[m[K’:
[24.446s] [01m[K/home/ubuntu/ros2_ws/src/sllidar_ros2/sdk/src/sl_lidar_driver.cpp:592:76:[m[K [01;35m[Kwarning: [m[Kunused parameter ‘[01m[Ktimeout[m[K’ [[01;35m[K-Wunused-parameter[m[K]
[24.448s]   592 |         sl_result checkMotorCtrlSupport(MotorCtrlSupport & support, [01;35m[Ksl_u32 timeout = DEFAULT_TIMEOUT[m[K)
[24.451s]       |                                                                     [01;35m[K~~~~~~~^~~~~~~~~~~~~~~~~~~~~~~~~[m[K
[24.455s] [01m[K/home/ubuntu/ros2_ws/src/sllidar_ros2/sdk/src/sl_lidar_driver.cpp:[m[K In member function ‘[01m[Kvirtual sl_result sl::SlamtecLidarDriver::getFrequency(const sl::LidarScanMode&, const sl_lidar_response_measurement_node_hq_t*, size_t, float&)[m[K’:
[24.465s] [01m[K/home/ubuntu/ros2_ws/src/sllidar_ros2/sdk/src/sl_lidar_driver.cpp:627:110:[m[K [01;35m[Kwarning: [m[Kunused parameter ‘[01m[Knodes[m[K’ [[01;35m[K-Wunused-parameter[m[K]
[24.482s]   627 |         sl_result getFrequency(const LidarScanMode& scanMode, [01;35m[Kconst sl_lidar_response_measurement_node_hq_t* nodes[m[K, size_t count, float& frequency)
[24.485s]       |                                                               [01;35m[K~~~~~~~~~~~~~~~~~~~~~~~~~~~~~~~~~~~~~~~~~~~~~~~^~~~~[m[K
[24.487s] [01m[K/home/ubuntu/ros2_ws/src/sllidar_ros2/sdk/src/sl_lidar_driver.cpp:[m[K In member function ‘[01m[Kvirtual sl_result sl::SlamtecLidarDriver::getHealth(sl_lidar_response_device_health_t&, sl_u32)[m[K’:
[24.489s] [01m[K/home/ubuntu/ros2_ws/src/sllidar_ros2/sdk/src/sl_lidar_driver.cpp:640:79:[m[K [01;35m[Kwarning: [m[Kunused parameter ‘[01m[Ktimeout[m[K’ [[01;35m[K-Wunused-parameter[m[K]
[24.491s]   640 |         sl_result getHealth(sl_lidar_response_device_health_t& health, [01;35m[Ksl_u32 timeout = DEFAULT_TIMEOUT[m[K)
[24.499s]       |                                                                        [01;35m[K~~~~~~~^~~~~~~~~~~~~~~~~~~~~~~~~[m[K
[24.501s] [01m[K/home/ubuntu/ros2_ws/src/sllidar_ros2/sdk/src/sl_lidar_driver.cpp:[m[K In member function ‘[01m[Kvirtual sl_result sl::SlamtecLidarDriver::getMotorInfo(sl::LidarMotorInfo&, sl_u32)[m[K’:
[24.511s] [01m[K/home/ubuntu/ros2_ws/src/sllidar_ros2/sdk/src/sl_lidar_driver.cpp:730:66:[m[K [01;35m[Kwarning: [m[Kunused parameter ‘[01m[KtimeoutInMs[m[K’ [[01;35m[K-Wunused-parameter[m[K]
[24.513s]   730 |         sl_result getMotorInfo(LidarMotorInfo &motorInfo, [01;35m[Ksl_u32 timeoutInMs[m[K)
[24.515s]       |                                                           [01;35m[K~~~~~~~^~~~~~~~~~~[m[K
[24.550s] [01m[K/home/ubuntu/ros2_ws/src/sllidar_ros2/sdk/src/sl_lidar_driver.cpp:[m[K In member function ‘[01m[Ksl_result sl::SlamtecLidarDriver::_sendCommand(sl_u16, const void*, size_t)[m[K’:
[24.551s] [01m[K/home/ubuntu/ros2_ws/src/sllidar_ros2/sdk/src/sl_lidar_driver.cpp:1089:35:[m[K [01;35m[Kwarning: [m[Kcomparison of integer expressions of different signedness: ‘[01m[Kint[m[K’ and ‘[01m[Kstd::vector<unsigned char>::size_type[m[K’ {aka ‘[01m[Klong unsigned int[m[K’} [[01;35m[K-Wsign-compare[m[K]
[24.552s]  1089 |             for (int pos = 0; [01;35m[Kpos < cmd_packet.size()[m[K; pos++) {
[24.553s]       |                               [01;35m[K~~~~^~~~~~~~~~~~~~~~~~~[m[K
[24.556s] [01m[K/home/ubuntu/ros2_ws/src/sllidar_ros2/sdk/src/sl_lidar_driver.cpp:1058:19:[m[K [01;35m[Kwarning: [m[Kunused variable ‘[01m[Kpkt_header[m[K’ [[01;35m[K-Wunused-variable[m[K]
[24.561s]  1058 |             sl_u8 [01;35m[Kpkt_header[m[K[10];
[24.566s]       |                   [01;35m[K^~~~~~~~~~[m[K
[24.587s] [01m[K/home/ubuntu/ros2_ws/src/sllidar_ros2/sdk/src/sl_lidar_driver.cpp:[m[K In member function ‘[01m[Kvoid sl::SlamtecLidarDriver::_ultraCapsuleToNormal(const sl_lidar_response_ultra_capsule_measurement_nodes_t&, sl_lidar_response_measurement_node_hq_t*, size_t&)[m[K’:
[24.589s] [01m[K/home/ubuntu/ros2_ws/src/sllidar_ros2/sdk/src/sl_lidar_driver.cpp:1370:40:[m[K [01;35m[Kwarning: [m[Kcomparison of integer expressions of different signedness: ‘[01m[Kint[m[K’ and ‘[01m[Kunsigned int[m[K’ [[01;35m[K-Wsign-compare[m[K]
[24.590s]  1370 |                     if (([01;35m[Kdist_predict1 == 0xFFFFFE00[m[K) || (dist_predict1 == 0x1FF)) {
[24.592s]       |                          [01;35m[K~~~~~~~~~~~~~~^~~~~~~~~~~~~[m[K
[24.595s] [01m[K/home/ubuntu/ros2_ws/src/sllidar_ros2/sdk/src/sl_lidar_driver.cpp:1379:40:[m[K [01;35m[Kwarning: [m[Kcomparison of integer expressions of different signedness: ‘[01m[Kint[m[K’ and ‘[01m[Kunsigned int[m[K’ [[01;35m[K-Wsign-compare[m[K]
[24.598s]  1379 |                     if (([01;35m[Kdist_predict2 == 0xFFFFFE00[m[K) || (dist_predict2 == 0x1FF)) {
[24.600s]       |                          [01;35m[K~~~~~~~~~~~~~~^~~~~~~~~~~~~[m[K
[24.619s] [01m[K/home/ubuntu/ros2_ws/src/sllidar_ros2/sdk/src/sl_lidar_driver.cpp:[m[K In member function ‘[01m[Kvoid sl::SlamtecLidarDriver::_dense_capsuleToNormal(const sl_lidar_response_capsule_measurement_nodes_t&, sl_lidar_response_measurement_node_hq_t*, size_t&)[m[K’:
[24.621s] [01m[K/home/ubuntu/ros2_ws/src/sllidar_ros2/sdk/src/sl_lidar_driver.cpp:1577:116:[m[K [01;35m[Kwarning: [m[Ktype qualifiers ignored on cast result type [[01;35m[K-Wignored-qualifiers[m[K]
[24.623s]  1577 |                     const int dist = static_cast<const int>(_cached_previous_dense_capsuledata.cabins[pos].distance[01;35m[K)[m[K;
[24.624s]       |                                                                                                                    [01;35m[K^[m[K
[25.122s] [01m[K/home/ubuntu/ros2_ws/src/sllidar_ros2/sdk/src/sl_lidar_driver.cpp:[m[K At global scope:
[25.124s] [01m[K/home/ubuntu/ros2_ws/src/sllidar_ros2/sdk/src/sl_lidar_driver.cpp:72:17:[m[K [01;35m[Kwarning: [m[K‘[01m[Kvoid sl::convert(const sl_lidar_response_measurement_node_hq_t&, sl_lidar_response_measurement_node_t&)[m[K’ defined but not used [[01;35m[K-Wunused-function[m[K]
[25.125s]    72 |     static void [01;35m[Kconvert[m[K(const sl_lidar_response_measurement_node_hq_t& from, sl_lidar_response_measurement_node_t& to)
[25.127s]       |                 [01;35m[K^~~~~~~[m[K
[25.134s] [01m[K/home/ubuntu/ros2_ws/src/sllidar_ros2/sdk/src/sl_lidar_driver.cpp:59:17:[m[K [01;35m[Kwarning: [m[K‘[01m[Kvoid sl::printDeprecationWarn(const char*, const char*)[m[K’ defined but not used [[01;35m[K-Wunused-function[m[K]
[25.136s]    59 |     static void [01;35m[KprintDeprecationWarn[m[K(const char* fn, const char* replacement)
[25.139s]       |                 [01;35m[K^~~~~~~~~~~~~~~~~~~~[m[K
[25.195s] In file included from [01m[K/home/ubuntu/ros2_ws/src/sllidar_ros2/./sdk/include/sl_lidar_cmd.h:36[m[K,
[25.196s]                  from [01m[K/home/ubuntu/ros2_ws/src/sllidar_ros2/./sdk/include/sl_lidar_driver.h:54[m[K,
[25.197s]                  from [01m[K/home/ubuntu/ros2_ws/src/sllidar_ros2/sdk/src/sl_serial_channel.cpp:34[m[K:
[25.199s] [01m[K/home/ubuntu/ros2_ws/src/sllidar_ros2/./sdk/include/sl_lidar_protocol.h:58:16:[m[K [01;35m[Kwarning: [m[KISO C++ forbids zero-size array ‘[01m[Kdata[m[K’ [[01;35m[K-Wpedantic[m[K]
[25.200s]    58 |     sl_u8 data[[01;35m[K0[m[K];
[25.201s]       |                [01;35m[K^[m[K
[25.206s] In file included from [01m[K/home/ubuntu/ros2_ws/src/sllidar_ros2/./sdk/include/sl_lidar_driver.h:54[m[K,
[25.207s]                  from [01m[K/home/ubuntu/ros2_ws/src/sllidar_ros2/sdk/src/sl_serial_channel.cpp:34[m[K:
[25.209s] [01m[K/home/ubuntu/ros2_ws/src/sllidar_ros2/./sdk/include/sl_lidar_cmd.h:295:20:[m[K [01;35m[Kwarning: [m[KISO C++ forbids zero-size array ‘[01m[Kpayload[m[K’ [[01;35m[K-Wpedantic[m[K]
[25.210s]   295 |     sl_u8  payload[[01;35m[K0[m[K];
[25.211s]       |                    [01;35m[K^[m[K
[25.752s] [ 78%] [32mBuilding CXX object CMakeFiles/sllidar_node.dir/sdk/src/sl_tcp_channel.cpp.o[0m
[25.853s] [01m[K/home/ubuntu/ros2_ws/src/sllidar_ros2/sdk/src/sl_tcp_channel.cpp:33:9:[m[K [01;35m[Kwarning: [m[K#pragma once in main file
[25.854s]    33 | #pragma [01;35m[Konce[m[K
[25.855s]       |         [01;35m[K^~~~[m[K
[26.823s] [ 85%] [32mBuilding CXX object CMakeFiles/sllidar_node.dir/sdk/src/sl_udp_channel.cpp.o[0m
[26.944s] [01m[K/home/ubuntu/ros2_ws/src/sllidar_ros2/sdk/src/sl_udp_channel.cpp:33:9:[m[K [01;35m[Kwarning: [m[K#pragma once in main file
[26.945s]    33 | #pragma [01;35m[Konce[m[K
[26.946s]       |         [01;35m[K^~~~[m[K
[27.378s] In file included from [01m[K/home/ubuntu/ros2_ws/src/sllidar_ros2/./sdk/include/sl_lidar_cmd.h:36[m[K,
[27.380s]                  from [01m[K/home/ubuntu/ros2_ws/src/sllidar_ros2/./sdk/include/sl_lidar_driver.h:54[m[K,
[27.381s]                  from [01m[K/home/ubuntu/ros2_ws/src/sllidar_ros2/sdk/src/sl_tcp_channel.cpp:34[m[K:
[27.383s] [01m[K/home/ubuntu/ros2_ws/src/sllidar_ros2/./sdk/include/sl_lidar_protocol.h:58:16:[m[K [01;35m[Kwarning: [m[KISO C++ forbids zero-size array ‘[01m[Kdata[m[K’ [[01;35m[K-Wpedantic[m[K]
[27.385s]    58 |     sl_u8 data[[01;35m[K0[m[K];
[27.388s]       |                [01;35m[K^[m[K
[27.397s] In file included from [01m[K/home/ubuntu/ros2_ws/src/sllidar_ros2/./sdk/include/sl_lidar_driver.h:54[m[K,
[27.401s]                  from [01m[K/home/ubuntu/ros2_ws/src/sllidar_ros2/sdk/src/sl_tcp_channel.cpp:34[m[K:
[27.403s] [01m[K/home/ubuntu/ros2_ws/src/sllidar_ros2/./sdk/include/sl_lidar_cmd.h:295:20:[m[K [01;35m[Kwarning: [m[KISO C++ forbids zero-size array ‘[01m[Kpayload[m[K’ [[01;35m[K-Wpedantic[m[K]
[27.411s]   295 |     sl_u8  payload[[01;35m[K0[m[K];
[27.413s]       |                    [01;35m[K^[m[K
[27.434s] [01m[K/home/ubuntu/ros2_ws/src/sllidar_ros2/sdk/src/sl_tcp_channel.cpp:[m[K In member function ‘[01m[Kvoid sl::TcpChannel::setStatus(_u32)[m[K’:
[27.436s] [01m[K/home/ubuntu/ros2_ws/src/sllidar_ros2/sdk/src/sl_tcp_channel.cpp:95:29:[m[K [01;35m[Kwarning: [m[Kunused parameter ‘[01m[Kflag[m[K’ [[01;35m[K-Wunused-parameter[m[K]
[27.438s]    95 |         void setStatus([01;35m[K_u32 flag[m[K){}
[27.439s]       |                        [01;35m[K~~~~~^~~~[m[K
[28.509s] In file included from [01m[K/home/ubuntu/ros2_ws/src/sllidar_ros2/./sdk/include/sl_lidar_cmd.h:36[m[K,
[28.510s]                  from [01m[K/home/ubuntu/ros2_ws/src/sllidar_ros2/./sdk/include/sl_lidar_driver.h:54[m[K,
[28.511s]                  from [01m[K/home/ubuntu/ros2_ws/src/sllidar_ros2/sdk/src/sl_udp_channel.cpp:34[m[K:
[28.511s] [01m[K/home/ubuntu/ros2_ws/src/sllidar_ros2/./sdk/include/sl_lidar_protocol.h:58:16:[m[K [01;35m[Kwarning: [m[KISO C++ forbids zero-size array ‘[01m[Kdata[m[K’ [[01;35m[K-Wpedantic[m[K]
[28.514s]    58 |     sl_u8 data[[01;35m[K0[m[K];
[28.516s]       |                [01;35m[K^[m[K
[28.518s] In file included from [01m[K/home/ubuntu/ros2_ws/src/sllidar_ros2/./sdk/include/sl_lidar_driver.h:54[m[K,
[28.520s]                  from [01m[K/home/ubuntu/ros2_ws/src/sllidar_ros2/sdk/src/sl_udp_channel.cpp:34[m[K:
[28.523s] [01m[K/home/ubuntu/ros2_ws/src/sllidar_ros2/./sdk/include/sl_lidar_cmd.h:295:20:[m[K [01;35m[Kwarning: [m[KISO C++ forbids zero-size array ‘[01m[Kpayload[m[K’ [[01;35m[K-Wpedantic[m[K]
[28.524s]   295 |     sl_u8  payload[[01;35m[K0[m[K];
[28.534s]       |                    [01;35m[K^[m[K
[28.544s] [01m[K/home/ubuntu/ros2_ws/src/sllidar_ros2/sdk/src/sl_udp_channel.cpp:[m[K In member function ‘[01m[Kvoid sl::UdpChannel::setStatus(_u32)[m[K’:
[28.545s] [01m[K/home/ubuntu/ros2_ws/src/sllidar_ros2/sdk/src/sl_udp_channel.cpp:103:29:[m[K [01;35m[Kwarning: [m[Kunused parameter ‘[01m[Kflag[m[K’ [[01;35m[K-Wunused-parameter[m[K]
[28.546s]   103 |         void setStatus([01;35m[K_u32 flag[m[K){}
[28.547s]       |                        [01;35m[K~~~~~^~~~[m[K
[30.455s] [01m[K/home/ubuntu/ros2_ws/src/sllidar_ros2/src/sllidar_node.cpp:[m[K In member function ‘[01m[Kbool SLlidarNode::checkSLLIDARHealth(sl::ILidarDriver*)[m[K’:
[30.456s] [01m[K/home/ubuntu/ros2_ws/src/sllidar_ros2/src/sllidar_node.cpp:147:5:[m[K [01;35m[Kwarning: [m[Kcontrol reaches end of non-void function [[01;35m[K-Wreturn-type[m[K]
[30.457s]   147 |     [01;35m[K}[m[K
[30.458s]       |     [01;35m[K^[m[K
[36.704s] [ 92%] [32m[1mLinking CXX executable sllidar_node[0m
[38.025s] [ 92%] Built target sllidar_node
[42.312s] [100%] [32m[1mLinking CXX executable sllidar_client[0m
[43.546s] [100%] Built target sllidar_client
[43.590s] Invoked command in '/home/ubuntu/ros2_ws/src/build/sllidar_ros2' returned '0': CMAKE_PREFIX_PATH=/opt/ros/foxy /usr/bin/cmake --build /home/ubuntu/ros2_ws/src/build/sllidar_ros2 -- -j4 -l4
[43.831s] Invoking command in '/home/ubuntu/ros2_ws/src/build/sllidar_ros2': CMAKE_PREFIX_PATH=/opt/ros/foxy /usr/bin/cmake --install /home/ubuntu/ros2_ws/src/build/sllidar_ros2
[43.865s] -- Install configuration: ""
[43.866s] -- Installing: /home/ubuntu/ros2_ws/src/install/sllidar_ros2/share/sllidar_ros2/launch
[43.867s] -- Installing: /home/ubuntu/ros2_ws/src/install/sllidar_ros2/share/sllidar_ros2/launch/sllidar_s2_launch.py
[43.867s] -- Installing: /home/ubuntu/ros2_ws/src/install/sllidar_ros2/share/sllidar_ros2/launch/view_sllidar_launch.py
[43.868s] -- Installing: /home/ubuntu/ros2_ws/src/install/sllidar_ros2/share/sllidar_ros2/launch/view_sllidar_s1_launch.py
[43.869s] -- Installing: /home/ubuntu/ros2_ws/src/install/sllidar_ros2/share/sllidar_ros2/launch/view_sllidar_s1_tcp_launch.py
[43.870s] -- Installing: /home/ubuntu/ros2_ws/src/install/sllidar_ros2/share/sllidar_ros2/launch/sllidar_launch.py
[43.871s] -- Installing: /home/ubuntu/ros2_ws/src/install/sllidar_ros2/share/sllidar_ros2/launch/sllidar_s1_tcp_launch.py
[43.872s] -- Installing: /home/ubuntu/ros2_ws/src/install/sllidar_ros2/share/sllidar_ros2/launch/view_sllidar_s2_launch.py
[43.873s] -- Installing: /home/ubuntu/ros2_ws/src/install/sllidar_ros2/share/sllidar_ros2/launch/sllidar_t1_launch.py
[43.874s] -- Installing: /home/ubuntu/ros2_ws/src/install/sllidar_ros2/share/sllidar_ros2/launch/view_sllidar_a3_launch.py
[43.875s] -- Installing: /home/ubuntu/ros2_ws/src/install/sllidar_ros2/share/sllidar_ros2/launch/sllidar_s1_launch.py
[43.876s] -- Installing: /home/ubuntu/ros2_ws/src/install/sllidar_ros2/share/sllidar_ros2/launch/sllidar_a3_launch.py
[43.877s] -- Installing: /home/ubuntu/ros2_ws/src/install/sllidar_ros2/share/sllidar_ros2/launch/view_sllidar_t1_launch.py
[43.878s] -- Installing: /home/ubuntu/ros2_ws/src/install/sllidar_ros2/share/sllidar_ros2/rviz
[43.878s] -- Installing: /home/ubuntu/ros2_ws/src/install/sllidar_ros2/share/sllidar_ros2/rviz/sllidar_ros2.rviz
[43.880s] -- Installing: /home/ubuntu/ros2_ws/src/install/sllidar_ros2/lib/sllidar_ros2/sllidar_node
[43.890s] -- Set runtime path of "/home/ubuntu/ros2_ws/src/install/sllidar_ros2/lib/sllidar_ros2/sllidar_node" to ""
[43.891s] -- Installing: /home/ubuntu/ros2_ws/src/install/sllidar_ros2/lib/sllidar_ros2/sllidar_client
[43.904s] -- Set runtime path of "/home/ubuntu/ros2_ws/src/install/sllidar_ros2/lib/sllidar_ros2/sllidar_client" to ""
[43.905s] -- Installing: /home/ubuntu/ros2_ws/src/install/sllidar_ros2/share/ament_index/resource_index/package_run_dependencies/sllidar_ros2
[43.907s] -- Installing: /home/ubuntu/ros2_ws/src/install/sllidar_ros2/share/ament_index/resource_index/parent_prefix_path/sllidar_ros2
[43.908s] -- Installing: /home/ubuntu/ros2_ws/src/install/sllidar_ros2/share/sllidar_ros2/environment/ament_prefix_path.sh
[43.910s] -- Installing: /home/ubuntu/ros2_ws/src/install/sllidar_ros2/share/sllidar_ros2/environment/ament_prefix_path.dsv
[43.911s] -- Installing: /home/ubuntu/ros2_ws/src/install/sllidar_ros2/share/sllidar_ros2/environment/path.sh
[43.912s] -- Installing: /home/ubuntu/ros2_ws/src/install/sllidar_ros2/share/sllidar_ros2/environment/path.dsv
[43.913s] -- Installing: /home/ubuntu/ros2_ws/src/install/sllidar_ros2/share/sllidar_ros2/local_setup.bash
[43.915s] -- Installing: /home/ubuntu/ros2_ws/src/install/sllidar_ros2/share/sllidar_ros2/local_setup.sh
[43.916s] -- Installing: /home/ubuntu/ros2_ws/src/install/sllidar_ros2/share/sllidar_ros2/local_setup.zsh
[43.917s] -- Installing: /home/ubuntu/ros2_ws/src/install/sllidar_ros2/share/sllidar_ros2/local_setup.dsv
[43.918s] -- Installing: /home/ubuntu/ros2_ws/src/install/sllidar_ros2/share/sllidar_ros2/package.dsv
[43.920s] -- Installing: /home/ubuntu/ros2_ws/src/install/sllidar_ros2/share/ament_index/resource_index/packages/sllidar_ros2
[43.922s] -- Installing: /home/ubuntu/ros2_ws/src/install/sllidar_ros2/share/sllidar_ros2/cmake/ament_cmake_export_dependencies-extras.cmake
[43.923s] -- Installing: /home/ubuntu/ros2_ws/src/install/sllidar_ros2/share/sllidar_ros2/cmake/ament_cmake_export_include_directories-extras.cmake
[43.924s] -- Installing: /home/ubuntu/ros2_ws/src/install/sllidar_ros2/share/sllidar_ros2/cmake/sllidar_ros2Config.cmake
[43.925s] -- Installing: /home/ubuntu/ros2_ws/src/install/sllidar_ros2/share/sllidar_ros2/cmake/sllidar_ros2Config-version.cmake
[43.927s] -- Installing: /home/ubuntu/ros2_ws/src/install/sllidar_ros2/share/sllidar_ros2/package.xml
[43.938s] Invoked command in '/home/ubuntu/ros2_ws/src/build/sllidar_ros2' returned '0': CMAKE_PREFIX_PATH=/opt/ros/foxy /usr/bin/cmake --install /home/ubuntu/ros2_ws/src/build/sllidar_ros2
