[4.590s] Invoking command in '/home/ubuntu/ros2_ws/src/cart_start': PYTHONPATH=/home/ubuntu/ros2_ws/src/install/cart_start/lib/python3.8/site-packages:${PYTHONPATH} /usr/bin/python3 setup.py egg_info --egg-base ../build/cart_start build --build-base /home/ubuntu/ros2_ws/src/build/cart_start/build install --prefix /home/ubuntu/ros2_ws/src/install/cart_start --record /home/ubuntu/ros2_ws/src/build/cart_start/install.log --single-version-externally-managed
[6.093s] running egg_info
[6.097s] creating ../build/cart_start/cart_start.egg-info
[6.100s] writing ../build/cart_start/cart_start.egg-info/PKG-INFO
[6.104s] writing dependency_links to ../build/cart_start/cart_start.egg-info/dependency_links.txt
[6.107s] writing entry points to ../build/cart_start/cart_start.egg-info/entry_points.txt
[6.110s] writing requirements to ../build/cart_start/cart_start.egg-info/requires.txt
[6.113s] writing top-level names to ../build/cart_start/cart_start.egg-info/top_level.txt
[6.125s] writing manifest file '../build/cart_start/cart_start.egg-info/SOURCES.txt'
[6.339s] reading manifest file '../build/cart_start/cart_start.egg-info/SOURCES.txt'
[6.345s] writing manifest file '../build/cart_start/cart_start.egg-info/SOURCES.txt'
[6.348s] running build
[6.351s] running build_py
[6.354s] creating /home/ubuntu/ros2_ws/src/build/cart_start/build
[6.356s] creating /home/ubuntu/ros2_ws/src/build/cart_start/build/lib
[6.359s] creating /home/ubuntu/ros2_ws/src/build/cart_start/build/lib/cart_start
[6.361s] copying cart_start/__init__.py -> /home/ubuntu/ros2_ws/src/build/cart_start/build/lib/cart_start
[6.366s] running install
[6.373s] running install_lib
[6.384s] creating /home/ubuntu/ros2_ws/src/install/cart_start/lib/python3.8/site-packages/cart_start
[6.387s] copying /home/ubuntu/ros2_ws/src/build/cart_start/build/lib/cart_start/__init__.py -> /home/ubuntu/ros2_ws/src/install/cart_start/lib/python3.8/site-packages/cart_start
[6.392s] byte-compiling /home/ubuntu/ros2_ws/src/install/cart_start/lib/python3.8/site-packages/cart_start/__init__.py to __init__.cpython-38.pyc
[6.401s] running install_data
[6.406s] creating /home/ubuntu/ros2_ws/src/install/cart_start/share/ament_index
[6.408s] creating /home/ubuntu/ros2_ws/src/install/cart_start/share/ament_index/resource_index
[6.410s] creating /home/ubuntu/ros2_ws/src/install/cart_start/share/ament_index/resource_index/packages
[6.412s] copying resource/cart_start -> /home/ubuntu/ros2_ws/src/install/cart_start/share/ament_index/resource_index/packages
[6.414s] copying package.xml -> /home/ubuntu/ros2_ws/src/install/cart_start/share/cart_start
[6.416s] running install_egg_info
[6.424s] Copying ../build/cart_start/cart_start.egg-info to /home/ubuntu/ros2_ws/src/install/cart_start/lib/python3.8/site-packages/cart_start-0.0.0-py3.8.egg-info
[6.432s] running install_scripts
[6.534s] writing list of installed files to '/home/ubuntu/ros2_ws/src/build/cart_start/install.log'
[6.681s] Invoked command in '/home/ubuntu/ros2_ws/src/cart_start' returned '0': PYTHONPATH=/home/ubuntu/ros2_ws/src/install/cart_start/lib/python3.8/site-packages:${PYTHONPATH} /usr/bin/python3 setup.py egg_info --egg-base ../build/cart_start build --build-base /home/ubuntu/ros2_ws/src/build/cart_start/build install --prefix /home/ubuntu/ros2_ws/src/install/cart_start --record /home/ubuntu/ros2_ws/src/build/cart_start/install.log --single-version-externally-managed
