[1.983s] Invoking command in '/home/ubuntu/ros2_ws/src/build/ps_ros2_common': CMAKE_PREFIX_PATH=/opt/ros/foxy /usr/bin/cmake --build /home/ubuntu/ros2_ws/src/build/ps_ros2_common -- -j4 -l4
[2.442s] [100%] Built target joy_test
[2.559s] Invoked command in '/home/ubuntu/ros2_ws/src/build/ps_ros2_common' returned '0': CMAKE_PREFIX_PATH=/opt/ros/foxy /usr/bin/cmake --build /home/ubuntu/ros2_ws/src/build/ps_ros2_common -- -j4 -l4
[2.771s] Invoking command in '/home/ubuntu/ros2_ws/src/build/ps_ros2_common': CMAKE_PREFIX_PATH=/opt/ros/foxy /usr/bin/cmake --install /home/ubuntu/ros2_ws/src/build/ps_ros2_common
[2.814s] -- Install configuration: ""
[2.816s] -- Up-to-date: /home/ubuntu/ros2_ws/src/install/ps_ros2_common/lib/ps_ros2_common/joy_test
[2.819s] -- Up-to-date: /home/ubuntu/ros2_ws/src/install/ps_ros2_common/share/ps_ros2_common/launch
[2.820s] -- Up-to-date: /home/ubuntu/ros2_ws/src/install/ps_ros2_common/share/ps_ros2_common/launch/.test.launch.py.swp
[2.821s] -- Up-to-date: /home/ubuntu/ros2_ws/src/install/ps_ros2_common/share/ps_ros2_common/launch/test.launch.py
[2.822s] -- Up-to-date: /home/ubuntu/ros2_ws/src/install/ps_ros2_common/share/ament_index/resource_index/package_run_dependencies/ps_ros2_common
[2.824s] -- Up-to-date: /home/ubuntu/ros2_ws/src/install/ps_ros2_common/share/ament_index/resource_index/parent_prefix_path/ps_ros2_common
[2.825s] -- Up-to-date: /home/ubuntu/ros2_ws/src/install/ps_ros2_common/share/ps_ros2_common/environment/ament_prefix_path.sh
[2.827s] -- Up-to-date: /home/ubuntu/ros2_ws/src/install/ps_ros2_common/share/ps_ros2_common/environment/ament_prefix_path.dsv
[2.829s] -- Up-to-date: /home/ubuntu/ros2_ws/src/install/ps_ros2_common/share/ps_ros2_common/environment/path.sh
[2.829s] -- Up-to-date: /home/ubuntu/ros2_ws/src/install/ps_ros2_common/share/ps_ros2_common/environment/path.dsv
[2.831s] -- Up-to-date: /home/ubuntu/ros2_ws/src/install/ps_ros2_common/share/ps_ros2_common/local_setup.bash
[2.832s] -- Up-to-date: /home/ubuntu/ros2_ws/src/install/ps_ros2_common/share/ps_ros2_common/local_setup.sh
[2.834s] -- Up-to-date: /home/ubuntu/ros2_ws/src/install/ps_ros2_common/share/ps_ros2_common/local_setup.zsh
[2.835s] -- Up-to-date: /home/ubuntu/ros2_ws/src/install/ps_ros2_common/share/ps_ros2_common/local_setup.dsv
[2.837s] -- Installing: /home/ubuntu/ros2_ws/src/install/ps_ros2_common/share/ps_ros2_common/package.dsv
[2.839s] -- Up-to-date: /home/ubuntu/ros2_ws/src/install/ps_ros2_common/share/ament_index/resource_index/packages/ps_ros2_common
[2.840s] -- Up-to-date: /home/ubuntu/ros2_ws/src/install/ps_ros2_common/share/ps_ros2_common/cmake/ps_ros2_commonConfig.cmake
[2.842s] -- Up-to-date: /home/ubuntu/ros2_ws/src/install/ps_ros2_common/share/ps_ros2_common/cmake/ps_ros2_commonConfig-version.cmake
[2.843s] -- Up-to-date: /home/ubuntu/ros2_ws/src/install/ps_ros2_common/share/ps_ros2_common/package.xml
[2.861s] Invoked command in '/home/ubuntu/ros2_ws/src/build/ps_ros2_common' returned '0': CMAKE_PREFIX_PATH=/opt/ros/foxy /usr/bin/cmake --install /home/ubuntu/ros2_ws/src/build/ps_ros2_common
