[2.367s] Invoking command in '/home/ubuntu/ros2_ws/build/drive_base_msgs': CMAKE_PREFIX_PATH=${CMAKE_PREFIX_PATH}:/home/ubuntu/ros2_ws/install/odom_builder:/home/ubuntu/ros2_ws/install/motor_control:/home/ubuntu/ros2_ws/install/cart_start:/opt/ros/foxy /usr/bin/cmake --build /home/ubuntu/ros2_ws/build/drive_base_msgs -- -j4 -l4
[2.698s] [  1%] Built target drive_base_msgs__cpp
[2.729s] [ 12%] Built target drive_base_msgs__rosidl_generator_c
[2.876s] [ 23%] Built target drive_base_msgs__rosidl_typesupport_introspection_cpp
[3.018s] [ 34%] Built target drive_base_msgs__rosidl_typesupport_cpp
[3.081s] [ 45%] Built target drive_base_msgs__rosidl_typesupport_introspection_c
[3.097s] [ 56%] Built target drive_base_msgs__rosidl_typesupport_fastrtps_cpp
[3.115s] [ 67%] Built target drive_base_msgs__rosidl_typesupport_c
[3.290s] [ 78%] Built target drive_base_msgs__rosidl_typesupport_fastrtps_c
[3.421s] [ 78%] Built target drive_base_msgs
[3.554s] [ 80%] Built target drive_base_msgs__py
[3.796s] [ 89%] Built target drive_base_msgs__python
[4.204s] [ 96%] Built target drive_base_msgs__rosidl_typesupport_introspection_c__pyext
[4.206s] [ 94%] Built target drive_base_msgs__rosidl_typesupport_c__pyext
[4.217s] [100%] Built target drive_base_msgs__rosidl_typesupport_fastrtps_c__pyext
[4.289s] Invoked command in '/home/ubuntu/ros2_ws/build/drive_base_msgs' returned '0': CMAKE_PREFIX_PATH=${CMAKE_PREFIX_PATH}:/home/ubuntu/ros2_ws/install/odom_builder:/home/ubuntu/ros2_ws/install/motor_control:/home/ubuntu/ros2_ws/install/cart_start:/opt/ros/foxy /usr/bin/cmake --build /home/ubuntu/ros2_ws/build/drive_base_msgs -- -j4 -l4
[5.379s] Invoking command in '/home/ubuntu/ros2_ws/build/drive_base_msgs': CMAKE_PREFIX_PATH=${CMAKE_PREFIX_PATH}:/home/ubuntu/ros2_ws/install/odom_builder:/home/ubuntu/ros2_ws/install/motor_control:/home/ubuntu/ros2_ws/install/cart_start:/opt/ros/foxy /usr/bin/cmake --install /home/ubuntu/ros2_ws/build/drive_base_msgs
[5.441s] -- Install configuration: ""
[5.442s] -- Up-to-date: /home/ubuntu/ros2_ws/install/drive_base_msgs/share/ament_index/resource_index/rosidl_interfaces/drive_base_msgs
[5.443s] -- Up-to-date: /home/ubuntu/ros2_ws/install/drive_base_msgs/include/drive_base_msgs
[5.443s] -- Up-to-date: /home/ubuntu/ros2_ws/install/drive_base_msgs/include/drive_base_msgs/msg
[5.444s] -- Up-to-date: /home/ubuntu/ros2_ws/install/drive_base_msgs/include/drive_base_msgs/msg/rosidl_generator_c__visibility_control.h
[5.445s] -- Up-to-date: /home/ubuntu/ros2_ws/install/drive_base_msgs/include/drive_base_msgs/msg/detail
[5.446s] -- Up-to-date: /home/ubuntu/ros2_ws/install/drive_base_msgs/include/drive_base_msgs/msg/detail/command_header__functions.c
[5.447s] -- Up-to-date: /home/ubuntu/ros2_ws/install/drive_base_msgs/include/drive_base_msgs/msg/detail/base_info__struct.h
[5.448s] -- Up-to-date: /home/ubuntu/ros2_ws/install/drive_base_msgs/include/drive_base_msgs/msg/detail/trv_command__functions.c
[5.449s] -- Up-to-date: /home/ubuntu/ros2_ws/install/drive_base_msgs/include/drive_base_msgs/msg/detail/command_header__functions.h
[5.450s] -- Up-to-date: /home/ubuntu/ros2_ws/install/drive_base_msgs/include/drive_base_msgs/msg/detail/trv_command__type_support.h
[5.451s] -- Up-to-date: /home/ubuntu/ros2_ws/install/drive_base_msgs/include/drive_base_msgs/msg/detail/command_header__type_support.h
[5.452s] -- Up-to-date: /home/ubuntu/ros2_ws/install/drive_base_msgs/include/drive_base_msgs/msg/detail/base_info__functions.h
[5.452s] -- Up-to-date: /home/ubuntu/ros2_ws/install/drive_base_msgs/include/drive_base_msgs/msg/detail/command_header__struct.h
[5.453s] -- Up-to-date: /home/ubuntu/ros2_ws/install/drive_base_msgs/include/drive_base_msgs/msg/detail/base_info__type_support.h
[5.467s] -- Up-to-date: /home/ubuntu/ros2_ws/install/drive_base_msgs/include/drive_base_msgs/msg/detail/command_status__type_support.h
[5.470s] -- Up-to-date: /home/ubuntu/ros2_ws/install/drive_base_msgs/include/drive_base_msgs/msg/detail/command_status__functions.c
[5.472s] -- Up-to-date: /home/ubuntu/ros2_ws/install/drive_base_msgs/include/drive_base_msgs/msg/detail/command_status__functions.h
[5.474s] -- Up-to-date: /home/ubuntu/ros2_ws/install/drive_base_msgs/include/drive_base_msgs/msg/detail/trv_command__struct.h
[5.476s] -- Up-to-date: /home/ubuntu/ros2_ws/install/drive_base_msgs/include/drive_base_msgs/msg/detail/base_info__functions.c
[5.479s] -- Up-to-date: /home/ubuntu/ros2_ws/install/drive_base_msgs/include/drive_base_msgs/msg/detail/command_status__struct.h
[5.481s] -- Up-to-date: /home/ubuntu/ros2_ws/install/drive_base_msgs/include/drive_base_msgs/msg/detail/trv_command__functions.h
[5.485s] -- Up-to-date: /home/ubuntu/ros2_ws/install/drive_base_msgs/include/drive_base_msgs/msg/base_info.h
[5.489s] -- Up-to-date: /home/ubuntu/ros2_ws/install/drive_base_msgs/include/drive_base_msgs/msg/command_header.h
[5.494s] -- Up-to-date: /home/ubuntu/ros2_ws/install/drive_base_msgs/include/drive_base_msgs/msg/command_status.h
[5.499s] -- Up-to-date: /home/ubuntu/ros2_ws/install/drive_base_msgs/include/drive_base_msgs/msg/trv_command.h
[5.502s] -- Up-to-date: /home/ubuntu/ros2_ws/install/drive_base_msgs/share/drive_base_msgs/environment/library_path.sh
[5.506s] -- Up-to-date: /home/ubuntu/ros2_ws/install/drive_base_msgs/share/drive_base_msgs/environment/library_path.dsv
[5.509s] -- Up-to-date: /home/ubuntu/ros2_ws/install/drive_base_msgs/lib/libdrive_base_msgs__rosidl_generator_c.so
[5.510s] -- Up-to-date: /home/ubuntu/ros2_ws/install/drive_base_msgs/include/drive_base_msgs
[5.510s] -- Up-to-date: /home/ubuntu/ros2_ws/install/drive_base_msgs/include/drive_base_msgs/msg
[5.511s] -- Up-to-date: /home/ubuntu/ros2_ws/install/drive_base_msgs/include/drive_base_msgs/msg/detail
[5.512s] -- Up-to-date: /home/ubuntu/ros2_ws/install/drive_base_msgs/include/drive_base_msgs/msg/detail/trv_command__rosidl_typesupport_fastrtps_c.h
[5.513s] -- Up-to-date: /home/ubuntu/ros2_ws/install/drive_base_msgs/include/drive_base_msgs/msg/detail/command_header__rosidl_typesupport_fastrtps_c.h
[5.513s] -- Up-to-date: /home/ubuntu/ros2_ws/install/drive_base_msgs/include/drive_base_msgs/msg/detail/command_status__rosidl_typesupport_fastrtps_c.h
[5.514s] -- Up-to-date: /home/ubuntu/ros2_ws/install/drive_base_msgs/include/drive_base_msgs/msg/detail/base_info__rosidl_typesupport_fastrtps_c.h
[5.515s] -- Up-to-date: /home/ubuntu/ros2_ws/install/drive_base_msgs/include/drive_base_msgs/msg/rosidl_typesupport_fastrtps_c__visibility_control.h
[5.515s] -- Up-to-date: /home/ubuntu/ros2_ws/install/drive_base_msgs/lib/libdrive_base_msgs__rosidl_typesupport_fastrtps_c.so
[5.516s] -- Up-to-date: /home/ubuntu/ros2_ws/install/drive_base_msgs/include/drive_base_msgs
[5.517s] -- Up-to-date: /home/ubuntu/ros2_ws/install/drive_base_msgs/include/drive_base_msgs/msg
[5.517s] -- Up-to-date: /home/ubuntu/ros2_ws/install/drive_base_msgs/include/drive_base_msgs/msg/detail
[5.518s] -- Up-to-date: /home/ubuntu/ros2_ws/install/drive_base_msgs/include/drive_base_msgs/msg/detail/command_header__rosidl_typesupport_fastrtps_cpp.hpp
[5.519s] -- Up-to-date: /home/ubuntu/ros2_ws/install/drive_base_msgs/include/drive_base_msgs/msg/detail/base_info__rosidl_typesupport_fastrtps_cpp.hpp
[5.519s] -- Up-to-date: /home/ubuntu/ros2_ws/install/drive_base_msgs/include/drive_base_msgs/msg/detail/dds_fastrtps
[5.521s] -- Up-to-date: /home/ubuntu/ros2_ws/install/drive_base_msgs/include/drive_base_msgs/msg/detail/trv_command__rosidl_typesupport_fastrtps_cpp.hpp
[5.522s] -- Up-to-date: /home/ubuntu/ros2_ws/install/drive_base_msgs/include/drive_base_msgs/msg/detail/command_status__rosidl_typesupport_fastrtps_cpp.hpp
[5.522s] -- Up-to-date: /home/ubuntu/ros2_ws/install/drive_base_msgs/include/drive_base_msgs/msg/rosidl_typesupport_fastrtps_cpp__visibility_control.h
[5.523s] -- Up-to-date: /home/ubuntu/ros2_ws/install/drive_base_msgs/lib/libdrive_base_msgs__rosidl_typesupport_fastrtps_cpp.so
[5.524s] -- Up-to-date: /home/ubuntu/ros2_ws/install/drive_base_msgs/include/drive_base_msgs
[5.524s] -- Up-to-date: /home/ubuntu/ros2_ws/install/drive_base_msgs/include/drive_base_msgs/msg
[5.525s] -- Up-to-date: /home/ubuntu/ros2_ws/install/drive_base_msgs/include/drive_base_msgs/msg/rosidl_typesupport_introspection_c__visibility_control.h
[5.526s] -- Up-to-date: /home/ubuntu/ros2_ws/install/drive_base_msgs/include/drive_base_msgs/msg/detail
[5.526s] -- Up-to-date: /home/ubuntu/ros2_ws/install/drive_base_msgs/include/drive_base_msgs/msg/detail/base_info__rosidl_typesupport_introspection_c.h
[5.527s] -- Up-to-date: /home/ubuntu/ros2_ws/install/drive_base_msgs/include/drive_base_msgs/msg/detail/trv_command__type_support.c
[5.527s] -- Up-to-date: /home/ubuntu/ros2_ws/install/drive_base_msgs/include/drive_base_msgs/msg/detail/trv_command__rosidl_typesupport_introspection_c.h
[5.528s] -- Up-to-date: /home/ubuntu/ros2_ws/install/drive_base_msgs/include/drive_base_msgs/msg/detail/base_info__type_support.c
[5.529s] -- Up-to-date: /home/ubuntu/ros2_ws/install/drive_base_msgs/include/drive_base_msgs/msg/detail/command_header__rosidl_typesupport_introspection_c.h
[5.529s] -- Up-to-date: /home/ubuntu/ros2_ws/install/drive_base_msgs/include/drive_base_msgs/msg/detail/command_header__type_support.c
[5.530s] -- Up-to-date: /home/ubuntu/ros2_ws/install/drive_base_msgs/include/drive_base_msgs/msg/detail/command_status__type_support.c
[5.531s] -- Up-to-date: /home/ubuntu/ros2_ws/install/drive_base_msgs/include/drive_base_msgs/msg/detail/command_status__rosidl_typesupport_introspection_c.h
[5.531s] -- Up-to-date: /home/ubuntu/ros2_ws/install/drive_base_msgs/lib/libdrive_base_msgs__rosidl_typesupport_introspection_c.so
[5.532s] -- Up-to-date: /home/ubuntu/ros2_ws/install/drive_base_msgs/lib/libdrive_base_msgs__rosidl_typesupport_c.so
[5.533s] -- Up-to-date: /home/ubuntu/ros2_ws/install/drive_base_msgs/include/drive_base_msgs
[5.534s] -- Up-to-date: /home/ubuntu/ros2_ws/install/drive_base_msgs/include/drive_base_msgs/msg
[5.534s] -- Up-to-date: /home/ubuntu/ros2_ws/install/drive_base_msgs/include/drive_base_msgs/msg/detail
[5.535s] -- Up-to-date: /home/ubuntu/ros2_ws/install/drive_base_msgs/include/drive_base_msgs/msg/detail/trv_command__struct.hpp
[5.536s] -- Up-to-date: /home/ubuntu/ros2_ws/install/drive_base_msgs/include/drive_base_msgs/msg/detail/base_info__builder.hpp
[5.536s] -- Up-to-date: /home/ubuntu/ros2_ws/install/drive_base_msgs/include/drive_base_msgs/msg/detail/trv_command__traits.hpp
[5.537s] -- Up-to-date: /home/ubuntu/ros2_ws/install/drive_base_msgs/include/drive_base_msgs/msg/detail/command_status__builder.hpp
[5.538s] -- Up-to-date: /home/ubuntu/ros2_ws/install/drive_base_msgs/include/drive_base_msgs/msg/detail/command_header__builder.hpp
[5.539s] -- Up-to-date: /home/ubuntu/ros2_ws/install/drive_base_msgs/include/drive_base_msgs/msg/detail/trv_command__builder.hpp
[5.539s] -- Up-to-date: /home/ubuntu/ros2_ws/install/drive_base_msgs/include/drive_base_msgs/msg/detail/command_header__traits.hpp
[5.540s] -- Up-to-date: /home/ubuntu/ros2_ws/install/drive_base_msgs/include/drive_base_msgs/msg/detail/command_status__struct.hpp
[5.540s] -- Up-to-date: /home/ubuntu/ros2_ws/install/drive_base_msgs/include/drive_base_msgs/msg/detail/base_info__struct.hpp
[5.541s] -- Up-to-date: /home/ubuntu/ros2_ws/install/drive_base_msgs/include/drive_base_msgs/msg/detail/base_info__traits.hpp
[5.542s] -- Up-to-date: /home/ubuntu/ros2_ws/install/drive_base_msgs/include/drive_base_msgs/msg/detail/command_header__struct.hpp
[5.542s] -- Up-to-date: /home/ubuntu/ros2_ws/install/drive_base_msgs/include/drive_base_msgs/msg/detail/command_status__traits.hpp
[5.543s] -- Up-to-date: /home/ubuntu/ros2_ws/install/drive_base_msgs/include/drive_base_msgs/msg/command_status.hpp
[5.543s] -- Up-to-date: /home/ubuntu/ros2_ws/install/drive_base_msgs/include/drive_base_msgs/msg/command_header.hpp
[5.544s] -- Up-to-date: /home/ubuntu/ros2_ws/install/drive_base_msgs/include/drive_base_msgs/msg/trv_command.hpp
[5.545s] -- Up-to-date: /home/ubuntu/ros2_ws/install/drive_base_msgs/include/drive_base_msgs/msg/base_info.hpp
[5.546s] -- Up-to-date: /home/ubuntu/ros2_ws/install/drive_base_msgs/include/drive_base_msgs
[5.546s] -- Up-to-date: /home/ubuntu/ros2_ws/install/drive_base_msgs/include/drive_base_msgs/msg
[5.547s] -- Up-to-date: /home/ubuntu/ros2_ws/install/drive_base_msgs/include/drive_base_msgs/msg/detail
[5.548s] -- Up-to-date: /home/ubuntu/ros2_ws/install/drive_base_msgs/include/drive_base_msgs/msg/detail/base_info__type_support.cpp
[5.548s] -- Up-to-date: /home/ubuntu/ros2_ws/install/drive_base_msgs/include/drive_base_msgs/msg/detail/trv_command__type_support.cpp
[5.549s] -- Up-to-date: /home/ubuntu/ros2_ws/install/drive_base_msgs/include/drive_base_msgs/msg/detail/base_info__rosidl_typesupport_introspection_cpp.hpp
[5.549s] -- Up-to-date: /home/ubuntu/ros2_ws/install/drive_base_msgs/include/drive_base_msgs/msg/detail/trv_command__rosidl_typesupport_introspection_cpp.hpp
[5.550s] -- Up-to-date: /home/ubuntu/ros2_ws/install/drive_base_msgs/include/drive_base_msgs/msg/detail/command_header__rosidl_typesupport_introspection_cpp.hpp
[5.550s] -- Up-to-date: /home/ubuntu/ros2_ws/install/drive_base_msgs/include/drive_base_msgs/msg/detail/command_status__type_support.cpp
[5.551s] -- Up-to-date: /home/ubuntu/ros2_ws/install/drive_base_msgs/include/drive_base_msgs/msg/detail/command_header__type_support.cpp
[5.553s] -- Up-to-date: /home/ubuntu/ros2_ws/install/drive_base_msgs/include/drive_base_msgs/msg/detail/command_status__rosidl_typesupport_introspection_cpp.hpp
[5.554s] -- Up-to-date: /home/ubuntu/ros2_ws/install/drive_base_msgs/lib/libdrive_base_msgs__rosidl_typesupport_introspection_cpp.so
[5.555s] -- Up-to-date: /home/ubuntu/ros2_ws/install/drive_base_msgs/lib/libdrive_base_msgs__rosidl_typesupport_cpp.so
[5.556s] -- Up-to-date: /home/ubuntu/ros2_ws/install/drive_base_msgs/share/drive_base_msgs/environment/pythonpath.sh
[5.557s] -- Up-to-date: /home/ubuntu/ros2_ws/install/drive_base_msgs/share/drive_base_msgs/environment/pythonpath.dsv
[5.557s] -- Up-to-date: /home/ubuntu/ros2_ws/install/drive_base_msgs/lib/python3.8/site-packages/drive_base_msgs/__init__.py
[5.780s] -- Up-to-date: /home/ubuntu/ros2_ws/install/drive_base_msgs/lib/python3.8/site-packages/drive_base_msgs/msg
[5.781s] -- Up-to-date: /home/ubuntu/ros2_ws/install/drive_base_msgs/lib/python3.8/site-packages/drive_base_msgs/msg/_command_header_s.c
[5.782s] -- Up-to-date: /home/ubuntu/ros2_ws/install/drive_base_msgs/lib/python3.8/site-packages/drive_base_msgs/msg/__init__.py
[5.783s] -- Up-to-date: /home/ubuntu/ros2_ws/install/drive_base_msgs/lib/python3.8/site-packages/drive_base_msgs/msg/_trv_command.py
[5.783s] -- Up-to-date: /home/ubuntu/ros2_ws/install/drive_base_msgs/lib/python3.8/site-packages/drive_base_msgs/msg/_trv_command_s.c
[5.784s] -- Up-to-date: /home/ubuntu/ros2_ws/install/drive_base_msgs/lib/python3.8/site-packages/drive_base_msgs/msg/_base_info_s.c
[5.785s] -- Up-to-date: /home/ubuntu/ros2_ws/install/drive_base_msgs/lib/python3.8/site-packages/drive_base_msgs/msg/_command_status.py
[5.786s] -- Up-to-date: /home/ubuntu/ros2_ws/install/drive_base_msgs/lib/python3.8/site-packages/drive_base_msgs/msg/_command_status_s.c
[5.787s] -- Up-to-date: /home/ubuntu/ros2_ws/install/drive_base_msgs/lib/python3.8/site-packages/drive_base_msgs/msg/_base_info.py
[5.788s] -- Up-to-date: /home/ubuntu/ros2_ws/install/drive_base_msgs/lib/python3.8/site-packages/drive_base_msgs/msg/_command_header.py
[5.789s] -- Up-to-date: /home/ubuntu/ros2_ws/install/drive_base_msgs/lib/python3.8/site-packages/drive_base_msgs/drive_base_msgs_s__rosidl_typesupport_fastrtps_c.cpython-38-aarch64-linux-gnu.so
[5.794s] -- Up-to-date: /home/ubuntu/ros2_ws/install/drive_base_msgs/lib/python3.8/site-packages/drive_base_msgs/drive_base_msgs_s__rosidl_typesupport_introspection_c.cpython-38-aarch64-linux-gnu.so
[5.814s] -- Up-to-date: /home/ubuntu/ros2_ws/install/drive_base_msgs/lib/python3.8/site-packages/drive_base_msgs/drive_base_msgs_s__rosidl_typesupport_c.cpython-38-aarch64-linux-gnu.so
[5.817s] -- Up-to-date: /home/ubuntu/ros2_ws/install/drive_base_msgs/lib/libdrive_base_msgs__python.so
[5.819s] -- Up-to-date: /home/ubuntu/ros2_ws/install/drive_base_msgs/share/drive_base_msgs/msg/CommandHeader.idl
[5.822s] -- Up-to-date: /home/ubuntu/ros2_ws/install/drive_base_msgs/share/drive_base_msgs/msg/BaseInfo.idl
[5.823s] -- Up-to-date: /home/ubuntu/ros2_ws/install/drive_base_msgs/share/drive_base_msgs/msg/CommandStatus.idl
[5.824s] -- Up-to-date: /home/ubuntu/ros2_ws/install/drive_base_msgs/share/drive_base_msgs/msg/TRVCommand.idl
[5.838s] -- Up-to-date: /home/ubuntu/ros2_ws/install/drive_base_msgs/share/drive_base_msgs/msg/CommandHeader.msg
[5.839s] -- Up-to-date: /home/ubuntu/ros2_ws/install/drive_base_msgs/share/drive_base_msgs/msg/BaseInfo.msg
[5.839s] -- Up-to-date: /home/ubuntu/ros2_ws/install/drive_base_msgs/share/drive_base_msgs/msg/CommandStatus.msg
[5.841s] -- Up-to-date: /home/ubuntu/ros2_ws/install/drive_base_msgs/share/drive_base_msgs/msg/TRVCommand.msg
[5.841s] -- Up-to-date: /home/ubuntu/ros2_ws/install/drive_base_msgs/share/ament_index/resource_index/package_run_dependencies/drive_base_msgs
[5.843s] -- Up-to-date: /home/ubuntu/ros2_ws/install/drive_base_msgs/share/ament_index/resource_index/parent_prefix_path/drive_base_msgs
[5.843s] -- Up-to-date: /home/ubuntu/ros2_ws/install/drive_base_msgs/share/drive_base_msgs/environment/ament_prefix_path.sh
[5.844s] -- Up-to-date: /home/ubuntu/ros2_ws/install/drive_base_msgs/share/drive_base_msgs/environment/ament_prefix_path.dsv
[5.846s] -- Up-to-date: /home/ubuntu/ros2_ws/install/drive_base_msgs/share/drive_base_msgs/environment/path.sh
[5.861s] -- Up-to-date: /home/ubuntu/ros2_ws/install/drive_base_msgs/share/drive_base_msgs/environment/path.dsv
[5.862s] -- Up-to-date: /home/ubuntu/ros2_ws/install/drive_base_msgs/share/drive_base_msgs/local_setup.bash
[5.863s] -- Up-to-date: /home/ubuntu/ros2_ws/install/drive_base_msgs/share/drive_base_msgs/local_setup.sh
[5.864s] -- Up-to-date: /home/ubuntu/ros2_ws/install/drive_base_msgs/share/drive_base_msgs/local_setup.zsh
[5.864s] -- Up-to-date: /home/ubuntu/ros2_ws/install/drive_base_msgs/share/drive_base_msgs/local_setup.dsv
[5.865s] -- Installing: /home/ubuntu/ros2_ws/install/drive_base_msgs/share/drive_base_msgs/package.dsv
[5.869s] -- Up-to-date: /home/ubuntu/ros2_ws/install/drive_base_msgs/share/ament_index/resource_index/packages/drive_base_msgs
[5.871s] -- Up-to-date: /home/ubuntu/ros2_ws/install/drive_base_msgs/share/drive_base_msgs/cmake/drive_base_msgs__rosidl_generator_cExport.cmake
[5.873s] -- Up-to-date: /home/ubuntu/ros2_ws/install/drive_base_msgs/share/drive_base_msgs/cmake/drive_base_msgs__rosidl_generator_cExport-noconfig.cmake
[5.881s] -- Up-to-date: /home/ubuntu/ros2_ws/install/drive_base_msgs/share/drive_base_msgs/cmake/drive_base_msgs__rosidl_typesupport_introspection_cExport.cmake
[5.882s] -- Up-to-date: /home/ubuntu/ros2_ws/install/drive_base_msgs/share/drive_base_msgs/cmake/drive_base_msgs__rosidl_typesupport_introspection_cExport-noconfig.cmake
[5.884s] -- Up-to-date: /home/ubuntu/ros2_ws/install/drive_base_msgs/share/drive_base_msgs/cmake/drive_base_msgs__rosidl_typesupport_cExport.cmake
[5.885s] -- Up-to-date: /home/ubuntu/ros2_ws/install/drive_base_msgs/share/drive_base_msgs/cmake/drive_base_msgs__rosidl_typesupport_cExport-noconfig.cmake
[5.886s] -- Up-to-date: /home/ubuntu/ros2_ws/install/drive_base_msgs/share/drive_base_msgs/cmake/drive_base_msgs__rosidl_generator_cppExport.cmake
[5.925s] -- Up-to-date: /home/ubuntu/ros2_ws/install/drive_base_msgs/share/drive_base_msgs/cmake/drive_base_msgs__rosidl_typesupport_introspection_cppExport.cmake
[5.931s] -- Up-to-date: /home/ubuntu/ros2_ws/install/drive_base_msgs/share/drive_base_msgs/cmake/drive_base_msgs__rosidl_typesupport_introspection_cppExport-noconfig.cmake
[5.942s] -- Up-to-date: /home/ubuntu/ros2_ws/install/drive_base_msgs/share/drive_base_msgs/cmake/drive_base_msgs__rosidl_typesupport_cppExport.cmake
[5.980s] -- Up-to-date: /home/ubuntu/ros2_ws/install/drive_base_msgs/share/drive_base_msgs/cmake/drive_base_msgs__rosidl_typesupport_cppExport-noconfig.cmake
[5.983s] -- Up-to-date: /home/ubuntu/ros2_ws/install/drive_base_msgs/share/drive_base_msgs/cmake/rosidl_cmake-extras.cmake
[5.985s] -- Up-to-date: /home/ubuntu/ros2_ws/install/drive_base_msgs/share/drive_base_msgs/cmake/ament_cmake_export_dependencies-extras.cmake
[5.988s] -- Up-to-date: /home/ubuntu/ros2_ws/install/drive_base_msgs/share/drive_base_msgs/cmake/ament_cmake_export_libraries-extras.cmake
[5.990s] -- Up-to-date: /home/ubuntu/ros2_ws/install/drive_base_msgs/share/drive_base_msgs/cmake/ament_cmake_export_targets-extras.cmake
[5.992s] -- Up-to-date: /home/ubuntu/ros2_ws/install/drive_base_msgs/share/drive_base_msgs/cmake/ament_cmake_export_include_directories-extras.cmake
[5.994s] -- Up-to-date: /home/ubuntu/ros2_ws/install/drive_base_msgs/share/drive_base_msgs/cmake/rosidl_cmake_export_typesupport_libraries-extras.cmake
[6.000s] -- Up-to-date: /home/ubuntu/ros2_ws/install/drive_base_msgs/share/drive_base_msgs/cmake/rosidl_cmake_export_typesupport_targets-extras.cmake
[6.002s] -- Up-to-date: /home/ubuntu/ros2_ws/install/drive_base_msgs/share/drive_base_msgs/cmake/drive_base_msgsConfig.cmake
[6.003s] -- Up-to-date: /home/ubuntu/ros2_ws/install/drive_base_msgs/share/drive_base_msgs/cmake/drive_base_msgsConfig-version.cmake
[6.004s] -- Up-to-date: /home/ubuntu/ros2_ws/install/drive_base_msgs/share/drive_base_msgs/package.xml
[6.035s] Invoked command in '/home/ubuntu/ros2_ws/build/drive_base_msgs' returned '0': CMAKE_PREFIX_PATH=${CMAKE_PREFIX_PATH}:/home/ubuntu/ros2_ws/install/odom_builder:/home/ubuntu/ros2_ws/install/motor_control:/home/ubuntu/ros2_ws/install/cart_start:/opt/ros/foxy /usr/bin/cmake --install /home/ubuntu/ros2_ws/build/drive_base_msgs
