[7.230s] Invoking command in '/home/ubuntu/ros2_ws/src/smooth_drive': PYTHONPATH=/home/ubuntu/ros2_ws/install/smooth_drive/lib/python3.8/site-packages:${PYTHONPATH} /usr/bin/python3 setup.py egg_info --egg-base ../../build/smooth_drive build --build-base /home/ubuntu/ros2_ws/build/smooth_drive/build install --prefix /home/ubuntu/ros2_ws/install/smooth_drive --record /home/ubuntu/ros2_ws/build/smooth_drive/install.log --single-version-externally-managed
[9.303s] running egg_info
[9.308s] writing ../../build/smooth_drive/smooth_drive.egg-info/PKG-INFO
[9.310s] writing dependency_links to ../../build/smooth_drive/smooth_drive.egg-info/dependency_links.txt
[9.312s] writing entry points to ../../build/smooth_drive/smooth_drive.egg-info/entry_points.txt
[9.314s] writing requirements to ../../build/smooth_drive/smooth_drive.egg-info/requires.txt
[9.315s] writing top-level names to ../../build/smooth_drive/smooth_drive.egg-info/top_level.txt
[9.503s] reading manifest file '../../build/smooth_drive/smooth_drive.egg-info/SOURCES.txt'
[9.509s] writing manifest file '../../build/smooth_drive/smooth_drive.egg-info/SOURCES.txt'
[9.509s] running build
[9.510s] running build_py
[9.511s] running install
[9.514s] running install_lib
[9.520s] running install_data
[9.522s] running install_egg_info
[9.529s] removing '/home/ubuntu/ros2_ws/install/smooth_drive/lib/python3.8/site-packages/smooth_drive-0.0.0-py3.8.egg-info' (and everything under it)
[9.531s] Copying ../../build/smooth_drive/smooth_drive.egg-info to /home/ubuntu/ros2_ws/install/smooth_drive/lib/python3.8/site-packages/smooth_drive-0.0.0-py3.8.egg-info
[9.537s] running install_scripts
[9.605s] Installing smooth_drive script to /home/ubuntu/ros2_ws/install/smooth_drive/lib/smooth_drive
[9.606s] writing list of installed files to '/home/ubuntu/ros2_ws/build/smooth_drive/install.log'
[9.708s] Invoked command in '/home/ubuntu/ros2_ws/src/smooth_drive' returned '0': PYTHONPATH=/home/ubuntu/ros2_ws/install/smooth_drive/lib/python3.8/site-packages:${PYTHONPATH} /usr/bin/python3 setup.py egg_info --egg-base ../../build/smooth_drive build --build-base /home/ubuntu/ros2_ws/build/smooth_drive/build install --prefix /home/ubuntu/ros2_ws/install/smooth_drive --record /home/ubuntu/ros2_ws/build/smooth_drive/install.log --single-version-externally-managed
