[5.092s] Invoking command in '/home/ubuntu/ros2_ws/src/smooth_drive': PYTHONPATH=/home/ubuntu/ros2_ws/install/smooth_drive/lib/python3.8/site-packages:${PYTHONPATH} /usr/bin/python3 setup.py egg_info --egg-base ../../build/smooth_drive build --build-base /home/ubuntu/ros2_ws/build/smooth_drive/build install --prefix /home/ubuntu/ros2_ws/install/smooth_drive --record /home/ubuntu/ros2_ws/build/smooth_drive/install.log --single-version-externally-managed
[6.245s] running egg_info
[6.248s] writing ../../build/smooth_drive/smooth_drive.egg-info/PKG-INFO
[6.249s] writing dependency_links to ../../build/smooth_drive/smooth_drive.egg-info/dependency_links.txt
[6.251s] writing entry points to ../../build/smooth_drive/smooth_drive.egg-info/entry_points.txt
[6.253s] writing requirements to ../../build/smooth_drive/smooth_drive.egg-info/requires.txt
[6.254s] writing top-level names to ../../build/smooth_drive/smooth_drive.egg-info/top_level.txt
[6.468s] reading manifest file '../../build/smooth_drive/smooth_drive.egg-info/SOURCES.txt'
[6.482s] writing manifest file '../../build/smooth_drive/smooth_drive.egg-info/SOURCES.txt'
[6.486s] running build
[6.489s] running build_py
[6.494s] copying smooth_drive/pid_control.py -> /home/ubuntu/ros2_ws/build/smooth_drive/build/lib/smooth_drive
[6.498s] running install
[6.503s] running install_lib
[6.507s] copying /home/ubuntu/ros2_ws/build/smooth_drive/build/lib/smooth_drive/pid_control.py -> /home/ubuntu/ros2_ws/install/smooth_drive/lib/python3.8/site-packages/smooth_drive
[6.513s] byte-compiling /home/ubuntu/ros2_ws/install/smooth_drive/lib/python3.8/site-packages/smooth_drive/pid_control.py to pid_control.cpython-38.pyc
[6.529s] running install_data
[6.534s] running install_egg_info
[6.549s] removing '/home/ubuntu/ros2_ws/install/smooth_drive/lib/python3.8/site-packages/smooth_drive-0.0.0-py3.8.egg-info' (and everything under it)
[6.553s] Copying ../../build/smooth_drive/smooth_drive.egg-info to /home/ubuntu/ros2_ws/install/smooth_drive/lib/python3.8/site-packages/smooth_drive-0.0.0-py3.8.egg-info
[6.567s] running install_scripts
[6.725s] Installing smooth_drive script to /home/ubuntu/ros2_ws/install/smooth_drive/lib/smooth_drive
[6.728s] writing list of installed files to '/home/ubuntu/ros2_ws/build/smooth_drive/install.log'
[6.886s] Invoked command in '/home/ubuntu/ros2_ws/src/smooth_drive' returned '0': PYTHONPATH=/home/ubuntu/ros2_ws/install/smooth_drive/lib/python3.8/site-packages:${PYTHONPATH} /usr/bin/python3 setup.py egg_info --egg-base ../../build/smooth_drive build --build-base /home/ubuntu/ros2_ws/build/smooth_drive/build install --prefix /home/ubuntu/ros2_ws/install/smooth_drive --record /home/ubuntu/ros2_ws/build/smooth_drive/install.log --single-version-externally-managed
