[0.052s] Invoking command in '/home/ubuntu/ros2_ws/build/ps_ros2_common': CMAKE_PREFIX_PATH=${CMAKE_PREFIX_PATH}:/opt/ros/foxy /usr/bin/cmake --build /home/ubuntu/ros2_ws/build/ps_ros2_common -- -j4 -l4
[0.319s] [100%] Built target joy_test
[0.357s] Invoked command in '/home/ubuntu/ros2_ws/build/ps_ros2_common' returned '0': CMAKE_PREFIX_PATH=${CMAKE_PREFIX_PATH}:/opt/ros/foxy /usr/bin/cmake --build /home/ubuntu/ros2_ws/build/ps_ros2_common -- -j4 -l4
[0.511s] Invoking command in '/home/ubuntu/ros2_ws/build/ps_ros2_common': CMAKE_PREFIX_PATH=${CMAKE_PREFIX_PATH}:/opt/ros/foxy /usr/bin/cmake --install /home/ubuntu/ros2_ws/build/ps_ros2_common
[0.543s] -- Install configuration: ""
[0.544s] -- Up-to-date: /home/ubuntu/ros2_ws/install/ps_ros2_common/lib/ps_ros2_common/joy_test
[0.545s] -- Up-to-date: /home/ubuntu/ros2_ws/install/ps_ros2_common/share/ps_ros2_common/launch
[0.546s] -- Up-to-date: /home/ubuntu/ros2_ws/install/ps_ros2_common/share/ps_ros2_common/launch/.test.launch.py.swp
[0.546s] -- Up-to-date: /home/ubuntu/ros2_ws/install/ps_ros2_common/share/ps_ros2_common/launch/test.launch.py
[0.546s] -- Up-to-date: /home/ubuntu/ros2_ws/install/ps_ros2_common/share/ament_index/resource_index/package_run_dependencies/ps_ros2_common
[0.547s] -- Up-to-date: /home/ubuntu/ros2_ws/install/ps_ros2_common/share/ament_index/resource_index/parent_prefix_path/ps_ros2_common
[0.547s] -- Up-to-date: /home/ubuntu/ros2_ws/install/ps_ros2_common/share/ps_ros2_common/environment/ament_prefix_path.sh
[0.548s] -- Up-to-date: /home/ubuntu/ros2_ws/install/ps_ros2_common/share/ps_ros2_common/environment/ament_prefix_path.dsv
[0.548s] -- Up-to-date: /home/ubuntu/ros2_ws/install/ps_ros2_common/share/ps_ros2_common/environment/path.sh
[0.549s] -- Up-to-date: /home/ubuntu/ros2_ws/install/ps_ros2_common/share/ps_ros2_common/environment/path.dsv
[0.549s] -- Up-to-date: /home/ubuntu/ros2_ws/install/ps_ros2_common/share/ps_ros2_common/local_setup.bash
[0.550s] -- Up-to-date: /home/ubuntu/ros2_ws/install/ps_ros2_common/share/ps_ros2_common/local_setup.sh
[0.550s] -- Up-to-date: /home/ubuntu/ros2_ws/install/ps_ros2_common/share/ps_ros2_common/local_setup.zsh
[0.550s] -- Up-to-date: /home/ubuntu/ros2_ws/install/ps_ros2_common/share/ps_ros2_common/local_setup.dsv
[0.551s] -- Installing: /home/ubuntu/ros2_ws/install/ps_ros2_common/share/ps_ros2_common/package.dsv
[0.552s] -- Up-to-date: /home/ubuntu/ros2_ws/install/ps_ros2_common/share/ament_index/resource_index/packages/ps_ros2_common
[0.552s] -- Up-to-date: /home/ubuntu/ros2_ws/install/ps_ros2_common/share/ps_ros2_common/cmake/ps_ros2_commonConfig.cmake
[0.552s] -- Up-to-date: /home/ubuntu/ros2_ws/install/ps_ros2_common/share/ps_ros2_common/cmake/ps_ros2_commonConfig-version.cmake
[0.553s] -- Up-to-date: /home/ubuntu/ros2_ws/install/ps_ros2_common/share/ps_ros2_common/package.xml
[0.559s] Invoked command in '/home/ubuntu/ros2_ws/build/ps_ros2_common' returned '0': CMAKE_PREFIX_PATH=${CMAKE_PREFIX_PATH}:/opt/ros/foxy /usr/bin/cmake --install /home/ubuntu/ros2_ws/build/ps_ros2_common
