[2.748s] Invoking command in '/home/ubuntu/ros2_ws/src/smooth_drive': PYTHONPATH=/home/ubuntu/ros2_ws/install/smooth_drive/lib/python3.8/site-packages:${PYTHONPATH} /usr/bin/python3 setup.py egg_info --egg-base ../../build/smooth_drive build --build-base /home/ubuntu/ros2_ws/build/smooth_drive/build install --prefix /home/ubuntu/ros2_ws/install/smooth_drive --record /home/ubuntu/ros2_ws/build/smooth_drive/install.log --single-version-externally-managed
[3.687s] running egg_info
[3.690s] writing ../../build/smooth_drive/smooth_drive.egg-info/PKG-INFO
[3.691s] writing dependency_links to ../../build/smooth_drive/smooth_drive.egg-info/dependency_links.txt
[3.691s] writing entry points to ../../build/smooth_drive/smooth_drive.egg-info/entry_points.txt
[3.692s] writing requirements to ../../build/smooth_drive/smooth_drive.egg-info/requires.txt
[3.693s] writing top-level names to ../../build/smooth_drive/smooth_drive.egg-info/top_level.txt
[4.039s] reading manifest file '../../build/smooth_drive/smooth_drive.egg-info/SOURCES.txt'
[4.048s] writing manifest file '../../build/smooth_drive/smooth_drive.egg-info/SOURCES.txt'
[4.049s] running build
[4.051s] running build_py
[4.052s] copying smooth_drive/pid_control.py -> /home/ubuntu/ros2_ws/build/smooth_drive/build/lib/smooth_drive
[4.054s] running install
[4.061s] running install_lib
[4.070s] copying /home/ubuntu/ros2_ws/build/smooth_drive/build/lib/smooth_drive/pid_control.py -> /home/ubuntu/ros2_ws/install/smooth_drive/lib/python3.8/site-packages/smooth_drive
[4.077s] byte-compiling /home/ubuntu/ros2_ws/install/smooth_drive/lib/python3.8/site-packages/smooth_drive/pid_control.py to pid_control.cpython-38.pyc
[4.093s] running install_data
[4.098s] running install_egg_info
[4.111s] removing '/home/ubuntu/ros2_ws/install/smooth_drive/lib/python3.8/site-packages/smooth_drive-0.0.0-py3.8.egg-info' (and everything under it)
[4.115s] Copying ../../build/smooth_drive/smooth_drive.egg-info to /home/ubuntu/ros2_ws/install/smooth_drive/lib/python3.8/site-packages/smooth_drive-0.0.0-py3.8.egg-info
[4.129s] running install_scripts
[4.282s] Installing smooth_drive script to /home/ubuntu/ros2_ws/install/smooth_drive/lib/smooth_drive
[4.286s] writing list of installed files to '/home/ubuntu/ros2_ws/build/smooth_drive/install.log'
[4.452s] Invoked command in '/home/ubuntu/ros2_ws/src/smooth_drive' returned '0': PYTHONPATH=/home/ubuntu/ros2_ws/install/smooth_drive/lib/python3.8/site-packages:${PYTHONPATH} /usr/bin/python3 setup.py egg_info --egg-base ../../build/smooth_drive build --build-base /home/ubuntu/ros2_ws/build/smooth_drive/build install --prefix /home/ubuntu/ros2_ws/install/smooth_drive --record /home/ubuntu/ros2_ws/build/smooth_drive/install.log --single-version-externally-managed
