[4.235s] Invoking command in '/home/ubuntu/ros2_ws/src/motor_control': PYTHONPATH=/home/ubuntu/ros2_ws/src/install/motor_control/lib/python3.8/site-packages:${PYTHONPATH} /usr/bin/python3 setup.py egg_info --egg-base ../build/motor_control build --build-base /home/ubuntu/ros2_ws/src/build/motor_control/build install --prefix /home/ubuntu/ros2_ws/src/install/motor_control --record /home/ubuntu/ros2_ws/src/build/motor_control/install.log --single-version-externally-managed
[5.209s] running egg_info
[5.211s] writing ../build/motor_control/motor_control.egg-info/PKG-INFO
[5.212s] writing dependency_links to ../build/motor_control/motor_control.egg-info/dependency_links.txt
[5.213s] writing entry points to ../build/motor_control/motor_control.egg-info/entry_points.txt
[5.215s] writing requirements to ../build/motor_control/motor_control.egg-info/requires.txt
[5.216s] writing top-level names to ../build/motor_control/motor_control.egg-info/top_level.txt
[5.369s] reading manifest file '../build/motor_control/motor_control.egg-info/SOURCES.txt'
[5.373s] writing manifest file '../build/motor_control/motor_control.egg-info/SOURCES.txt'
[5.374s] running build
[5.375s] running build_py
[5.376s] running install
[5.379s] running install_lib
[5.385s] running install_data
[5.388s] running install_egg_info
[5.396s] removing '/home/ubuntu/ros2_ws/src/install/motor_control/lib/python3.8/site-packages/motor_control-0.0.0-py3.8.egg-info' (and everything under it)
[5.398s] Copying ../build/motor_control/motor_control.egg-info to /home/ubuntu/ros2_ws/src/install/motor_control/lib/python3.8/site-packages/motor_control-0.0.0-py3.8.egg-info
[5.406s] running install_scripts
[5.504s] Installing listener script to /home/ubuntu/ros2_ws/src/install/motor_control/lib/motor_control
[5.506s] writing list of installed files to '/home/ubuntu/ros2_ws/src/build/motor_control/install.log'
