[4.362s] Invoking command in '/home/ubuntu/ros2_ws/src/motor_control': PYTHONPATH=/home/ubuntu/ros2_ws/install/motor_control/lib/python3.8/site-packages:${PYTHONPATH} /usr/bin/python3 setup.py egg_info --egg-base ../../build/motor_control build --build-base /home/ubuntu/ros2_ws/build/motor_control/build install --prefix /home/ubuntu/ros2_ws/install/motor_control --record /home/ubuntu/ros2_ws/build/motor_control/install.log --single-version-externally-managed
[5.388s] running egg_info
[5.391s] writing ../../build/motor_control/motor_control.egg-info/PKG-INFO
[5.392s] writing dependency_links to ../../build/motor_control/motor_control.egg-info/dependency_links.txt
[5.392s] writing entry points to ../../build/motor_control/motor_control.egg-info/entry_points.txt
[5.393s] writing requirements to ../../build/motor_control/motor_control.egg-info/requires.txt
[5.394s] writing top-level names to ../../build/motor_control/motor_control.egg-info/top_level.txt
[5.558s] reading manifest file '../../build/motor_control/motor_control.egg-info/SOURCES.txt'
[5.596s] writing manifest file '../../build/motor_control/motor_control.egg-info/SOURCES.txt'
[5.622s] running build
[5.623s] running build_py
[5.624s] copying motor_control/motor_sub.py -> /home/ubuntu/ros2_ws/build/motor_control/build/lib/motor_control
[5.626s] running install
[5.631s] running install_lib
[5.636s] copying /home/ubuntu/ros2_ws/build/motor_control/build/lib/motor_control/motor_sub.py -> /home/ubuntu/ros2_ws/install/motor_control/lib/python3.8/site-packages/motor_control
[5.639s] byte-compiling /home/ubuntu/ros2_ws/install/motor_control/lib/python3.8/site-packages/motor_control/motor_sub.py to motor_sub.cpython-38.pyc
[5.654s] running install_data
[5.657s] running install_egg_info
[5.665s] removing '/home/ubuntu/ros2_ws/install/motor_control/lib/python3.8/site-packages/motor_control-0.0.0-py3.8.egg-info' (and everything under it)
[5.667s] Copying ../../build/motor_control/motor_control.egg-info to /home/ubuntu/ros2_ws/install/motor_control/lib/python3.8/site-packages/motor_control-0.0.0-py3.8.egg-info
[5.768s] running install_scripts
[5.839s] Installing listener script to /home/ubuntu/ros2_ws/install/motor_control/lib/motor_control
[5.841s] writing list of installed files to '/home/ubuntu/ros2_ws/build/motor_control/install.log'
[5.943s] Invoked command in '/home/ubuntu/ros2_ws/src/motor_control' returned '0': PYTHONPATH=/home/ubuntu/ros2_ws/install/motor_control/lib/python3.8/site-packages:${PYTHONPATH} /usr/bin/python3 setup.py egg_info --egg-base ../../build/motor_control build --build-base /home/ubuntu/ros2_ws/build/motor_control/build install --prefix /home/ubuntu/ros2_ws/install/motor_control --record /home/ubuntu/ros2_ws/build/motor_control/install.log --single-version-externally-managed
