[8.167s] Invoking command in '/home/ubuntu/ros2_ws/src/odom_builder': PYTHONPATH=/home/ubuntu/ros2_ws/install/odom_builder/lib/python3.8/site-packages:${PYTHONPATH} /usr/bin/python3 setup.py egg_info --egg-base ../../build/odom_builder build --build-base /home/ubuntu/ros2_ws/build/odom_builder/build install --prefix /home/ubuntu/ros2_ws/install/odom_builder --record /home/ubuntu/ros2_ws/build/odom_builder/install.log --single-version-externally-managed
[11.408s] running egg_info
[11.411s] writing ../../build/odom_builder/odom_builder.egg-info/PKG-INFO
[11.414s] writing dependency_links to ../../build/odom_builder/odom_builder.egg-info/dependency_links.txt
[11.420s] writing entry points to ../../build/odom_builder/odom_builder.egg-info/entry_points.txt
[11.421s] writing requirements to ../../build/odom_builder/odom_builder.egg-info/requires.txt
[11.423s] writing top-level names to ../../build/odom_builder/odom_builder.egg-info/top_level.txt
[11.803s] reading manifest file '../../build/odom_builder/odom_builder.egg-info/SOURCES.txt'
[11.808s] writing manifest file '../../build/odom_builder/odom_builder.egg-info/SOURCES.txt'
[11.809s] running build
[11.810s] running build_py
[11.811s] copying odom_builder/odometry_pub.py -> /home/ubuntu/ros2_ws/build/odom_builder/build/lib/odom_builder
[11.812s] running install
[11.816s] running install_lib
[11.822s] copying /home/ubuntu/ros2_ws/build/odom_builder/build/lib/odom_builder/odometry_pub.py -> /home/ubuntu/ros2_ws/install/odom_builder/lib/python3.8/site-packages/odom_builder
[11.825s] byte-compiling /home/ubuntu/ros2_ws/install/odom_builder/lib/python3.8/site-packages/odom_builder/odometry_pub.py to odometry_pub.cpython-38.pyc
[11.833s] running install_data
[11.836s] running install_egg_info
[11.844s] removing '/home/ubuntu/ros2_ws/install/odom_builder/lib/python3.8/site-packages/odom_builder-0.0.0-py3.8.egg-info' (and everything under it)
[11.846s] Copying ../../build/odom_builder/odom_builder.egg-info to /home/ubuntu/ros2_ws/install/odom_builder/lib/python3.8/site-packages/odom_builder-0.0.0-py3.8.egg-info
[11.853s] running install_scripts
[11.979s] Installing odo_pub script to /home/ubuntu/ros2_ws/install/odom_builder/lib/odom_builder
[11.983s] writing list of installed files to '/home/ubuntu/ros2_ws/build/odom_builder/install.log'
[12.165s] Invoked command in '/home/ubuntu/ros2_ws/src/odom_builder' returned '0': PYTHONPATH=/home/ubuntu/ros2_ws/install/odom_builder/lib/python3.8/site-packages:${PYTHONPATH} /usr/bin/python3 setup.py egg_info --egg-base ../../build/odom_builder build --build-base /home/ubuntu/ros2_ws/build/odom_builder/build install --prefix /home/ubuntu/ros2_ws/install/odom_builder --record /home/ubuntu/ros2_ws/build/odom_builder/install.log --single-version-externally-managed
