[4.422s] Invoking command in '/home/ubuntu/ros2_ws/src/motor_control': PYTHONPATH=/home/ubuntu/ros2_ws/install/motor_control/lib/python3.8/site-packages:${PYTHONPATH} /usr/bin/python3 setup.py egg_info --egg-base ../../build/motor_control build --build-base /home/ubuntu/ros2_ws/build/motor_control/build install --prefix /home/ubuntu/ros2_ws/install/motor_control --record /home/ubuntu/ros2_ws/build/motor_control/install.log --single-version-externally-managed
[5.444s] running egg_info
[5.446s] writing ../../build/motor_control/motor_control.egg-info/PKG-INFO
[5.447s] writing dependency_links to ../../build/motor_control/motor_control.egg-info/dependency_links.txt
[5.448s] writing entry points to ../../build/motor_control/motor_control.egg-info/entry_points.txt
[5.449s] writing requirements to ../../build/motor_control/motor_control.egg-info/requires.txt
[5.450s] writing top-level names to ../../build/motor_control/motor_control.egg-info/top_level.txt
[5.601s] reading manifest file '../../build/motor_control/motor_control.egg-info/SOURCES.txt'
[5.606s] writing manifest file '../../build/motor_control/motor_control.egg-info/SOURCES.txt'
[5.607s] running build
[5.607s] running build_py
[5.608s] running install
[5.612s] running install_lib
[5.618s] running install_data
[5.621s] running install_egg_info
[5.628s] removing '/home/ubuntu/ros2_ws/install/motor_control/lib/python3.8/site-packages/motor_control-0.0.0-py3.8.egg-info' (and everything under it)
[5.630s] Copying ../../build/motor_control/motor_control.egg-info to /home/ubuntu/ros2_ws/install/motor_control/lib/python3.8/site-packages/motor_control-0.0.0-py3.8.egg-info
[5.638s] running install_scripts
[5.737s] Installing listener script to /home/ubuntu/ros2_ws/install/motor_control/lib/motor_control
[5.739s] writing list of installed files to '/home/ubuntu/ros2_ws/build/motor_control/install.log'
[5.860s] Invoked command in '/home/ubuntu/ros2_ws/src/motor_control' returned '0': PYTHONPATH=/home/ubuntu/ros2_ws/install/motor_control/lib/python3.8/site-packages:${PYTHONPATH} /usr/bin/python3 setup.py egg_info --egg-base ../../build/motor_control build --build-base /home/ubuntu/ros2_ws/build/motor_control/build install --prefix /home/ubuntu/ros2_ws/install/motor_control --record /home/ubuntu/ros2_ws/build/motor_control/install.log --single-version-externally-managed
