[5.939s] Invoking command in '/home/ubuntu/ros2_ws/src/cart_start': PYTHONPATH=/home/ubuntu/ros2_ws/install/cart_start/lib/python3.8/site-packages:${PYTHONPATH} /usr/bin/python3 setup.py egg_info --egg-base ../../build/cart_start build --build-base /home/ubuntu/ros2_ws/build/cart_start/build install --prefix /home/ubuntu/ros2_ws/install/cart_start --record /home/ubuntu/ros2_ws/build/cart_start/install.log --single-version-externally-managed
[7.089s] running egg_info
[7.094s] writing ../../build/cart_start/cart_start.egg-info/PKG-INFO
[7.096s] writing dependency_links to ../../build/cart_start/cart_start.egg-info/dependency_links.txt
[7.099s] writing entry points to ../../build/cart_start/cart_start.egg-info/entry_points.txt
[7.101s] writing requirements to ../../build/cart_start/cart_start.egg-info/requires.txt
[7.103s] writing top-level names to ../../build/cart_start/cart_start.egg-info/top_level.txt
[7.268s] reading manifest file '../../build/cart_start/cart_start.egg-info/SOURCES.txt'
[7.284s] writing manifest file '../../build/cart_start/cart_start.egg-info/SOURCES.txt'
[7.288s] running build
[7.290s] running build_py
[7.292s] running install
[7.298s] running install_lib
[7.305s] running install_data
[7.306s] running install_egg_info
[7.316s] removing '/home/ubuntu/ros2_ws/install/cart_start/lib/python3.8/site-packages/cart_start-0.0.0-py3.8.egg-info' (and everything under it)
[7.320s] Copying ../../build/cart_start/cart_start.egg-info to /home/ubuntu/ros2_ws/install/cart_start/lib/python3.8/site-packages/cart_start-0.0.0-py3.8.egg-info
[7.324s] running install_scripts
[7.430s] writing list of installed files to '/home/ubuntu/ros2_ws/build/cart_start/install.log'
[7.693s] Invoked command in '/home/ubuntu/ros2_ws/src/cart_start' returned '0': PYTHONPATH=/home/ubuntu/ros2_ws/install/cart_start/lib/python3.8/site-packages:${PYTHONPATH} /usr/bin/python3 setup.py egg_info --egg-base ../../build/cart_start build --build-base /home/ubuntu/ros2_ws/build/cart_start/build install --prefix /home/ubuntu/ros2_ws/install/cart_start --record /home/ubuntu/ros2_ws/build/cart_start/install.log --single-version-externally-managed
