[0.077s] Invoking command in '/home/ubuntu/ros2_ws/src/build/wilie_bringup': AMENT_PREFIX_PATH=/home/ubuntu/ros2_ws/src/install/motor_control:${AMENT_PREFIX_PATH} CMAKE_PREFIX_PATH=/opt/ros/foxy PYTHONPATH=/home/ubuntu/ros2_ws/src/install/motor_control/lib/python3.8/site-packages:${PYTHONPATH} /usr/bin/cmake --build /home/ubuntu/ros2_ws/src/build/wilie_bringup -- -j4 -l4
[0.237s] Invoked command in '/home/ubuntu/ros2_ws/src/build/wilie_bringup' returned '0': AMENT_PREFIX_PATH=/home/ubuntu/ros2_ws/src/install/motor_control:${AMENT_PREFIX_PATH} CMAKE_PREFIX_PATH=/opt/ros/foxy PYTHONPATH=/home/ubuntu/ros2_ws/src/install/motor_control/lib/python3.8/site-packages:${PYTHONPATH} /usr/bin/cmake --build /home/ubuntu/ros2_ws/src/build/wilie_bringup -- -j4 -l4
[0.353s] Invoking command in '/home/ubuntu/ros2_ws/src/build/wilie_bringup': AMENT_PREFIX_PATH=/home/ubuntu/ros2_ws/src/install/motor_control:${AMENT_PREFIX_PATH} CMAKE_PREFIX_PATH=/opt/ros/foxy PYTHONPATH=/home/ubuntu/ros2_ws/src/install/motor_control/lib/python3.8/site-packages:${PYTHONPATH} /usr/bin/cmake --install /home/ubuntu/ros2_ws/src/build/wilie_bringup
[0.389s] -- Install configuration: ""
[0.389s] -- Up-to-date: /home/ubuntu/ros2_ws/src/install/wilie_bringup/share/ament_index/resource_index/package_run_dependencies/wilie_bringup
[0.390s] -- Up-to-date: /home/ubuntu/ros2_ws/src/install/wilie_bringup/share/ament_index/resource_index/parent_prefix_path/wilie_bringup
[0.391s] -- Up-to-date: /home/ubuntu/ros2_ws/src/install/wilie_bringup/share/wilie_bringup/environment/ament_prefix_path.sh
[0.391s] -- Up-to-date: /home/ubuntu/ros2_ws/src/install/wilie_bringup/share/wilie_bringup/environment/ament_prefix_path.dsv
[0.392s] -- Up-to-date: /home/ubuntu/ros2_ws/src/install/wilie_bringup/share/wilie_bringup/environment/path.sh
[0.392s] -- Up-to-date: /home/ubuntu/ros2_ws/src/install/wilie_bringup/share/wilie_bringup/environment/path.dsv
[0.393s] -- Up-to-date: /home/ubuntu/ros2_ws/src/install/wilie_bringup/share/wilie_bringup/local_setup.bash
[0.393s] -- Up-to-date: /home/ubuntu/ros2_ws/src/install/wilie_bringup/share/wilie_bringup/local_setup.sh
[0.394s] -- Up-to-date: /home/ubuntu/ros2_ws/src/install/wilie_bringup/share/wilie_bringup/local_setup.zsh
[0.394s] -- Up-to-date: /home/ubuntu/ros2_ws/src/install/wilie_bringup/share/wilie_bringup/local_setup.dsv
[0.395s] -- Up-to-date: /home/ubuntu/ros2_ws/src/install/wilie_bringup/share/wilie_bringup/package.dsv
[0.396s] -- Up-to-date: /home/ubuntu/ros2_ws/src/install/wilie_bringup/share/ament_index/resource_index/packages/wilie_bringup
[0.396s] -- Up-to-date: /home/ubuntu/ros2_ws/src/install/wilie_bringup/share/wilie_bringup/cmake/wilie_bringupConfig.cmake
[0.397s] -- Up-to-date: /home/ubuntu/ros2_ws/src/install/wilie_bringup/share/wilie_bringup/cmake/wilie_bringupConfig-version.cmake
[0.398s] -- Up-to-date: /home/ubuntu/ros2_ws/src/install/wilie_bringup/share/wilie_bringup/package.xml
[0.405s] Invoked command in '/home/ubuntu/ros2_ws/src/build/wilie_bringup' returned '0': AMENT_PREFIX_PATH=/home/ubuntu/ros2_ws/src/install/motor_control:${AMENT_PREFIX_PATH} CMAKE_PREFIX_PATH=/opt/ros/foxy PYTHONPATH=/home/ubuntu/ros2_ws/src/install/motor_control/lib/python3.8/site-packages:${PYTHONPATH} /usr/bin/cmake --install /home/ubuntu/ros2_ws/src/build/wilie_bringup
