[10.920s] Invoking command in '/home/ubuntu/ros2_ws/src/motor_control': PYTHONPATH=/home/ubuntu/ros2_ws/install/motor_control/lib/python3.8/site-packages:${PYTHONPATH} /usr/bin/python3 setup.py egg_info --egg-base ../../build/motor_control build --build-base /home/ubuntu/ros2_ws/build/motor_control/build install --prefix /home/ubuntu/ros2_ws/install/motor_control --record /home/ubuntu/ros2_ws/build/motor_control/install.log --single-version-externally-managed
[13.498s] running egg_info
[13.508s] writing ../../build/motor_control/motor_control.egg-info/PKG-INFO
[13.517s] writing dependency_links to ../../build/motor_control/motor_control.egg-info/dependency_links.txt
[13.525s] writing entry points to ../../build/motor_control/motor_control.egg-info/entry_points.txt
[13.530s] writing requirements to ../../build/motor_control/motor_control.egg-info/requires.txt
[13.535s] writing top-level names to ../../build/motor_control/motor_control.egg-info/top_level.txt
[14.005s] reading manifest file '../../build/motor_control/motor_control.egg-info/SOURCES.txt'
[14.028s] writing manifest file '../../build/motor_control/motor_control.egg-info/SOURCES.txt'
[14.032s] running build
[14.035s] running build_py
[14.038s] copying motor_control/motor_sub.py -> /home/ubuntu/ros2_ws/build/motor_control/build/lib/motor_control
[14.049s] running install
[14.052s] running install_lib
[14.056s] copying /home/ubuntu/ros2_ws/build/motor_control/build/lib/motor_control/motor_sub.py -> /home/ubuntu/ros2_ws/install/motor_control/lib/python3.8/site-packages/motor_control
[14.066s] byte-compiling /home/ubuntu/ros2_ws/install/motor_control/lib/python3.8/site-packages/motor_control/motor_sub.py to motor_sub.cpython-38.pyc
[14.100s] running install_data
[14.106s] running install_egg_info
[14.122s] removing '/home/ubuntu/ros2_ws/install/motor_control/lib/python3.8/site-packages/motor_control-0.0.0-py3.8.egg-info' (and everything under it)
[14.134s] Copying ../../build/motor_control/motor_control.egg-info to /home/ubuntu/ros2_ws/install/motor_control/lib/python3.8/site-packages/motor_control-0.0.0-py3.8.egg-info
[14.166s] running install_scripts
[14.364s] Installing listener script to /home/ubuntu/ros2_ws/install/motor_control/lib/motor_control
[14.367s] writing list of installed files to '/home/ubuntu/ros2_ws/build/motor_control/install.log'
[14.679s] Invoked command in '/home/ubuntu/ros2_ws/src/motor_control' returned '0': PYTHONPATH=/home/ubuntu/ros2_ws/install/motor_control/lib/python3.8/site-packages:${PYTHONPATH} /usr/bin/python3 setup.py egg_info --egg-base ../../build/motor_control build --build-base /home/ubuntu/ros2_ws/build/motor_control/build install --prefix /home/ubuntu/ros2_ws/install/motor_control --record /home/ubuntu/ros2_ws/build/motor_control/install.log --single-version-externally-managed
