[3.196s] Invoking command in '/home/ubuntu/ros2_ws/src/motor_control': PYTHONPATH=/home/ubuntu/ros2_ws/install/motor_control/lib/python3.8/site-packages:${PYTHONPATH} /usr/bin/python3 setup.py egg_info --egg-base ../../build/motor_control build --build-base /home/ubuntu/ros2_ws/build/motor_control/build install --prefix /home/ubuntu/ros2_ws/install/motor_control --record /home/ubuntu/ros2_ws/build/motor_control/install.log --single-version-externally-managed
[4.044s] running egg_info
[4.047s] writing ../../build/motor_control/motor_control.egg-info/PKG-INFO
[4.048s] writing dependency_links to ../../build/motor_control/motor_control.egg-info/dependency_links.txt
[4.049s] writing entry points to ../../build/motor_control/motor_control.egg-info/entry_points.txt
[4.050s] writing requirements to ../../build/motor_control/motor_control.egg-info/requires.txt
[4.051s] writing top-level names to ../../build/motor_control/motor_control.egg-info/top_level.txt
[4.224s] reading manifest file '../../build/motor_control/motor_control.egg-info/SOURCES.txt'
[4.229s] writing manifest file '../../build/motor_control/motor_control.egg-info/SOURCES.txt'
[4.230s] running build
[4.231s] running build_py
[4.231s] copying motor_control/motor_sub.py -> /home/ubuntu/ros2_ws/build/motor_control/build/lib/motor_control
[4.232s] running install
[4.235s] running install_lib
[4.240s] copying /home/ubuntu/ros2_ws/build/motor_control/build/lib/motor_control/motor_sub.py -> /home/ubuntu/ros2_ws/install/motor_control/lib/python3.8/site-packages/motor_control
[4.243s] byte-compiling /home/ubuntu/ros2_ws/install/motor_control/lib/python3.8/site-packages/motor_control/motor_sub.py to motor_sub.cpython-38.pyc
[4.251s] running install_data
[4.253s] running install_egg_info
[4.260s] removing '/home/ubuntu/ros2_ws/install/motor_control/lib/python3.8/site-packages/motor_control-0.0.0-py3.8.egg-info' (and everything under it)
[4.262s] Copying ../../build/motor_control/motor_control.egg-info to /home/ubuntu/ros2_ws/install/motor_control/lib/python3.8/site-packages/motor_control-0.0.0-py3.8.egg-info
[4.270s] running install_scripts
[4.342s] Installing listener script to /home/ubuntu/ros2_ws/install/motor_control/lib/motor_control
[4.344s] writing list of installed files to '/home/ubuntu/ros2_ws/build/motor_control/install.log'
[4.476s] Invoked command in '/home/ubuntu/ros2_ws/src/motor_control' returned '0': PYTHONPATH=/home/ubuntu/ros2_ws/install/motor_control/lib/python3.8/site-packages:${PYTHONPATH} /usr/bin/python3 setup.py egg_info --egg-base ../../build/motor_control build --build-base /home/ubuntu/ros2_ws/build/motor_control/build install --prefix /home/ubuntu/ros2_ws/install/motor_control --record /home/ubuntu/ros2_ws/build/motor_control/install.log --single-version-externally-managed
