[0.273s] Invoking command in '/home/ubuntu/ros2_ws/build/micro_ros_setup': CMAKE_PREFIX_PATH=/opt/ros/foxy /usr/bin/cmake --build /home/ubuntu/ros2_ws/build/micro_ros_setup -- -j4 -l4
[2.697s] Invoked command in '/home/ubuntu/ros2_ws/build/micro_ros_setup' returned '0': CMAKE_PREFIX_PATH=/opt/ros/foxy /usr/bin/cmake --build /home/ubuntu/ros2_ws/build/micro_ros_setup -- -j4 -l4
[2.971s] Invoking command in '/home/ubuntu/ros2_ws/build/micro_ros_setup': CMAKE_PREFIX_PATH=/opt/ros/foxy /usr/bin/cmake --install /home/ubuntu/ros2_ws/build/micro_ros_setup
[3.253s] -- Install configuration: ""
[3.255s] -- Up-to-date: /home/ubuntu/ros2_ws/install/micro_ros_setup/share/ament_index/resource_index/package_run_dependencies/micro_ros_setup
[3.256s] -- Up-to-date: /home/ubuntu/ros2_ws/install/micro_ros_setup/share/ament_index/resource_index/parent_prefix_path/micro_ros_setup
[3.258s] -- Up-to-date: /home/ubuntu/ros2_ws/install/micro_ros_setup/share/micro_ros_setup/environment/ament_prefix_path.sh
[3.259s] -- Up-to-date: /home/ubuntu/ros2_ws/install/micro_ros_setup/share/micro_ros_setup/environment/ament_prefix_path.dsv
[3.261s] -- Up-to-date: /home/ubuntu/ros2_ws/install/micro_ros_setup/share/micro_ros_setup/environment/path.sh
[3.262s] -- Up-to-date: /home/ubuntu/ros2_ws/install/micro_ros_setup/share/micro_ros_setup/environment/path.dsv
[3.267s] -- Up-to-date: /home/ubuntu/ros2_ws/install/micro_ros_setup/share/micro_ros_setup/local_setup.bash
[3.279s] -- Up-to-date: /home/ubuntu/ros2_ws/install/micro_ros_setup/share/micro_ros_setup/local_setup.sh
[3.286s] -- Up-to-date: /home/ubuntu/ros2_ws/install/micro_ros_setup/share/micro_ros_setup/local_setup.zsh
[3.288s] -- Up-to-date: /home/ubuntu/ros2_ws/install/micro_ros_setup/share/micro_ros_setup/local_setup.dsv
[3.289s] -- Installing: /home/ubuntu/ros2_ws/install/micro_ros_setup/share/micro_ros_setup/package.dsv
[3.300s] -- Up-to-date: /home/ubuntu/ros2_ws/install/micro_ros_setup/share/ament_index/resource_index/packages/micro_ros_setup
[3.302s] -- Up-to-date: /home/ubuntu/ros2_ws/install/micro_ros_setup/share/micro_ros_setup/cmake/micro_ros_setupConfig.cmake
[3.303s] -- Up-to-date: /home/ubuntu/ros2_ws/install/micro_ros_setup/share/micro_ros_setup/cmake/micro_ros_setupConfig-version.cmake
[3.305s] -- Up-to-date: /home/ubuntu/ros2_ws/install/micro_ros_setup/share/micro_ros_setup/package.xml
[3.307s] -- Up-to-date: /home/ubuntu/ros2_ws/install/micro_ros_setup/./config
[3.309s] -- Up-to-date: /home/ubuntu/ros2_ws/install/micro_ros_setup/./config/agent_uros_packages.repos
[3.310s] -- Up-to-date: /home/ubuntu/ros2_ws/install/micro_ros_setup/./config/client_ros2_packages.txt
[3.312s] -- Up-to-date: /home/ubuntu/ros2_ws/install/micro_ros_setup/./config/host
[3.314s] -- Up-to-date: /home/ubuntu/ros2_ws/install/micro_ros_setup/./config/host/client_ros2_packages.txt
[3.316s] -- Up-to-date: /home/ubuntu/ros2_ws/install/micro_ros_setup/./config/host/dev_uros_packages.repos
[3.319s] -- Up-to-date: /home/ubuntu/ros2_ws/install/micro_ros_setup/./config/host/dev_ros2_packages.txt
[3.321s] -- Up-to-date: /home/ubuntu/ros2_ws/install/micro_ros_setup/./config/host/generic
[3.324s] -- Up-to-date: /home/ubuntu/ros2_ws/install/micro_ros_setup/./config/host/generic/client_host_packages.repos
[3.327s] -- Up-to-date: /home/ubuntu/ros2_ws/install/micro_ros_setup/./config/host/generic/package.xml
[3.330s] -- Up-to-date: /home/ubuntu/ros2_ws/install/micro_ros_setup/./config/host/generic/build.sh
[3.332s] -- Up-to-date: /home/ubuntu/ros2_ws/install/micro_ros_setup/./config/host/generic/flash.sh
[3.335s] -- Up-to-date: /home/ubuntu/ros2_ws/install/micro_ros_setup/./config/host/generic/reset.sh
[3.338s] -- Up-to-date: /home/ubuntu/ros2_ws/install/micro_ros_setup/./config/host/generic/create.sh
[3.340s] -- Up-to-date: /home/ubuntu/ros2_ws/install/micro_ros_setup/./config/host/generic/client-host-colcon.meta
[3.349s] -- Up-to-date: /home/ubuntu/ros2_ws/install/micro_ros_setup/./config/raspbian
[3.352s] -- Up-to-date: /home/ubuntu/ros2_ws/install/micro_ros_setup/./config/raspbian/dev_uros_packages.repos
[3.354s] -- Up-to-date: /home/ubuntu/ros2_ws/install/micro_ros_setup/./config/raspbian/dev_ros2_packages.txt
[3.357s] -- Up-to-date: /home/ubuntu/ros2_ws/install/micro_ros_setup/./config/raspbian/generic
[3.360s] -- Up-to-date: /home/ubuntu/ros2_ws/install/micro_ros_setup/./config/raspbian/generic/configure.sh
[3.363s] -- Up-to-date: /home/ubuntu/ros2_ws/install/micro_ros_setup/./config/raspbian/generic/build.sh
[3.365s] -- Up-to-date: /home/ubuntu/ros2_ws/install/micro_ros_setup/./config/raspbian/generic/flash.sh
[3.368s] -- Up-to-date: /home/ubuntu/ros2_ws/install/micro_ros_setup/./config/raspbian/generic/client_uros_packages.repos
[3.371s] -- Up-to-date: /home/ubuntu/ros2_ws/install/micro_ros_setup/./config/raspbian/generic/supported_platforms
[3.374s] -- Up-to-date: /home/ubuntu/ros2_ws/install/micro_ros_setup/./config/raspbian/generic/client-colcon.meta
[3.376s] -- Up-to-date: /home/ubuntu/ros2_ws/install/micro_ros_setup/./config/raspbian/generic/create.sh
[3.379s] -- Up-to-date: /home/ubuntu/ros2_ws/install/micro_ros_setup/./config/nuttx
[3.381s] -- Up-to-date: /home/ubuntu/ros2_ws/install/micro_ros_setup/./config/nuttx/dev_uros_packages.repos
[3.395s] -- Up-to-date: /home/ubuntu/ros2_ws/install/micro_ros_setup/./config/nuttx/dev_ros2_packages.txt
[3.397s] -- Up-to-date: /home/ubuntu/ros2_ws/install/micro_ros_setup/./config/nuttx/generic
[3.401s] -- Up-to-date: /home/ubuntu/ros2_ws/install/micro_ros_setup/./config/nuttx/generic/uros_packages.repos
[3.404s] -- Up-to-date: /home/ubuntu/ros2_ws/install/micro_ros_setup/./config/nuttx/generic/configure.sh
[3.415s] -- Up-to-date: /home/ubuntu/ros2_ws/install/micro_ros_setup/./config/nuttx/generic/package.xml
[3.420s] -- Up-to-date: /home/ubuntu/ros2_ws/install/micro_ros_setup/./config/nuttx/generic/build.sh
[3.422s] -- Up-to-date: /home/ubuntu/ros2_ws/install/micro_ros_setup/./config/nuttx/generic/flash.sh
[3.425s] -- Up-to-date: /home/ubuntu/ros2_ws/install/micro_ros_setup/./config/nuttx/generic/reset.sh
[3.428s] -- Up-to-date: /home/ubuntu/ros2_ws/install/micro_ros_setup/./config/nuttx/generic/client_uros_packages.repos
[3.431s] -- Up-to-date: /home/ubuntu/ros2_ws/install/micro_ros_setup/./config/nuttx/generic/supported_platforms
[3.433s] -- Up-to-date: /home/ubuntu/ros2_ws/install/micro_ros_setup/./config/nuttx/generic/client-colcon.meta
[3.435s] -- Up-to-date: /home/ubuntu/ros2_ws/install/micro_ros_setup/./config/nuttx/generic/create.sh
[3.452s] -- Up-to-date: /home/ubuntu/ros2_ws/install/micro_ros_setup/./config/zephyr
[3.457s] -- Up-to-date: /home/ubuntu/ros2_ws/install/micro_ros_setup/./config/zephyr/list_apps.sh
[3.460s] -- Up-to-date: /home/ubuntu/ros2_ws/install/micro_ros_setup/./config/zephyr/dev_uros_packages.repos
[3.462s] -- Up-to-date: /home/ubuntu/ros2_ws/install/micro_ros_setup/./config/zephyr/dev_ros2_packages.txt
[3.464s] -- Up-to-date: /home/ubuntu/ros2_ws/install/micro_ros_setup/./config/zephyr/generic
[3.466s] -- Up-to-date: /home/ubuntu/ros2_ws/install/micro_ros_setup/./config/zephyr/generic/configure.sh
[3.490s] -- Up-to-date: /home/ubuntu/ros2_ws/install/micro_ros_setup/./config/zephyr/generic/package.xml
[3.498s] -- Up-to-date: /home/ubuntu/ros2_ws/install/micro_ros_setup/./config/zephyr/generic/board.repos
[3.503s] -- Up-to-date: /home/ubuntu/ros2_ws/install/micro_ros_setup/./config/zephyr/generic/build.sh
[3.508s] -- Up-to-date: /home/ubuntu/ros2_ws/install/micro_ros_setup/./config/zephyr/generic/flash.sh
[3.513s] -- Up-to-date: /home/ubuntu/ros2_ws/install/micro_ros_setup/./config/zephyr/generic/reset.sh
[3.526s] -- Up-to-date: /home/ubuntu/ros2_ws/install/micro_ros_setup/./config/zephyr/generic/client_uros_packages.repos
[3.531s] -- Up-to-date: /home/ubuntu/ros2_ws/install/micro_ros_setup/./config/zephyr/generic/supported_platforms
[3.536s] -- Up-to-date: /home/ubuntu/ros2_ws/install/micro_ros_setup/./config/zephyr/generic/client-colcon.meta
[3.544s] -- Up-to-date: /home/ubuntu/ros2_ws/install/micro_ros_setup/./config/zephyr/generic/create.sh
[3.547s] -- Up-to-date: /home/ubuntu/ros2_ws/install/micro_ros_setup/./config/renesas_ra
[3.550s] -- Up-to-date: /home/ubuntu/ros2_ws/install/micro_ros_setup/./config/renesas_ra/list_apps.sh
[3.553s] -- Up-to-date: /home/ubuntu/ros2_ws/install/micro_ros_setup/./config/renesas_ra/ra6m5
[3.559s] -- Up-to-date: /home/ubuntu/ros2_ws/install/micro_ros_setup/./config/renesas_ra/ra6m5/configure.sh
[3.563s] -- Up-to-date: /home/ubuntu/ros2_ws/install/micro_ros_setup/./config/renesas_ra/ra6m5/board.repos
[3.567s] -- Up-to-date: /home/ubuntu/ros2_ws/install/micro_ros_setup/./config/renesas_ra/ra6m5/build.sh
[3.571s] -- Up-to-date: /home/ubuntu/ros2_ws/install/micro_ros_setup/./config/renesas_ra/ra6m5/flash.sh
[3.576s] -- Up-to-date: /home/ubuntu/ros2_ws/install/micro_ros_setup/./config/renesas_ra/ra6m5/client_uros_packages.repos
[3.580s] -- Up-to-date: /home/ubuntu/ros2_ws/install/micro_ros_setup/./config/renesas_ra/ra6m5/create.sh
[3.587s] -- Up-to-date: /home/ubuntu/ros2_ws/install/micro_ros_setup/./config/renesas_ra/dev_uros_packages.repos
[3.603s] -- Up-to-date: /home/ubuntu/ros2_ws/install/micro_ros_setup/./config/renesas_ra/dev_ros2_packages.txt
[3.608s] -- Up-to-date: /home/ubuntu/ros2_ws/install/micro_ros_setup/./config/client_uros_packages.repos
[3.613s] -- Up-to-date: /home/ubuntu/ros2_ws/install/micro_ros_setup/./config/utils.sh
[3.619s] -- Up-to-date: /home/ubuntu/ros2_ws/install/micro_ros_setup/./config/freertos
[3.623s] -- Up-to-date: /home/ubuntu/ros2_ws/install/micro_ros_setup/./config/freertos/nucleo_f746zg
[3.627s] -- Up-to-date: /home/ubuntu/ros2_ws/install/micro_ros_setup/./config/freertos/nucleo_f746zg/configure.sh
[3.631s] -- Up-to-date: /home/ubuntu/ros2_ws/install/micro_ros_setup/./config/freertos/nucleo_f746zg/package.xml
[3.635s] -- Up-to-date: /home/ubuntu/ros2_ws/install/micro_ros_setup/./config/freertos/nucleo_f746zg/board.repos
[3.639s] -- Up-to-date: /home/ubuntu/ros2_ws/install/micro_ros_setup/./config/freertos/nucleo_f746zg/build.sh
[3.642s] -- Up-to-date: /home/ubuntu/ros2_ws/install/micro_ros_setup/./config/freertos/nucleo_f746zg/flash.sh
[3.646s] -- Up-to-date: /home/ubuntu/ros2_ws/install/micro_ros_setup/./config/freertos/nucleo_f746zg/reset.sh
[3.649s] -- Up-to-date: /home/ubuntu/ros2_ws/install/micro_ros_setup/./config/freertos/nucleo_f746zg/client_uros_packages.repos
[3.654s] -- Up-to-date: /home/ubuntu/ros2_ws/install/micro_ros_setup/./config/freertos/nucleo_f746zg/client-colcon.meta
[3.668s] -- Up-to-date: /home/ubuntu/ros2_ws/install/micro_ros_setup/./config/freertos/nucleo_f746zg/create.sh
[3.680s] -- Up-to-date: /home/ubuntu/ros2_ws/install/micro_ros_setup/./config/freertos/list_apps.sh
[3.685s] -- Up-to-date: /home/ubuntu/ros2_ws/install/micro_ros_setup/./config/freertos/nucleo_f446ze
[3.695s] -- Up-to-date: /home/ubuntu/ros2_ws/install/micro_ros_setup/./config/freertos/nucleo_f446ze/configure.sh
[3.700s] -- Up-to-date: /home/ubuntu/ros2_ws/install/micro_ros_setup/./config/freertos/nucleo_f446ze/package.xml
[3.706s] -- Up-to-date: /home/ubuntu/ros2_ws/install/micro_ros_setup/./config/freertos/nucleo_f446ze/board.repos
[3.707s] -- Up-to-date: /home/ubuntu/ros2_ws/install/micro_ros_setup/./config/freertos/nucleo_f446ze/build.sh
[3.708s] -- Up-to-date: /home/ubuntu/ros2_ws/install/micro_ros_setup/./config/freertos/nucleo_f446ze/flash.sh
[3.710s] -- Up-to-date: /home/ubuntu/ros2_ws/install/micro_ros_setup/./config/freertos/nucleo_f446ze/reset.sh
[3.711s] -- Up-to-date: /home/ubuntu/ros2_ws/install/micro_ros_setup/./config/freertos/nucleo_f446ze/client_uros_packages.repos
[3.712s] -- Up-to-date: /home/ubuntu/ros2_ws/install/micro_ros_setup/./config/freertos/nucleo_f446ze/client-colcon.meta
[3.714s] -- Up-to-date: /home/ubuntu/ros2_ws/install/micro_ros_setup/./config/freertos/nucleo_f446ze/create.sh
[3.715s] -- Up-to-date: /home/ubuntu/ros2_ws/install/micro_ros_setup/./config/freertos/crazyflie21
[3.716s] -- Up-to-date: /home/ubuntu/ros2_ws/install/micro_ros_setup/./config/freertos/crazyflie21/configure.sh
[3.717s] -- Up-to-date: /home/ubuntu/ros2_ws/install/micro_ros_setup/./config/freertos/crazyflie21/package.xml
[3.728s] -- Up-to-date: /home/ubuntu/ros2_ws/install/micro_ros_setup/./config/freertos/crazyflie21/board.repos
[3.730s] -- Up-to-date: /home/ubuntu/ros2_ws/install/micro_ros_setup/./config/freertos/crazyflie21/build.sh
[3.733s] -- Up-to-date: /home/ubuntu/ros2_ws/install/micro_ros_setup/./config/freertos/crazyflie21/flash.sh
[3.736s] -- Up-to-date: /home/ubuntu/ros2_ws/install/micro_ros_setup/./config/freertos/crazyflie21/client_uros_packages.repos
[3.739s] -- Up-to-date: /home/ubuntu/ros2_ws/install/micro_ros_setup/./config/freertos/crazyflie21/client-colcon.meta
[3.742s] -- Up-to-date: /home/ubuntu/ros2_ws/install/micro_ros_setup/./config/freertos/crazyflie21/create.sh
[3.745s] -- Up-to-date: /home/ubuntu/ros2_ws/install/micro_ros_setup/./config/freertos/nucleo_f767zi
[3.748s] -- Up-to-date: /home/ubuntu/ros2_ws/install/micro_ros_setup/./config/freertos/nucleo_f767zi/configure.sh
[3.750s] -- Up-to-date: /home/ubuntu/ros2_ws/install/micro_ros_setup/./config/freertos/nucleo_f767zi/package.xml
[3.753s] -- Up-to-date: /home/ubuntu/ros2_ws/install/micro_ros_setup/./config/freertos/nucleo_f767zi/board.repos
[3.757s] -- Up-to-date: /home/ubuntu/ros2_ws/install/micro_ros_setup/./config/freertos/nucleo_f767zi/build.sh
[3.763s] -- Up-to-date: /home/ubuntu/ros2_ws/install/micro_ros_setup/./config/freertos/nucleo_f767zi/flash.sh
[3.767s] -- Up-to-date: /home/ubuntu/ros2_ws/install/micro_ros_setup/./config/freertos/nucleo_f767zi/reset.sh
[3.770s] -- Up-to-date: /home/ubuntu/ros2_ws/install/micro_ros_setup/./config/freertos/nucleo_f767zi/client_uros_packages.repos
[3.773s] -- Up-to-date: /home/ubuntu/ros2_ws/install/micro_ros_setup/./config/freertos/nucleo_f767zi/client-colcon.meta
[3.777s] -- Up-to-date: /home/ubuntu/ros2_ws/install/micro_ros_setup/./config/freertos/nucleo_f767zi/create.sh
[3.779s] -- Up-to-date: /home/ubuntu/ros2_ws/install/micro_ros_setup/./config/freertos/dev_uros_packages.repos
[3.780s] -- Up-to-date: /home/ubuntu/ros2_ws/install/micro_ros_setup/./config/freertos/nucleo_f446re
[3.782s] -- Up-to-date: /home/ubuntu/ros2_ws/install/micro_ros_setup/./config/freertos/nucleo_f446re/configure.sh
[3.785s] -- Up-to-date: /home/ubuntu/ros2_ws/install/micro_ros_setup/./config/freertos/nucleo_f446re/package.xml
[3.787s] -- Up-to-date: /home/ubuntu/ros2_ws/install/micro_ros_setup/./config/freertos/nucleo_f446re/board.repos
[3.789s] -- Up-to-date: /home/ubuntu/ros2_ws/install/micro_ros_setup/./config/freertos/nucleo_f446re/build.sh
[3.790s] -- Up-to-date: /home/ubuntu/ros2_ws/install/micro_ros_setup/./config/freertos/nucleo_f446re/flash.sh
[3.791s] -- Up-to-date: /home/ubuntu/ros2_ws/install/micro_ros_setup/./config/freertos/nucleo_f446re/reset.sh
[3.792s] -- Up-to-date: /home/ubuntu/ros2_ws/install/micro_ros_setup/./config/freertos/nucleo_f446re/client_uros_packages.repos
[3.793s] -- Up-to-date: /home/ubuntu/ros2_ws/install/micro_ros_setup/./config/freertos/nucleo_f446re/client-colcon.meta
[3.795s] -- Up-to-date: /home/ubuntu/ros2_ws/install/micro_ros_setup/./config/freertos/nucleo_f446re/create.sh
[3.796s] -- Up-to-date: /home/ubuntu/ros2_ws/install/micro_ros_setup/./config/freertos/dev_ros2_packages.txt
[3.797s] -- Up-to-date: /home/ubuntu/ros2_ws/install/micro_ros_setup/./config/freertos/olimex-stm32-e407
[3.798s] -- Up-to-date: /home/ubuntu/ros2_ws/install/micro_ros_setup/./config/freertos/olimex-stm32-e407/configure.sh
[3.799s] -- Up-to-date: /home/ubuntu/ros2_ws/install/micro_ros_setup/./config/freertos/olimex-stm32-e407/package.xml
[3.800s] -- Up-to-date: /home/ubuntu/ros2_ws/install/micro_ros_setup/./config/freertos/olimex-stm32-e407/board.repos
[3.802s] -- Up-to-date: /home/ubuntu/ros2_ws/install/micro_ros_setup/./config/freertos/olimex-stm32-e407/build.sh
[3.803s] -- Up-to-date: /home/ubuntu/ros2_ws/install/micro_ros_setup/./config/freertos/olimex-stm32-e407/flash.sh
[3.806s] -- Up-to-date: /home/ubuntu/ros2_ws/install/micro_ros_setup/./config/freertos/olimex-stm32-e407/reset.sh
[3.808s] -- Up-to-date: /home/ubuntu/ros2_ws/install/micro_ros_setup/./config/freertos/olimex-stm32-e407/client_uros_packages.repos
[3.809s] -- Up-to-date: /home/ubuntu/ros2_ws/install/micro_ros_setup/./config/freertos/olimex-stm32-e407/client-colcon.meta
[3.810s] -- Up-to-date: /home/ubuntu/ros2_ws/install/micro_ros_setup/./config/freertos/olimex-stm32-e407/create.sh
[3.811s] -- Up-to-date: /home/ubuntu/ros2_ws/install/micro_ros_setup/./config/freertos/esp32
[3.812s] -- Up-to-date: /home/ubuntu/ros2_ws/install/micro_ros_setup/./config/freertos/esp32/configure.sh
[3.813s] -- Up-to-date: /home/ubuntu/ros2_ws/install/micro_ros_setup/./config/freertos/esp32/package.xml
[3.814s] -- Up-to-date: /home/ubuntu/ros2_ws/install/micro_ros_setup/./config/freertos/esp32/board.repos
[3.816s] -- Up-to-date: /home/ubuntu/ros2_ws/install/micro_ros_setup/./config/freertos/esp32/README.md
[3.817s] -- Up-to-date: /home/ubuntu/ros2_ws/install/micro_ros_setup/./config/freertos/esp32/build.sh
[3.818s] -- Up-to-date: /home/ubuntu/ros2_ws/install/micro_ros_setup/./config/freertos/esp32/flash.sh
[3.819s] -- Up-to-date: /home/ubuntu/ros2_ws/install/micro_ros_setup/./config/freertos/esp32/client_uros_packages.repos
[3.820s] -- Up-to-date: /home/ubuntu/ros2_ws/install/micro_ros_setup/./config/freertos/esp32/client-colcon.meta
[3.821s] -- Up-to-date: /home/ubuntu/ros2_ws/install/micro_ros_setup/./config/freertos/esp32/create.sh
[3.823s] -- Up-to-date: /home/ubuntu/ros2_ws/install/micro_ros_setup/./config/generate_lib
[3.824s] -- Up-to-date: /home/ubuntu/ros2_ws/install/micro_ros_setup/./config/generate_lib/dev_uros_packages.repos
[3.825s] -- Up-to-date: /home/ubuntu/ros2_ws/install/micro_ros_setup/./config/generate_lib/dev_ros2_packages.txt
[3.827s] -- Up-to-date: /home/ubuntu/ros2_ws/install/micro_ros_setup/./config/generate_lib/generic
[3.828s] -- Up-to-date: /home/ubuntu/ros2_ws/install/micro_ros_setup/./config/generate_lib/generic/package.xml
[3.829s] -- Up-to-date: /home/ubuntu/ros2_ws/install/micro_ros_setup/./config/generate_lib/generic/build.sh
[3.831s] -- Up-to-date: /home/ubuntu/ros2_ws/install/micro_ros_setup/./config/generate_lib/generic/flash.sh
[3.832s] -- Up-to-date: /home/ubuntu/ros2_ws/install/micro_ros_setup/./config/generate_lib/generic/client_uros_packages.repos
[3.834s] -- Up-to-date: /home/ubuntu/ros2_ws/install/micro_ros_setup/./config/generate_lib/generic/demo_toolchain.cmake
[3.835s] -- Up-to-date: /home/ubuntu/ros2_ws/install/micro_ros_setup/./config/generate_lib/generic/client-colcon.meta
[3.837s] -- Up-to-date: /home/ubuntu/ros2_ws/install/micro_ros_setup/./config/generate_lib/generic/create.sh
[3.838s] -- Up-to-date: /home/ubuntu/ros2_ws/install/micro_ros_setup/./config/agent_ros2_packages.txt
[3.839s] -- Up-to-date: /home/ubuntu/ros2_ws/install/micro_ros_setup/lib/micro_ros_setup/create_ws.sh
[3.840s] -- Up-to-date: /home/ubuntu/ros2_ws/install/micro_ros_setup/lib/micro_ros_setup/create_agent_ws.sh
[3.841s] -- Up-to-date: /home/ubuntu/ros2_ws/install/micro_ros_setup/lib/micro_ros_setup/create_firmware_ws.sh
[3.843s] -- Up-to-date: /home/ubuntu/ros2_ws/install/micro_ros_setup/lib/micro_ros_setup/configure_firmware.sh
[3.844s] -- Up-to-date: /home/ubuntu/ros2_ws/install/micro_ros_setup/lib/micro_ros_setup/flash_firmware.sh
[3.845s] -- Up-to-date: /home/ubuntu/ros2_ws/install/micro_ros_setup/lib/micro_ros_setup/reset_firmware.sh
[3.846s] -- Up-to-date: /home/ubuntu/ros2_ws/install/micro_ros_setup/lib/micro_ros_setup/build_firmware.sh
[3.847s] -- Up-to-date: /home/ubuntu/ros2_ws/install/micro_ros_setup/lib/micro_ros_setup/build_agent.sh
[3.849s] -- Up-to-date: /home/ubuntu/ros2_ws/install/micro_ros_setup/lib/micro_ros_setup/yaml_filter.py
[3.850s] -- Up-to-date: /home/ubuntu/ros2_ws/install/micro_ros_setup/lib/micro_ros_setup/clean_env.sh
[3.854s] Invoked command in '/home/ubuntu/ros2_ws/build/micro_ros_setup' returned '0': CMAKE_PREFIX_PATH=/opt/ros/foxy /usr/bin/cmake --install /home/ubuntu/ros2_ws/build/micro_ros_setup
