[5.013s] Invoking command in '/home/ubuntu/ros2_ws/src/motor_control': PYTHONPATH=/home/ubuntu/ros2_ws/install/motor_control/lib/python3.8/site-packages:${PYTHONPATH} /usr/bin/python3 setup.py egg_info --egg-base ../../build/motor_control build --build-base /home/ubuntu/ros2_ws/build/motor_control/build install --prefix /home/ubuntu/ros2_ws/install/motor_control --record /home/ubuntu/ros2_ws/build/motor_control/install.log --single-version-externally-managed
[6.446s] running egg_info
[6.449s] writing ../../build/motor_control/motor_control.egg-info/PKG-INFO
[6.452s] writing dependency_links to ../../build/motor_control/motor_control.egg-info/dependency_links.txt
[6.453s] writing entry points to ../../build/motor_control/motor_control.egg-info/entry_points.txt
[6.454s] writing requirements to ../../build/motor_control/motor_control.egg-info/requires.txt
[6.456s] writing top-level names to ../../build/motor_control/motor_control.egg-info/top_level.txt
[6.637s] reading manifest file '../../build/motor_control/motor_control.egg-info/SOURCES.txt'
[6.652s] writing manifest file '../../build/motor_control/motor_control.egg-info/SOURCES.txt'
[6.659s] running build
[6.660s] running build_py
[6.661s] running install
[6.662s] running install_lib
[6.667s] running install_data
[6.668s] running install_egg_info
[6.675s] removing '/home/ubuntu/ros2_ws/install/motor_control/lib/python3.8/site-packages/motor_control-0.0.0-py3.8.egg-info' (and everything under it)
[6.678s] Copying ../../build/motor_control/motor_control.egg-info to /home/ubuntu/ros2_ws/install/motor_control/lib/python3.8/site-packages/motor_control-0.0.0-py3.8.egg-info
[6.691s] running install_scripts
[6.804s] Installing listener script to /home/ubuntu/ros2_ws/install/motor_control/lib/motor_control
[6.809s] writing list of installed files to '/home/ubuntu/ros2_ws/build/motor_control/install.log'
[7.898s] Invoked command in '/home/ubuntu/ros2_ws/src/motor_control' returned '0': PYTHONPATH=/home/ubuntu/ros2_ws/install/motor_control/lib/python3.8/site-packages:${PYTHONPATH} /usr/bin/python3 setup.py egg_info --egg-base ../../build/motor_control build --build-base /home/ubuntu/ros2_ws/build/motor_control/build install --prefix /home/ubuntu/ros2_ws/install/motor_control --record /home/ubuntu/ros2_ws/build/motor_control/install.log --single-version-externally-managed
