[4.896s] Invoking command in '/home/ubuntu/ros2_ws/src/motor_control': PYTHONPATH=/home/ubuntu/ros2_ws/src/install/motor_control/lib/python3.8/site-packages:${PYTHONPATH} /usr/bin/python3 setup.py egg_info --egg-base ../build/motor_control build --build-base /home/ubuntu/ros2_ws/src/build/motor_control/build install --prefix /home/ubuntu/ros2_ws/src/install/motor_control --record /home/ubuntu/ros2_ws/src/build/motor_control/install.log --single-version-externally-managed
[6.283s] running egg_info
[6.285s] creating ../build/motor_control/motor_control.egg-info
[6.287s] writing ../build/motor_control/motor_control.egg-info/PKG-INFO
[6.289s] writing dependency_links to ../build/motor_control/motor_control.egg-info/dependency_links.txt
[6.292s] writing entry points to ../build/motor_control/motor_control.egg-info/entry_points.txt
[6.294s] writing requirements to ../build/motor_control/motor_control.egg-info/requires.txt
[6.296s] writing top-level names to ../build/motor_control/motor_control.egg-info/top_level.txt
[6.306s] writing manifest file '../build/motor_control/motor_control.egg-info/SOURCES.txt'
[6.503s] reading manifest file '../build/motor_control/motor_control.egg-info/SOURCES.txt'
[6.507s] writing manifest file '../build/motor_control/motor_control.egg-info/SOURCES.txt'
[6.507s] running build
[6.508s] running build_py
[6.509s] creating /home/ubuntu/ros2_ws/src/build/motor_control/build
[6.509s] creating /home/ubuntu/ros2_ws/src/build/motor_control/build/lib
[6.510s] creating /home/ubuntu/ros2_ws/src/build/motor_control/build/lib/motor_control
[6.511s] copying motor_control/motor_sub.py -> /home/ubuntu/ros2_ws/src/build/motor_control/build/lib/motor_control
[6.511s] copying motor_control/__init__.py -> /home/ubuntu/ros2_ws/src/build/motor_control/build/lib/motor_control
[6.512s] running install
[6.514s] running install_lib
[6.520s] creating /home/ubuntu/ros2_ws/src/install/motor_control/lib/python3.8/site-packages/motor_control
[6.520s] copying /home/ubuntu/ros2_ws/src/build/motor_control/build/lib/motor_control/motor_sub.py -> /home/ubuntu/ros2_ws/src/install/motor_control/lib/python3.8/site-packages/motor_control
[6.521s] copying /home/ubuntu/ros2_ws/src/build/motor_control/build/lib/motor_control/__init__.py -> /home/ubuntu/ros2_ws/src/install/motor_control/lib/python3.8/site-packages/motor_control
[6.524s] byte-compiling /home/ubuntu/ros2_ws/src/install/motor_control/lib/python3.8/site-packages/motor_control/motor_sub.py to motor_sub.cpython-38.pyc
[6.532s] byte-compiling /home/ubuntu/ros2_ws/src/install/motor_control/lib/python3.8/site-packages/motor_control/__init__.py to __init__.cpython-38.pyc
[6.534s] running install_data
[6.536s] creating /home/ubuntu/ros2_ws/src/install/motor_control/share/ament_index
[6.537s] creating /home/ubuntu/ros2_ws/src/install/motor_control/share/ament_index/resource_index
[6.538s] creating /home/ubuntu/ros2_ws/src/install/motor_control/share/ament_index/resource_index/packages
[6.538s] copying resource/motor_control -> /home/ubuntu/ros2_ws/src/install/motor_control/share/ament_index/resource_index/packages
[6.539s] copying package.xml -> /home/ubuntu/ros2_ws/src/install/motor_control/share/motor_control
[6.540s] running install_egg_info
[6.547s] Copying ../build/motor_control/motor_control.egg-info to /home/ubuntu/ros2_ws/src/install/motor_control/lib/python3.8/site-packages/motor_control-0.0.0-py3.8.egg-info
[6.554s] running install_scripts
[6.665s] Installing listener script to /home/ubuntu/ros2_ws/src/install/motor_control/lib/motor_control
[6.667s] writing list of installed files to '/home/ubuntu/ros2_ws/src/build/motor_control/install.log'
[6.824s] Invoked command in '/home/ubuntu/ros2_ws/src/motor_control' returned '0': PYTHONPATH=/home/ubuntu/ros2_ws/src/install/motor_control/lib/python3.8/site-packages:${PYTHONPATH} /usr/bin/python3 setup.py egg_info --egg-base ../build/motor_control build --build-base /home/ubuntu/ros2_ws/src/build/motor_control/build install --prefix /home/ubuntu/ros2_ws/src/install/motor_control --record /home/ubuntu/ros2_ws/src/build/motor_control/install.log --single-version-externally-managed
