[4.928s] Invoking command in '/home/ubuntu/ros2_ws/src/cart_start': PYTHONPATH=/home/ubuntu/ros2_ws/install/cart_start/lib/python3.8/site-packages:${PYTHONPATH} /usr/bin/python3 setup.py egg_info --egg-base ../../build/cart_start build --build-base /home/ubuntu/ros2_ws/build/cart_start/build install --prefix /home/ubuntu/ros2_ws/install/cart_start --record /home/ubuntu/ros2_ws/build/cart_start/install.log --single-version-externally-managed
[6.466s] running egg_info
[6.466s] writing ../../build/cart_start/cart_start.egg-info/PKG-INFO
[6.467s] writing dependency_links to ../../build/cart_start/cart_start.egg-info/dependency_links.txt
[6.468s] writing entry points to ../../build/cart_start/cart_start.egg-info/entry_points.txt
[6.470s] writing requirements to ../../build/cart_start/cart_start.egg-info/requires.txt
[6.473s] writing top-level names to ../../build/cart_start/cart_start.egg-info/top_level.txt
[6.672s] reading manifest file '../../build/cart_start/cart_start.egg-info/SOURCES.txt'
[6.678s] writing manifest file '../../build/cart_start/cart_start.egg-info/SOURCES.txt'
[6.679s] running build
[6.680s] running build_py
[6.681s] running install
[6.685s] running install_lib
[6.692s] running install_data
[6.695s] copying configuration_files/wilie_2d.lua -> /home/ubuntu/ros2_ws/install/cart_start/share/cart_start/configuration_files
[6.698s] copying configuration_files/wilie.urdf -> /home/ubuntu/ros2_ws/install/cart_start/share/cart_start/configuration_files
[6.702s] running install_egg_info
[6.712s] removing '/home/ubuntu/ros2_ws/install/cart_start/lib/python3.8/site-packages/cart_start-0.0.0-py3.8.egg-info' (and everything under it)
[6.716s] Copying ../../build/cart_start/cart_start.egg-info to /home/ubuntu/ros2_ws/install/cart_start/lib/python3.8/site-packages/cart_start-0.0.0-py3.8.egg-info
[6.723s] running install_scripts
[6.820s] writing list of installed files to '/home/ubuntu/ros2_ws/build/cart_start/install.log'
[7.714s] Invoked command in '/home/ubuntu/ros2_ws/src/cart_start' returned '0': PYTHONPATH=/home/ubuntu/ros2_ws/install/cart_start/lib/python3.8/site-packages:${PYTHONPATH} /usr/bin/python3 setup.py egg_info --egg-base ../../build/cart_start build --build-base /home/ubuntu/ros2_ws/build/cart_start/build install --prefix /home/ubuntu/ros2_ws/install/cart_start --record /home/ubuntu/ros2_ws/build/cart_start/install.log --single-version-externally-managed
