[8.488s] Invoking command in '/home/ubuntu/ros2_ws/src/odom_builder': PYTHONPATH=/home/ubuntu/ros2_ws/install/odom_builder/lib/python3.8/site-packages:${PYTHONPATH} /usr/bin/python3 setup.py egg_info --egg-base ../../build/odom_builder build --build-base /home/ubuntu/ros2_ws/build/odom_builder/build install --prefix /home/ubuntu/ros2_ws/install/odom_builder --record /home/ubuntu/ros2_ws/build/odom_builder/install.log --single-version-externally-managed
[11.242s] running egg_info
[11.248s] writing ../../build/odom_builder/odom_builder.egg-info/PKG-INFO
[11.251s] writing dependency_links to ../../build/odom_builder/odom_builder.egg-info/dependency_links.txt
[11.253s] writing entry points to ../../build/odom_builder/odom_builder.egg-info/entry_points.txt
[11.255s] writing requirements to ../../build/odom_builder/odom_builder.egg-info/requires.txt
[11.257s] writing top-level names to ../../build/odom_builder/odom_builder.egg-info/top_level.txt
[11.656s] reading manifest file '../../build/odom_builder/odom_builder.egg-info/SOURCES.txt'
[11.668s] writing manifest file '../../build/odom_builder/odom_builder.egg-info/SOURCES.txt'
[11.669s] running build
[11.670s] running build_py
[11.672s] running install
[11.678s] running install_lib
[11.691s] running install_data
[11.696s] running install_egg_info
[11.711s] removing '/home/ubuntu/ros2_ws/install/odom_builder/lib/python3.8/site-packages/odom_builder-0.0.0-py3.8.egg-info' (and everything under it)
[11.717s] Copying ../../build/odom_builder/odom_builder.egg-info to /home/ubuntu/ros2_ws/install/odom_builder/lib/python3.8/site-packages/odom_builder-0.0.0-py3.8.egg-info
[11.737s] running install_scripts
[11.889s] Installing odo_pub script to /home/ubuntu/ros2_ws/install/odom_builder/lib/odom_builder
[11.892s] writing list of installed files to '/home/ubuntu/ros2_ws/build/odom_builder/install.log'
[12.069s] Invoked command in '/home/ubuntu/ros2_ws/src/odom_builder' returned '0': PYTHONPATH=/home/ubuntu/ros2_ws/install/odom_builder/lib/python3.8/site-packages:${PYTHONPATH} /usr/bin/python3 setup.py egg_info --egg-base ../../build/odom_builder build --build-base /home/ubuntu/ros2_ws/build/odom_builder/build install --prefix /home/ubuntu/ros2_ws/install/odom_builder --record /home/ubuntu/ros2_ws/build/odom_builder/install.log --single-version-externally-managed
