[5.819s] Invoking command in '/home/ubuntu/ros2_ws/src/smooth_drive': PYTHONPATH=/home/ubuntu/ros2_ws/install/smooth_drive/lib/python3.8/site-packages:${PYTHONPATH} /usr/bin/python3 setup.py egg_info --egg-base ../../build/smooth_drive build --build-base /home/ubuntu/ros2_ws/build/smooth_drive/build install --prefix /home/ubuntu/ros2_ws/install/smooth_drive --record /home/ubuntu/ros2_ws/build/smooth_drive/install.log --single-version-externally-managed
[7.719s] running egg_info
[7.724s] writing ../../build/smooth_drive/smooth_drive.egg-info/PKG-INFO
[7.726s] writing dependency_links to ../../build/smooth_drive/smooth_drive.egg-info/dependency_links.txt
[7.728s] writing entry points to ../../build/smooth_drive/smooth_drive.egg-info/entry_points.txt
[7.730s] writing requirements to ../../build/smooth_drive/smooth_drive.egg-info/requires.txt
[7.731s] writing top-level names to ../../build/smooth_drive/smooth_drive.egg-info/top_level.txt
[8.091s] reading manifest file '../../build/smooth_drive/smooth_drive.egg-info/SOURCES.txt'
[8.100s] writing manifest file '../../build/smooth_drive/smooth_drive.egg-info/SOURCES.txt'
[8.101s] running build
[8.103s] running build_py
[8.104s] copying smooth_drive/pid_control.py -> /home/ubuntu/ros2_ws/build/smooth_drive/build/lib/smooth_drive
[8.106s] running install
[8.112s] running install_lib
[8.121s] copying /home/ubuntu/ros2_ws/build/smooth_drive/build/lib/smooth_drive/pid_control.py -> /home/ubuntu/ros2_ws/install/smooth_drive/lib/python3.8/site-packages/smooth_drive
[8.127s] byte-compiling /home/ubuntu/ros2_ws/install/smooth_drive/lib/python3.8/site-packages/smooth_drive/pid_control.py to pid_control.cpython-38.pyc
[8.144s] running install_data
[8.148s] running install_egg_info
[8.161s] removing '/home/ubuntu/ros2_ws/install/smooth_drive/lib/python3.8/site-packages/smooth_drive-0.0.0-py3.8.egg-info' (and everything under it)
[8.166s] Copying ../../build/smooth_drive/smooth_drive.egg-info to /home/ubuntu/ros2_ws/install/smooth_drive/lib/python3.8/site-packages/smooth_drive-0.0.0-py3.8.egg-info
[8.178s] running install_scripts
[8.332s] Installing smooth_drive script to /home/ubuntu/ros2_ws/install/smooth_drive/lib/smooth_drive
[8.334s] writing list of installed files to '/home/ubuntu/ros2_ws/build/smooth_drive/install.log'
[8.506s] Invoked command in '/home/ubuntu/ros2_ws/src/smooth_drive' returned '0': PYTHONPATH=/home/ubuntu/ros2_ws/install/smooth_drive/lib/python3.8/site-packages:${PYTHONPATH} /usr/bin/python3 setup.py egg_info --egg-base ../../build/smooth_drive build --build-base /home/ubuntu/ros2_ws/build/smooth_drive/build install --prefix /home/ubuntu/ros2_ws/install/smooth_drive --record /home/ubuntu/ros2_ws/build/smooth_drive/install.log --single-version-externally-managed
