[7.481s] Invoking command in '/home/ubuntu/ros2_ws/src/odom_builder': PYTHONPATH=/home/ubuntu/ros2_ws/install/odom_builder/lib/python3.8/site-packages:${PYTHONPATH} /usr/bin/python3 setup.py egg_info --egg-base ../../build/odom_builder build --build-base /home/ubuntu/ros2_ws/build/odom_builder/build install --prefix /home/ubuntu/ros2_ws/install/odom_builder --record /home/ubuntu/ros2_ws/build/odom_builder/install.log --single-version-externally-managed
[10.302s] running egg_info
[10.313s] writing ../../build/odom_builder/odom_builder.egg-info/PKG-INFO
[10.317s] writing dependency_links to ../../build/odom_builder/odom_builder.egg-info/dependency_links.txt
[10.321s] writing entry points to ../../build/odom_builder/odom_builder.egg-info/entry_points.txt
[10.325s] writing requirements to ../../build/odom_builder/odom_builder.egg-info/requires.txt
[10.328s] writing top-level names to ../../build/odom_builder/odom_builder.egg-info/top_level.txt
[10.769s] reading manifest file '../../build/odom_builder/odom_builder.egg-info/SOURCES.txt'
[10.777s] writing manifest file '../../build/odom_builder/odom_builder.egg-info/SOURCES.txt'
[10.779s] running build
[10.781s] running build_py
[10.783s] running install
[10.790s] running install_lib
[10.804s] running install_data
[10.809s] running install_egg_info
[10.824s] removing '/home/ubuntu/ros2_ws/install/odom_builder/lib/python3.8/site-packages/odom_builder-0.0.0-py3.8.egg-info' (and everything under it)
[10.829s] Copying ../../build/odom_builder/odom_builder.egg-info to /home/ubuntu/ros2_ws/install/odom_builder/lib/python3.8/site-packages/odom_builder-0.0.0-py3.8.egg-info
[10.842s] running install_scripts
[11.004s] Installing odo_pub script to /home/ubuntu/ros2_ws/install/odom_builder/lib/odom_builder
[11.008s] writing list of installed files to '/home/ubuntu/ros2_ws/build/odom_builder/install.log'
[11.185s] Invoked command in '/home/ubuntu/ros2_ws/src/odom_builder' returned '0': PYTHONPATH=/home/ubuntu/ros2_ws/install/odom_builder/lib/python3.8/site-packages:${PYTHONPATH} /usr/bin/python3 setup.py egg_info --egg-base ../../build/odom_builder build --build-base /home/ubuntu/ros2_ws/build/odom_builder/build install --prefix /home/ubuntu/ros2_ws/install/odom_builder --record /home/ubuntu/ros2_ws/build/odom_builder/install.log --single-version-externally-managed
