running egg_info
creating ../../build/cart_start/cart_start.egg-info
writing ../../build/cart_start/cart_start.egg-info/PKG-INFO
writing dependency_links to ../../build/cart_start/cart_start.egg-info/dependency_links.txt
writing entry points to ../../build/cart_start/cart_start.egg-info/entry_points.txt
writing requirements to ../../build/cart_start/cart_start.egg-info/requires.txt
writing top-level names to ../../build/cart_start/cart_start.egg-info/top_level.txt
writing manifest file '../../build/cart_start/cart_start.egg-info/SOURCES.txt'
reading manifest file '../../build/cart_start/cart_start.egg-info/SOURCES.txt'
writing manifest file '../../build/cart_start/cart_start.egg-info/SOURCES.txt'
running build
running build_py
creating /home/ubuntu/ros2_ws/build/cart_start/build
creating /home/ubuntu/ros2_ws/build/cart_start/build/lib
creating /home/ubuntu/ros2_ws/build/cart_start/build/lib/cart_start
copying cart_start/__init__.py -> /home/ubuntu/ros2_ws/build/cart_start/build/lib/cart_start
running install
running install_lib
creating /home/ubuntu/ros2_ws/install/cart_start/lib/python3.8/site-packages/cart_start
copying /home/ubuntu/ros2_ws/build/cart_start/build/lib/cart_start/__init__.py -> /home/ubuntu/ros2_ws/install/cart_start/lib/python3.8/site-packages/cart_start
byte-compiling /home/ubuntu/ros2_ws/install/cart_start/lib/python3.8/site-packages/cart_start/__init__.py to __init__.cpython-38.pyc
running install_data
creating /home/ubuntu/ros2_ws/install/cart_start/share/ament_index
creating /home/ubuntu/ros2_ws/install/cart_start/share/ament_index/resource_index
creating /home/ubuntu/ros2_ws/install/cart_start/share/ament_index/resource_index/packages
copying resource/cart_start -> /home/ubuntu/ros2_ws/install/cart_start/share/ament_index/resource_index/packages
copying package.xml -> /home/ubuntu/ros2_ws/install/cart_start/share/cart_start
running install_egg_info
Copying ../../build/cart_start/cart_start.egg-info to /home/ubuntu/ros2_ws/install/cart_start/lib/python3.8/site-packages/cart_start-0.0.0-py3.8.egg-info
running install_scripts
writing list of installed files to '/home/ubuntu/ros2_ws/build/cart_start/install.log'
