[5.337s] Invoking command in '/home/ubuntu/ros2_ws/src/cart_start': PYTHONPATH=/home/ubuntu/ros2_ws/install/cart_start/lib/python3.8/site-packages:${PYTHONPATH} /usr/bin/python3 setup.py egg_info --egg-base ../../build/cart_start build --build-base /home/ubuntu/ros2_ws/build/cart_start/build install --prefix /home/ubuntu/ros2_ws/install/cart_start --record /home/ubuntu/ros2_ws/build/cart_start/install.log --single-version-externally-managed
[6.686s] running egg_info
[6.689s] writing ../../build/cart_start/cart_start.egg-info/PKG-INFO
[6.691s] writing dependency_links to ../../build/cart_start/cart_start.egg-info/dependency_links.txt
[6.692s] writing entry points to ../../build/cart_start/cart_start.egg-info/entry_points.txt
[6.693s] writing requirements to ../../build/cart_start/cart_start.egg-info/requires.txt
[6.696s] writing top-level names to ../../build/cart_start/cart_start.egg-info/top_level.txt
[6.867s] reading manifest file '../../build/cart_start/cart_start.egg-info/SOURCES.txt'
[6.872s] writing manifest file '../../build/cart_start/cart_start.egg-info/SOURCES.txt'
[6.874s] running build
[6.877s] running build_py
[6.878s] running install
[6.880s] running install_lib
[6.885s] running install_data
[6.888s] running install_egg_info
[6.897s] removing '/home/ubuntu/ros2_ws/install/cart_start/lib/python3.8/site-packages/cart_start-0.0.0-py3.8.egg-info' (and everything under it)
[6.899s] Copying ../../build/cart_start/cart_start.egg-info to /home/ubuntu/ros2_ws/install/cart_start/lib/python3.8/site-packages/cart_start-0.0.0-py3.8.egg-info
[6.906s] running install_scripts
[7.015s] writing list of installed files to '/home/ubuntu/ros2_ws/build/cart_start/install.log'
[7.129s] Invoked command in '/home/ubuntu/ros2_ws/src/cart_start' returned '0': PYTHONPATH=/home/ubuntu/ros2_ws/install/cart_start/lib/python3.8/site-packages:${PYTHONPATH} /usr/bin/python3 setup.py egg_info --egg-base ../../build/cart_start build --build-base /home/ubuntu/ros2_ws/build/cart_start/build install --prefix /home/ubuntu/ros2_ws/install/cart_start --record /home/ubuntu/ros2_ws/build/cart_start/install.log --single-version-externally-managed
