[5.709s] Invoking command in '/home/ubuntu/ros2_ws/src/motor_control': PYTHONPATH=/home/ubuntu/ros2_ws/install/motor_control/lib/python3.8/site-packages:${PYTHONPATH} /usr/bin/python3 setup.py egg_info --egg-base ../../build/motor_control build --build-base /home/ubuntu/ros2_ws/build/motor_control/build install --prefix /home/ubuntu/ros2_ws/install/motor_control --record /home/ubuntu/ros2_ws/build/motor_control/install.log --single-version-externally-managed
[6.936s] running egg_info
[6.944s] writing ../../build/motor_control/motor_control.egg-info/PKG-INFO
[6.951s] writing dependency_links to ../../build/motor_control/motor_control.egg-info/dependency_links.txt
[6.955s] writing entry points to ../../build/motor_control/motor_control.egg-info/entry_points.txt
[6.962s] writing requirements to ../../build/motor_control/motor_control.egg-info/requires.txt
[6.965s] writing top-level names to ../../build/motor_control/motor_control.egg-info/top_level.txt
[7.165s] reading manifest file '../../build/motor_control/motor_control.egg-info/SOURCES.txt'
[7.172s] writing manifest file '../../build/motor_control/motor_control.egg-info/SOURCES.txt'
[7.177s] running build
[7.181s] running build_py
[7.184s] running install
[7.209s] running install_lib
[7.210s] running install_data
[7.221s] running install_egg_info
[7.222s] removing '/home/ubuntu/ros2_ws/install/motor_control/lib/python3.8/site-packages/motor_control-0.0.0-py3.8.egg-info' (and everything under it)
[7.224s] Copying ../../build/motor_control/motor_control.egg-info to /home/ubuntu/ros2_ws/install/motor_control/lib/python3.8/site-packages/motor_control-0.0.0-py3.8.egg-info
[7.225s] running install_scripts
[7.295s] Installing listener script to /home/ubuntu/ros2_ws/install/motor_control/lib/motor_control
[7.296s] writing list of installed files to '/home/ubuntu/ros2_ws/build/motor_control/install.log'
[7.395s] Invoked command in '/home/ubuntu/ros2_ws/src/motor_control' returned '0': PYTHONPATH=/home/ubuntu/ros2_ws/install/motor_control/lib/python3.8/site-packages:${PYTHONPATH} /usr/bin/python3 setup.py egg_info --egg-base ../../build/motor_control build --build-base /home/ubuntu/ros2_ws/build/motor_control/build install --prefix /home/ubuntu/ros2_ws/install/motor_control --record /home/ubuntu/ros2_ws/build/motor_control/install.log --single-version-externally-managed
