[3.490s] Invoking command in '/home/ubuntu/ros2_ws/src/odom_builder': PYTHONPATH=/home/ubuntu/ros2_ws/install/odom_builder/lib/python3.8/site-packages:${PYTHONPATH} /usr/bin/python3 setup.py egg_info --egg-base ../../build/odom_builder build --build-base /home/ubuntu/ros2_ws/build/odom_builder/build install --prefix /home/ubuntu/ros2_ws/install/odom_builder --record /home/ubuntu/ros2_ws/build/odom_builder/install.log --single-version-externally-managed
[4.821s] running egg_info
[4.824s] writing ../../build/odom_builder/odom_builder.egg-info/PKG-INFO
[4.825s] writing dependency_links to ../../build/odom_builder/odom_builder.egg-info/dependency_links.txt
[4.827s] writing entry points to ../../build/odom_builder/odom_builder.egg-info/entry_points.txt
[4.828s] writing requirements to ../../build/odom_builder/odom_builder.egg-info/requires.txt
[4.828s] writing top-level names to ../../build/odom_builder/odom_builder.egg-info/top_level.txt
[5.046s] reading manifest file '../../build/odom_builder/odom_builder.egg-info/SOURCES.txt'
[5.048s] writing manifest file '../../build/odom_builder/odom_builder.egg-info/SOURCES.txt'
[5.048s] running build
[5.049s] running build_py
[5.052s] running install
[5.053s] running install_lib
[5.054s] running install_data
[5.055s] running install_egg_info
[5.062s] removing '/home/ubuntu/ros2_ws/install/odom_builder/lib/python3.8/site-packages/odom_builder-0.0.0-py3.8.egg-info' (and everything under it)
[5.064s] Copying ../../build/odom_builder/odom_builder.egg-info to /home/ubuntu/ros2_ws/install/odom_builder/lib/python3.8/site-packages/odom_builder-0.0.0-py3.8.egg-info
[5.072s] running install_scripts
[5.147s] Installing odo_pub script to /home/ubuntu/ros2_ws/install/odom_builder/lib/odom_builder
[5.149s] writing list of installed files to '/home/ubuntu/ros2_ws/build/odom_builder/install.log'
[5.273s] Invoked command in '/home/ubuntu/ros2_ws/src/odom_builder' returned '0': PYTHONPATH=/home/ubuntu/ros2_ws/install/odom_builder/lib/python3.8/site-packages:${PYTHONPATH} /usr/bin/python3 setup.py egg_info --egg-base ../../build/odom_builder build --build-base /home/ubuntu/ros2_ws/build/odom_builder/build install --prefix /home/ubuntu/ros2_ws/install/odom_builder --record /home/ubuntu/ros2_ws/build/odom_builder/install.log --single-version-externally-managed
