[0.178s] Invoking command in '/home/ubuntu/ros2_ws/build/micro_ros_msgs': CMAKE_PREFIX_PATH=/opt/ros/foxy /usr/bin/cmake --build /home/ubuntu/ros2_ws/build/micro_ros_msgs -- -j4 -l4
[2.389s] [  2%] Built target micro_ros_msgs__cpp
[2.393s] [ 12%] Built target micro_ros_msgs__rosidl_generator_c
[2.394s] [ 23%] Built target micro_ros_msgs__rosidl_typesupport_cpp
[2.394s] [ 34%] Built target micro_ros_msgs__rosidl_typesupport_introspection_cpp
[2.395s] [ 44%] Built target micro_ros_msgs__rosidl_typesupport_c
[2.395s] [ 55%] Built target micro_ros_msgs__rosidl_typesupport_fastrtps_cpp
[2.396s] [ 65%] Built target micro_ros_msgs__rosidl_typesupport_introspection_c
[2.396s] [ 76%] Built target micro_ros_msgs__rosidl_typesupport_fastrtps_c
[2.398s] [ 76%] Built target micro_ros_msgs
[2.399s] [ 78%] Built target micro_ros_msgs__py
[2.399s] [ 87%] Built target micro_ros_msgs__python
[2.400s] [ 91%] Built target micro_ros_msgs__rosidl_typesupport_fastrtps_c__pyext
[2.401s] [ 95%] Built target micro_ros_msgs__rosidl_typesupport_c__pyext
[2.401s] [100%] Built target micro_ros_msgs__rosidl_typesupport_introspection_c__pyext
[2.421s] Invoked command in '/home/ubuntu/ros2_ws/build/micro_ros_msgs' returned '0': CMAKE_PREFIX_PATH=/opt/ros/foxy /usr/bin/cmake --build /home/ubuntu/ros2_ws/build/micro_ros_msgs -- -j4 -l4
[3.476s] Invoking command in '/home/ubuntu/ros2_ws/build/micro_ros_msgs': CMAKE_PREFIX_PATH=/opt/ros/foxy /usr/bin/cmake --install /home/ubuntu/ros2_ws/build/micro_ros_msgs
[3.533s] -- Install configuration: ""
[3.535s] -- Up-to-date: /home/ubuntu/ros2_ws/install/micro_ros_msgs/share/ament_index/resource_index/rosidl_interfaces/micro_ros_msgs
[3.537s] -- Up-to-date: /home/ubuntu/ros2_ws/install/micro_ros_msgs/include/micro_ros_msgs
[3.539s] -- Up-to-date: /home/ubuntu/ros2_ws/install/micro_ros_msgs/include/micro_ros_msgs/msg
[3.540s] -- Up-to-date: /home/ubuntu/ros2_ws/install/micro_ros_msgs/include/micro_ros_msgs/msg/rosidl_generator_c__visibility_control.h
[3.542s] -- Up-to-date: /home/ubuntu/ros2_ws/install/micro_ros_msgs/include/micro_ros_msgs/msg/detail
[3.543s] -- Up-to-date: /home/ubuntu/ros2_ws/install/micro_ros_msgs/include/micro_ros_msgs/msg/detail/graph__type_support.h
[3.549s] -- Up-to-date: /home/ubuntu/ros2_ws/install/micro_ros_msgs/include/micro_ros_msgs/msg/detail/node__functions.c
[3.550s] -- Up-to-date: /home/ubuntu/ros2_ws/install/micro_ros_msgs/include/micro_ros_msgs/msg/detail/entity__functions.c
[3.551s] -- Up-to-date: /home/ubuntu/ros2_ws/install/micro_ros_msgs/include/micro_ros_msgs/msg/detail/node__type_support.h
[3.553s] -- Up-to-date: /home/ubuntu/ros2_ws/install/micro_ros_msgs/include/micro_ros_msgs/msg/detail/graph__functions.c
[3.554s] -- Up-to-date: /home/ubuntu/ros2_ws/install/micro_ros_msgs/include/micro_ros_msgs/msg/detail/entity__struct.h
[3.557s] -- Up-to-date: /home/ubuntu/ros2_ws/install/micro_ros_msgs/include/micro_ros_msgs/msg/detail/graph__functions.h
[3.558s] -- Up-to-date: /home/ubuntu/ros2_ws/install/micro_ros_msgs/include/micro_ros_msgs/msg/detail/node__struct.h
[3.559s] -- Up-to-date: /home/ubuntu/ros2_ws/install/micro_ros_msgs/include/micro_ros_msgs/msg/detail/graph__struct.h
[3.559s] -- Up-to-date: /home/ubuntu/ros2_ws/install/micro_ros_msgs/include/micro_ros_msgs/msg/detail/entity__type_support.h
[3.560s] -- Up-to-date: /home/ubuntu/ros2_ws/install/micro_ros_msgs/include/micro_ros_msgs/msg/detail/entity__functions.h
[3.561s] -- Up-to-date: /home/ubuntu/ros2_ws/install/micro_ros_msgs/include/micro_ros_msgs/msg/detail/node__functions.h
[3.563s] -- Up-to-date: /home/ubuntu/ros2_ws/install/micro_ros_msgs/include/micro_ros_msgs/msg/graph.h
[3.565s] -- Up-to-date: /home/ubuntu/ros2_ws/install/micro_ros_msgs/include/micro_ros_msgs/msg/entity.h
[3.565s] -- Up-to-date: /home/ubuntu/ros2_ws/install/micro_ros_msgs/include/micro_ros_msgs/msg/node.h
[3.568s] -- Up-to-date: /home/ubuntu/ros2_ws/install/micro_ros_msgs/share/micro_ros_msgs/environment/library_path.sh
[3.569s] -- Up-to-date: /home/ubuntu/ros2_ws/install/micro_ros_msgs/share/micro_ros_msgs/environment/library_path.dsv
[3.576s] -- Up-to-date: /home/ubuntu/ros2_ws/install/micro_ros_msgs/lib/libmicro_ros_msgs__rosidl_generator_c.so
[3.579s] -- Up-to-date: /home/ubuntu/ros2_ws/install/micro_ros_msgs/include/micro_ros_msgs
[3.582s] -- Up-to-date: /home/ubuntu/ros2_ws/install/micro_ros_msgs/include/micro_ros_msgs/msg
[3.584s] -- Up-to-date: /home/ubuntu/ros2_ws/install/micro_ros_msgs/include/micro_ros_msgs/msg/detail
[3.587s] -- Up-to-date: /home/ubuntu/ros2_ws/install/micro_ros_msgs/include/micro_ros_msgs/msg/detail/entity__rosidl_typesupport_fastrtps_c.h
[3.590s] -- Up-to-date: /home/ubuntu/ros2_ws/install/micro_ros_msgs/include/micro_ros_msgs/msg/detail/graph__rosidl_typesupport_fastrtps_c.h
[3.591s] -- Up-to-date: /home/ubuntu/ros2_ws/install/micro_ros_msgs/include/micro_ros_msgs/msg/detail/node__rosidl_typesupport_fastrtps_c.h
[3.592s] -- Up-to-date: /home/ubuntu/ros2_ws/install/micro_ros_msgs/include/micro_ros_msgs/msg/rosidl_typesupport_fastrtps_c__visibility_control.h
[3.593s] -- Up-to-date: /home/ubuntu/ros2_ws/install/micro_ros_msgs/lib/libmicro_ros_msgs__rosidl_typesupport_fastrtps_c.so
[3.594s] -- Up-to-date: /home/ubuntu/ros2_ws/install/micro_ros_msgs/include/micro_ros_msgs
[3.595s] -- Up-to-date: /home/ubuntu/ros2_ws/install/micro_ros_msgs/include/micro_ros_msgs/msg
[3.595s] -- Up-to-date: /home/ubuntu/ros2_ws/install/micro_ros_msgs/include/micro_ros_msgs/msg/detail
[3.596s] -- Up-to-date: /home/ubuntu/ros2_ws/install/micro_ros_msgs/include/micro_ros_msgs/msg/detail/node__rosidl_typesupport_fastrtps_cpp.hpp
[3.597s] -- Up-to-date: /home/ubuntu/ros2_ws/install/micro_ros_msgs/include/micro_ros_msgs/msg/detail/entity__rosidl_typesupport_fastrtps_cpp.hpp
[3.597s] -- Up-to-date: /home/ubuntu/ros2_ws/install/micro_ros_msgs/include/micro_ros_msgs/msg/detail/dds_fastrtps
[3.598s] -- Up-to-date: /home/ubuntu/ros2_ws/install/micro_ros_msgs/include/micro_ros_msgs/msg/detail/graph__rosidl_typesupport_fastrtps_cpp.hpp
[3.599s] -- Up-to-date: /home/ubuntu/ros2_ws/install/micro_ros_msgs/include/micro_ros_msgs/msg/rosidl_typesupport_fastrtps_cpp__visibility_control.h
[3.599s] -- Up-to-date: /home/ubuntu/ros2_ws/install/micro_ros_msgs/lib/libmicro_ros_msgs__rosidl_typesupport_fastrtps_cpp.so
[3.601s] -- Up-to-date: /home/ubuntu/ros2_ws/install/micro_ros_msgs/include/micro_ros_msgs
[3.605s] -- Up-to-date: /home/ubuntu/ros2_ws/install/micro_ros_msgs/include/micro_ros_msgs/msg
[3.613s] -- Up-to-date: /home/ubuntu/ros2_ws/install/micro_ros_msgs/include/micro_ros_msgs/msg/rosidl_typesupport_introspection_c__visibility_control.h
[3.614s] -- Up-to-date: /home/ubuntu/ros2_ws/install/micro_ros_msgs/include/micro_ros_msgs/msg/detail
[3.615s] -- Up-to-date: /home/ubuntu/ros2_ws/install/micro_ros_msgs/include/micro_ros_msgs/msg/detail/graph__rosidl_typesupport_introspection_c.h
[3.615s] -- Up-to-date: /home/ubuntu/ros2_ws/install/micro_ros_msgs/include/micro_ros_msgs/msg/detail/entity__rosidl_typesupport_introspection_c.h
[3.616s] -- Up-to-date: /home/ubuntu/ros2_ws/install/micro_ros_msgs/include/micro_ros_msgs/msg/detail/graph__type_support.c
[3.617s] -- Up-to-date: /home/ubuntu/ros2_ws/install/micro_ros_msgs/include/micro_ros_msgs/msg/detail/entity__type_support.c
[3.617s] -- Up-to-date: /home/ubuntu/ros2_ws/install/micro_ros_msgs/include/micro_ros_msgs/msg/detail/node__type_support.c
[3.618s] -- Up-to-date: /home/ubuntu/ros2_ws/install/micro_ros_msgs/include/micro_ros_msgs/msg/detail/node__rosidl_typesupport_introspection_c.h
[3.618s] -- Up-to-date: /home/ubuntu/ros2_ws/install/micro_ros_msgs/lib/libmicro_ros_msgs__rosidl_typesupport_introspection_c.so
[3.622s] -- Up-to-date: /home/ubuntu/ros2_ws/install/micro_ros_msgs/lib/libmicro_ros_msgs__rosidl_typesupport_c.so
[3.625s] -- Up-to-date: /home/ubuntu/ros2_ws/install/micro_ros_msgs/include/micro_ros_msgs
[3.626s] -- Up-to-date: /home/ubuntu/ros2_ws/install/micro_ros_msgs/include/micro_ros_msgs/msg
[3.627s] -- Up-to-date: /home/ubuntu/ros2_ws/install/micro_ros_msgs/include/micro_ros_msgs/msg/detail
[3.629s] -- Up-to-date: /home/ubuntu/ros2_ws/install/micro_ros_msgs/include/micro_ros_msgs/msg/detail/node__traits.hpp
[3.630s] -- Up-to-date: /home/ubuntu/ros2_ws/install/micro_ros_msgs/include/micro_ros_msgs/msg/detail/graph__traits.hpp
[3.631s] -- Up-to-date: /home/ubuntu/ros2_ws/install/micro_ros_msgs/include/micro_ros_msgs/msg/detail/graph__builder.hpp
[3.632s] -- Up-to-date: /home/ubuntu/ros2_ws/install/micro_ros_msgs/include/micro_ros_msgs/msg/detail/entity__builder.hpp
[3.633s] -- Up-to-date: /home/ubuntu/ros2_ws/install/micro_ros_msgs/include/micro_ros_msgs/msg/detail/entity__struct.hpp
[3.634s] -- Up-to-date: /home/ubuntu/ros2_ws/install/micro_ros_msgs/include/micro_ros_msgs/msg/detail/node__builder.hpp
[3.635s] -- Up-to-date: /home/ubuntu/ros2_ws/install/micro_ros_msgs/include/micro_ros_msgs/msg/detail/entity__traits.hpp
[3.638s] -- Up-to-date: /home/ubuntu/ros2_ws/install/micro_ros_msgs/include/micro_ros_msgs/msg/detail/graph__struct.hpp
[3.640s] -- Up-to-date: /home/ubuntu/ros2_ws/install/micro_ros_msgs/include/micro_ros_msgs/msg/detail/node__struct.hpp
[3.642s] -- Up-to-date: /home/ubuntu/ros2_ws/install/micro_ros_msgs/include/micro_ros_msgs/msg/graph.hpp
[3.645s] -- Up-to-date: /home/ubuntu/ros2_ws/install/micro_ros_msgs/include/micro_ros_msgs/msg/node.hpp
[3.651s] -- Up-to-date: /home/ubuntu/ros2_ws/install/micro_ros_msgs/include/micro_ros_msgs/msg/entity.hpp
[3.655s] -- Up-to-date: /home/ubuntu/ros2_ws/install/micro_ros_msgs/include/micro_ros_msgs
[3.658s] -- Up-to-date: /home/ubuntu/ros2_ws/install/micro_ros_msgs/include/micro_ros_msgs/msg
[3.662s] -- Up-to-date: /home/ubuntu/ros2_ws/install/micro_ros_msgs/include/micro_ros_msgs/msg/detail
[3.664s] -- Up-to-date: /home/ubuntu/ros2_ws/install/micro_ros_msgs/include/micro_ros_msgs/msg/detail/graph__rosidl_typesupport_introspection_cpp.hpp
[3.669s] -- Up-to-date: /home/ubuntu/ros2_ws/install/micro_ros_msgs/include/micro_ros_msgs/msg/detail/entity__type_support.cpp
[3.672s] -- Up-to-date: /home/ubuntu/ros2_ws/install/micro_ros_msgs/include/micro_ros_msgs/msg/detail/node__rosidl_typesupport_introspection_cpp.hpp
[3.675s] -- Up-to-date: /home/ubuntu/ros2_ws/install/micro_ros_msgs/include/micro_ros_msgs/msg/detail/node__type_support.cpp
[3.678s] -- Up-to-date: /home/ubuntu/ros2_ws/install/micro_ros_msgs/include/micro_ros_msgs/msg/detail/entity__rosidl_typesupport_introspection_cpp.hpp
[3.681s] -- Up-to-date: /home/ubuntu/ros2_ws/install/micro_ros_msgs/include/micro_ros_msgs/msg/detail/graph__type_support.cpp
[3.685s] -- Up-to-date: /home/ubuntu/ros2_ws/install/micro_ros_msgs/lib/libmicro_ros_msgs__rosidl_typesupport_introspection_cpp.so
[3.689s] -- Up-to-date: /home/ubuntu/ros2_ws/install/micro_ros_msgs/lib/libmicro_ros_msgs__rosidl_typesupport_cpp.so
[3.691s] -- Up-to-date: /home/ubuntu/ros2_ws/install/micro_ros_msgs/share/micro_ros_msgs/environment/pythonpath.sh
[3.692s] -- Up-to-date: /home/ubuntu/ros2_ws/install/micro_ros_msgs/share/micro_ros_msgs/environment/pythonpath.dsv
[3.694s] -- Up-to-date: /home/ubuntu/ros2_ws/install/micro_ros_msgs/lib/python3.8/site-packages/micro_ros_msgs/__init__.py
[3.905s] -- Up-to-date: /home/ubuntu/ros2_ws/install/micro_ros_msgs/lib/python3.8/site-packages/micro_ros_msgs/msg
[3.905s] -- Up-to-date: /home/ubuntu/ros2_ws/install/micro_ros_msgs/lib/python3.8/site-packages/micro_ros_msgs/msg/_graph_s.c
[3.906s] -- Up-to-date: /home/ubuntu/ros2_ws/install/micro_ros_msgs/lib/python3.8/site-packages/micro_ros_msgs/msg/__init__.py
[3.906s] -- Up-to-date: /home/ubuntu/ros2_ws/install/micro_ros_msgs/lib/python3.8/site-packages/micro_ros_msgs/msg/_node_s.c
[3.907s] -- Up-to-date: /home/ubuntu/ros2_ws/install/micro_ros_msgs/lib/python3.8/site-packages/micro_ros_msgs/msg/_entity_s.c
[3.907s] -- Up-to-date: /home/ubuntu/ros2_ws/install/micro_ros_msgs/lib/python3.8/site-packages/micro_ros_msgs/msg/_node.py
[3.908s] -- Up-to-date: /home/ubuntu/ros2_ws/install/micro_ros_msgs/lib/python3.8/site-packages/micro_ros_msgs/msg/_graph.py
[3.909s] -- Up-to-date: /home/ubuntu/ros2_ws/install/micro_ros_msgs/lib/python3.8/site-packages/micro_ros_msgs/msg/_entity.py
[3.912s] -- Up-to-date: /home/ubuntu/ros2_ws/install/micro_ros_msgs/lib/python3.8/site-packages/micro_ros_msgs/micro_ros_msgs_s__rosidl_typesupport_fastrtps_c.cpython-38-aarch64-linux-gnu.so
[3.919s] -- Up-to-date: /home/ubuntu/ros2_ws/install/micro_ros_msgs/lib/python3.8/site-packages/micro_ros_msgs/micro_ros_msgs_s__rosidl_typesupport_introspection_c.cpython-38-aarch64-linux-gnu.so
[3.932s] -- Up-to-date: /home/ubuntu/ros2_ws/install/micro_ros_msgs/lib/python3.8/site-packages/micro_ros_msgs/micro_ros_msgs_s__rosidl_typesupport_c.cpython-38-aarch64-linux-gnu.so
[3.941s] -- Up-to-date: /home/ubuntu/ros2_ws/install/micro_ros_msgs/lib/libmicro_ros_msgs__python.so
[3.943s] -- Up-to-date: /home/ubuntu/ros2_ws/install/micro_ros_msgs/share/micro_ros_msgs/msg/Graph.idl
[3.944s] -- Up-to-date: /home/ubuntu/ros2_ws/install/micro_ros_msgs/share/micro_ros_msgs/msg/Node.idl
[3.945s] -- Up-to-date: /home/ubuntu/ros2_ws/install/micro_ros_msgs/share/micro_ros_msgs/msg/Entity.idl
[3.945s] -- Up-to-date: /home/ubuntu/ros2_ws/install/micro_ros_msgs/share/micro_ros_msgs/msg/Graph.msg
[3.946s] -- Up-to-date: /home/ubuntu/ros2_ws/install/micro_ros_msgs/share/micro_ros_msgs/msg/Node.msg
[3.947s] -- Up-to-date: /home/ubuntu/ros2_ws/install/micro_ros_msgs/share/micro_ros_msgs/msg/Entity.msg
[3.950s] -- Up-to-date: /home/ubuntu/ros2_ws/install/micro_ros_msgs/share/ament_index/resource_index/package_run_dependencies/micro_ros_msgs
[3.952s] -- Up-to-date: /home/ubuntu/ros2_ws/install/micro_ros_msgs/share/ament_index/resource_index/parent_prefix_path/micro_ros_msgs
[3.953s] -- Up-to-date: /home/ubuntu/ros2_ws/install/micro_ros_msgs/share/micro_ros_msgs/environment/ament_prefix_path.sh
[3.955s] -- Up-to-date: /home/ubuntu/ros2_ws/install/micro_ros_msgs/share/micro_ros_msgs/environment/ament_prefix_path.dsv
[3.956s] -- Up-to-date: /home/ubuntu/ros2_ws/install/micro_ros_msgs/share/micro_ros_msgs/environment/path.sh
[3.966s] -- Up-to-date: /home/ubuntu/ros2_ws/install/micro_ros_msgs/share/micro_ros_msgs/environment/path.dsv
[3.967s] -- Up-to-date: /home/ubuntu/ros2_ws/install/micro_ros_msgs/share/micro_ros_msgs/local_setup.bash
[3.967s] -- Up-to-date: /home/ubuntu/ros2_ws/install/micro_ros_msgs/share/micro_ros_msgs/local_setup.sh
[3.968s] -- Up-to-date: /home/ubuntu/ros2_ws/install/micro_ros_msgs/share/micro_ros_msgs/local_setup.zsh
[3.969s] -- Up-to-date: /home/ubuntu/ros2_ws/install/micro_ros_msgs/share/micro_ros_msgs/local_setup.dsv
[3.970s] -- Installing: /home/ubuntu/ros2_ws/install/micro_ros_msgs/share/micro_ros_msgs/package.dsv
[3.976s] -- Up-to-date: /home/ubuntu/ros2_ws/install/micro_ros_msgs/share/ament_index/resource_index/packages/micro_ros_msgs
[3.983s] -- Up-to-date: /home/ubuntu/ros2_ws/install/micro_ros_msgs/share/micro_ros_msgs/cmake/micro_ros_msgs__rosidl_generator_cExport.cmake
[3.986s] -- Up-to-date: /home/ubuntu/ros2_ws/install/micro_ros_msgs/share/micro_ros_msgs/cmake/micro_ros_msgs__rosidl_generator_cExport-noconfig.cmake
[4.005s] -- Up-to-date: /home/ubuntu/ros2_ws/install/micro_ros_msgs/share/micro_ros_msgs/cmake/micro_ros_msgs__rosidl_typesupport_introspection_cExport.cmake
[4.006s] -- Up-to-date: /home/ubuntu/ros2_ws/install/micro_ros_msgs/share/micro_ros_msgs/cmake/micro_ros_msgs__rosidl_typesupport_introspection_cExport-noconfig.cmake
[4.010s] -- Up-to-date: /home/ubuntu/ros2_ws/install/micro_ros_msgs/share/micro_ros_msgs/cmake/micro_ros_msgs__rosidl_typesupport_cExport.cmake
[4.011s] -- Up-to-date: /home/ubuntu/ros2_ws/install/micro_ros_msgs/share/micro_ros_msgs/cmake/micro_ros_msgs__rosidl_typesupport_cExport-noconfig.cmake
[4.014s] -- Up-to-date: /home/ubuntu/ros2_ws/install/micro_ros_msgs/share/micro_ros_msgs/cmake/micro_ros_msgs__rosidl_generator_cppExport.cmake
[4.019s] -- Up-to-date: /home/ubuntu/ros2_ws/install/micro_ros_msgs/share/micro_ros_msgs/cmake/micro_ros_msgs__rosidl_typesupport_introspection_cppExport.cmake
[4.020s] -- Up-to-date: /home/ubuntu/ros2_ws/install/micro_ros_msgs/share/micro_ros_msgs/cmake/micro_ros_msgs__rosidl_typesupport_introspection_cppExport-noconfig.cmake
[4.022s] -- Up-to-date: /home/ubuntu/ros2_ws/install/micro_ros_msgs/share/micro_ros_msgs/cmake/micro_ros_msgs__rosidl_typesupport_cppExport.cmake
[4.024s] -- Up-to-date: /home/ubuntu/ros2_ws/install/micro_ros_msgs/share/micro_ros_msgs/cmake/micro_ros_msgs__rosidl_typesupport_cppExport-noconfig.cmake
[4.026s] -- Up-to-date: /home/ubuntu/ros2_ws/install/micro_ros_msgs/share/micro_ros_msgs/cmake/rosidl_cmake-extras.cmake
[4.032s] -- Up-to-date: /home/ubuntu/ros2_ws/install/micro_ros_msgs/share/micro_ros_msgs/cmake/ament_cmake_export_dependencies-extras.cmake
[4.033s] -- Up-to-date: /home/ubuntu/ros2_ws/install/micro_ros_msgs/share/micro_ros_msgs/cmake/ament_cmake_export_libraries-extras.cmake
[4.033s] -- Up-to-date: /home/ubuntu/ros2_ws/install/micro_ros_msgs/share/micro_ros_msgs/cmake/ament_cmake_export_targets-extras.cmake
[4.034s] -- Up-to-date: /home/ubuntu/ros2_ws/install/micro_ros_msgs/share/micro_ros_msgs/cmake/ament_cmake_export_include_directories-extras.cmake
[4.035s] -- Up-to-date: /home/ubuntu/ros2_ws/install/micro_ros_msgs/share/micro_ros_msgs/cmake/rosidl_cmake_export_typesupport_libraries-extras.cmake
[4.035s] -- Up-to-date: /home/ubuntu/ros2_ws/install/micro_ros_msgs/share/micro_ros_msgs/cmake/rosidl_cmake_export_typesupport_targets-extras.cmake
[4.036s] -- Up-to-date: /home/ubuntu/ros2_ws/install/micro_ros_msgs/share/micro_ros_msgs/cmake/micro_ros_msgsConfig.cmake
[4.036s] -- Up-to-date: /home/ubuntu/ros2_ws/install/micro_ros_msgs/share/micro_ros_msgs/cmake/micro_ros_msgsConfig-version.cmake
[4.039s] -- Up-to-date: /home/ubuntu/ros2_ws/install/micro_ros_msgs/share/micro_ros_msgs/package.xml
[4.051s] Invoked command in '/home/ubuntu/ros2_ws/build/micro_ros_msgs' returned '0': CMAKE_PREFIX_PATH=/opt/ros/foxy /usr/bin/cmake --install /home/ubuntu/ros2_ws/build/micro_ros_msgs
