[0.185s] Invoking command in '/home/ubuntu/ros2_ws/build/micro_ros_msgs': CMAKE_PREFIX_PATH=${CMAKE_PREFIX_PATH}:/home/ubuntu/ros2_ws/install/smooth_drive:/home/ubuntu/ros2_ws/install/odom_builder:/home/ubuntu/ros2_ws/install/motor_control:/home/ubuntu/ros2_ws/install/cart_start:/opt/ros/foxy /usr/bin/cmake --build /home/ubuntu/ros2_ws/build/micro_ros_msgs -- -j4 -l4
[3.949s] [  2%] Built target micro_ros_msgs__cpp
[3.950s] [ 12%] Built target micro_ros_msgs__rosidl_generator_c
[3.951s] [ 23%] Built target micro_ros_msgs__rosidl_typesupport_c
[3.952s] [ 34%] Built target micro_ros_msgs__rosidl_typesupport_fastrtps_cpp
[3.953s] [ 44%] Built target micro_ros_msgs__rosidl_typesupport_introspection_cpp
[3.955s] [ 55%] Built target micro_ros_msgs__rosidl_typesupport_cpp
[3.956s] [ 65%] Built target micro_ros_msgs__rosidl_typesupport_introspection_c
[3.961s] [ 76%] Built target micro_ros_msgs__rosidl_typesupport_fastrtps_c
[3.962s] [ 76%] Built target micro_ros_msgs
[3.963s] [ 78%] Built target micro_ros_msgs__py
[3.964s] [ 87%] Built target micro_ros_msgs__python
[3.965s] [ 91%] Built target micro_ros_msgs__rosidl_typesupport_introspection_c__pyext
[3.969s] [ 95%] Built target micro_ros_msgs__rosidl_typesupport_fastrtps_c__pyext
[3.970s] [100%] Built target micro_ros_msgs__rosidl_typesupport_c__pyext
[3.972s] Invoked command in '/home/ubuntu/ros2_ws/build/micro_ros_msgs' returned '0': CMAKE_PREFIX_PATH=${CMAKE_PREFIX_PATH}:/home/ubuntu/ros2_ws/install/smooth_drive:/home/ubuntu/ros2_ws/install/odom_builder:/home/ubuntu/ros2_ws/install/motor_control:/home/ubuntu/ros2_ws/install/cart_start:/opt/ros/foxy /usr/bin/cmake --build /home/ubuntu/ros2_ws/build/micro_ros_msgs -- -j4 -l4
[6.468s] Invoking command in '/home/ubuntu/ros2_ws/build/micro_ros_msgs': CMAKE_PREFIX_PATH=${CMAKE_PREFIX_PATH}:/home/ubuntu/ros2_ws/install/smooth_drive:/home/ubuntu/ros2_ws/install/odom_builder:/home/ubuntu/ros2_ws/install/motor_control:/home/ubuntu/ros2_ws/install/cart_start:/opt/ros/foxy /usr/bin/cmake --install /home/ubuntu/ros2_ws/build/micro_ros_msgs
[6.594s] -- Install configuration: ""
[6.598s] -- Up-to-date: /home/ubuntu/ros2_ws/install/micro_ros_msgs/share/ament_index/resource_index/rosidl_interfaces/micro_ros_msgs
[6.603s] -- Up-to-date: /home/ubuntu/ros2_ws/install/micro_ros_msgs/include/micro_ros_msgs
[6.607s] -- Up-to-date: /home/ubuntu/ros2_ws/install/micro_ros_msgs/include/micro_ros_msgs/msg
[6.611s] -- Up-to-date: /home/ubuntu/ros2_ws/install/micro_ros_msgs/include/micro_ros_msgs/msg/rosidl_generator_c__visibility_control.h
[6.617s] -- Up-to-date: /home/ubuntu/ros2_ws/install/micro_ros_msgs/include/micro_ros_msgs/msg/detail
[6.625s] -- Up-to-date: /home/ubuntu/ros2_ws/install/micro_ros_msgs/include/micro_ros_msgs/msg/detail/graph__type_support.h
[6.631s] -- Up-to-date: /home/ubuntu/ros2_ws/install/micro_ros_msgs/include/micro_ros_msgs/msg/detail/node__functions.c
[6.636s] -- Up-to-date: /home/ubuntu/ros2_ws/install/micro_ros_msgs/include/micro_ros_msgs/msg/detail/entity__functions.c
[6.642s] -- Up-to-date: /home/ubuntu/ros2_ws/install/micro_ros_msgs/include/micro_ros_msgs/msg/detail/node__type_support.h
[6.647s] -- Up-to-date: /home/ubuntu/ros2_ws/install/micro_ros_msgs/include/micro_ros_msgs/msg/detail/graph__functions.c
[6.653s] -- Up-to-date: /home/ubuntu/ros2_ws/install/micro_ros_msgs/include/micro_ros_msgs/msg/detail/entity__struct.h
[6.658s] -- Up-to-date: /home/ubuntu/ros2_ws/install/micro_ros_msgs/include/micro_ros_msgs/msg/detail/graph__functions.h
[6.664s] -- Up-to-date: /home/ubuntu/ros2_ws/install/micro_ros_msgs/include/micro_ros_msgs/msg/detail/node__struct.h
[6.667s] -- Up-to-date: /home/ubuntu/ros2_ws/install/micro_ros_msgs/include/micro_ros_msgs/msg/detail/graph__struct.h
[6.674s] -- Up-to-date: /home/ubuntu/ros2_ws/install/micro_ros_msgs/include/micro_ros_msgs/msg/detail/entity__type_support.h
[6.677s] -- Up-to-date: /home/ubuntu/ros2_ws/install/micro_ros_msgs/include/micro_ros_msgs/msg/detail/entity__functions.h
[6.682s] -- Up-to-date: /home/ubuntu/ros2_ws/install/micro_ros_msgs/include/micro_ros_msgs/msg/detail/node__functions.h
[6.688s] -- Up-to-date: /home/ubuntu/ros2_ws/install/micro_ros_msgs/include/micro_ros_msgs/msg/graph.h
[6.694s] -- Up-to-date: /home/ubuntu/ros2_ws/install/micro_ros_msgs/include/micro_ros_msgs/msg/entity.h
[6.696s] -- Up-to-date: /home/ubuntu/ros2_ws/install/micro_ros_msgs/include/micro_ros_msgs/msg/node.h
[6.704s] -- Up-to-date: /home/ubuntu/ros2_ws/install/micro_ros_msgs/share/micro_ros_msgs/environment/library_path.sh
[6.711s] -- Up-to-date: /home/ubuntu/ros2_ws/install/micro_ros_msgs/share/micro_ros_msgs/environment/library_path.dsv
[6.714s] -- Up-to-date: /home/ubuntu/ros2_ws/install/micro_ros_msgs/lib/libmicro_ros_msgs__rosidl_generator_c.so
[6.720s] -- Up-to-date: /home/ubuntu/ros2_ws/install/micro_ros_msgs/include/micro_ros_msgs
[6.734s] -- Up-to-date: /home/ubuntu/ros2_ws/install/micro_ros_msgs/include/micro_ros_msgs/msg
[6.741s] -- Up-to-date: /home/ubuntu/ros2_ws/install/micro_ros_msgs/include/micro_ros_msgs/msg/detail
[6.744s] -- Up-to-date: /home/ubuntu/ros2_ws/install/micro_ros_msgs/include/micro_ros_msgs/msg/detail/entity__rosidl_typesupport_fastrtps_c.h
[6.747s] -- Up-to-date: /home/ubuntu/ros2_ws/install/micro_ros_msgs/include/micro_ros_msgs/msg/detail/graph__rosidl_typesupport_fastrtps_c.h
[6.749s] -- Up-to-date: /home/ubuntu/ros2_ws/install/micro_ros_msgs/include/micro_ros_msgs/msg/detail/node__rosidl_typesupport_fastrtps_c.h
[6.754s] -- Up-to-date: /home/ubuntu/ros2_ws/install/micro_ros_msgs/include/micro_ros_msgs/msg/rosidl_typesupport_fastrtps_c__visibility_control.h
[6.758s] -- Up-to-date: /home/ubuntu/ros2_ws/install/micro_ros_msgs/lib/libmicro_ros_msgs__rosidl_typesupport_fastrtps_c.so
[6.764s] -- Up-to-date: /home/ubuntu/ros2_ws/install/micro_ros_msgs/include/micro_ros_msgs
[6.770s] -- Up-to-date: /home/ubuntu/ros2_ws/install/micro_ros_msgs/include/micro_ros_msgs/msg
[6.778s] -- Up-to-date: /home/ubuntu/ros2_ws/install/micro_ros_msgs/include/micro_ros_msgs/msg/detail
[6.783s] -- Up-to-date: /home/ubuntu/ros2_ws/install/micro_ros_msgs/include/micro_ros_msgs/msg/detail/node__rosidl_typesupport_fastrtps_cpp.hpp
[6.788s] -- Up-to-date: /home/ubuntu/ros2_ws/install/micro_ros_msgs/include/micro_ros_msgs/msg/detail/entity__rosidl_typesupport_fastrtps_cpp.hpp
[6.790s] -- Up-to-date: /home/ubuntu/ros2_ws/install/micro_ros_msgs/include/micro_ros_msgs/msg/detail/dds_fastrtps
[6.794s] -- Up-to-date: /home/ubuntu/ros2_ws/install/micro_ros_msgs/include/micro_ros_msgs/msg/detail/graph__rosidl_typesupport_fastrtps_cpp.hpp
[6.801s] -- Up-to-date: /home/ubuntu/ros2_ws/install/micro_ros_msgs/include/micro_ros_msgs/msg/rosidl_typesupport_fastrtps_cpp__visibility_control.h
[6.805s] -- Up-to-date: /home/ubuntu/ros2_ws/install/micro_ros_msgs/lib/libmicro_ros_msgs__rosidl_typesupport_fastrtps_cpp.so
[6.810s] -- Up-to-date: /home/ubuntu/ros2_ws/install/micro_ros_msgs/include/micro_ros_msgs
[6.811s] -- Up-to-date: /home/ubuntu/ros2_ws/install/micro_ros_msgs/include/micro_ros_msgs/msg
[6.813s] -- Up-to-date: /home/ubuntu/ros2_ws/install/micro_ros_msgs/include/micro_ros_msgs/msg/rosidl_typesupport_introspection_c__visibility_control.h
[6.814s] -- Up-to-date: /home/ubuntu/ros2_ws/install/micro_ros_msgs/include/micro_ros_msgs/msg/detail
[6.815s] -- Up-to-date: /home/ubuntu/ros2_ws/install/micro_ros_msgs/include/micro_ros_msgs/msg/detail/graph__rosidl_typesupport_introspection_c.h
[6.816s] -- Up-to-date: /home/ubuntu/ros2_ws/install/micro_ros_msgs/include/micro_ros_msgs/msg/detail/entity__rosidl_typesupport_introspection_c.h
[6.818s] -- Up-to-date: /home/ubuntu/ros2_ws/install/micro_ros_msgs/include/micro_ros_msgs/msg/detail/graph__type_support.c
[6.819s] -- Up-to-date: /home/ubuntu/ros2_ws/install/micro_ros_msgs/include/micro_ros_msgs/msg/detail/entity__type_support.c
[6.820s] -- Up-to-date: /home/ubuntu/ros2_ws/install/micro_ros_msgs/include/micro_ros_msgs/msg/detail/node__type_support.c
[6.824s] -- Up-to-date: /home/ubuntu/ros2_ws/install/micro_ros_msgs/include/micro_ros_msgs/msg/detail/node__rosidl_typesupport_introspection_c.h
[6.830s] -- Up-to-date: /home/ubuntu/ros2_ws/install/micro_ros_msgs/lib/libmicro_ros_msgs__rosidl_typesupport_introspection_c.so
[6.832s] -- Up-to-date: /home/ubuntu/ros2_ws/install/micro_ros_msgs/lib/libmicro_ros_msgs__rosidl_typesupport_c.so
[6.834s] -- Up-to-date: /home/ubuntu/ros2_ws/install/micro_ros_msgs/include/micro_ros_msgs
[6.835s] -- Up-to-date: /home/ubuntu/ros2_ws/install/micro_ros_msgs/include/micro_ros_msgs/msg
[6.837s] -- Up-to-date: /home/ubuntu/ros2_ws/install/micro_ros_msgs/include/micro_ros_msgs/msg/detail
[6.838s] -- Up-to-date: /home/ubuntu/ros2_ws/install/micro_ros_msgs/include/micro_ros_msgs/msg/detail/node__traits.hpp
[6.839s] -- Up-to-date: /home/ubuntu/ros2_ws/install/micro_ros_msgs/include/micro_ros_msgs/msg/detail/graph__traits.hpp
[6.841s] -- Up-to-date: /home/ubuntu/ros2_ws/install/micro_ros_msgs/include/micro_ros_msgs/msg/detail/graph__builder.hpp
[6.842s] -- Up-to-date: /home/ubuntu/ros2_ws/install/micro_ros_msgs/include/micro_ros_msgs/msg/detail/entity__builder.hpp
[6.843s] -- Up-to-date: /home/ubuntu/ros2_ws/install/micro_ros_msgs/include/micro_ros_msgs/msg/detail/entity__struct.hpp
[6.845s] -- Up-to-date: /home/ubuntu/ros2_ws/install/micro_ros_msgs/include/micro_ros_msgs/msg/detail/node__builder.hpp
[6.846s] -- Up-to-date: /home/ubuntu/ros2_ws/install/micro_ros_msgs/include/micro_ros_msgs/msg/detail/entity__traits.hpp
[6.847s] -- Up-to-date: /home/ubuntu/ros2_ws/install/micro_ros_msgs/include/micro_ros_msgs/msg/detail/graph__struct.hpp
[6.848s] -- Up-to-date: /home/ubuntu/ros2_ws/install/micro_ros_msgs/include/micro_ros_msgs/msg/detail/node__struct.hpp
[6.850s] -- Up-to-date: /home/ubuntu/ros2_ws/install/micro_ros_msgs/include/micro_ros_msgs/msg/graph.hpp
[6.851s] -- Up-to-date: /home/ubuntu/ros2_ws/install/micro_ros_msgs/include/micro_ros_msgs/msg/node.hpp
[6.852s] -- Up-to-date: /home/ubuntu/ros2_ws/install/micro_ros_msgs/include/micro_ros_msgs/msg/entity.hpp
[6.854s] -- Up-to-date: /home/ubuntu/ros2_ws/install/micro_ros_msgs/include/micro_ros_msgs
[6.855s] -- Up-to-date: /home/ubuntu/ros2_ws/install/micro_ros_msgs/include/micro_ros_msgs/msg
[6.858s] -- Up-to-date: /home/ubuntu/ros2_ws/install/micro_ros_msgs/include/micro_ros_msgs/msg/detail
[6.859s] -- Up-to-date: /home/ubuntu/ros2_ws/install/micro_ros_msgs/include/micro_ros_msgs/msg/detail/graph__rosidl_typesupport_introspection_cpp.hpp
[6.860s] -- Up-to-date: /home/ubuntu/ros2_ws/install/micro_ros_msgs/include/micro_ros_msgs/msg/detail/entity__type_support.cpp
[6.861s] -- Up-to-date: /home/ubuntu/ros2_ws/install/micro_ros_msgs/include/micro_ros_msgs/msg/detail/node__rosidl_typesupport_introspection_cpp.hpp
[6.863s] -- Up-to-date: /home/ubuntu/ros2_ws/install/micro_ros_msgs/include/micro_ros_msgs/msg/detail/node__type_support.cpp
[6.864s] -- Up-to-date: /home/ubuntu/ros2_ws/install/micro_ros_msgs/include/micro_ros_msgs/msg/detail/entity__rosidl_typesupport_introspection_cpp.hpp
[6.866s] -- Up-to-date: /home/ubuntu/ros2_ws/install/micro_ros_msgs/include/micro_ros_msgs/msg/detail/graph__type_support.cpp
[6.867s] -- Up-to-date: /home/ubuntu/ros2_ws/install/micro_ros_msgs/lib/libmicro_ros_msgs__rosidl_typesupport_introspection_cpp.so
[6.869s] -- Up-to-date: /home/ubuntu/ros2_ws/install/micro_ros_msgs/lib/libmicro_ros_msgs__rosidl_typesupport_cpp.so
[6.871s] -- Up-to-date: /home/ubuntu/ros2_ws/install/micro_ros_msgs/share/micro_ros_msgs/environment/pythonpath.sh
[6.873s] -- Up-to-date: /home/ubuntu/ros2_ws/install/micro_ros_msgs/share/micro_ros_msgs/environment/pythonpath.dsv
[6.874s] -- Up-to-date: /home/ubuntu/ros2_ws/install/micro_ros_msgs/lib/python3.8/site-packages/micro_ros_msgs/__init__.py
[7.419s] -- Up-to-date: /home/ubuntu/ros2_ws/install/micro_ros_msgs/lib/python3.8/site-packages/micro_ros_msgs/msg
[7.424s] -- Up-to-date: /home/ubuntu/ros2_ws/install/micro_ros_msgs/lib/python3.8/site-packages/micro_ros_msgs/msg/_graph_s.c
[7.441s] -- Up-to-date: /home/ubuntu/ros2_ws/install/micro_ros_msgs/lib/python3.8/site-packages/micro_ros_msgs/msg/__init__.py
[7.451s] -- Up-to-date: /home/ubuntu/ros2_ws/install/micro_ros_msgs/lib/python3.8/site-packages/micro_ros_msgs/msg/_node_s.c
[7.454s] -- Up-to-date: /home/ubuntu/ros2_ws/install/micro_ros_msgs/lib/python3.8/site-packages/micro_ros_msgs/msg/_entity_s.c
[7.456s] -- Up-to-date: /home/ubuntu/ros2_ws/install/micro_ros_msgs/lib/python3.8/site-packages/micro_ros_msgs/msg/_node.py
[7.461s] -- Up-to-date: /home/ubuntu/ros2_ws/install/micro_ros_msgs/lib/python3.8/site-packages/micro_ros_msgs/msg/_graph.py
[7.467s] -- Up-to-date: /home/ubuntu/ros2_ws/install/micro_ros_msgs/lib/python3.8/site-packages/micro_ros_msgs/msg/_entity.py
[7.474s] -- Up-to-date: /home/ubuntu/ros2_ws/install/micro_ros_msgs/lib/python3.8/site-packages/micro_ros_msgs/micro_ros_msgs_s__rosidl_typesupport_fastrtps_c.cpython-38-aarch64-linux-gnu.so
[7.483s] -- Up-to-date: /home/ubuntu/ros2_ws/install/micro_ros_msgs/lib/python3.8/site-packages/micro_ros_msgs/micro_ros_msgs_s__rosidl_typesupport_introspection_c.cpython-38-aarch64-linux-gnu.so
[7.497s] -- Up-to-date: /home/ubuntu/ros2_ws/install/micro_ros_msgs/lib/python3.8/site-packages/micro_ros_msgs/micro_ros_msgs_s__rosidl_typesupport_c.cpython-38-aarch64-linux-gnu.so
[7.508s] -- Up-to-date: /home/ubuntu/ros2_ws/install/micro_ros_msgs/lib/libmicro_ros_msgs__python.so
[7.518s] -- Up-to-date: /home/ubuntu/ros2_ws/install/micro_ros_msgs/share/micro_ros_msgs/msg/Graph.idl
[7.524s] -- Up-to-date: /home/ubuntu/ros2_ws/install/micro_ros_msgs/share/micro_ros_msgs/msg/Node.idl
[7.538s] -- Up-to-date: /home/ubuntu/ros2_ws/install/micro_ros_msgs/share/micro_ros_msgs/msg/Entity.idl
[7.544s] -- Up-to-date: /home/ubuntu/ros2_ws/install/micro_ros_msgs/share/micro_ros_msgs/msg/Graph.msg
[7.550s] -- Up-to-date: /home/ubuntu/ros2_ws/install/micro_ros_msgs/share/micro_ros_msgs/msg/Node.msg
[7.555s] -- Up-to-date: /home/ubuntu/ros2_ws/install/micro_ros_msgs/share/micro_ros_msgs/msg/Entity.msg
[7.561s] -- Up-to-date: /home/ubuntu/ros2_ws/install/micro_ros_msgs/share/ament_index/resource_index/package_run_dependencies/micro_ros_msgs
[7.569s] -- Up-to-date: /home/ubuntu/ros2_ws/install/micro_ros_msgs/share/ament_index/resource_index/parent_prefix_path/micro_ros_msgs
[7.576s] -- Up-to-date: /home/ubuntu/ros2_ws/install/micro_ros_msgs/share/micro_ros_msgs/environment/ament_prefix_path.sh
[7.584s] -- Up-to-date: /home/ubuntu/ros2_ws/install/micro_ros_msgs/share/micro_ros_msgs/environment/ament_prefix_path.dsv
[7.593s] -- Up-to-date: /home/ubuntu/ros2_ws/install/micro_ros_msgs/share/micro_ros_msgs/environment/path.sh
[7.598s] -- Up-to-date: /home/ubuntu/ros2_ws/install/micro_ros_msgs/share/micro_ros_msgs/environment/path.dsv
[7.602s] -- Up-to-date: /home/ubuntu/ros2_ws/install/micro_ros_msgs/share/micro_ros_msgs/local_setup.bash
[7.603s] -- Up-to-date: /home/ubuntu/ros2_ws/install/micro_ros_msgs/share/micro_ros_msgs/local_setup.sh
[7.606s] -- Up-to-date: /home/ubuntu/ros2_ws/install/micro_ros_msgs/share/micro_ros_msgs/local_setup.zsh
[7.615s] -- Up-to-date: /home/ubuntu/ros2_ws/install/micro_ros_msgs/share/micro_ros_msgs/local_setup.dsv
[7.617s] -- Installing: /home/ubuntu/ros2_ws/install/micro_ros_msgs/share/micro_ros_msgs/package.dsv
[7.620s] -- Up-to-date: /home/ubuntu/ros2_ws/install/micro_ros_msgs/share/ament_index/resource_index/packages/micro_ros_msgs
[7.624s] -- Up-to-date: /home/ubuntu/ros2_ws/install/micro_ros_msgs/share/micro_ros_msgs/cmake/micro_ros_msgs__rosidl_generator_cExport.cmake
[7.638s] -- Up-to-date: /home/ubuntu/ros2_ws/install/micro_ros_msgs/share/micro_ros_msgs/cmake/micro_ros_msgs__rosidl_generator_cExport-noconfig.cmake
[7.647s] -- Up-to-date: /home/ubuntu/ros2_ws/install/micro_ros_msgs/share/micro_ros_msgs/cmake/micro_ros_msgs__rosidl_typesupport_introspection_cExport.cmake
[7.651s] -- Up-to-date: /home/ubuntu/ros2_ws/install/micro_ros_msgs/share/micro_ros_msgs/cmake/micro_ros_msgs__rosidl_typesupport_introspection_cExport-noconfig.cmake
[7.655s] -- Up-to-date: /home/ubuntu/ros2_ws/install/micro_ros_msgs/share/micro_ros_msgs/cmake/micro_ros_msgs__rosidl_typesupport_cExport.cmake
[7.673s] -- Up-to-date: /home/ubuntu/ros2_ws/install/micro_ros_msgs/share/micro_ros_msgs/cmake/micro_ros_msgs__rosidl_typesupport_cExport-noconfig.cmake
[7.674s] -- Up-to-date: /home/ubuntu/ros2_ws/install/micro_ros_msgs/share/micro_ros_msgs/cmake/micro_ros_msgs__rosidl_generator_cppExport.cmake
[7.680s] -- Up-to-date: /home/ubuntu/ros2_ws/install/micro_ros_msgs/share/micro_ros_msgs/cmake/micro_ros_msgs__rosidl_typesupport_introspection_cppExport.cmake
[7.688s] -- Up-to-date: /home/ubuntu/ros2_ws/install/micro_ros_msgs/share/micro_ros_msgs/cmake/micro_ros_msgs__rosidl_typesupport_introspection_cppExport-noconfig.cmake
[7.690s] -- Up-to-date: /home/ubuntu/ros2_ws/install/micro_ros_msgs/share/micro_ros_msgs/cmake/micro_ros_msgs__rosidl_typesupport_cppExport.cmake
[7.691s] -- Up-to-date: /home/ubuntu/ros2_ws/install/micro_ros_msgs/share/micro_ros_msgs/cmake/micro_ros_msgs__rosidl_typesupport_cppExport-noconfig.cmake
[7.692s] -- Up-to-date: /home/ubuntu/ros2_ws/install/micro_ros_msgs/share/micro_ros_msgs/cmake/rosidl_cmake-extras.cmake
[7.694s] -- Up-to-date: /home/ubuntu/ros2_ws/install/micro_ros_msgs/share/micro_ros_msgs/cmake/ament_cmake_export_dependencies-extras.cmake
[7.695s] -- Up-to-date: /home/ubuntu/ros2_ws/install/micro_ros_msgs/share/micro_ros_msgs/cmake/ament_cmake_export_libraries-extras.cmake
[7.729s] -- Up-to-date: /home/ubuntu/ros2_ws/install/micro_ros_msgs/share/micro_ros_msgs/cmake/ament_cmake_export_targets-extras.cmake
[7.732s] -- Up-to-date: /home/ubuntu/ros2_ws/install/micro_ros_msgs/share/micro_ros_msgs/cmake/ament_cmake_export_include_directories-extras.cmake
[7.733s] -- Up-to-date: /home/ubuntu/ros2_ws/install/micro_ros_msgs/share/micro_ros_msgs/cmake/rosidl_cmake_export_typesupport_libraries-extras.cmake
[7.734s] -- Up-to-date: /home/ubuntu/ros2_ws/install/micro_ros_msgs/share/micro_ros_msgs/cmake/rosidl_cmake_export_typesupport_targets-extras.cmake
[7.736s] -- Up-to-date: /home/ubuntu/ros2_ws/install/micro_ros_msgs/share/micro_ros_msgs/cmake/micro_ros_msgsConfig.cmake
[7.757s] -- Up-to-date: /home/ubuntu/ros2_ws/install/micro_ros_msgs/share/micro_ros_msgs/cmake/micro_ros_msgsConfig-version.cmake
[7.759s] -- Up-to-date: /home/ubuntu/ros2_ws/install/micro_ros_msgs/share/micro_ros_msgs/package.xml
[7.761s] Invoked command in '/home/ubuntu/ros2_ws/build/micro_ros_msgs' returned '0': CMAKE_PREFIX_PATH=${CMAKE_PREFIX_PATH}:/home/ubuntu/ros2_ws/install/smooth_drive:/home/ubuntu/ros2_ws/install/odom_builder:/home/ubuntu/ros2_ws/install/motor_control:/home/ubuntu/ros2_ws/install/cart_start:/opt/ros/foxy /usr/bin/cmake --install /home/ubuntu/ros2_ws/build/micro_ros_msgs
