[0.145s] Invoking command in '/home/ubuntu/ros2_ws/build/micro_ros_setup': CMAKE_PREFIX_PATH=/opt/ros/foxy /usr/bin/cmake --build /home/ubuntu/ros2_ws/build/micro_ros_setup -- -j4 -l4
[1.014s] Invoked command in '/home/ubuntu/ros2_ws/build/micro_ros_setup' returned '0': CMAKE_PREFIX_PATH=/opt/ros/foxy /usr/bin/cmake --build /home/ubuntu/ros2_ws/build/micro_ros_setup -- -j4 -l4
[1.305s] Invoking command in '/home/ubuntu/ros2_ws/build/micro_ros_setup': CMAKE_PREFIX_PATH=/opt/ros/foxy /usr/bin/cmake --install /home/ubuntu/ros2_ws/build/micro_ros_setup
[1.405s] -- Install configuration: ""
[1.407s] -- Up-to-date: /home/ubuntu/ros2_ws/install/micro_ros_setup/share/ament_index/resource_index/package_run_dependencies/micro_ros_setup
[1.409s] -- Up-to-date: /home/ubuntu/ros2_ws/install/micro_ros_setup/share/ament_index/resource_index/parent_prefix_path/micro_ros_setup
[1.410s] -- Up-to-date: /home/ubuntu/ros2_ws/install/micro_ros_setup/share/micro_ros_setup/environment/ament_prefix_path.sh
[1.412s] -- Up-to-date: /home/ubuntu/ros2_ws/install/micro_ros_setup/share/micro_ros_setup/environment/ament_prefix_path.dsv
[1.418s] -- Up-to-date: /home/ubuntu/ros2_ws/install/micro_ros_setup/share/micro_ros_setup/environment/path.sh
[1.420s] -- Up-to-date: /home/ubuntu/ros2_ws/install/micro_ros_setup/share/micro_ros_setup/environment/path.dsv
[1.421s] -- Up-to-date: /home/ubuntu/ros2_ws/install/micro_ros_setup/share/micro_ros_setup/local_setup.bash
[1.423s] -- Up-to-date: /home/ubuntu/ros2_ws/install/micro_ros_setup/share/micro_ros_setup/local_setup.sh
[1.426s] -- Up-to-date: /home/ubuntu/ros2_ws/install/micro_ros_setup/share/micro_ros_setup/local_setup.zsh
[1.427s] -- Up-to-date: /home/ubuntu/ros2_ws/install/micro_ros_setup/share/micro_ros_setup/local_setup.dsv
[1.428s] -- Installing: /home/ubuntu/ros2_ws/install/micro_ros_setup/share/micro_ros_setup/package.dsv
[1.432s] -- Up-to-date: /home/ubuntu/ros2_ws/install/micro_ros_setup/share/ament_index/resource_index/packages/micro_ros_setup
[1.446s] -- Up-to-date: /home/ubuntu/ros2_ws/install/micro_ros_setup/share/micro_ros_setup/cmake/micro_ros_setupConfig.cmake
[1.449s] -- Up-to-date: /home/ubuntu/ros2_ws/install/micro_ros_setup/share/micro_ros_setup/cmake/micro_ros_setupConfig-version.cmake
[1.451s] -- Up-to-date: /home/ubuntu/ros2_ws/install/micro_ros_setup/share/micro_ros_setup/package.xml
[1.455s] -- Up-to-date: /home/ubuntu/ros2_ws/install/micro_ros_setup/./config
[1.471s] -- Up-to-date: /home/ubuntu/ros2_ws/install/micro_ros_setup/./config/agent_uros_packages.repos
[1.475s] -- Up-to-date: /home/ubuntu/ros2_ws/install/micro_ros_setup/./config/client_ros2_packages.txt
[1.482s] -- Up-to-date: /home/ubuntu/ros2_ws/install/micro_ros_setup/./config/host
[1.485s] -- Up-to-date: /home/ubuntu/ros2_ws/install/micro_ros_setup/./config/host/client_ros2_packages.txt
[1.486s] -- Up-to-date: /home/ubuntu/ros2_ws/install/micro_ros_setup/./config/host/dev_uros_packages.repos
[1.488s] -- Up-to-date: /home/ubuntu/ros2_ws/install/micro_ros_setup/./config/host/dev_ros2_packages.txt
[1.491s] -- Up-to-date: /home/ubuntu/ros2_ws/install/micro_ros_setup/./config/host/generic
[1.493s] -- Up-to-date: /home/ubuntu/ros2_ws/install/micro_ros_setup/./config/host/generic/client_host_packages.repos
[1.495s] -- Up-to-date: /home/ubuntu/ros2_ws/install/micro_ros_setup/./config/host/generic/package.xml
[1.499s] -- Up-to-date: /home/ubuntu/ros2_ws/install/micro_ros_setup/./config/host/generic/build.sh
[1.500s] -- Up-to-date: /home/ubuntu/ros2_ws/install/micro_ros_setup/./config/host/generic/flash.sh
[1.502s] -- Up-to-date: /home/ubuntu/ros2_ws/install/micro_ros_setup/./config/host/generic/reset.sh
[1.503s] -- Up-to-date: /home/ubuntu/ros2_ws/install/micro_ros_setup/./config/host/generic/create.sh
[1.511s] -- Up-to-date: /home/ubuntu/ros2_ws/install/micro_ros_setup/./config/host/generic/client-host-colcon.meta
[1.513s] -- Up-to-date: /home/ubuntu/ros2_ws/install/micro_ros_setup/./config/raspbian
[1.514s] -- Up-to-date: /home/ubuntu/ros2_ws/install/micro_ros_setup/./config/raspbian/dev_uros_packages.repos
[1.515s] -- Up-to-date: /home/ubuntu/ros2_ws/install/micro_ros_setup/./config/raspbian/dev_ros2_packages.txt
[1.527s] -- Up-to-date: /home/ubuntu/ros2_ws/install/micro_ros_setup/./config/raspbian/generic
[1.528s] -- Up-to-date: /home/ubuntu/ros2_ws/install/micro_ros_setup/./config/raspbian/generic/configure.sh
[1.529s] -- Up-to-date: /home/ubuntu/ros2_ws/install/micro_ros_setup/./config/raspbian/generic/build.sh
[1.529s] -- Up-to-date: /home/ubuntu/ros2_ws/install/micro_ros_setup/./config/raspbian/generic/flash.sh
[1.530s] -- Up-to-date: /home/ubuntu/ros2_ws/install/micro_ros_setup/./config/raspbian/generic/client_uros_packages.repos
[1.530s] -- Up-to-date: /home/ubuntu/ros2_ws/install/micro_ros_setup/./config/raspbian/generic/supported_platforms
[1.531s] -- Up-to-date: /home/ubuntu/ros2_ws/install/micro_ros_setup/./config/raspbian/generic/client-colcon.meta
[1.532s] -- Up-to-date: /home/ubuntu/ros2_ws/install/micro_ros_setup/./config/raspbian/generic/create.sh
[1.533s] -- Up-to-date: /home/ubuntu/ros2_ws/install/micro_ros_setup/./config/nuttx
[1.534s] -- Up-to-date: /home/ubuntu/ros2_ws/install/micro_ros_setup/./config/nuttx/dev_uros_packages.repos
[1.535s] -- Up-to-date: /home/ubuntu/ros2_ws/install/micro_ros_setup/./config/nuttx/dev_ros2_packages.txt
[1.535s] -- Up-to-date: /home/ubuntu/ros2_ws/install/micro_ros_setup/./config/nuttx/generic
[1.536s] -- Up-to-date: /home/ubuntu/ros2_ws/install/micro_ros_setup/./config/nuttx/generic/uros_packages.repos
[1.537s] -- Up-to-date: /home/ubuntu/ros2_ws/install/micro_ros_setup/./config/nuttx/generic/configure.sh
[1.539s] -- Up-to-date: /home/ubuntu/ros2_ws/install/micro_ros_setup/./config/nuttx/generic/package.xml
[1.540s] -- Up-to-date: /home/ubuntu/ros2_ws/install/micro_ros_setup/./config/nuttx/generic/build.sh
[1.541s] -- Up-to-date: /home/ubuntu/ros2_ws/install/micro_ros_setup/./config/nuttx/generic/flash.sh
[1.541s] -- Up-to-date: /home/ubuntu/ros2_ws/install/micro_ros_setup/./config/nuttx/generic/reset.sh
[1.545s] -- Up-to-date: /home/ubuntu/ros2_ws/install/micro_ros_setup/./config/nuttx/generic/client_uros_packages.repos
[1.546s] -- Up-to-date: /home/ubuntu/ros2_ws/install/micro_ros_setup/./config/nuttx/generic/supported_platforms
[1.547s] -- Up-to-date: /home/ubuntu/ros2_ws/install/micro_ros_setup/./config/nuttx/generic/client-colcon.meta
[1.547s] -- Up-to-date: /home/ubuntu/ros2_ws/install/micro_ros_setup/./config/nuttx/generic/create.sh
[1.549s] -- Up-to-date: /home/ubuntu/ros2_ws/install/micro_ros_setup/./config/zephyr
[1.550s] -- Up-to-date: /home/ubuntu/ros2_ws/install/micro_ros_setup/./config/zephyr/list_apps.sh
[1.553s] -- Up-to-date: /home/ubuntu/ros2_ws/install/micro_ros_setup/./config/zephyr/dev_uros_packages.repos
[1.554s] -- Up-to-date: /home/ubuntu/ros2_ws/install/micro_ros_setup/./config/zephyr/dev_ros2_packages.txt
[1.555s] -- Up-to-date: /home/ubuntu/ros2_ws/install/micro_ros_setup/./config/zephyr/generic
[1.559s] -- Up-to-date: /home/ubuntu/ros2_ws/install/micro_ros_setup/./config/zephyr/generic/configure.sh
[1.564s] -- Up-to-date: /home/ubuntu/ros2_ws/install/micro_ros_setup/./config/zephyr/generic/package.xml
[1.565s] -- Up-to-date: /home/ubuntu/ros2_ws/install/micro_ros_setup/./config/zephyr/generic/board.repos
[1.569s] -- Up-to-date: /home/ubuntu/ros2_ws/install/micro_ros_setup/./config/zephyr/generic/build.sh
[1.570s] -- Up-to-date: /home/ubuntu/ros2_ws/install/micro_ros_setup/./config/zephyr/generic/flash.sh
[1.570s] -- Up-to-date: /home/ubuntu/ros2_ws/install/micro_ros_setup/./config/zephyr/generic/reset.sh
[1.572s] -- Up-to-date: /home/ubuntu/ros2_ws/install/micro_ros_setup/./config/zephyr/generic/client_uros_packages.repos
[1.574s] -- Up-to-date: /home/ubuntu/ros2_ws/install/micro_ros_setup/./config/zephyr/generic/supported_platforms
[1.575s] -- Up-to-date: /home/ubuntu/ros2_ws/install/micro_ros_setup/./config/zephyr/generic/client-colcon.meta
[1.577s] -- Up-to-date: /home/ubuntu/ros2_ws/install/micro_ros_setup/./config/zephyr/generic/create.sh
[1.578s] -- Up-to-date: /home/ubuntu/ros2_ws/install/micro_ros_setup/./config/renesas_ra
[1.580s] -- Up-to-date: /home/ubuntu/ros2_ws/install/micro_ros_setup/./config/renesas_ra/list_apps.sh
[1.585s] -- Up-to-date: /home/ubuntu/ros2_ws/install/micro_ros_setup/./config/renesas_ra/ra6m5
[1.587s] -- Up-to-date: /home/ubuntu/ros2_ws/install/micro_ros_setup/./config/renesas_ra/ra6m5/configure.sh
[1.589s] -- Up-to-date: /home/ubuntu/ros2_ws/install/micro_ros_setup/./config/renesas_ra/ra6m5/board.repos
[1.593s] -- Up-to-date: /home/ubuntu/ros2_ws/install/micro_ros_setup/./config/renesas_ra/ra6m5/build.sh
[1.598s] -- Up-to-date: /home/ubuntu/ros2_ws/install/micro_ros_setup/./config/renesas_ra/ra6m5/flash.sh
[1.600s] -- Up-to-date: /home/ubuntu/ros2_ws/install/micro_ros_setup/./config/renesas_ra/ra6m5/client_uros_packages.repos
[1.601s] -- Up-to-date: /home/ubuntu/ros2_ws/install/micro_ros_setup/./config/renesas_ra/ra6m5/create.sh
[1.603s] -- Up-to-date: /home/ubuntu/ros2_ws/install/micro_ros_setup/./config/renesas_ra/dev_uros_packages.repos
[1.605s] -- Up-to-date: /home/ubuntu/ros2_ws/install/micro_ros_setup/./config/renesas_ra/dev_ros2_packages.txt
[1.607s] -- Up-to-date: /home/ubuntu/ros2_ws/install/micro_ros_setup/./config/client_uros_packages.repos
[1.611s] -- Up-to-date: /home/ubuntu/ros2_ws/install/micro_ros_setup/./config/utils.sh
[1.613s] -- Up-to-date: /home/ubuntu/ros2_ws/install/micro_ros_setup/./config/freertos
[1.616s] -- Up-to-date: /home/ubuntu/ros2_ws/install/micro_ros_setup/./config/freertos/nucleo_f746zg
[1.619s] -- Up-to-date: /home/ubuntu/ros2_ws/install/micro_ros_setup/./config/freertos/nucleo_f746zg/configure.sh
[1.624s] -- Up-to-date: /home/ubuntu/ros2_ws/install/micro_ros_setup/./config/freertos/nucleo_f746zg/package.xml
[1.627s] -- Up-to-date: /home/ubuntu/ros2_ws/install/micro_ros_setup/./config/freertos/nucleo_f746zg/board.repos
[1.628s] -- Up-to-date: /home/ubuntu/ros2_ws/install/micro_ros_setup/./config/freertos/nucleo_f746zg/build.sh
[1.631s] -- Up-to-date: /home/ubuntu/ros2_ws/install/micro_ros_setup/./config/freertos/nucleo_f746zg/flash.sh
[1.633s] -- Up-to-date: /home/ubuntu/ros2_ws/install/micro_ros_setup/./config/freertos/nucleo_f746zg/reset.sh
[1.634s] -- Up-to-date: /home/ubuntu/ros2_ws/install/micro_ros_setup/./config/freertos/nucleo_f746zg/client_uros_packages.repos
[1.646s] -- Up-to-date: /home/ubuntu/ros2_ws/install/micro_ros_setup/./config/freertos/nucleo_f746zg/client-colcon.meta
[1.650s] -- Up-to-date: /home/ubuntu/ros2_ws/install/micro_ros_setup/./config/freertos/nucleo_f746zg/create.sh
[1.651s] -- Up-to-date: /home/ubuntu/ros2_ws/install/micro_ros_setup/./config/freertos/list_apps.sh
[1.653s] -- Up-to-date: /home/ubuntu/ros2_ws/install/micro_ros_setup/./config/freertos/nucleo_f446ze
[1.654s] -- Up-to-date: /home/ubuntu/ros2_ws/install/micro_ros_setup/./config/freertos/nucleo_f446ze/configure.sh
[1.655s] -- Up-to-date: /home/ubuntu/ros2_ws/install/micro_ros_setup/./config/freertos/nucleo_f446ze/package.xml
[1.659s] -- Up-to-date: /home/ubuntu/ros2_ws/install/micro_ros_setup/./config/freertos/nucleo_f446ze/board.repos
[1.661s] -- Up-to-date: /home/ubuntu/ros2_ws/install/micro_ros_setup/./config/freertos/nucleo_f446ze/build.sh
[1.676s] -- Up-to-date: /home/ubuntu/ros2_ws/install/micro_ros_setup/./config/freertos/nucleo_f446ze/flash.sh
[1.678s] -- Up-to-date: /home/ubuntu/ros2_ws/install/micro_ros_setup/./config/freertos/nucleo_f446ze/reset.sh
[1.680s] -- Up-to-date: /home/ubuntu/ros2_ws/install/micro_ros_setup/./config/freertos/nucleo_f446ze/client_uros_packages.repos
[1.682s] -- Up-to-date: /home/ubuntu/ros2_ws/install/micro_ros_setup/./config/freertos/nucleo_f446ze/client-colcon.meta
[1.683s] -- Up-to-date: /home/ubuntu/ros2_ws/install/micro_ros_setup/./config/freertos/nucleo_f446ze/create.sh
[1.685s] -- Up-to-date: /home/ubuntu/ros2_ws/install/micro_ros_setup/./config/freertos/crazyflie21
[1.687s] -- Up-to-date: /home/ubuntu/ros2_ws/install/micro_ros_setup/./config/freertos/crazyflie21/configure.sh
[1.693s] -- Up-to-date: /home/ubuntu/ros2_ws/install/micro_ros_setup/./config/freertos/crazyflie21/package.xml
[1.695s] -- Up-to-date: /home/ubuntu/ros2_ws/install/micro_ros_setup/./config/freertos/crazyflie21/board.repos
[1.697s] -- Up-to-date: /home/ubuntu/ros2_ws/install/micro_ros_setup/./config/freertos/crazyflie21/build.sh
[1.699s] -- Up-to-date: /home/ubuntu/ros2_ws/install/micro_ros_setup/./config/freertos/crazyflie21/flash.sh
[1.701s] -- Up-to-date: /home/ubuntu/ros2_ws/install/micro_ros_setup/./config/freertos/crazyflie21/client_uros_packages.repos
[1.702s] -- Up-to-date: /home/ubuntu/ros2_ws/install/micro_ros_setup/./config/freertos/crazyflie21/client-colcon.meta
[1.704s] -- Up-to-date: /home/ubuntu/ros2_ws/install/micro_ros_setup/./config/freertos/crazyflie21/create.sh
[1.706s] -- Up-to-date: /home/ubuntu/ros2_ws/install/micro_ros_setup/./config/freertos/nucleo_f767zi
[1.707s] -- Up-to-date: /home/ubuntu/ros2_ws/install/micro_ros_setup/./config/freertos/nucleo_f767zi/configure.sh
[1.709s] -- Up-to-date: /home/ubuntu/ros2_ws/install/micro_ros_setup/./config/freertos/nucleo_f767zi/package.xml
[1.711s] -- Up-to-date: /home/ubuntu/ros2_ws/install/micro_ros_setup/./config/freertos/nucleo_f767zi/board.repos
[1.712s] -- Up-to-date: /home/ubuntu/ros2_ws/install/micro_ros_setup/./config/freertos/nucleo_f767zi/build.sh
[1.714s] -- Up-to-date: /home/ubuntu/ros2_ws/install/micro_ros_setup/./config/freertos/nucleo_f767zi/flash.sh
[1.716s] -- Up-to-date: /home/ubuntu/ros2_ws/install/micro_ros_setup/./config/freertos/nucleo_f767zi/reset.sh
[1.718s] -- Up-to-date: /home/ubuntu/ros2_ws/install/micro_ros_setup/./config/freertos/nucleo_f767zi/client_uros_packages.repos
[1.719s] -- Up-to-date: /home/ubuntu/ros2_ws/install/micro_ros_setup/./config/freertos/nucleo_f767zi/client-colcon.meta
[1.721s] -- Up-to-date: /home/ubuntu/ros2_ws/install/micro_ros_setup/./config/freertos/nucleo_f767zi/create.sh
[1.723s] -- Up-to-date: /home/ubuntu/ros2_ws/install/micro_ros_setup/./config/freertos/dev_uros_packages.repos
[1.725s] -- Up-to-date: /home/ubuntu/ros2_ws/install/micro_ros_setup/./config/freertos/nucleo_f446re
[1.726s] -- Up-to-date: /home/ubuntu/ros2_ws/install/micro_ros_setup/./config/freertos/nucleo_f446re/configure.sh
[1.728s] -- Up-to-date: /home/ubuntu/ros2_ws/install/micro_ros_setup/./config/freertos/nucleo_f446re/package.xml
[1.730s] -- Up-to-date: /home/ubuntu/ros2_ws/install/micro_ros_setup/./config/freertos/nucleo_f446re/board.repos
[1.733s] -- Up-to-date: /home/ubuntu/ros2_ws/install/micro_ros_setup/./config/freertos/nucleo_f446re/build.sh
[1.734s] -- Up-to-date: /home/ubuntu/ros2_ws/install/micro_ros_setup/./config/freertos/nucleo_f446re/flash.sh
[1.736s] -- Up-to-date: /home/ubuntu/ros2_ws/install/micro_ros_setup/./config/freertos/nucleo_f446re/reset.sh
[1.743s] -- Up-to-date: /home/ubuntu/ros2_ws/install/micro_ros_setup/./config/freertos/nucleo_f446re/client_uros_packages.repos
[1.744s] -- Up-to-date: /home/ubuntu/ros2_ws/install/micro_ros_setup/./config/freertos/nucleo_f446re/client-colcon.meta
[1.745s] -- Up-to-date: /home/ubuntu/ros2_ws/install/micro_ros_setup/./config/freertos/nucleo_f446re/create.sh
[1.747s] -- Up-to-date: /home/ubuntu/ros2_ws/install/micro_ros_setup/./config/freertos/dev_ros2_packages.txt
[1.748s] -- Up-to-date: /home/ubuntu/ros2_ws/install/micro_ros_setup/./config/freertos/olimex-stm32-e407
[1.750s] -- Up-to-date: /home/ubuntu/ros2_ws/install/micro_ros_setup/./config/freertos/olimex-stm32-e407/configure.sh
[1.751s] -- Up-to-date: /home/ubuntu/ros2_ws/install/micro_ros_setup/./config/freertos/olimex-stm32-e407/package.xml
[1.752s] -- Up-to-date: /home/ubuntu/ros2_ws/install/micro_ros_setup/./config/freertos/olimex-stm32-e407/board.repos
[1.753s] -- Up-to-date: /home/ubuntu/ros2_ws/install/micro_ros_setup/./config/freertos/olimex-stm32-e407/build.sh
[1.754s] -- Up-to-date: /home/ubuntu/ros2_ws/install/micro_ros_setup/./config/freertos/olimex-stm32-e407/flash.sh
[1.755s] -- Up-to-date: /home/ubuntu/ros2_ws/install/micro_ros_setup/./config/freertos/olimex-stm32-e407/reset.sh
[1.757s] -- Up-to-date: /home/ubuntu/ros2_ws/install/micro_ros_setup/./config/freertos/olimex-stm32-e407/client_uros_packages.repos
[1.758s] -- Up-to-date: /home/ubuntu/ros2_ws/install/micro_ros_setup/./config/freertos/olimex-stm32-e407/client-colcon.meta
[1.760s] -- Up-to-date: /home/ubuntu/ros2_ws/install/micro_ros_setup/./config/freertos/olimex-stm32-e407/create.sh
[1.761s] -- Up-to-date: /home/ubuntu/ros2_ws/install/micro_ros_setup/./config/freertos/esp32
[1.767s] -- Up-to-date: /home/ubuntu/ros2_ws/install/micro_ros_setup/./config/freertos/esp32/configure.sh
[1.770s] -- Up-to-date: /home/ubuntu/ros2_ws/install/micro_ros_setup/./config/freertos/esp32/package.xml
[1.772s] -- Up-to-date: /home/ubuntu/ros2_ws/install/micro_ros_setup/./config/freertos/esp32/board.repos
[1.774s] -- Up-to-date: /home/ubuntu/ros2_ws/install/micro_ros_setup/./config/freertos/esp32/README.md
[1.775s] -- Up-to-date: /home/ubuntu/ros2_ws/install/micro_ros_setup/./config/freertos/esp32/build.sh
[1.776s] -- Up-to-date: /home/ubuntu/ros2_ws/install/micro_ros_setup/./config/freertos/esp32/flash.sh
[1.777s] -- Up-to-date: /home/ubuntu/ros2_ws/install/micro_ros_setup/./config/freertos/esp32/client_uros_packages.repos
[1.778s] -- Up-to-date: /home/ubuntu/ros2_ws/install/micro_ros_setup/./config/freertos/esp32/client-colcon.meta
[1.780s] -- Up-to-date: /home/ubuntu/ros2_ws/install/micro_ros_setup/./config/freertos/esp32/create.sh
[1.783s] -- Up-to-date: /home/ubuntu/ros2_ws/install/micro_ros_setup/./config/generate_lib
[1.785s] -- Up-to-date: /home/ubuntu/ros2_ws/install/micro_ros_setup/./config/generate_lib/dev_uros_packages.repos
[1.786s] -- Up-to-date: /home/ubuntu/ros2_ws/install/micro_ros_setup/./config/generate_lib/dev_ros2_packages.txt
[1.787s] -- Up-to-date: /home/ubuntu/ros2_ws/install/micro_ros_setup/./config/generate_lib/generic
[1.789s] -- Up-to-date: /home/ubuntu/ros2_ws/install/micro_ros_setup/./config/generate_lib/generic/package.xml
[1.790s] -- Up-to-date: /home/ubuntu/ros2_ws/install/micro_ros_setup/./config/generate_lib/generic/build.sh
[1.791s] -- Up-to-date: /home/ubuntu/ros2_ws/install/micro_ros_setup/./config/generate_lib/generic/flash.sh
[1.793s] -- Up-to-date: /home/ubuntu/ros2_ws/install/micro_ros_setup/./config/generate_lib/generic/client_uros_packages.repos
[1.794s] -- Up-to-date: /home/ubuntu/ros2_ws/install/micro_ros_setup/./config/generate_lib/generic/demo_toolchain.cmake
[1.795s] -- Up-to-date: /home/ubuntu/ros2_ws/install/micro_ros_setup/./config/generate_lib/generic/client-colcon.meta
[1.797s] -- Up-to-date: /home/ubuntu/ros2_ws/install/micro_ros_setup/./config/generate_lib/generic/create.sh
[1.798s] -- Up-to-date: /home/ubuntu/ros2_ws/install/micro_ros_setup/./config/agent_ros2_packages.txt
[1.799s] -- Up-to-date: /home/ubuntu/ros2_ws/install/micro_ros_setup/lib/micro_ros_setup/create_ws.sh
[1.800s] -- Up-to-date: /home/ubuntu/ros2_ws/install/micro_ros_setup/lib/micro_ros_setup/create_agent_ws.sh
[1.802s] -- Up-to-date: /home/ubuntu/ros2_ws/install/micro_ros_setup/lib/micro_ros_setup/create_firmware_ws.sh
[1.803s] -- Up-to-date: /home/ubuntu/ros2_ws/install/micro_ros_setup/lib/micro_ros_setup/configure_firmware.sh
[1.804s] -- Up-to-date: /home/ubuntu/ros2_ws/install/micro_ros_setup/lib/micro_ros_setup/flash_firmware.sh
[1.805s] -- Up-to-date: /home/ubuntu/ros2_ws/install/micro_ros_setup/lib/micro_ros_setup/reset_firmware.sh
[1.807s] -- Up-to-date: /home/ubuntu/ros2_ws/install/micro_ros_setup/lib/micro_ros_setup/build_firmware.sh
[1.809s] -- Up-to-date: /home/ubuntu/ros2_ws/install/micro_ros_setup/lib/micro_ros_setup/build_agent.sh
[1.810s] -- Up-to-date: /home/ubuntu/ros2_ws/install/micro_ros_setup/lib/micro_ros_setup/yaml_filter.py
[1.811s] -- Up-to-date: /home/ubuntu/ros2_ws/install/micro_ros_setup/lib/micro_ros_setup/clean_env.sh
[1.813s] Invoked command in '/home/ubuntu/ros2_ws/build/micro_ros_setup' returned '0': CMAKE_PREFIX_PATH=/opt/ros/foxy /usr/bin/cmake --install /home/ubuntu/ros2_ws/build/micro_ros_setup
